[2025-09-10 23:47:38.542] [WARN] [main] - [XCodeMap] 开始启动, pid:20980, xcodemap.executionId:9d6011de-d37d-4424-a292-77386cefa8db, version:1.19.0
 [o.a.x.a.q]
[2025-09-10 23:47:38.565] [WARN] [main] - [XCodeMap] 官网：https://xcodemap.tech ，B 站视频教程：https://space.bilibili.com/3546573562710135
 [o.a.x.a.q]
[2025-09-10 23:47:38.567] [WARN] [main] - workDir:D:\Download\Code\sofware\cloud\.xcodemap agentMain:false [o.a.x.a.q]
[2025-09-10 23:47:38.784] [WARN] [main] - AsmSysChangeData 加载完成，共加载 58 个集合类，67 个系统设置方法，147 个集合变更方法 [o.a.x.a.x.X]
[2025-09-10 23:47:38.788] [WARN] [XCodeMap-Install] - [XCodeMap] Install Agent, version:1.19.0
 [o.a.x.a.q]
[2025-09-10 23:47:38.789] [WARN] [XCodeMap-Install] - Start retransformAllClasses [o.a.x.a.x.X]
[2025-09-10 23:47:38.797] [WARN] [XCodeMap-Install] - ReTransform agentmain metrics  toBeReTransformedClasses:0 toBeReTransformedClassLoadedClasses:0 [o.a.x.a.x.X]
[2025-09-10 23:47:38.832] [WARN] [XCodeMap-Install] - [XCodeMap] ReTransform class num:0
 [o.a.x.a.q]
[2025-09-10 23:47:38.832] [WARN] [XCodeMap-Install] - [XCodeMap] All 0 batches completed, total time: 0ms
 [o.a.x.a.q]
[2025-09-10 23:47:38.833] [WARN] [XCodeMap-Install] - End retransformAllClasses, cost 44 ms [o.a.x.a.x.X]
[2025-09-10 23:47:38.833] [WARN] [XCodeMap-Install] - [XCodeMap] Install Agent finished, cost 45 ms, version:1.19.0
 [o.a.x.a.q]
[2025-09-10 23:47:38.896] [WARN] [main] - [XCodeMap] 启动完成, cost 459 ms, version:1.19.0
 [o.a.x.a.q]
[2025-09-10 23:47:39.746] [WARN] [XCodeMap-ParentClassManager] - updateChildToParentMapping: java.sql.Statement:jdk.internal.loader.ClassLoaders$PlatformClassLoader@5198b898 -> java.sql.Statement:jdk.internal.loader.ClassLoaders$PlatformClassLoader@5198b898 [o.a.x.a.x.X]
[2025-09-10 23:47:39.748] [WARN] [XCodeMap-ParentClassManager] - updateChildToParentMapping: java.sql.Statement:jdk.internal.loader.ClassLoaders$PlatformClassLoader@5198b898 -> java.sql.Statement:jdk.internal.loader.ClassLoaders$PlatformClassLoader@5198b898 [o.a.x.a.x.X]
[2025-09-10 23:47:40.230] [WARN] [XCodeMap-Trans-2] - Change loadClass by javassist for classname:io.github.future0923.debug.tools.base.classloader.GroovyScriptClassLoader [o.a.x.a.i]
[2025-09-10 23:47:40.361] [WARN] [XCodeMap-Trans-2] - Change loadClass by javassist for classname:org.codehaus.groovy.reflection.SunClassLoader [o.a.x.a.i]
[2025-09-10 23:47:40.767] [WARN] [XCodeMap-ParentClassManager] - updateChildToParentMapping: jakarta.servlet.Servlet:jdk.internal.loader.ClassLoaders$AppClassLoader@5e481248 -> jakarta.servlet.Servlet:jdk.internal.loader.ClassLoaders$AppClassLoader@5e481248 [o.a.x.a.x.X]
[2025-09-10 23:47:40.771] [WARN] [XCodeMap-ParentClassManager] - updateChildToParentMapping: jakarta.servlet.Servlet:jdk.internal.loader.ClassLoaders$AppClassLoader@5e481248 -> jakarta.servlet.Servlet:jdk.internal.loader.ClassLoaders$AppClassLoader@5e481248 [o.a.x.a.x.X]
[2025-09-10 23:47:44.480] [WARN] [XCodeMap-Trans-0] - Change loadClass by javassist for classname:org.springframework.context.support.ContextTypeMatchClassLoader [o.a.x.a.i]
[2025-09-10 23:47:45.448] [WARN] [XCodeMap-Trans-6] - Method is not accessible:jakarta/servlet/http/HttpServlet.<init>(Ljakarta/servlet/http/HttpServlet$NoBodyResponse;)V [o.a.x.a.v]
[2025-09-10 23:47:45.902] [WARN] [XCodeMap-ParentClassManager] - updateChildToParentMapping: jakarta.servlet.http.HttpServlet:jdk.internal.loader.ClassLoaders$AppClassLoader@5e481248 -> jakarta.servlet.Servlet:jdk.internal.loader.ClassLoaders$AppClassLoader@5e481248 [o.a.x.a.x.X]
[2025-09-10 23:47:45.903] [WARN] [XCodeMap-ParentClassManager] - updateChildToParentMapping: org.springframework.web.servlet.DispatcherServlet:jdk.internal.loader.ClassLoaders$AppClassLoader@5e481248 -> jakarta.servlet.Servlet:jdk.internal.loader.ClassLoaders$AppClassLoader@5e481248 [o.a.x.a.x.X]
[2025-09-10 23:47:45.903] [WARN] [XCodeMap-ParentClassManager] - updateChildToParentMapping: org.springframework.web.servlet.FrameworkServlet:jdk.internal.loader.ClassLoaders$AppClassLoader@5e481248 -> jakarta.servlet.Servlet:jdk.internal.loader.ClassLoaders$AppClassLoader@5e481248 [o.a.x.a.x.X]
[2025-09-10 23:47:45.903] [WARN] [XCodeMap-ParentClassManager] - updateChildToParentMapping: jakarta.servlet.GenericServlet:jdk.internal.loader.ClassLoaders$AppClassLoader@5e481248 -> jakarta.servlet.Servlet:jdk.internal.loader.ClassLoaders$AppClassLoader@5e481248 [o.a.x.a.x.X]
[2025-09-10 23:47:45.903] [WARN] [XCodeMap-ParentClassManager] - updateChildToParentMapping: org.springframework.web.servlet.HttpServletBean:jdk.internal.loader.ClassLoaders$AppClassLoader@5e481248 -> jakarta.servlet.Servlet:jdk.internal.loader.ClassLoaders$AppClassLoader@5e481248 [o.a.x.a.x.X]
[2025-09-10 23:47:48.381] [WARN] [XCodeMap-Trans-7] - Change loadClass by javassist for classname:org.apache.catalina.loader.WebappClassLoaderBase [o.a.x.a.i]
[2025-09-10 23:47:48.394] [WARN] [XCodeMap-Trans-5] - Change loadClass by javassist for classname:org.springframework.boot.web.embedded.tomcat.TomcatEmbeddedWebappClassLoader [o.a.x.a.i]
[2025-09-10 23:47:48.937] [WARN] [XCodeMap-ParentClassManager] - updateChildToParentMapping: jakarta.servlet.FilterChain:jdk.internal.loader.ClassLoaders$AppClassLoader@5e481248 -> jakarta.servlet.FilterChain:jdk.internal.loader.ClassLoaders$AppClassLoader@5e481248 [o.a.x.a.x.X]
[2025-09-10 23:47:48.943] [WARN] [XCodeMap-ParentClassManager] - updateChildToParentMapping: jakarta.servlet.FilterChain:jdk.internal.loader.ClassLoaders$AppClassLoader@5e481248 -> jakarta.servlet.FilterChain:jdk.internal.loader.ClassLoaders$AppClassLoader@5e481248 [o.a.x.a.x.X]
[2025-09-10 23:47:49.698] [WARN] [XCodeMap-Trans-8] - Cannot change loadClass by all methods for classname:sun.reflect.misc.MethodUtil [o.a.x.a.i]
[2025-09-10 23:47:55.837] [WARN] [XCodeMap-Trans-8] - Cannot change loadClass by all methods for classname:com.sun.jmx.remote.util.OrderClassLoaders [o.a.x.a.i]
[2025-09-10 23:48:15.170] [WARN] [XCodeMap-ParentClassManager] - updateChildToParentMapping: org.apache.catalina.core.ApplicationFilterChain:jdk.internal.loader.ClassLoaders$AppClassLoader@5e481248 -> jakarta.servlet.FilterChain:jdk.internal.loader.ClassLoaders$AppClassLoader@5e481248 [o.a.x.a.x.X]
[2025-09-10 23:48:15.170] [WARN] [XCodeMap-ParentClassManager] - updateChildToParentMapping: org.springframework.security.web.FilterChainProxy$$Lambda$2019/0x000000002bcd9358:jdk.internal.loader.ClassLoaders$AppClassLoader@5e481248 -> jakarta.servlet.FilterChain:jdk.internal.loader.ClassLoaders$AppClassLoader@5e481248 [o.a.x.a.x.X]
[2025-09-10 23:48:15.170] [WARN] [XCodeMap-ParentClassManager] - updateChildToParentMapping: org.springframework.security.web.FilterChainProxy$VirtualFilterChain:jdk.internal.loader.ClassLoaders$AppClassLoader@5e481248 -> jakarta.servlet.FilterChain:jdk.internal.loader.ClassLoaders$AppClassLoader@5e481248 [o.a.x.a.x.X]
[2025-09-10 23:48:15.170] [WARN] [XCodeMap-ParentClassManager] - updateChildToParentMapping: org.springframework.web.filter.CompositeFilter$VirtualFilterChain:jdk.internal.loader.ClassLoaders$AppClassLoader@5e481248 -> jakarta.servlet.FilterChain:jdk.internal.loader.ClassLoaders$AppClassLoader@5e481248 [o.a.x.a.x.X]
[2025-09-10 23:49:09.808] [WARN] [Thread-0] - Graceful shutdown..., metrics totalClassNum:0	transClassNum:56	transLoadedNum:0	objectExtractNum:0	checkHashNum:0	objectTravelNum:0	objectExtractErrorNum:0	diffObjectNum:0	totalFuncNum:0	transFuncNum:656	errorTransNum:0	instanceNum:0	totalFuncCallNum:0	storedFuncCallNum:0	totalObjectNum:0	conflictedObjectNum:0	totalObjectChangeNum:0	totalArrayChangeNum:0	totalPutFieldNum:0	totalSysSetNum:0	totalArrayCopyNum:0	totalColChangeNum:0	totalAtomicChangeNum:0	totalGetFieldNum:0	storedPutFieldNum:0	storedGetFieldNum:0	invokeMethodPosNum:0	putFieldPosNum:0	maxLocalsValue:0	maxStacksValue:0	stackNodeNum:0	transformTimeNano:0	 [o.a.x.a.x.X]
