[2025-09-10 23:47:29.606] [WARN] [main] - [XCodeMap] 开始启动, pid:6384, xcodemap.executionId:6dd3acf5-3228-4baa-b866-0a08a51c7800, version:1.19.0
 [o.a.x.a.q]
[2025-09-10 23:47:29.623] [WARN] [main] - [XCodeMap] 官网：https://xcodemap.tech ，B 站视频教程：https://space.bilibili.com/3546573562710135
 [o.a.x.a.q]
[2025-09-10 23:47:29.624] [WARN] [main] - workDir:D:\Download\Code\sofware\cloud\.xcodemap agentMain:false [o.a.x.a.q]
[2025-09-10 23:47:29.767] [WARN] [main] - AsmSysChangeData 加载完成，共加载 58 个集合类，67 个系统设置方法，147 个集合变更方法 [o.a.x.a.x.X]
[2025-09-10 23:47:29.776] [WARN] [XCodeMap-Install] - [XCodeMap] Install Agent, version:1.19.0
 [o.a.x.a.q]
[2025-09-10 23:47:29.777] [WARN] [XCodeMap-Install] - Start retransformAllClasses [o.a.x.a.x.X]
[2025-09-10 23:47:29.783] [WARN] [XCodeMap-Install] - ReTransform agentmain metrics  toBeReTransformedClasses:0 toBeReTransformedClassLoadedClasses:0 [o.a.x.a.x.X]
[2025-09-10 23:47:29.813] [WARN] [XCodeMap-Install] - [XCodeMap] ReTransform class num:0
 [o.a.x.a.q]
[2025-09-10 23:47:29.813] [WARN] [XCodeMap-Install] - [XCodeMap] All 0 batches completed, total time: 0ms
 [o.a.x.a.q]
[2025-09-10 23:47:29.814] [WARN] [XCodeMap-Install] - End retransformAllClasses, cost 37 ms [o.a.x.a.x.X]
[2025-09-10 23:47:29.814] [WARN] [XCodeMap-Install] - [XCodeMap] Install Agent finished, cost 38 ms, version:1.19.0
 [o.a.x.a.q]
[2025-09-10 23:47:29.870] [WARN] [main] - [XCodeMap] 启动完成, cost 364 ms, version:1.19.0
 [o.a.x.a.q]
[2025-09-10 23:47:30.423] [WARN] [XCodeMap-Trans-2] - Change loadClass by javassist for classname:io.github.future0923.debug.tools.base.classloader.GroovyScriptClassLoader [o.a.x.a.i]
[2025-09-10 23:47:30.626] [WARN] [XCodeMap-Trans-2] - Change loadClass by javassist for classname:org.codehaus.groovy.reflection.SunClassLoader [o.a.x.a.i]
[2025-09-10 23:47:30.670] [WARN] [XCodeMap-Trans-8] - Error getting class modifier for not found class:jakarta/servlet/http/HttpServletRequest [o.a.x.a.v]
[2025-09-10 23:47:30.670] [WARN] [XCodeMap-Trans-8] - Method is not accessible:org/springframework/web/servlet/DispatcherServlet.logRequest(Ljakarta/servlet/http/HttpServletRequest;)V [o.a.x.a.v]
[2025-09-10 23:47:30.671] [WARN] [XCodeMap-Trans-8] - Error getting class modifier for not found class:jakarta/servlet/ServletRequest [o.a.x.a.v]
[2025-09-10 23:47:30.671] [WARN] [XCodeMap-Trans-8] - Method is not accessible:org/springframework/web/servlet/DispatcherServlet.isIncludeRequest(Ljakarta/servlet/ServletRequest;)Z [o.a.x.a.v]
[2025-09-10 23:47:30.672] [WARN] [XCodeMap-Trans-8] - Error getting class modifier for not found class:jakarta/servlet/http/HttpServletRequest [o.a.x.a.v]
[2025-09-10 23:47:30.672] [WARN] [XCodeMap-Trans-8] - Method is not accessible:org/springframework/web/servlet/DispatcherServlet.retrieveAndUpdate(Ljakarta/servlet/http/HttpServletRequest;Ljakarta/servlet/http/HttpServletResponse;)Lorg/springframework/web/servlet/FlashMap; [o.a.x.a.v]
[2025-09-10 23:47:30.673] [WARN] [XCodeMap-Trans-8] - Error getting class modifier for not found class:jakarta/servlet/http/HttpServletRequest [o.a.x.a.v]
[2025-09-10 23:47:30.673] [WARN] [XCodeMap-Trans-8] - Method is not accessible:org/springframework/web/servlet/DispatcherServlet.parseAndCache(Ljakarta/servlet/http/HttpServletRequest;)Lorg/springframework/http/server/RequestPath; [o.a.x.a.v]
[2025-09-10 23:47:30.674] [WARN] [XCodeMap-Trans-8] - Error getting class modifier for not found class:jakarta/servlet/http/HttpServletRequest [o.a.x.a.v]
[2025-09-10 23:47:30.674] [WARN] [XCodeMap-Trans-8] - Method is not accessible:org/springframework/web/servlet/DispatcherServlet.doDispatch(Ljakarta/servlet/http/HttpServletRequest;Ljakarta/servlet/http/HttpServletResponse;)V [o.a.x.a.v]
[2025-09-10 23:47:30.674] [WARN] [XCodeMap-Trans-8] - Error getting class modifier for not found class:jakarta/servlet/ServletRequest [o.a.x.a.v]
[2025-09-10 23:47:30.674] [WARN] [XCodeMap-Trans-8] - Method is not accessible:org/springframework/web/servlet/DispatcherServlet.getAsyncManager(Ljakarta/servlet/ServletRequest;)Lorg/springframework/web/context/request/async/WebAsyncManager; [o.a.x.a.v]
[2025-09-10 23:47:30.674] [WARN] [XCodeMap-Trans-8] - Error getting class modifier for not found class:jakarta/servlet/http/HttpServletRequest [o.a.x.a.v]
[2025-09-10 23:47:30.674] [WARN] [XCodeMap-Trans-8] - Method is not accessible:org/springframework/web/servlet/DispatcherServlet.restoreAttributesAfterInclude(Ljakarta/servlet/http/HttpServletRequest;Ljava/util/Map;)V [o.a.x.a.v]
[2025-09-10 23:47:30.676] [WARN] [XCodeMap-Trans-8] - Error getting class modifier for not found class:jakarta/servlet/ServletRequest [o.a.x.a.v]
[2025-09-10 23:47:30.676] [WARN] [XCodeMap-Trans-8] - Method is not accessible:org/springframework/web/servlet/DispatcherServlet.setParsedRequestPath(Lorg/springframework/http/server/RequestPath;Ljakarta/servlet/ServletRequest;)V [o.a.x.a.v]
[2025-09-10 23:47:30.676] [WARN] [XCodeMap-Trans-8] - Method is not accessible:org/springframework/web/servlet/DispatcherServlet.getAsyncManager(Ljakarta/servlet/ServletRequest;)Lorg/springframework/web/context/request/async/WebAsyncManager; [o.a.x.a.v]
[2025-09-10 23:47:30.676] [WARN] [XCodeMap-Trans-8] - Method is not accessible:org/springframework/web/servlet/DispatcherServlet.restoreAttributesAfterInclude(Ljakarta/servlet/http/HttpServletRequest;Ljava/util/Map;)V [o.a.x.a.v]
[2025-09-10 23:47:30.677] [WARN] [XCodeMap-Trans-8] - Method is not accessible:org/springframework/web/servlet/DispatcherServlet.setParsedRequestPath(Lorg/springframework/http/server/RequestPath;Ljakarta/servlet/ServletRequest;)V [o.a.x.a.v]
[2025-09-10 23:47:30.679] [WARN] [XCodeMap-Trans-8] - Method is not accessible:org/springframework/web/servlet/DispatcherServlet.getAsyncManager(Ljakarta/servlet/ServletRequest;)Lorg/springframework/web/context/request/async/WebAsyncManager; [o.a.x.a.v]
[2025-09-10 23:47:30.680] [WARN] [XCodeMap-Trans-8] - Error getting class modifier for not found class:jakarta/servlet/http/HttpServletRequest [o.a.x.a.v]
[2025-09-10 23:47:30.680] [WARN] [XCodeMap-Trans-8] - Method is not accessible:org/springframework/web/servlet/DispatcherServlet.checkMultipart(Ljakarta/servlet/http/HttpServletRequest;)Ljakarta/servlet/http/HttpServletRequest; [o.a.x.a.v]
[2025-09-10 23:47:30.680] [WARN] [XCodeMap-Trans-8] - Error getting class modifier for not found class:jakarta/servlet/http/HttpServletRequest [o.a.x.a.v]
[2025-09-10 23:47:30.681] [WARN] [XCodeMap-Trans-8] - Method is not accessible:org/springframework/web/servlet/DispatcherServlet.getHandler(Ljakarta/servlet/http/HttpServletRequest;)Lorg/springframework/web/servlet/HandlerExecutionChain; [o.a.x.a.v]
[2025-09-10 23:47:30.681] [WARN] [XCodeMap-Trans-8] - Method is not accessible:org/springframework/web/servlet/DispatcherServlet.noHandlerFound(Ljakarta/servlet/http/HttpServletRequest;Ljakarta/servlet/http/HttpServletResponse;)V [o.a.x.a.v]
[2025-09-10 23:47:30.681] [WARN] [XCodeMap-Trans-8] - Method is not accessible:org/springframework/web/servlet/DispatcherServlet.applyAfterConcurrentHandlingStarted(Ljakarta/servlet/http/HttpServletRequest;Ljakarta/servlet/http/HttpServletResponse;)V [o.a.x.a.v]
[2025-09-10 23:47:30.681] [WARN] [XCodeMap-Trans-8] - Method is not accessible:org/springframework/web/servlet/DispatcherServlet.cleanupMultipart(Ljakarta/servlet/http/HttpServletRequest;)V [o.a.x.a.v]
[2025-09-10 23:47:30.682] [WARN] [XCodeMap-Trans-8] - Error getting class modifier for not found class:jakarta/servlet/http/HttpServletRequest [o.a.x.a.v]
[2025-09-10 23:47:30.682] [WARN] [XCodeMap-Trans-8] - Method is not accessible:org/springframework/web/servlet/DispatcherServlet.getLastModified(Ljakarta/servlet/http/HttpServletRequest;Ljava/lang/Object;)J [o.a.x.a.v]
[2025-09-10 23:47:30.682] [WARN] [XCodeMap-Trans-8] - Method is not accessible:org/springframework/web/servlet/DispatcherServlet.<init>(Ljakarta/servlet/http/HttpServletRequest;Ljakarta/servlet/http/HttpServletResponse;)V [o.a.x.a.v]
[2025-09-10 23:47:30.682] [WARN] [XCodeMap-Trans-8] - Method is not accessible:org/springframework/web/servlet/DispatcherServlet.applyAfterConcurrentHandlingStarted(Ljakarta/servlet/http/HttpServletRequest;Ljakarta/servlet/http/HttpServletResponse;)V [o.a.x.a.v]
[2025-09-10 23:47:30.683] [WARN] [XCodeMap-Trans-8] - Method is not accessible:org/springframework/web/servlet/DispatcherServlet.cleanupMultipart(Ljakarta/servlet/http/HttpServletRequest;)V [o.a.x.a.v]
[2025-09-10 23:47:30.683] [WARN] [XCodeMap-Trans-8] - Error getting class modifier for not found class:jakarta/servlet/http/HttpServletRequest [o.a.x.a.v]
[2025-09-10 23:47:30.683] [WARN] [XCodeMap-Trans-8] - Method is not accessible:org/springframework/web/servlet/DispatcherServlet.applyPreHandle(Ljakarta/servlet/http/HttpServletRequest;Ljakarta/servlet/http/HttpServletResponse;)Z [o.a.x.a.v]
[2025-09-10 23:47:30.684] [WARN] [XCodeMap-Trans-8] - Method is not accessible:org/springframework/web/servlet/DispatcherServlet.applyAfterConcurrentHandlingStarted(Ljakarta/servlet/http/HttpServletRequest;Ljakarta/servlet/http/HttpServletResponse;)V [o.a.x.a.v]
[2025-09-10 23:47:30.684] [WARN] [XCodeMap-Trans-8] - Method is not accessible:org/springframework/web/servlet/DispatcherServlet.cleanupMultipart(Ljakarta/servlet/http/HttpServletRequest;)V [o.a.x.a.v]
[2025-09-10 23:47:30.684] [WARN] [XCodeMap-Trans-8] - Error getting class modifier for not found class:jakarta/servlet/http/HttpServletRequest [o.a.x.a.v]
[2025-09-10 23:47:30.684] [WARN] [XCodeMap-Trans-8] - Method is not accessible:org/springframework/web/servlet/DispatcherServlet.handle(Ljakarta/servlet/http/HttpServletRequest;Ljakarta/servlet/http/HttpServletResponse;Ljava/lang/Object;)Lorg/springframework/web/servlet/ModelAndView; [o.a.x.a.v]
[2025-09-10 23:47:30.684] [WARN] [XCodeMap-Trans-8] - Method is not accessible:org/springframework/web/servlet/DispatcherServlet.applyAfterConcurrentHandlingStarted(Ljakarta/servlet/http/HttpServletRequest;Ljakarta/servlet/http/HttpServletResponse;)V [o.a.x.a.v]
[2025-09-10 23:47:30.684] [WARN] [XCodeMap-Trans-8] - Method is not accessible:org/springframework/web/servlet/DispatcherServlet.cleanupMultipart(Ljakarta/servlet/http/HttpServletRequest;)V [o.a.x.a.v]
[2025-09-10 23:47:30.685] [WARN] [XCodeMap-Trans-8] - Error getting class modifier for not found class:jakarta/servlet/http/HttpServletRequest [o.a.x.a.v]
[2025-09-10 23:47:30.685] [WARN] [XCodeMap-Trans-8] - Method is not accessible:org/springframework/web/servlet/DispatcherServlet.applyDefaultViewName(Ljakarta/servlet/http/HttpServletRequest;Lorg/springframework/web/servlet/ModelAndView;)V [o.a.x.a.v]
[2025-09-10 23:47:30.685] [WARN] [XCodeMap-Trans-8] - Error getting class modifier for not found class:jakarta/servlet/http/HttpServletRequest [o.a.x.a.v]
[2025-09-10 23:47:30.685] [WARN] [XCodeMap-Trans-8] - Method is not accessible:org/springframework/web/servlet/DispatcherServlet.applyPostHandle(Ljakarta/servlet/http/HttpServletRequest;Ljakarta/servlet/http/HttpServletResponse;Lorg/springframework/web/servlet/ModelAndView;)V [o.a.x.a.v]
[2025-09-10 23:47:30.686] [WARN] [XCodeMap-Trans-8] - Error getting class modifier for not found class:jakarta/servlet/http/HttpServletRequest [o.a.x.a.v]
[2025-09-10 23:47:30.686] [WARN] [XCodeMap-Trans-8] - Method is not accessible:org/springframework/web/servlet/DispatcherServlet.processDispatchResult(Ljakarta/servlet/http/HttpServletRequest;Ljakarta/servlet/http/HttpServletResponse;Lorg/springframework/web/servlet/HandlerExecutionChain;Lorg/springframework/web/servlet/ModelAndView;Ljava/lang/Exception;)V [o.a.x.a.v]
[2025-09-10 23:47:30.686] [WARN] [XCodeMap-Trans-8] - Method is not accessible:org/springframework/web/servlet/DispatcherServlet.applyAfterConcurrentHandlingStarted(Ljakarta/servlet/http/HttpServletRequest;Ljakarta/servlet/http/HttpServletResponse;)V [o.a.x.a.v]
[2025-09-10 23:47:30.686] [WARN] [XCodeMap-Trans-8] - Method is not accessible:org/springframework/web/servlet/DispatcherServlet.cleanupMultipart(Ljakarta/servlet/http/HttpServletRequest;)V [o.a.x.a.v]
[2025-09-10 23:47:30.687] [WARN] [XCodeMap-Trans-8] - Error getting class modifier for not found class:jakarta/servlet/http/HttpServletRequest [o.a.x.a.v]
[2025-09-10 23:47:30.687] [WARN] [XCodeMap-Trans-8] - Method is not accessible:org/springframework/web/servlet/DispatcherServlet.triggerAfterCompletion(Ljakarta/servlet/http/HttpServletRequest;Ljakarta/servlet/http/HttpServletResponse;Lorg/springframework/web/servlet/HandlerExecutionChain;Ljava/lang/Exception;)V [o.a.x.a.v]
[2025-09-10 23:47:30.687] [WARN] [XCodeMap-Trans-8] - Method is not accessible:org/springframework/web/servlet/DispatcherServlet.applyAfterConcurrentHandlingStarted(Ljakarta/servlet/http/HttpServletRequest;Ljakarta/servlet/http/HttpServletResponse;)V [o.a.x.a.v]
[2025-09-10 23:47:30.687] [WARN] [XCodeMap-Trans-8] - Method is not accessible:org/springframework/web/servlet/DispatcherServlet.cleanupMultipart(Ljakarta/servlet/http/HttpServletRequest;)V [o.a.x.a.v]
[2025-09-10 23:47:30.687] [WARN] [XCodeMap-Trans-8] - Method is not accessible:org/springframework/web/servlet/DispatcherServlet.triggerAfterCompletion(Ljakarta/servlet/http/HttpServletRequest;Ljakarta/servlet/http/HttpServletResponse;Lorg/springframework/web/servlet/HandlerExecutionChain;Ljava/lang/Exception;)V [o.a.x.a.v]
[2025-09-10 23:47:30.688] [WARN] [XCodeMap-Trans-8] - Method is not accessible:org/springframework/web/servlet/DispatcherServlet.applyAfterConcurrentHandlingStarted(Ljakarta/servlet/http/HttpServletRequest;Ljakarta/servlet/http/HttpServletResponse;)V [o.a.x.a.v]
[2025-09-10 23:47:30.688] [WARN] [XCodeMap-Trans-8] - Method is not accessible:org/springframework/web/servlet/DispatcherServlet.cleanupMultipart(Ljakarta/servlet/http/HttpServletRequest;)V [o.a.x.a.v]
[2025-09-10 23:47:30.688] [WARN] [XCodeMap-Trans-8] - Method is not accessible:org/springframework/web/servlet/DispatcherServlet.applyAfterConcurrentHandlingStarted(Ljakarta/servlet/http/HttpServletRequest;Ljakarta/servlet/http/HttpServletResponse;)V [o.a.x.a.v]
[2025-09-10 23:47:30.688] [WARN] [XCodeMap-Trans-8] - Method is not accessible:org/springframework/web/servlet/DispatcherServlet.cleanupMultipart(Ljakarta/servlet/http/HttpServletRequest;)V [o.a.x.a.v]
[2025-09-10 23:47:30.690] [WARN] [XCodeMap-Trans-8] - Cannot compute frames for not found classname:org.springframework.web.servlet.DispatcherServlet  [o.a.x.a.i]
[2025-09-10 23:47:30.698] [WARN] [XCodeMap-Trans-9] - Cannot compute frames for not found classname:org.springframework.web.servlet.FrameworkServlet  [o.a.x.a.i]
[2025-09-10 23:47:30.704] [WARN] [XCodeMap-Trans-7] - Error getting class modifier for not found class:jakarta/servlet/ServletConfig [o.a.x.a.v]
[2025-09-10 23:47:30.705] [WARN] [XCodeMap-Trans-7] - Method is not accessible:org/springframework/web/servlet/HttpServletBean.<init>(Ljakarta/servlet/ServletConfig;Ljava/util/Set;)V [o.a.x.a.v]
[2025-09-10 23:47:30.706] [WARN] [XCodeMap-Trans-7] - Error getting class modifier for not found class:jakarta/servlet/ServletContext [o.a.x.a.v]
[2025-09-10 23:47:30.706] [WARN] [XCodeMap-Trans-7] - Method is not accessible:org/springframework/web/servlet/HttpServletBean.<init>(Ljakarta/servlet/ServletContext;)V [o.a.x.a.v]
[2025-09-10 23:47:30.725] [WARN] [XCodeMap-ParentClassManager] - updateChildToParentMapping: java.sql.Statement:jdk.internal.loader.ClassLoaders$PlatformClassLoader@7729c192 -> java.sql.Statement:jdk.internal.loader.ClassLoaders$PlatformClassLoader@7729c192 [o.a.x.a.x.X]
[2025-09-10 23:47:30.727] [WARN] [XCodeMap-ParentClassManager] - updateChildToParentMapping: java.sql.Statement:jdk.internal.loader.ClassLoaders$PlatformClassLoader@7729c192 -> java.sql.Statement:jdk.internal.loader.ClassLoaders$PlatformClassLoader@7729c192 [o.a.x.a.x.X]
[2025-09-10 23:47:34.402] [WARN] [XCodeMap-Trans-0] - Change loadClass by javassist for classname:org.springframework.context.support.ContextTypeMatchClassLoader [o.a.x.a.i]
[2025-09-10 23:47:35.645] [WARN] [XCodeMap-Trans-8] - Method is not accessible:org/springframework/web/servlet/DispatcherServlet.logRequest(Ljakarta/servlet/http/HttpServletRequest;)V [o.a.x.a.v]
[2025-09-10 23:47:35.645] [WARN] [XCodeMap-Trans-8] - Method is not accessible:org/springframework/web/servlet/DispatcherServlet.isIncludeRequest(Ljakarta/servlet/ServletRequest;)Z [o.a.x.a.v]
[2025-09-10 23:47:35.646] [WARN] [XCodeMap-Trans-8] - Method is not accessible:org/springframework/web/servlet/DispatcherServlet.retrieveAndUpdate(Ljakarta/servlet/http/HttpServletRequest;Ljakarta/servlet/http/HttpServletResponse;)Lorg/springframework/web/servlet/FlashMap; [o.a.x.a.v]
[2025-09-10 23:47:35.646] [WARN] [XCodeMap-Trans-8] - Method is not accessible:org/springframework/web/servlet/DispatcherServlet.parseAndCache(Ljakarta/servlet/http/HttpServletRequest;)Lorg/springframework/http/server/RequestPath; [o.a.x.a.v]
[2025-09-10 23:47:35.646] [WARN] [XCodeMap-Trans-8] - Method is not accessible:org/springframework/web/servlet/DispatcherServlet.doDispatch(Ljakarta/servlet/http/HttpServletRequest;Ljakarta/servlet/http/HttpServletResponse;)V [o.a.x.a.v]
[2025-09-10 23:47:35.646] [WARN] [XCodeMap-Trans-8] - Method is not accessible:org/springframework/web/servlet/DispatcherServlet.getAsyncManager(Ljakarta/servlet/ServletRequest;)Lorg/springframework/web/context/request/async/WebAsyncManager; [o.a.x.a.v]
[2025-09-10 23:47:35.646] [WARN] [XCodeMap-Trans-8] - Method is not accessible:org/springframework/web/servlet/DispatcherServlet.restoreAttributesAfterInclude(Ljakarta/servlet/http/HttpServletRequest;Ljava/util/Map;)V [o.a.x.a.v]
[2025-09-10 23:47:35.646] [WARN] [XCodeMap-Trans-8] - Method is not accessible:org/springframework/web/servlet/DispatcherServlet.setParsedRequestPath(Lorg/springframework/http/server/RequestPath;Ljakarta/servlet/ServletRequest;)V [o.a.x.a.v]
[2025-09-10 23:47:35.647] [WARN] [XCodeMap-Trans-8] - Method is not accessible:org/springframework/web/servlet/DispatcherServlet.getAsyncManager(Ljakarta/servlet/ServletRequest;)Lorg/springframework/web/context/request/async/WebAsyncManager; [o.a.x.a.v]
[2025-09-10 23:47:35.647] [WARN] [XCodeMap-Trans-8] - Method is not accessible:org/springframework/web/servlet/DispatcherServlet.restoreAttributesAfterInclude(Ljakarta/servlet/http/HttpServletRequest;Ljava/util/Map;)V [o.a.x.a.v]
[2025-09-10 23:47:35.647] [WARN] [XCodeMap-Trans-8] - Method is not accessible:org/springframework/web/servlet/DispatcherServlet.setParsedRequestPath(Lorg/springframework/http/server/RequestPath;Ljakarta/servlet/ServletRequest;)V [o.a.x.a.v]
[2025-09-10 23:47:35.649] [WARN] [XCodeMap-Trans-8] - Method is not accessible:org/springframework/web/servlet/DispatcherServlet.getAsyncManager(Ljakarta/servlet/ServletRequest;)Lorg/springframework/web/context/request/async/WebAsyncManager; [o.a.x.a.v]
[2025-09-10 23:47:35.649] [WARN] [XCodeMap-Trans-8] - Method is not accessible:org/springframework/web/servlet/DispatcherServlet.checkMultipart(Ljakarta/servlet/http/HttpServletRequest;)Ljakarta/servlet/http/HttpServletRequest; [o.a.x.a.v]
[2025-09-10 23:47:35.649] [WARN] [XCodeMap-Trans-8] - Method is not accessible:org/springframework/web/servlet/DispatcherServlet.getHandler(Ljakarta/servlet/http/HttpServletRequest;)Lorg/springframework/web/servlet/HandlerExecutionChain; [o.a.x.a.v]
[2025-09-10 23:47:35.650] [WARN] [XCodeMap-Trans-8] - Method is not accessible:org/springframework/web/servlet/DispatcherServlet.noHandlerFound(Ljakarta/servlet/http/HttpServletRequest;Ljakarta/servlet/http/HttpServletResponse;)V [o.a.x.a.v]
[2025-09-10 23:47:35.650] [WARN] [XCodeMap-Trans-8] - Method is not accessible:org/springframework/web/servlet/DispatcherServlet.applyAfterConcurrentHandlingStarted(Ljakarta/servlet/http/HttpServletRequest;Ljakarta/servlet/http/HttpServletResponse;)V [o.a.x.a.v]
[2025-09-10 23:47:35.650] [WARN] [XCodeMap-Trans-8] - Method is not accessible:org/springframework/web/servlet/DispatcherServlet.cleanupMultipart(Ljakarta/servlet/http/HttpServletRequest;)V [o.a.x.a.v]
[2025-09-10 23:47:35.650] [WARN] [XCodeMap-Trans-8] - Method is not accessible:org/springframework/web/servlet/DispatcherServlet.getLastModified(Ljakarta/servlet/http/HttpServletRequest;Ljava/lang/Object;)J [o.a.x.a.v]
[2025-09-10 23:47:35.650] [WARN] [XCodeMap-Trans-8] - Method is not accessible:org/springframework/web/servlet/DispatcherServlet.<init>(Ljakarta/servlet/http/HttpServletRequest;Ljakarta/servlet/http/HttpServletResponse;)V [o.a.x.a.v]
[2025-09-10 23:47:35.651] [WARN] [XCodeMap-Trans-8] - Method is not accessible:org/springframework/web/servlet/DispatcherServlet.applyAfterConcurrentHandlingStarted(Ljakarta/servlet/http/HttpServletRequest;Ljakarta/servlet/http/HttpServletResponse;)V [o.a.x.a.v]
[2025-09-10 23:47:35.651] [WARN] [XCodeMap-Trans-8] - Method is not accessible:org/springframework/web/servlet/DispatcherServlet.cleanupMultipart(Ljakarta/servlet/http/HttpServletRequest;)V [o.a.x.a.v]
[2025-09-10 23:47:35.651] [WARN] [XCodeMap-Trans-8] - Method is not accessible:org/springframework/web/servlet/DispatcherServlet.applyPreHandle(Ljakarta/servlet/http/HttpServletRequest;Ljakarta/servlet/http/HttpServletResponse;)Z [o.a.x.a.v]
[2025-09-10 23:47:35.652] [WARN] [XCodeMap-Trans-8] - Method is not accessible:org/springframework/web/servlet/DispatcherServlet.applyAfterConcurrentHandlingStarted(Ljakarta/servlet/http/HttpServletRequest;Ljakarta/servlet/http/HttpServletResponse;)V [o.a.x.a.v]
[2025-09-10 23:47:35.652] [WARN] [XCodeMap-Trans-8] - Method is not accessible:org/springframework/web/servlet/DispatcherServlet.cleanupMultipart(Ljakarta/servlet/http/HttpServletRequest;)V [o.a.x.a.v]
[2025-09-10 23:47:35.652] [WARN] [XCodeMap-Trans-8] - Method is not accessible:org/springframework/web/servlet/DispatcherServlet.handle(Ljakarta/servlet/http/HttpServletRequest;Ljakarta/servlet/http/HttpServletResponse;Ljava/lang/Object;)Lorg/springframework/web/servlet/ModelAndView; [o.a.x.a.v]
[2025-09-10 23:47:35.652] [WARN] [XCodeMap-Trans-8] - Method is not accessible:org/springframework/web/servlet/DispatcherServlet.applyAfterConcurrentHandlingStarted(Ljakarta/servlet/http/HttpServletRequest;Ljakarta/servlet/http/HttpServletResponse;)V [o.a.x.a.v]
[2025-09-10 23:47:35.652] [WARN] [XCodeMap-Trans-8] - Method is not accessible:org/springframework/web/servlet/DispatcherServlet.cleanupMultipart(Ljakarta/servlet/http/HttpServletRequest;)V [o.a.x.a.v]
[2025-09-10 23:47:35.652] [WARN] [XCodeMap-Trans-8] - Method is not accessible:org/springframework/web/servlet/DispatcherServlet.applyDefaultViewName(Ljakarta/servlet/http/HttpServletRequest;Lorg/springframework/web/servlet/ModelAndView;)V [o.a.x.a.v]
[2025-09-10 23:47:35.652] [WARN] [XCodeMap-Trans-8] - Method is not accessible:org/springframework/web/servlet/DispatcherServlet.applyPostHandle(Ljakarta/servlet/http/HttpServletRequest;Ljakarta/servlet/http/HttpServletResponse;Lorg/springframework/web/servlet/ModelAndView;)V [o.a.x.a.v]
[2025-09-10 23:47:35.652] [WARN] [XCodeMap-Trans-8] - Method is not accessible:org/springframework/web/servlet/DispatcherServlet.processDispatchResult(Ljakarta/servlet/http/HttpServletRequest;Ljakarta/servlet/http/HttpServletResponse;Lorg/springframework/web/servlet/HandlerExecutionChain;Lorg/springframework/web/servlet/ModelAndView;Ljava/lang/Exception;)V [o.a.x.a.v]
[2025-09-10 23:47:35.654] [WARN] [XCodeMap-Trans-8] - Method is not accessible:org/springframework/web/servlet/DispatcherServlet.applyAfterConcurrentHandlingStarted(Ljakarta/servlet/http/HttpServletRequest;Ljakarta/servlet/http/HttpServletResponse;)V [o.a.x.a.v]
[2025-09-10 23:47:35.654] [WARN] [XCodeMap-Trans-8] - Method is not accessible:org/springframework/web/servlet/DispatcherServlet.cleanupMultipart(Ljakarta/servlet/http/HttpServletRequest;)V [o.a.x.a.v]
[2025-09-10 23:47:35.654] [WARN] [XCodeMap-Trans-8] - Method is not accessible:org/springframework/web/servlet/DispatcherServlet.triggerAfterCompletion(Ljakarta/servlet/http/HttpServletRequest;Ljakarta/servlet/http/HttpServletResponse;Lorg/springframework/web/servlet/HandlerExecutionChain;Ljava/lang/Exception;)V [o.a.x.a.v]
[2025-09-10 23:47:35.654] [WARN] [XCodeMap-Trans-8] - Method is not accessible:org/springframework/web/servlet/DispatcherServlet.applyAfterConcurrentHandlingStarted(Ljakarta/servlet/http/HttpServletRequest;Ljakarta/servlet/http/HttpServletResponse;)V [o.a.x.a.v]
[2025-09-10 23:47:35.654] [WARN] [XCodeMap-Trans-8] - Method is not accessible:org/springframework/web/servlet/DispatcherServlet.cleanupMultipart(Ljakarta/servlet/http/HttpServletRequest;)V [o.a.x.a.v]
[2025-09-10 23:47:35.654] [WARN] [XCodeMap-Trans-8] - Method is not accessible:org/springframework/web/servlet/DispatcherServlet.triggerAfterCompletion(Ljakarta/servlet/http/HttpServletRequest;Ljakarta/servlet/http/HttpServletResponse;Lorg/springframework/web/servlet/HandlerExecutionChain;Ljava/lang/Exception;)V [o.a.x.a.v]
[2025-09-10 23:47:35.654] [WARN] [XCodeMap-Trans-8] - Method is not accessible:org/springframework/web/servlet/DispatcherServlet.applyAfterConcurrentHandlingStarted(Ljakarta/servlet/http/HttpServletRequest;Ljakarta/servlet/http/HttpServletResponse;)V [o.a.x.a.v]
[2025-09-10 23:47:35.655] [WARN] [XCodeMap-Trans-8] - Method is not accessible:org/springframework/web/servlet/DispatcherServlet.cleanupMultipart(Ljakarta/servlet/http/HttpServletRequest;)V [o.a.x.a.v]
[2025-09-10 23:47:35.655] [WARN] [XCodeMap-Trans-8] - Method is not accessible:org/springframework/web/servlet/DispatcherServlet.applyAfterConcurrentHandlingStarted(Ljakarta/servlet/http/HttpServletRequest;Ljakarta/servlet/http/HttpServletResponse;)V [o.a.x.a.v]
[2025-09-10 23:47:35.655] [WARN] [XCodeMap-Trans-8] - Method is not accessible:org/springframework/web/servlet/DispatcherServlet.cleanupMultipart(Ljakarta/servlet/http/HttpServletRequest;)V [o.a.x.a.v]
[2025-09-10 23:47:35.657] [WARN] [XCodeMap-Trans-8] - Cannot compute frames for not found classname:org.springframework.web.servlet.DispatcherServlet  [o.a.x.a.i]
[2025-09-10 23:47:35.667] [WARN] [XCodeMap-Trans-9] - Cannot compute frames for not found classname:org.springframework.web.servlet.FrameworkServlet  [o.a.x.a.i]
[2025-09-10 23:47:35.669] [WARN] [XCodeMap-Trans-7] - Method is not accessible:org/springframework/web/servlet/HttpServletBean.<init>(Ljakarta/servlet/ServletConfig;Ljava/util/Set;)V [o.a.x.a.v]
[2025-09-10 23:47:35.671] [WARN] [XCodeMap-Trans-7] - Method is not accessible:org/springframework/web/servlet/HttpServletBean.<init>(Ljakarta/servlet/ServletContext;)V [o.a.x.a.v]
[2025-09-10 23:47:35.699] [WARN] [XCodeMap-Trans-8] - Method is not accessible:org/springframework/web/servlet/DispatcherServlet.logRequest(Ljakarta/servlet/http/HttpServletRequest;)V [o.a.x.a.v]
[2025-09-10 23:47:35.699] [WARN] [XCodeMap-Trans-8] - Method is not accessible:org/springframework/web/servlet/DispatcherServlet.isIncludeRequest(Ljakarta/servlet/ServletRequest;)Z [o.a.x.a.v]
[2025-09-10 23:47:35.700] [WARN] [XCodeMap-Trans-8] - Method is not accessible:org/springframework/web/servlet/DispatcherServlet.retrieveAndUpdate(Ljakarta/servlet/http/HttpServletRequest;Ljakarta/servlet/http/HttpServletResponse;)Lorg/springframework/web/servlet/FlashMap; [o.a.x.a.v]
[2025-09-10 23:47:35.700] [WARN] [XCodeMap-Trans-8] - Method is not accessible:org/springframework/web/servlet/DispatcherServlet.parseAndCache(Ljakarta/servlet/http/HttpServletRequest;)Lorg/springframework/http/server/RequestPath; [o.a.x.a.v]
[2025-09-10 23:47:35.700] [WARN] [XCodeMap-Trans-8] - Method is not accessible:org/springframework/web/servlet/DispatcherServlet.doDispatch(Ljakarta/servlet/http/HttpServletRequest;Ljakarta/servlet/http/HttpServletResponse;)V [o.a.x.a.v]
[2025-09-10 23:47:35.700] [WARN] [XCodeMap-Trans-8] - Method is not accessible:org/springframework/web/servlet/DispatcherServlet.getAsyncManager(Ljakarta/servlet/ServletRequest;)Lorg/springframework/web/context/request/async/WebAsyncManager; [o.a.x.a.v]
[2025-09-10 23:47:35.700] [WARN] [XCodeMap-Trans-8] - Method is not accessible:org/springframework/web/servlet/DispatcherServlet.restoreAttributesAfterInclude(Ljakarta/servlet/http/HttpServletRequest;Ljava/util/Map;)V [o.a.x.a.v]
[2025-09-10 23:47:35.700] [WARN] [XCodeMap-Trans-8] - Method is not accessible:org/springframework/web/servlet/DispatcherServlet.setParsedRequestPath(Lorg/springframework/http/server/RequestPath;Ljakarta/servlet/ServletRequest;)V [o.a.x.a.v]
[2025-09-10 23:47:35.701] [WARN] [XCodeMap-Trans-8] - Method is not accessible:org/springframework/web/servlet/DispatcherServlet.getAsyncManager(Ljakarta/servlet/ServletRequest;)Lorg/springframework/web/context/request/async/WebAsyncManager; [o.a.x.a.v]
[2025-09-10 23:47:35.701] [WARN] [XCodeMap-Trans-8] - Method is not accessible:org/springframework/web/servlet/DispatcherServlet.restoreAttributesAfterInclude(Ljakarta/servlet/http/HttpServletRequest;Ljava/util/Map;)V [o.a.x.a.v]
[2025-09-10 23:47:35.701] [WARN] [XCodeMap-Trans-8] - Method is not accessible:org/springframework/web/servlet/DispatcherServlet.setParsedRequestPath(Lorg/springframework/http/server/RequestPath;Ljakarta/servlet/ServletRequest;)V [o.a.x.a.v]
[2025-09-10 23:47:35.702] [WARN] [XCodeMap-Trans-8] - Method is not accessible:org/springframework/web/servlet/DispatcherServlet.getAsyncManager(Ljakarta/servlet/ServletRequest;)Lorg/springframework/web/context/request/async/WebAsyncManager; [o.a.x.a.v]
[2025-09-10 23:47:35.702] [WARN] [XCodeMap-Trans-8] - Method is not accessible:org/springframework/web/servlet/DispatcherServlet.checkMultipart(Ljakarta/servlet/http/HttpServletRequest;)Ljakarta/servlet/http/HttpServletRequest; [o.a.x.a.v]
[2025-09-10 23:47:35.702] [WARN] [XCodeMap-Trans-8] - Method is not accessible:org/springframework/web/servlet/DispatcherServlet.getHandler(Ljakarta/servlet/http/HttpServletRequest;)Lorg/springframework/web/servlet/HandlerExecutionChain; [o.a.x.a.v]
[2025-09-10 23:47:35.702] [WARN] [XCodeMap-Trans-8] - Method is not accessible:org/springframework/web/servlet/DispatcherServlet.noHandlerFound(Ljakarta/servlet/http/HttpServletRequest;Ljakarta/servlet/http/HttpServletResponse;)V [o.a.x.a.v]
[2025-09-10 23:47:35.702] [WARN] [XCodeMap-Trans-8] - Method is not accessible:org/springframework/web/servlet/DispatcherServlet.applyAfterConcurrentHandlingStarted(Ljakarta/servlet/http/HttpServletRequest;Ljakarta/servlet/http/HttpServletResponse;)V [o.a.x.a.v]
[2025-09-10 23:47:35.703] [WARN] [XCodeMap-Trans-8] - Method is not accessible:org/springframework/web/servlet/DispatcherServlet.cleanupMultipart(Ljakarta/servlet/http/HttpServletRequest;)V [o.a.x.a.v]
[2025-09-10 23:47:35.703] [WARN] [XCodeMap-Trans-8] - Method is not accessible:org/springframework/web/servlet/DispatcherServlet.getLastModified(Ljakarta/servlet/http/HttpServletRequest;Ljava/lang/Object;)J [o.a.x.a.v]
[2025-09-10 23:47:35.703] [WARN] [XCodeMap-Trans-8] - Method is not accessible:org/springframework/web/servlet/DispatcherServlet.<init>(Ljakarta/servlet/http/HttpServletRequest;Ljakarta/servlet/http/HttpServletResponse;)V [o.a.x.a.v]
[2025-09-10 23:47:35.703] [WARN] [XCodeMap-Trans-8] - Method is not accessible:org/springframework/web/servlet/DispatcherServlet.applyAfterConcurrentHandlingStarted(Ljakarta/servlet/http/HttpServletRequest;Ljakarta/servlet/http/HttpServletResponse;)V [o.a.x.a.v]
[2025-09-10 23:47:35.703] [WARN] [XCodeMap-Trans-8] - Method is not accessible:org/springframework/web/servlet/DispatcherServlet.cleanupMultipart(Ljakarta/servlet/http/HttpServletRequest;)V [o.a.x.a.v]
[2025-09-10 23:47:35.703] [WARN] [XCodeMap-Trans-8] - Method is not accessible:org/springframework/web/servlet/DispatcherServlet.applyPreHandle(Ljakarta/servlet/http/HttpServletRequest;Ljakarta/servlet/http/HttpServletResponse;)Z [o.a.x.a.v]
[2025-09-10 23:47:35.704] [WARN] [XCodeMap-Trans-8] - Method is not accessible:org/springframework/web/servlet/DispatcherServlet.applyAfterConcurrentHandlingStarted(Ljakarta/servlet/http/HttpServletRequest;Ljakarta/servlet/http/HttpServletResponse;)V [o.a.x.a.v]
[2025-09-10 23:47:35.708] [WARN] [XCodeMap-Trans-8] - Method is not accessible:org/springframework/web/servlet/DispatcherServlet.cleanupMultipart(Ljakarta/servlet/http/HttpServletRequest;)V [o.a.x.a.v]
[2025-09-10 23:47:35.709] [WARN] [XCodeMap-Trans-8] - Method is not accessible:org/springframework/web/servlet/DispatcherServlet.handle(Ljakarta/servlet/http/HttpServletRequest;Ljakarta/servlet/http/HttpServletResponse;Ljava/lang/Object;)Lorg/springframework/web/servlet/ModelAndView; [o.a.x.a.v]
[2025-09-10 23:47:35.709] [WARN] [XCodeMap-Trans-8] - Method is not accessible:org/springframework/web/servlet/DispatcherServlet.applyAfterConcurrentHandlingStarted(Ljakarta/servlet/http/HttpServletRequest;Ljakarta/servlet/http/HttpServletResponse;)V [o.a.x.a.v]
[2025-09-10 23:47:35.709] [WARN] [XCodeMap-Trans-8] - Method is not accessible:org/springframework/web/servlet/DispatcherServlet.cleanupMultipart(Ljakarta/servlet/http/HttpServletRequest;)V [o.a.x.a.v]
[2025-09-10 23:47:35.710] [WARN] [XCodeMap-Trans-8] - Method is not accessible:org/springframework/web/servlet/DispatcherServlet.applyDefaultViewName(Ljakarta/servlet/http/HttpServletRequest;Lorg/springframework/web/servlet/ModelAndView;)V [o.a.x.a.v]
[2025-09-10 23:47:35.710] [WARN] [XCodeMap-Trans-8] - Method is not accessible:org/springframework/web/servlet/DispatcherServlet.applyPostHandle(Ljakarta/servlet/http/HttpServletRequest;Ljakarta/servlet/http/HttpServletResponse;Lorg/springframework/web/servlet/ModelAndView;)V [o.a.x.a.v]
[2025-09-10 23:47:35.710] [WARN] [XCodeMap-Trans-8] - Method is not accessible:org/springframework/web/servlet/DispatcherServlet.processDispatchResult(Ljakarta/servlet/http/HttpServletRequest;Ljakarta/servlet/http/HttpServletResponse;Lorg/springframework/web/servlet/HandlerExecutionChain;Lorg/springframework/web/servlet/ModelAndView;Ljava/lang/Exception;)V [o.a.x.a.v]
[2025-09-10 23:47:35.710] [WARN] [XCodeMap-Trans-8] - Method is not accessible:org/springframework/web/servlet/DispatcherServlet.applyAfterConcurrentHandlingStarted(Ljakarta/servlet/http/HttpServletRequest;Ljakarta/servlet/http/HttpServletResponse;)V [o.a.x.a.v]
[2025-09-10 23:47:35.710] [WARN] [XCodeMap-Trans-8] - Method is not accessible:org/springframework/web/servlet/DispatcherServlet.cleanupMultipart(Ljakarta/servlet/http/HttpServletRequest;)V [o.a.x.a.v]
[2025-09-10 23:47:35.710] [WARN] [XCodeMap-Trans-8] - Method is not accessible:org/springframework/web/servlet/DispatcherServlet.triggerAfterCompletion(Ljakarta/servlet/http/HttpServletRequest;Ljakarta/servlet/http/HttpServletResponse;Lorg/springframework/web/servlet/HandlerExecutionChain;Ljava/lang/Exception;)V [o.a.x.a.v]
[2025-09-10 23:47:35.710] [WARN] [XCodeMap-Trans-8] - Method is not accessible:org/springframework/web/servlet/DispatcherServlet.applyAfterConcurrentHandlingStarted(Ljakarta/servlet/http/HttpServletRequest;Ljakarta/servlet/http/HttpServletResponse;)V [o.a.x.a.v]
[2025-09-10 23:47:35.711] [WARN] [XCodeMap-Trans-8] - Method is not accessible:org/springframework/web/servlet/DispatcherServlet.cleanupMultipart(Ljakarta/servlet/http/HttpServletRequest;)V [o.a.x.a.v]
[2025-09-10 23:47:35.711] [WARN] [XCodeMap-Trans-8] - Method is not accessible:org/springframework/web/servlet/DispatcherServlet.triggerAfterCompletion(Ljakarta/servlet/http/HttpServletRequest;Ljakarta/servlet/http/HttpServletResponse;Lorg/springframework/web/servlet/HandlerExecutionChain;Ljava/lang/Exception;)V [o.a.x.a.v]
[2025-09-10 23:47:35.711] [WARN] [XCodeMap-Trans-8] - Method is not accessible:org/springframework/web/servlet/DispatcherServlet.applyAfterConcurrentHandlingStarted(Ljakarta/servlet/http/HttpServletRequest;Ljakarta/servlet/http/HttpServletResponse;)V [o.a.x.a.v]
[2025-09-10 23:47:35.711] [WARN] [XCodeMap-Trans-8] - Method is not accessible:org/springframework/web/servlet/DispatcherServlet.cleanupMultipart(Ljakarta/servlet/http/HttpServletRequest;)V [o.a.x.a.v]
[2025-09-10 23:47:35.711] [WARN] [XCodeMap-Trans-8] - Method is not accessible:org/springframework/web/servlet/DispatcherServlet.applyAfterConcurrentHandlingStarted(Ljakarta/servlet/http/HttpServletRequest;Ljakarta/servlet/http/HttpServletResponse;)V [o.a.x.a.v]
[2025-09-10 23:47:35.711] [WARN] [XCodeMap-Trans-8] - Method is not accessible:org/springframework/web/servlet/DispatcherServlet.cleanupMultipart(Ljakarta/servlet/http/HttpServletRequest;)V [o.a.x.a.v]
[2025-09-10 23:47:35.715] [WARN] [XCodeMap-Trans-8] - Cannot compute frames for not found classname:org.springframework.web.servlet.DispatcherServlet  [o.a.x.a.i]
[2025-09-10 23:47:35.724] [WARN] [XCodeMap-Trans-9] - Cannot compute frames for not found classname:org.springframework.web.servlet.FrameworkServlet  [o.a.x.a.i]
[2025-09-10 23:47:35.727] [WARN] [XCodeMap-Trans-7] - Method is not accessible:org/springframework/web/servlet/HttpServletBean.<init>(Ljakarta/servlet/ServletConfig;Ljava/util/Set;)V [o.a.x.a.v]
[2025-09-10 23:47:35.727] [WARN] [XCodeMap-Trans-7] - Method is not accessible:org/springframework/web/servlet/HttpServletBean.<init>(Ljakarta/servlet/ServletContext;)V [o.a.x.a.v]
[2025-09-10 23:47:35.776] [WARN] [XCodeMap-Trans-8] - Method is not accessible:org/springframework/web/servlet/DispatcherServlet.logRequest(Ljakarta/servlet/http/HttpServletRequest;)V [o.a.x.a.v]
[2025-09-10 23:47:35.776] [WARN] [XCodeMap-Trans-8] - Method is not accessible:org/springframework/web/servlet/DispatcherServlet.isIncludeRequest(Ljakarta/servlet/ServletRequest;)Z [o.a.x.a.v]
[2025-09-10 23:47:35.776] [WARN] [XCodeMap-Trans-8] - Method is not accessible:org/springframework/web/servlet/DispatcherServlet.retrieveAndUpdate(Ljakarta/servlet/http/HttpServletRequest;Ljakarta/servlet/http/HttpServletResponse;)Lorg/springframework/web/servlet/FlashMap; [o.a.x.a.v]
[2025-09-10 23:47:35.776] [WARN] [XCodeMap-Trans-8] - Method is not accessible:org/springframework/web/servlet/DispatcherServlet.parseAndCache(Ljakarta/servlet/http/HttpServletRequest;)Lorg/springframework/http/server/RequestPath; [o.a.x.a.v]
[2025-09-10 23:47:35.776] [WARN] [XCodeMap-Trans-8] - Method is not accessible:org/springframework/web/servlet/DispatcherServlet.doDispatch(Ljakarta/servlet/http/HttpServletRequest;Ljakarta/servlet/http/HttpServletResponse;)V [o.a.x.a.v]
[2025-09-10 23:47:35.776] [WARN] [XCodeMap-Trans-8] - Method is not accessible:org/springframework/web/servlet/DispatcherServlet.getAsyncManager(Ljakarta/servlet/ServletRequest;)Lorg/springframework/web/context/request/async/WebAsyncManager; [o.a.x.a.v]
[2025-09-10 23:47:35.776] [WARN] [XCodeMap-Trans-8] - Method is not accessible:org/springframework/web/servlet/DispatcherServlet.restoreAttributesAfterInclude(Ljakarta/servlet/http/HttpServletRequest;Ljava/util/Map;)V [o.a.x.a.v]
[2025-09-10 23:47:35.776] [WARN] [XCodeMap-Trans-8] - Method is not accessible:org/springframework/web/servlet/DispatcherServlet.setParsedRequestPath(Lorg/springframework/http/server/RequestPath;Ljakarta/servlet/ServletRequest;)V [o.a.x.a.v]
[2025-09-10 23:47:35.776] [WARN] [XCodeMap-Trans-8] - Method is not accessible:org/springframework/web/servlet/DispatcherServlet.getAsyncManager(Ljakarta/servlet/ServletRequest;)Lorg/springframework/web/context/request/async/WebAsyncManager; [o.a.x.a.v]
[2025-09-10 23:47:35.776] [WARN] [XCodeMap-Trans-8] - Method is not accessible:org/springframework/web/servlet/DispatcherServlet.restoreAttributesAfterInclude(Ljakarta/servlet/http/HttpServletRequest;Ljava/util/Map;)V [o.a.x.a.v]
[2025-09-10 23:47:35.776] [WARN] [XCodeMap-Trans-8] - Method is not accessible:org/springframework/web/servlet/DispatcherServlet.setParsedRequestPath(Lorg/springframework/http/server/RequestPath;Ljakarta/servlet/ServletRequest;)V [o.a.x.a.v]
[2025-09-10 23:47:35.777] [WARN] [XCodeMap-Trans-8] - Method is not accessible:org/springframework/web/servlet/DispatcherServlet.getAsyncManager(Ljakarta/servlet/ServletRequest;)Lorg/springframework/web/context/request/async/WebAsyncManager; [o.a.x.a.v]
[2025-09-10 23:47:35.777] [WARN] [XCodeMap-Trans-8] - Method is not accessible:org/springframework/web/servlet/DispatcherServlet.checkMultipart(Ljakarta/servlet/http/HttpServletRequest;)Ljakarta/servlet/http/HttpServletRequest; [o.a.x.a.v]
[2025-09-10 23:47:35.778] [WARN] [XCodeMap-Trans-8] - Method is not accessible:org/springframework/web/servlet/DispatcherServlet.getHandler(Ljakarta/servlet/http/HttpServletRequest;)Lorg/springframework/web/servlet/HandlerExecutionChain; [o.a.x.a.v]
[2025-09-10 23:47:35.778] [WARN] [XCodeMap-Trans-8] - Method is not accessible:org/springframework/web/servlet/DispatcherServlet.noHandlerFound(Ljakarta/servlet/http/HttpServletRequest;Ljakarta/servlet/http/HttpServletResponse;)V [o.a.x.a.v]
[2025-09-10 23:47:35.778] [WARN] [XCodeMap-Trans-8] - Method is not accessible:org/springframework/web/servlet/DispatcherServlet.applyAfterConcurrentHandlingStarted(Ljakarta/servlet/http/HttpServletRequest;Ljakarta/servlet/http/HttpServletResponse;)V [o.a.x.a.v]
[2025-09-10 23:47:35.778] [WARN] [XCodeMap-Trans-8] - Method is not accessible:org/springframework/web/servlet/DispatcherServlet.cleanupMultipart(Ljakarta/servlet/http/HttpServletRequest;)V [o.a.x.a.v]
[2025-09-10 23:47:35.778] [WARN] [XCodeMap-Trans-8] - Method is not accessible:org/springframework/web/servlet/DispatcherServlet.getLastModified(Ljakarta/servlet/http/HttpServletRequest;Ljava/lang/Object;)J [o.a.x.a.v]
[2025-09-10 23:47:35.778] [WARN] [XCodeMap-Trans-8] - Method is not accessible:org/springframework/web/servlet/DispatcherServlet.<init>(Ljakarta/servlet/http/HttpServletRequest;Ljakarta/servlet/http/HttpServletResponse;)V [o.a.x.a.v]
[2025-09-10 23:47:35.778] [WARN] [XCodeMap-Trans-8] - Method is not accessible:org/springframework/web/servlet/DispatcherServlet.applyAfterConcurrentHandlingStarted(Ljakarta/servlet/http/HttpServletRequest;Ljakarta/servlet/http/HttpServletResponse;)V [o.a.x.a.v]
[2025-09-10 23:47:35.778] [WARN] [XCodeMap-Trans-8] - Method is not accessible:org/springframework/web/servlet/DispatcherServlet.cleanupMultipart(Ljakarta/servlet/http/HttpServletRequest;)V [o.a.x.a.v]
[2025-09-10 23:47:35.779] [WARN] [XCodeMap-Trans-8] - Method is not accessible:org/springframework/web/servlet/DispatcherServlet.applyPreHandle(Ljakarta/servlet/http/HttpServletRequest;Ljakarta/servlet/http/HttpServletResponse;)Z [o.a.x.a.v]
[2025-09-10 23:47:35.779] [WARN] [XCodeMap-Trans-8] - Method is not accessible:org/springframework/web/servlet/DispatcherServlet.applyAfterConcurrentHandlingStarted(Ljakarta/servlet/http/HttpServletRequest;Ljakarta/servlet/http/HttpServletResponse;)V [o.a.x.a.v]
[2025-09-10 23:47:35.779] [WARN] [XCodeMap-Trans-8] - Method is not accessible:org/springframework/web/servlet/DispatcherServlet.cleanupMultipart(Ljakarta/servlet/http/HttpServletRequest;)V [o.a.x.a.v]
[2025-09-10 23:47:35.779] [WARN] [XCodeMap-Trans-8] - Method is not accessible:org/springframework/web/servlet/DispatcherServlet.handle(Ljakarta/servlet/http/HttpServletRequest;Ljakarta/servlet/http/HttpServletResponse;Ljava/lang/Object;)Lorg/springframework/web/servlet/ModelAndView; [o.a.x.a.v]
[2025-09-10 23:47:35.779] [WARN] [XCodeMap-Trans-8] - Method is not accessible:org/springframework/web/servlet/DispatcherServlet.applyAfterConcurrentHandlingStarted(Ljakarta/servlet/http/HttpServletRequest;Ljakarta/servlet/http/HttpServletResponse;)V [o.a.x.a.v]
[2025-09-10 23:47:35.779] [WARN] [XCodeMap-Trans-8] - Method is not accessible:org/springframework/web/servlet/DispatcherServlet.cleanupMultipart(Ljakarta/servlet/http/HttpServletRequest;)V [o.a.x.a.v]
[2025-09-10 23:47:35.779] [WARN] [XCodeMap-Trans-8] - Method is not accessible:org/springframework/web/servlet/DispatcherServlet.applyDefaultViewName(Ljakarta/servlet/http/HttpServletRequest;Lorg/springframework/web/servlet/ModelAndView;)V [o.a.x.a.v]
[2025-09-10 23:47:35.779] [WARN] [XCodeMap-Trans-8] - Method is not accessible:org/springframework/web/servlet/DispatcherServlet.applyPostHandle(Ljakarta/servlet/http/HttpServletRequest;Ljakarta/servlet/http/HttpServletResponse;Lorg/springframework/web/servlet/ModelAndView;)V [o.a.x.a.v]
[2025-09-10 23:47:35.779] [WARN] [XCodeMap-Trans-8] - Method is not accessible:org/springframework/web/servlet/DispatcherServlet.processDispatchResult(Ljakarta/servlet/http/HttpServletRequest;Ljakarta/servlet/http/HttpServletResponse;Lorg/springframework/web/servlet/HandlerExecutionChain;Lorg/springframework/web/servlet/ModelAndView;Ljava/lang/Exception;)V [o.a.x.a.v]
[2025-09-10 23:47:35.779] [WARN] [XCodeMap-Trans-8] - Method is not accessible:org/springframework/web/servlet/DispatcherServlet.applyAfterConcurrentHandlingStarted(Ljakarta/servlet/http/HttpServletRequest;Ljakarta/servlet/http/HttpServletResponse;)V [o.a.x.a.v]
[2025-09-10 23:47:35.779] [WARN] [XCodeMap-Trans-8] - Method is not accessible:org/springframework/web/servlet/DispatcherServlet.cleanupMultipart(Ljakarta/servlet/http/HttpServletRequest;)V [o.a.x.a.v]
[2025-09-10 23:47:35.780] [WARN] [XCodeMap-Trans-8] - Method is not accessible:org/springframework/web/servlet/DispatcherServlet.triggerAfterCompletion(Ljakarta/servlet/http/HttpServletRequest;Ljakarta/servlet/http/HttpServletResponse;Lorg/springframework/web/servlet/HandlerExecutionChain;Ljava/lang/Exception;)V [o.a.x.a.v]
[2025-09-10 23:47:35.780] [WARN] [XCodeMap-Trans-8] - Method is not accessible:org/springframework/web/servlet/DispatcherServlet.applyAfterConcurrentHandlingStarted(Ljakarta/servlet/http/HttpServletRequest;Ljakarta/servlet/http/HttpServletResponse;)V [o.a.x.a.v]
[2025-09-10 23:47:35.780] [WARN] [XCodeMap-Trans-8] - Method is not accessible:org/springframework/web/servlet/DispatcherServlet.cleanupMultipart(Ljakarta/servlet/http/HttpServletRequest;)V [o.a.x.a.v]
[2025-09-10 23:47:35.780] [WARN] [XCodeMap-Trans-8] - Method is not accessible:org/springframework/web/servlet/DispatcherServlet.triggerAfterCompletion(Ljakarta/servlet/http/HttpServletRequest;Ljakarta/servlet/http/HttpServletResponse;Lorg/springframework/web/servlet/HandlerExecutionChain;Ljava/lang/Exception;)V [o.a.x.a.v]
[2025-09-10 23:47:35.780] [WARN] [XCodeMap-Trans-8] - Method is not accessible:org/springframework/web/servlet/DispatcherServlet.applyAfterConcurrentHandlingStarted(Ljakarta/servlet/http/HttpServletRequest;Ljakarta/servlet/http/HttpServletResponse;)V [o.a.x.a.v]
[2025-09-10 23:47:35.780] [WARN] [XCodeMap-Trans-8] - Method is not accessible:org/springframework/web/servlet/DispatcherServlet.cleanupMultipart(Ljakarta/servlet/http/HttpServletRequest;)V [o.a.x.a.v]
[2025-09-10 23:47:35.780] [WARN] [XCodeMap-Trans-8] - Method is not accessible:org/springframework/web/servlet/DispatcherServlet.applyAfterConcurrentHandlingStarted(Ljakarta/servlet/http/HttpServletRequest;Ljakarta/servlet/http/HttpServletResponse;)V [o.a.x.a.v]
[2025-09-10 23:47:35.780] [WARN] [XCodeMap-Trans-8] - Method is not accessible:org/springframework/web/servlet/DispatcherServlet.cleanupMultipart(Ljakarta/servlet/http/HttpServletRequest;)V [o.a.x.a.v]
[2025-09-10 23:47:35.782] [WARN] [XCodeMap-Trans-8] - Cannot compute frames for not found classname:org.springframework.web.servlet.DispatcherServlet  [o.a.x.a.i]
[2025-09-10 23:47:35.789] [WARN] [XCodeMap-Trans-9] - Cannot compute frames for not found classname:org.springframework.web.servlet.FrameworkServlet  [o.a.x.a.i]
[2025-09-10 23:47:35.792] [WARN] [XCodeMap-Trans-7] - Method is not accessible:org/springframework/web/servlet/HttpServletBean.<init>(Ljakarta/servlet/ServletConfig;Ljava/util/Set;)V [o.a.x.a.v]
[2025-09-10 23:47:35.792] [WARN] [XCodeMap-Trans-7] - Method is not accessible:org/springframework/web/servlet/HttpServletBean.<init>(Ljakarta/servlet/ServletContext;)V [o.a.x.a.v]
[2025-09-10 23:47:35.964] [WARN] [XCodeMap-Trans-8] - Method is not accessible:org/springframework/web/servlet/DispatcherServlet.logRequest(Ljakarta/servlet/http/HttpServletRequest;)V [o.a.x.a.v]
[2025-09-10 23:47:35.965] [WARN] [XCodeMap-Trans-8] - Method is not accessible:org/springframework/web/servlet/DispatcherServlet.isIncludeRequest(Ljakarta/servlet/ServletRequest;)Z [o.a.x.a.v]
[2025-09-10 23:47:35.965] [WARN] [XCodeMap-Trans-8] - Method is not accessible:org/springframework/web/servlet/DispatcherServlet.retrieveAndUpdate(Ljakarta/servlet/http/HttpServletRequest;Ljakarta/servlet/http/HttpServletResponse;)Lorg/springframework/web/servlet/FlashMap; [o.a.x.a.v]
[2025-09-10 23:47:35.965] [WARN] [XCodeMap-Trans-8] - Method is not accessible:org/springframework/web/servlet/DispatcherServlet.parseAndCache(Ljakarta/servlet/http/HttpServletRequest;)Lorg/springframework/http/server/RequestPath; [o.a.x.a.v]
[2025-09-10 23:47:35.965] [WARN] [XCodeMap-Trans-8] - Method is not accessible:org/springframework/web/servlet/DispatcherServlet.doDispatch(Ljakarta/servlet/http/HttpServletRequest;Ljakarta/servlet/http/HttpServletResponse;)V [o.a.x.a.v]
[2025-09-10 23:47:35.965] [WARN] [XCodeMap-Trans-8] - Method is not accessible:org/springframework/web/servlet/DispatcherServlet.getAsyncManager(Ljakarta/servlet/ServletRequest;)Lorg/springframework/web/context/request/async/WebAsyncManager; [o.a.x.a.v]
[2025-09-10 23:47:35.965] [WARN] [XCodeMap-Trans-8] - Method is not accessible:org/springframework/web/servlet/DispatcherServlet.restoreAttributesAfterInclude(Ljakarta/servlet/http/HttpServletRequest;Ljava/util/Map;)V [o.a.x.a.v]
[2025-09-10 23:47:35.965] [WARN] [XCodeMap-Trans-8] - Method is not accessible:org/springframework/web/servlet/DispatcherServlet.setParsedRequestPath(Lorg/springframework/http/server/RequestPath;Ljakarta/servlet/ServletRequest;)V [o.a.x.a.v]
[2025-09-10 23:47:35.965] [WARN] [XCodeMap-Trans-8] - Method is not accessible:org/springframework/web/servlet/DispatcherServlet.getAsyncManager(Ljakarta/servlet/ServletRequest;)Lorg/springframework/web/context/request/async/WebAsyncManager; [o.a.x.a.v]
[2025-09-10 23:47:35.965] [WARN] [XCodeMap-Trans-8] - Method is not accessible:org/springframework/web/servlet/DispatcherServlet.restoreAttributesAfterInclude(Ljakarta/servlet/http/HttpServletRequest;Ljava/util/Map;)V [o.a.x.a.v]
[2025-09-10 23:47:35.965] [WARN] [XCodeMap-Trans-8] - Method is not accessible:org/springframework/web/servlet/DispatcherServlet.setParsedRequestPath(Lorg/springframework/http/server/RequestPath;Ljakarta/servlet/ServletRequest;)V [o.a.x.a.v]
[2025-09-10 23:47:35.966] [WARN] [XCodeMap-Trans-8] - Method is not accessible:org/springframework/web/servlet/DispatcherServlet.getAsyncManager(Ljakarta/servlet/ServletRequest;)Lorg/springframework/web/context/request/async/WebAsyncManager; [o.a.x.a.v]
[2025-09-10 23:47:35.966] [WARN] [XCodeMap-Trans-8] - Method is not accessible:org/springframework/web/servlet/DispatcherServlet.checkMultipart(Ljakarta/servlet/http/HttpServletRequest;)Ljakarta/servlet/http/HttpServletRequest; [o.a.x.a.v]
[2025-09-10 23:47:35.966] [WARN] [XCodeMap-Trans-8] - Method is not accessible:org/springframework/web/servlet/DispatcherServlet.getHandler(Ljakarta/servlet/http/HttpServletRequest;)Lorg/springframework/web/servlet/HandlerExecutionChain; [o.a.x.a.v]
[2025-09-10 23:47:35.966] [WARN] [XCodeMap-Trans-8] - Method is not accessible:org/springframework/web/servlet/DispatcherServlet.noHandlerFound(Ljakarta/servlet/http/HttpServletRequest;Ljakarta/servlet/http/HttpServletResponse;)V [o.a.x.a.v]
[2025-09-10 23:47:35.966] [WARN] [XCodeMap-Trans-8] - Method is not accessible:org/springframework/web/servlet/DispatcherServlet.applyAfterConcurrentHandlingStarted(Ljakarta/servlet/http/HttpServletRequest;Ljakarta/servlet/http/HttpServletResponse;)V [o.a.x.a.v]
[2025-09-10 23:47:35.966] [WARN] [XCodeMap-Trans-8] - Method is not accessible:org/springframework/web/servlet/DispatcherServlet.cleanupMultipart(Ljakarta/servlet/http/HttpServletRequest;)V [o.a.x.a.v]
[2025-09-10 23:47:35.967] [WARN] [XCodeMap-Trans-8] - Method is not accessible:org/springframework/web/servlet/DispatcherServlet.getLastModified(Ljakarta/servlet/http/HttpServletRequest;Ljava/lang/Object;)J [o.a.x.a.v]
[2025-09-10 23:47:35.967] [WARN] [XCodeMap-Trans-8] - Method is not accessible:org/springframework/web/servlet/DispatcherServlet.<init>(Ljakarta/servlet/http/HttpServletRequest;Ljakarta/servlet/http/HttpServletResponse;)V [o.a.x.a.v]
[2025-09-10 23:47:35.967] [WARN] [XCodeMap-Trans-8] - Method is not accessible:org/springframework/web/servlet/DispatcherServlet.applyAfterConcurrentHandlingStarted(Ljakarta/servlet/http/HttpServletRequest;Ljakarta/servlet/http/HttpServletResponse;)V [o.a.x.a.v]
[2025-09-10 23:47:35.967] [WARN] [XCodeMap-Trans-8] - Method is not accessible:org/springframework/web/servlet/DispatcherServlet.cleanupMultipart(Ljakarta/servlet/http/HttpServletRequest;)V [o.a.x.a.v]
[2025-09-10 23:47:35.967] [WARN] [XCodeMap-Trans-8] - Method is not accessible:org/springframework/web/servlet/DispatcherServlet.applyPreHandle(Ljakarta/servlet/http/HttpServletRequest;Ljakarta/servlet/http/HttpServletResponse;)Z [o.a.x.a.v]
[2025-09-10 23:47:35.967] [WARN] [XCodeMap-Trans-8] - Method is not accessible:org/springframework/web/servlet/DispatcherServlet.applyAfterConcurrentHandlingStarted(Ljakarta/servlet/http/HttpServletRequest;Ljakarta/servlet/http/HttpServletResponse;)V [o.a.x.a.v]
[2025-09-10 23:47:35.967] [WARN] [XCodeMap-Trans-8] - Method is not accessible:org/springframework/web/servlet/DispatcherServlet.cleanupMultipart(Ljakarta/servlet/http/HttpServletRequest;)V [o.a.x.a.v]
[2025-09-10 23:47:35.967] [WARN] [XCodeMap-Trans-8] - Method is not accessible:org/springframework/web/servlet/DispatcherServlet.handle(Ljakarta/servlet/http/HttpServletRequest;Ljakarta/servlet/http/HttpServletResponse;Ljava/lang/Object;)Lorg/springframework/web/servlet/ModelAndView; [o.a.x.a.v]
[2025-09-10 23:47:35.967] [WARN] [XCodeMap-Trans-8] - Method is not accessible:org/springframework/web/servlet/DispatcherServlet.applyAfterConcurrentHandlingStarted(Ljakarta/servlet/http/HttpServletRequest;Ljakarta/servlet/http/HttpServletResponse;)V [o.a.x.a.v]
[2025-09-10 23:47:35.967] [WARN] [XCodeMap-Trans-8] - Method is not accessible:org/springframework/web/servlet/DispatcherServlet.cleanupMultipart(Ljakarta/servlet/http/HttpServletRequest;)V [o.a.x.a.v]
[2025-09-10 23:47:35.967] [WARN] [XCodeMap-Trans-8] - Method is not accessible:org/springframework/web/servlet/DispatcherServlet.applyDefaultViewName(Ljakarta/servlet/http/HttpServletRequest;Lorg/springframework/web/servlet/ModelAndView;)V [o.a.x.a.v]
[2025-09-10 23:47:35.967] [WARN] [XCodeMap-Trans-8] - Method is not accessible:org/springframework/web/servlet/DispatcherServlet.applyPostHandle(Ljakarta/servlet/http/HttpServletRequest;Ljakarta/servlet/http/HttpServletResponse;Lorg/springframework/web/servlet/ModelAndView;)V [o.a.x.a.v]
[2025-09-10 23:47:35.967] [WARN] [XCodeMap-Trans-8] - Method is not accessible:org/springframework/web/servlet/DispatcherServlet.processDispatchResult(Ljakarta/servlet/http/HttpServletRequest;Ljakarta/servlet/http/HttpServletResponse;Lorg/springframework/web/servlet/HandlerExecutionChain;Lorg/springframework/web/servlet/ModelAndView;Ljava/lang/Exception;)V [o.a.x.a.v]
[2025-09-10 23:47:35.967] [WARN] [XCodeMap-Trans-8] - Method is not accessible:org/springframework/web/servlet/DispatcherServlet.applyAfterConcurrentHandlingStarted(Ljakarta/servlet/http/HttpServletRequest;Ljakarta/servlet/http/HttpServletResponse;)V [o.a.x.a.v]
[2025-09-10 23:47:35.967] [WARN] [XCodeMap-Trans-8] - Method is not accessible:org/springframework/web/servlet/DispatcherServlet.cleanupMultipart(Ljakarta/servlet/http/HttpServletRequest;)V [o.a.x.a.v]
[2025-09-10 23:47:35.967] [WARN] [XCodeMap-Trans-8] - Method is not accessible:org/springframework/web/servlet/DispatcherServlet.triggerAfterCompletion(Ljakarta/servlet/http/HttpServletRequest;Ljakarta/servlet/http/HttpServletResponse;Lorg/springframework/web/servlet/HandlerExecutionChain;Ljava/lang/Exception;)V [o.a.x.a.v]
[2025-09-10 23:47:35.967] [WARN] [XCodeMap-Trans-8] - Method is not accessible:org/springframework/web/servlet/DispatcherServlet.applyAfterConcurrentHandlingStarted(Ljakarta/servlet/http/HttpServletRequest;Ljakarta/servlet/http/HttpServletResponse;)V [o.a.x.a.v]
[2025-09-10 23:47:35.967] [WARN] [XCodeMap-Trans-8] - Method is not accessible:org/springframework/web/servlet/DispatcherServlet.cleanupMultipart(Ljakarta/servlet/http/HttpServletRequest;)V [o.a.x.a.v]
[2025-09-10 23:47:35.968] [WARN] [XCodeMap-Trans-8] - Method is not accessible:org/springframework/web/servlet/DispatcherServlet.triggerAfterCompletion(Ljakarta/servlet/http/HttpServletRequest;Ljakarta/servlet/http/HttpServletResponse;Lorg/springframework/web/servlet/HandlerExecutionChain;Ljava/lang/Exception;)V [o.a.x.a.v]
[2025-09-10 23:47:35.968] [WARN] [XCodeMap-Trans-8] - Method is not accessible:org/springframework/web/servlet/DispatcherServlet.applyAfterConcurrentHandlingStarted(Ljakarta/servlet/http/HttpServletRequest;Ljakarta/servlet/http/HttpServletResponse;)V [o.a.x.a.v]
[2025-09-10 23:47:35.968] [WARN] [XCodeMap-Trans-8] - Method is not accessible:org/springframework/web/servlet/DispatcherServlet.cleanupMultipart(Ljakarta/servlet/http/HttpServletRequest;)V [o.a.x.a.v]
[2025-09-10 23:47:35.968] [WARN] [XCodeMap-Trans-8] - Method is not accessible:org/springframework/web/servlet/DispatcherServlet.applyAfterConcurrentHandlingStarted(Ljakarta/servlet/http/HttpServletRequest;Ljakarta/servlet/http/HttpServletResponse;)V [o.a.x.a.v]
[2025-09-10 23:47:35.968] [WARN] [XCodeMap-Trans-8] - Method is not accessible:org/springframework/web/servlet/DispatcherServlet.cleanupMultipart(Ljakarta/servlet/http/HttpServletRequest;)V [o.a.x.a.v]
[2025-09-10 23:47:35.970] [WARN] [XCodeMap-Trans-8] - Cannot compute frames for not found classname:org.springframework.web.servlet.DispatcherServlet  [o.a.x.a.i]
[2025-09-10 23:47:35.978] [WARN] [XCodeMap-Trans-9] - Cannot compute frames for not found classname:org.springframework.web.servlet.FrameworkServlet  [o.a.x.a.i]
[2025-09-10 23:47:35.982] [WARN] [XCodeMap-Trans-7] - Method is not accessible:org/springframework/web/servlet/HttpServletBean.<init>(Ljakarta/servlet/ServletConfig;Ljava/util/Set;)V [o.a.x.a.v]
[2025-09-10 23:47:35.982] [WARN] [XCodeMap-Trans-7] - Method is not accessible:org/springframework/web/servlet/HttpServletBean.<init>(Ljakarta/servlet/ServletContext;)V [o.a.x.a.v]
[2025-09-10 23:47:36.608] [WARN] [XCodeMap-Trans-8] - Method is not accessible:org/springframework/web/servlet/DispatcherServlet.logRequest(Ljakarta/servlet/http/HttpServletRequest;)V [o.a.x.a.v]
[2025-09-10 23:47:36.608] [WARN] [XCodeMap-Trans-8] - Method is not accessible:org/springframework/web/servlet/DispatcherServlet.isIncludeRequest(Ljakarta/servlet/ServletRequest;)Z [o.a.x.a.v]
[2025-09-10 23:47:36.608] [WARN] [XCodeMap-Trans-8] - Method is not accessible:org/springframework/web/servlet/DispatcherServlet.retrieveAndUpdate(Ljakarta/servlet/http/HttpServletRequest;Ljakarta/servlet/http/HttpServletResponse;)Lorg/springframework/web/servlet/FlashMap; [o.a.x.a.v]
[2025-09-10 23:47:36.609] [WARN] [XCodeMap-Trans-8] - Method is not accessible:org/springframework/web/servlet/DispatcherServlet.parseAndCache(Ljakarta/servlet/http/HttpServletRequest;)Lorg/springframework/http/server/RequestPath; [o.a.x.a.v]
[2025-09-10 23:47:36.609] [WARN] [XCodeMap-Trans-8] - Method is not accessible:org/springframework/web/servlet/DispatcherServlet.doDispatch(Ljakarta/servlet/http/HttpServletRequest;Ljakarta/servlet/http/HttpServletResponse;)V [o.a.x.a.v]
[2025-09-10 23:47:36.609] [WARN] [XCodeMap-Trans-8] - Method is not accessible:org/springframework/web/servlet/DispatcherServlet.getAsyncManager(Ljakarta/servlet/ServletRequest;)Lorg/springframework/web/context/request/async/WebAsyncManager; [o.a.x.a.v]
[2025-09-10 23:47:36.609] [WARN] [XCodeMap-Trans-8] - Method is not accessible:org/springframework/web/servlet/DispatcherServlet.restoreAttributesAfterInclude(Ljakarta/servlet/http/HttpServletRequest;Ljava/util/Map;)V [o.a.x.a.v]
[2025-09-10 23:47:36.609] [WARN] [XCodeMap-Trans-8] - Method is not accessible:org/springframework/web/servlet/DispatcherServlet.setParsedRequestPath(Lorg/springframework/http/server/RequestPath;Ljakarta/servlet/ServletRequest;)V [o.a.x.a.v]
[2025-09-10 23:47:36.609] [WARN] [XCodeMap-Trans-8] - Method is not accessible:org/springframework/web/servlet/DispatcherServlet.getAsyncManager(Ljakarta/servlet/ServletRequest;)Lorg/springframework/web/context/request/async/WebAsyncManager; [o.a.x.a.v]
[2025-09-10 23:47:36.609] [WARN] [XCodeMap-Trans-8] - Method is not accessible:org/springframework/web/servlet/DispatcherServlet.restoreAttributesAfterInclude(Ljakarta/servlet/http/HttpServletRequest;Ljava/util/Map;)V [o.a.x.a.v]
[2025-09-10 23:47:36.609] [WARN] [XCodeMap-Trans-8] - Method is not accessible:org/springframework/web/servlet/DispatcherServlet.setParsedRequestPath(Lorg/springframework/http/server/RequestPath;Ljakarta/servlet/ServletRequest;)V [o.a.x.a.v]
[2025-09-10 23:47:36.610] [WARN] [XCodeMap-Trans-8] - Method is not accessible:org/springframework/web/servlet/DispatcherServlet.getAsyncManager(Ljakarta/servlet/ServletRequest;)Lorg/springframework/web/context/request/async/WebAsyncManager; [o.a.x.a.v]
[2025-09-10 23:47:36.610] [WARN] [XCodeMap-Trans-8] - Method is not accessible:org/springframework/web/servlet/DispatcherServlet.checkMultipart(Ljakarta/servlet/http/HttpServletRequest;)Ljakarta/servlet/http/HttpServletRequest; [o.a.x.a.v]
[2025-09-10 23:47:36.610] [WARN] [XCodeMap-Trans-8] - Method is not accessible:org/springframework/web/servlet/DispatcherServlet.getHandler(Ljakarta/servlet/http/HttpServletRequest;)Lorg/springframework/web/servlet/HandlerExecutionChain; [o.a.x.a.v]
[2025-09-10 23:47:36.610] [WARN] [XCodeMap-Trans-8] - Method is not accessible:org/springframework/web/servlet/DispatcherServlet.noHandlerFound(Ljakarta/servlet/http/HttpServletRequest;Ljakarta/servlet/http/HttpServletResponse;)V [o.a.x.a.v]
[2025-09-10 23:47:36.610] [WARN] [XCodeMap-Trans-8] - Method is not accessible:org/springframework/web/servlet/DispatcherServlet.applyAfterConcurrentHandlingStarted(Ljakarta/servlet/http/HttpServletRequest;Ljakarta/servlet/http/HttpServletResponse;)V [o.a.x.a.v]
[2025-09-10 23:47:36.610] [WARN] [XCodeMap-Trans-8] - Method is not accessible:org/springframework/web/servlet/DispatcherServlet.cleanupMultipart(Ljakarta/servlet/http/HttpServletRequest;)V [o.a.x.a.v]
[2025-09-10 23:47:36.610] [WARN] [XCodeMap-Trans-8] - Method is not accessible:org/springframework/web/servlet/DispatcherServlet.getLastModified(Ljakarta/servlet/http/HttpServletRequest;Ljava/lang/Object;)J [o.a.x.a.v]
[2025-09-10 23:47:36.610] [WARN] [XCodeMap-Trans-8] - Method is not accessible:org/springframework/web/servlet/DispatcherServlet.<init>(Ljakarta/servlet/http/HttpServletRequest;Ljakarta/servlet/http/HttpServletResponse;)V [o.a.x.a.v]
[2025-09-10 23:47:36.610] [WARN] [XCodeMap-Trans-8] - Method is not accessible:org/springframework/web/servlet/DispatcherServlet.applyAfterConcurrentHandlingStarted(Ljakarta/servlet/http/HttpServletRequest;Ljakarta/servlet/http/HttpServletResponse;)V [o.a.x.a.v]
[2025-09-10 23:47:36.610] [WARN] [XCodeMap-Trans-8] - Method is not accessible:org/springframework/web/servlet/DispatcherServlet.cleanupMultipart(Ljakarta/servlet/http/HttpServletRequest;)V [o.a.x.a.v]
[2025-09-10 23:47:36.610] [WARN] [XCodeMap-Trans-8] - Method is not accessible:org/springframework/web/servlet/DispatcherServlet.applyPreHandle(Ljakarta/servlet/http/HttpServletRequest;Ljakarta/servlet/http/HttpServletResponse;)Z [o.a.x.a.v]
[2025-09-10 23:47:36.610] [WARN] [XCodeMap-Trans-8] - Method is not accessible:org/springframework/web/servlet/DispatcherServlet.applyAfterConcurrentHandlingStarted(Ljakarta/servlet/http/HttpServletRequest;Ljakarta/servlet/http/HttpServletResponse;)V [o.a.x.a.v]
[2025-09-10 23:47:36.610] [WARN] [XCodeMap-Trans-8] - Method is not accessible:org/springframework/web/servlet/DispatcherServlet.cleanupMultipart(Ljakarta/servlet/http/HttpServletRequest;)V [o.a.x.a.v]
[2025-09-10 23:47:36.610] [WARN] [XCodeMap-Trans-8] - Method is not accessible:org/springframework/web/servlet/DispatcherServlet.handle(Ljakarta/servlet/http/HttpServletRequest;Ljakarta/servlet/http/HttpServletResponse;Ljava/lang/Object;)Lorg/springframework/web/servlet/ModelAndView; [o.a.x.a.v]
[2025-09-10 23:47:36.611] [WARN] [XCodeMap-Trans-8] - Method is not accessible:org/springframework/web/servlet/DispatcherServlet.applyAfterConcurrentHandlingStarted(Ljakarta/servlet/http/HttpServletRequest;Ljakarta/servlet/http/HttpServletResponse;)V [o.a.x.a.v]
[2025-09-10 23:47:36.611] [WARN] [XCodeMap-Trans-8] - Method is not accessible:org/springframework/web/servlet/DispatcherServlet.cleanupMultipart(Ljakarta/servlet/http/HttpServletRequest;)V [o.a.x.a.v]
[2025-09-10 23:47:36.611] [WARN] [XCodeMap-Trans-8] - Method is not accessible:org/springframework/web/servlet/DispatcherServlet.applyDefaultViewName(Ljakarta/servlet/http/HttpServletRequest;Lorg/springframework/web/servlet/ModelAndView;)V [o.a.x.a.v]
[2025-09-10 23:47:36.611] [WARN] [XCodeMap-Trans-8] - Method is not accessible:org/springframework/web/servlet/DispatcherServlet.applyPostHandle(Ljakarta/servlet/http/HttpServletRequest;Ljakarta/servlet/http/HttpServletResponse;Lorg/springframework/web/servlet/ModelAndView;)V [o.a.x.a.v]
[2025-09-10 23:47:36.611] [WARN] [XCodeMap-Trans-8] - Method is not accessible:org/springframework/web/servlet/DispatcherServlet.processDispatchResult(Ljakarta/servlet/http/HttpServletRequest;Ljakarta/servlet/http/HttpServletResponse;Lorg/springframework/web/servlet/HandlerExecutionChain;Lorg/springframework/web/servlet/ModelAndView;Ljava/lang/Exception;)V [o.a.x.a.v]
[2025-09-10 23:47:36.611] [WARN] [XCodeMap-Trans-8] - Method is not accessible:org/springframework/web/servlet/DispatcherServlet.applyAfterConcurrentHandlingStarted(Ljakarta/servlet/http/HttpServletRequest;Ljakarta/servlet/http/HttpServletResponse;)V [o.a.x.a.v]
[2025-09-10 23:47:36.611] [WARN] [XCodeMap-Trans-8] - Method is not accessible:org/springframework/web/servlet/DispatcherServlet.cleanupMultipart(Ljakarta/servlet/http/HttpServletRequest;)V [o.a.x.a.v]
[2025-09-10 23:47:36.611] [WARN] [XCodeMap-Trans-8] - Method is not accessible:org/springframework/web/servlet/DispatcherServlet.triggerAfterCompletion(Ljakarta/servlet/http/HttpServletRequest;Ljakarta/servlet/http/HttpServletResponse;Lorg/springframework/web/servlet/HandlerExecutionChain;Ljava/lang/Exception;)V [o.a.x.a.v]
[2025-09-10 23:47:36.611] [WARN] [XCodeMap-Trans-8] - Method is not accessible:org/springframework/web/servlet/DispatcherServlet.applyAfterConcurrentHandlingStarted(Ljakarta/servlet/http/HttpServletRequest;Ljakarta/servlet/http/HttpServletResponse;)V [o.a.x.a.v]
[2025-09-10 23:47:36.611] [WARN] [XCodeMap-Trans-8] - Method is not accessible:org/springframework/web/servlet/DispatcherServlet.cleanupMultipart(Ljakarta/servlet/http/HttpServletRequest;)V [o.a.x.a.v]
[2025-09-10 23:47:36.611] [WARN] [XCodeMap-Trans-8] - Method is not accessible:org/springframework/web/servlet/DispatcherServlet.triggerAfterCompletion(Ljakarta/servlet/http/HttpServletRequest;Ljakarta/servlet/http/HttpServletResponse;Lorg/springframework/web/servlet/HandlerExecutionChain;Ljava/lang/Exception;)V [o.a.x.a.v]
[2025-09-10 23:47:36.611] [WARN] [XCodeMap-Trans-8] - Method is not accessible:org/springframework/web/servlet/DispatcherServlet.applyAfterConcurrentHandlingStarted(Ljakarta/servlet/http/HttpServletRequest;Ljakarta/servlet/http/HttpServletResponse;)V [o.a.x.a.v]
[2025-09-10 23:47:36.611] [WARN] [XCodeMap-Trans-8] - Method is not accessible:org/springframework/web/servlet/DispatcherServlet.cleanupMultipart(Ljakarta/servlet/http/HttpServletRequest;)V [o.a.x.a.v]
[2025-09-10 23:47:36.611] [WARN] [XCodeMap-Trans-8] - Method is not accessible:org/springframework/web/servlet/DispatcherServlet.applyAfterConcurrentHandlingStarted(Ljakarta/servlet/http/HttpServletRequest;Ljakarta/servlet/http/HttpServletResponse;)V [o.a.x.a.v]
[2025-09-10 23:47:36.611] [WARN] [XCodeMap-Trans-8] - Method is not accessible:org/springframework/web/servlet/DispatcherServlet.cleanupMultipart(Ljakarta/servlet/http/HttpServletRequest;)V [o.a.x.a.v]
[2025-09-10 23:47:36.613] [WARN] [XCodeMap-Trans-8] - Cannot compute frames for not found classname:org.springframework.web.servlet.DispatcherServlet  [o.a.x.a.i]
[2025-09-10 23:47:36.617] [WARN] [XCodeMap-Trans-9] - Cannot compute frames for not found classname:org.springframework.web.servlet.FrameworkServlet  [o.a.x.a.i]
[2025-09-10 23:47:36.620] [WARN] [XCodeMap-Trans-7] - Method is not accessible:org/springframework/web/servlet/HttpServletBean.<init>(Ljakarta/servlet/ServletConfig;Ljava/util/Set;)V [o.a.x.a.v]
[2025-09-10 23:47:36.620] [WARN] [XCodeMap-Trans-7] - Method is not accessible:org/springframework/web/servlet/HttpServletBean.<init>(Ljakarta/servlet/ServletContext;)V [o.a.x.a.v]
[2025-09-10 23:47:36.738] [WARN] [XCodeMap-Trans-1] - Method is not accessible:com/cloud/common/security/RateLimitManager.ordinal()I [o.a.x.a.v]
[2025-09-10 23:47:39.807] [WARN] [XCodeMap-ParentClassManager] - updateChildToParentMapping: java.sql.Connection:jdk.internal.loader.ClassLoaders$PlatformClassLoader@7729c192 -> java.sql.Connection:jdk.internal.loader.ClassLoaders$PlatformClassLoader@7729c192 [o.a.x.a.x.X]
[2025-09-10 23:47:39.817] [WARN] [XCodeMap-ParentClassManager] - updateChildToParentMapping: java.sql.Connection:jdk.internal.loader.ClassLoaders$PlatformClassLoader@7729c192 -> java.sql.Connection:jdk.internal.loader.ClassLoaders$PlatformClassLoader@7729c192 [o.a.x.a.x.X]
[2025-09-10 23:47:44.397] [WARN] [XCodeMap-Trans-8] - Cannot change loadClass by all methods for classname:sun.reflect.misc.MethodUtil [o.a.x.a.i]
[2025-09-10 23:47:51.050] [WARN] [XCodeMap-Trans-8] - Cannot change loadClass by all methods for classname:com.sun.jmx.remote.util.OrderClassLoaders [o.a.x.a.i]
[2025-09-10 23:49:40.386] [WARN] [Thread-0] - Graceful shutdown..., metrics totalClassNum:0	transClassNum:66	transLoadedNum:0	objectExtractNum:0	checkHashNum:0	objectTravelNum:0	objectExtractErrorNum:0	diffObjectNum:0	totalFuncNum:0	transFuncNum:824	errorTransNum:0	instanceNum:0	totalFuncCallNum:0	storedFuncCallNum:0	totalObjectNum:0	conflictedObjectNum:0	totalObjectChangeNum:0	totalArrayChangeNum:0	totalPutFieldNum:0	totalSysSetNum:0	totalArrayCopyNum:0	totalColChangeNum:0	totalAtomicChangeNum:0	totalGetFieldNum:0	storedPutFieldNum:0	storedGetFieldNum:0	invokeMethodPosNum:0	putFieldPosNum:0	maxLocalsValue:0	maxStacksValue:0	stackNodeNum:0	transformTimeNano:0	 [o.a.x.a.x.X]
