[2025-09-10 23:37:01.135] [WARN] [main] - [XCodeMap] 开始启动, pid:12972, xcodemap.executionId:1f2f7670-d12f-4c23-817a-b1694bdc4672, version:1.19.0
 [o.a.x.a.q]
[2025-09-10 23:37:01.150] [WARN] [main] - [XCodeMap] 官网：https://xcodemap.tech ，B 站视频教程：https://space.bilibili.com/3546573562710135
 [o.a.x.a.q]
[2025-09-10 23:37:01.152] [WARN] [main] - workDir:D:\Download\Code\sofware\cloud\.xcodemap agentMain:false [o.a.x.a.q]
[2025-09-10 23:37:01.383] [WARN] [main] - AsmSysChangeData 加载完成，共加载 58 个集合类，67 个系统设置方法，147 个集合变更方法 [o.a.x.a.x.X]
[2025-09-10 23:37:01.387] [WARN] [XCodeMap-Install] - [XCodeMap] Install Agent, version:1.19.0
 [o.a.x.a.q]
[2025-09-10 23:37:01.388] [WARN] [XCodeMap-Install] - Start retransformAllClasses [o.a.x.a.x.X]
[2025-09-10 23:37:01.400] [WARN] [XCodeMap-Install] - ReTransform agentmain metrics  toBeReTransformedClasses:0 toBeReTransformedClassLoadedClasses:0 [o.a.x.a.x.X]
[2025-09-10 23:37:01.435] [WARN] [XCodeMap-Install] - [XCodeMap] ReTransform class num:0
 [o.a.x.a.q]
[2025-09-10 23:37:01.435] [WARN] [XCodeMap-Install] - [XCodeMap] All 0 batches completed, total time: 0ms
 [o.a.x.a.q]
[2025-09-10 23:37:01.436] [WARN] [XCodeMap-Install] - End retransformAllClasses, cost 48 ms [o.a.x.a.x.X]
[2025-09-10 23:37:01.436] [WARN] [XCodeMap-Install] - [XCodeMap] Install Agent finished, cost 49 ms, version:1.19.0
 [o.a.x.a.q]
[2025-09-10 23:37:01.496] [WARN] [main] - [XCodeMap] 启动完成, cost 431 ms, version:1.19.0
 [o.a.x.a.q]
[2025-09-10 23:37:02.043] [WARN] [XCodeMap-Trans-2] - Change loadClass by javassist for classname:io.github.future0923.debug.tools.base.classloader.GroovyScriptClassLoader [o.a.x.a.i]
[2025-09-10 23:37:02.145] [WARN] [XCodeMap-Trans-2] - Change loadClass by javassist for classname:org.codehaus.groovy.reflection.SunClassLoader [o.a.x.a.i]
[2025-09-10 23:37:02.275] [WARN] [XCodeMap-ParentClassManager] - updateChildToParentMapping: java.sql.Statement:jdk.internal.loader.ClassLoaders$PlatformClassLoader@37bb451f -> java.sql.Statement:jdk.internal.loader.ClassLoaders$PlatformClassLoader@37bb451f [o.a.x.a.x.X]
[2025-09-10 23:37:02.275] [WARN] [XCodeMap-ParentClassManager] - updateChildToParentMapping: jakarta.servlet.Servlet:jdk.internal.loader.ClassLoaders$AppClassLoader@5e481248 -> jakarta.servlet.Servlet:jdk.internal.loader.ClassLoaders$AppClassLoader@5e481248 [o.a.x.a.x.X]
[2025-09-10 23:37:02.279] [WARN] [XCodeMap-ParentClassManager] - updateChildToParentMapping: java.sql.Statement:jdk.internal.loader.ClassLoaders$PlatformClassLoader@37bb451f -> java.sql.Statement:jdk.internal.loader.ClassLoaders$PlatformClassLoader@37bb451f [o.a.x.a.x.X]
[2025-09-10 23:37:02.279] [WARN] [XCodeMap-ParentClassManager] - updateChildToParentMapping: jakarta.servlet.Servlet:jdk.internal.loader.ClassLoaders$AppClassLoader@5e481248 -> jakarta.servlet.Servlet:jdk.internal.loader.ClassLoaders$AppClassLoader@5e481248 [o.a.x.a.x.X]
[2025-09-10 23:37:04.769] [WARN] [XCodeMap-Trans-0] - Change loadClass by javassist for classname:org.springframework.context.support.ContextTypeMatchClassLoader [o.a.x.a.i]
[2025-09-10 23:37:05.430] [WARN] [XCodeMap-Trans-6] - Method is not accessible:jakarta/servlet/http/HttpServlet.<init>(Ljakarta/servlet/http/HttpServlet$NoBodyResponse;)V [o.a.x.a.v]
[2025-09-10 23:37:06.347] [WARN] [XCodeMap-ParentClassManager] - updateChildToParentMapping: org.springframework.web.servlet.DispatcherServlet:jdk.internal.loader.ClassLoaders$AppClassLoader@5e481248 -> jakarta.servlet.Servlet:jdk.internal.loader.ClassLoaders$AppClassLoader@5e481248 [o.a.x.a.x.X]
[2025-09-10 23:37:06.347] [WARN] [XCodeMap-ParentClassManager] - updateChildToParentMapping: jakarta.servlet.http.HttpServlet:jdk.internal.loader.ClassLoaders$AppClassLoader@5e481248 -> jakarta.servlet.Servlet:jdk.internal.loader.ClassLoaders$AppClassLoader@5e481248 [o.a.x.a.x.X]
[2025-09-10 23:37:06.347] [WARN] [XCodeMap-ParentClassManager] - updateChildToParentMapping: jakarta.servlet.GenericServlet:jdk.internal.loader.ClassLoaders$AppClassLoader@5e481248 -> jakarta.servlet.Servlet:jdk.internal.loader.ClassLoaders$AppClassLoader@5e481248 [o.a.x.a.x.X]
[2025-09-10 23:37:06.347] [WARN] [XCodeMap-ParentClassManager] - updateChildToParentMapping: org.springframework.web.servlet.FrameworkServlet:jdk.internal.loader.ClassLoaders$AppClassLoader@5e481248 -> jakarta.servlet.Servlet:jdk.internal.loader.ClassLoaders$AppClassLoader@5e481248 [o.a.x.a.x.X]
[2025-09-10 23:37:06.347] [WARN] [XCodeMap-ParentClassManager] - updateChildToParentMapping: org.springframework.web.servlet.HttpServletBean:jdk.internal.loader.ClassLoaders$AppClassLoader@5e481248 -> jakarta.servlet.Servlet:jdk.internal.loader.ClassLoaders$AppClassLoader@5e481248 [o.a.x.a.x.X]
[2025-09-10 23:37:06.965] [WARN] [XCodeMap-Trans-7] - Change loadClass by javassist for classname:org.apache.catalina.loader.WebappClassLoaderBase [o.a.x.a.i]
[2025-09-10 23:37:06.991] [WARN] [XCodeMap-Trans-5] - Change loadClass by javassist for classname:org.springframework.boot.web.embedded.tomcat.TomcatEmbeddedWebappClassLoader [o.a.x.a.i]
[2025-09-10 23:37:07.367] [WARN] [XCodeMap-ParentClassManager] - updateChildToParentMapping: jakarta.servlet.FilterChain:jdk.internal.loader.ClassLoaders$AppClassLoader@5e481248 -> jakarta.servlet.FilterChain:jdk.internal.loader.ClassLoaders$AppClassLoader@5e481248 [o.a.x.a.x.X]
[2025-09-10 23:37:07.372] [WARN] [XCodeMap-ParentClassManager] - updateChildToParentMapping: jakarta.servlet.FilterChain:jdk.internal.loader.ClassLoaders$AppClassLoader@5e481248 -> jakarta.servlet.FilterChain:jdk.internal.loader.ClassLoaders$AppClassLoader@5e481248 [o.a.x.a.x.X]
[2025-09-10 23:37:08.348] [WARN] [XCodeMap-Trans-8] - Cannot change loadClass by all methods for classname:sun.reflect.misc.MethodUtil [o.a.x.a.i]
[2025-09-10 23:37:13.456] [WARN] [XCodeMap-Trans-8] - Cannot change loadClass by all methods for classname:com.sun.jmx.remote.util.OrderClassLoaders [o.a.x.a.i]
[2025-09-10 23:37:21.581] [WARN] [Thread-0] - Graceful shutdown..., metrics totalClassNum:0	transClassNum:54	transLoadedNum:0	objectExtractNum:0	checkHashNum:0	objectTravelNum:0	objectExtractErrorNum:0	diffObjectNum:0	totalFuncNum:0	transFuncNum:635	errorTransNum:0	instanceNum:0	totalFuncCallNum:0	storedFuncCallNum:0	totalObjectNum:0	conflictedObjectNum:0	totalObjectChangeNum:0	totalArrayChangeNum:0	totalPutFieldNum:0	totalSysSetNum:0	totalArrayCopyNum:0	totalColChangeNum:0	totalAtomicChangeNum:0	totalGetFieldNum:0	storedPutFieldNum:0	storedGetFieldNum:0	invokeMethodPosNum:0	putFieldPosNum:0	maxLocalsValue:0	maxStacksValue:0	stackNodeNum:0	transformTimeNano:0	 [o.a.x.a.x.X]
