[2025-09-10 23:39:08.541] [WARN] [main] - [XCodeMap] 开始启动, pid:5392, xcodemap.executionId:c57e9616-a7ca-40ad-a9b7-bab71565eb39, version:1.19.0
 [o.a.x.a.q]
[2025-09-10 23:39:08.553] [WARN] [main] - [XCodeMap] 官网：https://xcodemap.tech ，B 站视频教程：https://space.bilibili.com/3546573562710135
 [o.a.x.a.q]
[2025-09-10 23:39:08.555] [WARN] [main] - workDir:D:\Download\Code\sofware\cloud\.xcodemap agentMain:false [o.a.x.a.q]
[2025-09-10 23:39:08.731] [WARN] [main] - AsmSysChangeData 加载完成，共加载 58 个集合类，67 个系统设置方法，147 个集合变更方法 [o.a.x.a.x.X]
[2025-09-10 23:39:08.735] [WARN] [XCodeMap-Install] - [XCodeMap] Install Agent, version:1.19.0
 [o.a.x.a.q]
[2025-09-10 23:39:08.736] [WARN] [XCodeMap-Install] - Start retransformAllClasses [o.a.x.a.x.X]
[2025-09-10 23:39:08.744] [WARN] [XCodeMap-Install] - ReTransform agentmain metrics  toBeReTransformedClasses:0 toBeReTransformedClassLoadedClasses:0 [o.a.x.a.x.X]
[2025-09-10 23:39:08.775] [WARN] [XCodeMap-Install] - [XCodeMap] ReTransform class num:0
 [o.a.x.a.q]
[2025-09-10 23:39:08.776] [WARN] [XCodeMap-Install] - [XCodeMap] All 0 batches completed, total time: 0ms
 [o.a.x.a.q]
[2025-09-10 23:39:08.776] [WARN] [XCodeMap-Install] - End retransformAllClasses, cost 40 ms [o.a.x.a.x.X]
[2025-09-10 23:39:08.776] [WARN] [XCodeMap-Install] - [XCodeMap] Install Agent finished, cost 41 ms, version:1.19.0
 [o.a.x.a.q]
[2025-09-10 23:39:08.845] [WARN] [main] - [XCodeMap] 启动完成, cost 394 ms, version:1.19.0
 [o.a.x.a.q]
[2025-09-10 23:39:09.674] [WARN] [XCodeMap-ParentClassManager] - updateChildToParentMapping: java.sql.Statement:jdk.internal.loader.ClassLoaders$PlatformClassLoader@4712fe69 -> java.sql.Statement:jdk.internal.loader.ClassLoaders$PlatformClassLoader@4712fe69 [o.a.x.a.x.X]
[2025-09-10 23:39:09.674] [WARN] [XCodeMap-ParentClassManager] - updateChildToParentMapping: jakarta.servlet.Servlet:jdk.internal.loader.ClassLoaders$AppClassLoader@5e481248 -> jakarta.servlet.Servlet:jdk.internal.loader.ClassLoaders$AppClassLoader@5e481248 [o.a.x.a.x.X]
[2025-09-10 23:39:09.677] [WARN] [XCodeMap-ParentClassManager] - updateChildToParentMapping: java.sql.Statement:jdk.internal.loader.ClassLoaders$PlatformClassLoader@4712fe69 -> java.sql.Statement:jdk.internal.loader.ClassLoaders$PlatformClassLoader@4712fe69 [o.a.x.a.x.X]
[2025-09-10 23:39:09.677] [WARN] [XCodeMap-ParentClassManager] - updateChildToParentMapping: jakarta.servlet.Servlet:jdk.internal.loader.ClassLoaders$AppClassLoader@5e481248 -> jakarta.servlet.Servlet:jdk.internal.loader.ClassLoaders$AppClassLoader@5e481248 [o.a.x.a.x.X]
[2025-09-10 23:39:10.175] [WARN] [XCodeMap-Trans-2] - Change loadClass by javassist for classname:io.github.future0923.debug.tools.base.classloader.GroovyScriptClassLoader [o.a.x.a.i]
[2025-09-10 23:39:10.281] [WARN] [XCodeMap-Trans-2] - Change loadClass by javassist for classname:org.codehaus.groovy.reflection.SunClassLoader [o.a.x.a.i]
[2025-09-10 23:39:14.385] [WARN] [XCodeMap-Trans-0] - Change loadClass by javassist for classname:org.springframework.context.support.ContextTypeMatchClassLoader [o.a.x.a.i]
[2025-09-10 23:39:15.271] [WARN] [XCodeMap-Trans-6] - Method is not accessible:jakarta/servlet/http/HttpServlet.<init>(Ljakarta/servlet/http/HttpServlet$NoBodyResponse;)V [o.a.x.a.v]
[2025-09-10 23:39:15.698] [WARN] [XCodeMap-Trans-1] - Method is not accessible:com/cloud/common/security/RateLimitManager.ordinal()I [o.a.x.a.v]
[2025-09-10 23:39:15.747] [WARN] [XCodeMap-ParentClassManager] - updateChildToParentMapping: org.springframework.web.servlet.FrameworkServlet:jdk.internal.loader.ClassLoaders$AppClassLoader@5e481248 -> jakarta.servlet.Servlet:jdk.internal.loader.ClassLoaders$AppClassLoader@5e481248 [o.a.x.a.x.X]
[2025-09-10 23:39:15.748] [WARN] [XCodeMap-ParentClassManager] - updateChildToParentMapping: jakarta.servlet.http.HttpServlet:jdk.internal.loader.ClassLoaders$AppClassLoader@5e481248 -> jakarta.servlet.Servlet:jdk.internal.loader.ClassLoaders$AppClassLoader@5e481248 [o.a.x.a.x.X]
[2025-09-10 23:39:15.748] [WARN] [XCodeMap-ParentClassManager] - updateChildToParentMapping: org.springframework.web.servlet.HttpServletBean:jdk.internal.loader.ClassLoaders$AppClassLoader@5e481248 -> jakarta.servlet.Servlet:jdk.internal.loader.ClassLoaders$AppClassLoader@5e481248 [o.a.x.a.x.X]
[2025-09-10 23:39:15.748] [WARN] [XCodeMap-ParentClassManager] - updateChildToParentMapping: org.springframework.web.servlet.DispatcherServlet:jdk.internal.loader.ClassLoaders$AppClassLoader@5e481248 -> jakarta.servlet.Servlet:jdk.internal.loader.ClassLoaders$AppClassLoader@5e481248 [o.a.x.a.x.X]
[2025-09-10 23:39:15.748] [WARN] [XCodeMap-ParentClassManager] - updateChildToParentMapping: jakarta.servlet.GenericServlet:jdk.internal.loader.ClassLoaders$AppClassLoader@5e481248 -> jakarta.servlet.Servlet:jdk.internal.loader.ClassLoaders$AppClassLoader@5e481248 [o.a.x.a.x.X]
[2025-09-10 23:39:19.803] [WARN] [XCodeMap-Trans-7] - Change loadClass by javassist for classname:org.apache.catalina.loader.WebappClassLoaderBase [o.a.x.a.i]
[2025-09-10 23:39:19.816] [WARN] [XCodeMap-Trans-5] - Change loadClass by javassist for classname:org.springframework.boot.web.embedded.tomcat.TomcatEmbeddedWebappClassLoader [o.a.x.a.i]
[2025-09-10 23:39:20.815] [WARN] [XCodeMap-ParentClassManager] - updateChildToParentMapping: jakarta.servlet.FilterChain:jdk.internal.loader.ClassLoaders$AppClassLoader@5e481248 -> jakarta.servlet.FilterChain:jdk.internal.loader.ClassLoaders$AppClassLoader@5e481248 [o.a.x.a.x.X]
[2025-09-10 23:39:20.823] [WARN] [XCodeMap-ParentClassManager] - updateChildToParentMapping: jakarta.servlet.FilterChain:jdk.internal.loader.ClassLoaders$AppClassLoader@5e481248 -> jakarta.servlet.FilterChain:jdk.internal.loader.ClassLoaders$AppClassLoader@5e481248 [o.a.x.a.x.X]
[2025-09-10 23:39:21.848] [WARN] [XCodeMap-ParentClassManager] - updateChildToParentMapping: java.sql.Connection:jdk.internal.loader.ClassLoaders$PlatformClassLoader@4712fe69 -> java.sql.Connection:jdk.internal.loader.ClassLoaders$PlatformClassLoader@4712fe69 [o.a.x.a.x.X]
[2025-09-10 23:39:21.857] [WARN] [XCodeMap-ParentClassManager] - updateChildToParentMapping: java.sql.Connection:jdk.internal.loader.ClassLoaders$PlatformClassLoader@4712fe69 -> java.sql.Connection:jdk.internal.loader.ClassLoaders$PlatformClassLoader@4712fe69 [o.a.x.a.x.X]
[2025-09-10 23:39:22.867] [WARN] [XCodeMap-ParentClassManager] - updateChildToParentMapping: java.sql.ResultSet:jdk.internal.loader.ClassLoaders$PlatformClassLoader@4712fe69 -> java.sql.ResultSet:jdk.internal.loader.ClassLoaders$PlatformClassLoader@4712fe69 [o.a.x.a.x.X]
[2025-09-10 23:39:22.875] [WARN] [XCodeMap-ParentClassManager] - updateChildToParentMapping: java.sql.ResultSet:jdk.internal.loader.ClassLoaders$PlatformClassLoader@4712fe69 -> java.sql.ResultSet:jdk.internal.loader.ClassLoaders$PlatformClassLoader@4712fe69 [o.a.x.a.x.X]
[2025-09-10 23:39:25.380] [WARN] [XCodeMap-Trans-7] - Change loadClass by javassist for classname:com.alibaba.fastjson.util.ASMClassLoader [o.a.x.a.i]
[2025-09-10 23:39:27.996] [WARN] [XCodeMap-Trans-8] - Cannot change loadClass by all methods for classname:sun.reflect.misc.MethodUtil [o.a.x.a.i]
[2025-09-10 23:39:28.942] [WARN] [XCodeMap-ParentClassManager] - updateChildToParentMapping: java.sql.CallableStatement:jdk.internal.loader.ClassLoaders$PlatformClassLoader@4712fe69 -> java.sql.Statement:jdk.internal.loader.ClassLoaders$PlatformClassLoader@4712fe69 [o.a.x.a.x.X]
[2025-09-10 23:39:28.942] [WARN] [XCodeMap-ParentClassManager] - updateChildToParentMapping: java.sql.PreparedStatement:jdk.internal.loader.ClassLoaders$PlatformClassLoader@4712fe69 -> java.sql.Statement:jdk.internal.loader.ClassLoaders$PlatformClassLoader@4712fe69 [o.a.x.a.x.X]
[2025-09-10 23:39:29.515] [WARN] [XCodeMap-Trans-8] - Cannot change loadClass by all methods for classname:com.sun.jmx.remote.util.OrderClassLoaders [o.a.x.a.i]
[2025-09-10 23:39:30.123] [WARN] [XCodeMap-Trans-1] - Method is not accessible:com/mysql/cj/jdbc/result/ResultSetImpl.ordinal()I [o.a.x.a.v]
[2025-09-10 23:39:30.128] [WARN] [XCodeMap-Trans-1] - Method is not accessible:com/mysql/cj/jdbc/result/ResultSetImpl.ordinal()I [o.a.x.a.v]
[2025-09-10 23:39:30.152] [WARN] [XCodeMap-Trans-1] - Method is not accessible:com/mysql/cj/jdbc/result/UpdatableResultSet.ordinal()I [o.a.x.a.v]
[2025-09-10 23:39:30.972] [WARN] [XCodeMap-ParentClassManager] - updateChildToParentMapping: com.mysql.cj.jdbc.JdbcStatement:jdk.internal.loader.ClassLoaders$AppClassLoader@5e481248 -> java.sql.Statement:jdk.internal.loader.ClassLoaders$PlatformClassLoader@4712fe69 [o.a.x.a.x.X]
[2025-09-10 23:39:30.972] [WARN] [XCodeMap-ParentClassManager] - updateChildToParentMapping: com.mysql.cj.jdbc.result.ResultSetInternalMethods:jdk.internal.loader.ClassLoaders$AppClassLoader@5e481248 -> java.sql.ResultSet:jdk.internal.loader.ClassLoaders$PlatformClassLoader@4712fe69 [o.a.x.a.x.X]
[2025-09-10 23:39:30.972] [WARN] [XCodeMap-ParentClassManager] - updateChildToParentMapping: com.mysql.cj.jdbc.result.ResultSetImpl:jdk.internal.loader.ClassLoaders$AppClassLoader@5e481248 -> java.sql.ResultSet:jdk.internal.loader.ClassLoaders$PlatformClassLoader@4712fe69 [o.a.x.a.x.X]
[2025-09-10 23:39:30.972] [WARN] [XCodeMap-ParentClassManager] - updateChildToParentMapping: com.mysql.cj.jdbc.StatementImpl:jdk.internal.loader.ClassLoaders$AppClassLoader@5e481248 -> java.sql.Statement:jdk.internal.loader.ClassLoaders$PlatformClassLoader@4712fe69 [o.a.x.a.x.X]
[2025-09-10 23:39:30.972] [WARN] [XCodeMap-ParentClassManager] - updateChildToParentMapping: com.mysql.cj.jdbc.JdbcConnection:jdk.internal.loader.ClassLoaders$AppClassLoader@5e481248 -> java.sql.Connection:jdk.internal.loader.ClassLoaders$PlatformClassLoader@4712fe69 [o.a.x.a.x.X]
[2025-09-10 23:39:30.972] [WARN] [XCodeMap-ParentClassManager] - updateChildToParentMapping: com.zaxxer.hikari.pool.ProxyConnection:jdk.internal.loader.ClassLoaders$AppClassLoader@5e481248 -> java.sql.Connection:jdk.internal.loader.ClassLoaders$PlatformClassLoader@4712fe69 [o.a.x.a.x.X]
[2025-09-10 23:39:30.974] [WARN] [XCodeMap-ParentClassManager] - updateChildToParentMapping: com.mysql.cj.jdbc.JdbcPreparedStatement:jdk.internal.loader.ClassLoaders$AppClassLoader@5e481248 -> java.sql.Statement:jdk.internal.loader.ClassLoaders$PlatformClassLoader@4712fe69 [o.a.x.a.x.X]
[2025-09-10 23:39:30.974] [WARN] [XCodeMap-ParentClassManager] - updateChildToParentMapping: com.mysql.cj.jdbc.ConnectionImpl:jdk.internal.loader.ClassLoaders$AppClassLoader@5e481248 -> java.sql.Connection:jdk.internal.loader.ClassLoaders$PlatformClassLoader@4712fe69 [o.a.x.a.x.X]
[2025-09-10 23:39:30.974] [WARN] [XCodeMap-ParentClassManager] - updateChildToParentMapping: org.springframework.jdbc.datasource.ConnectionProxy:jdk.internal.loader.ClassLoaders$AppClassLoader@5e481248 -> java.sql.Connection:jdk.internal.loader.ClassLoaders$PlatformClassLoader@4712fe69 [o.a.x.a.x.X]
[2025-09-10 23:39:30.974] [WARN] [XCodeMap-ParentClassManager] - updateChildToParentMapping: com.mysql.cj.jdbc.ServerPreparedStatement:jdk.internal.loader.ClassLoaders$AppClassLoader@5e481248 -> java.sql.Statement:jdk.internal.loader.ClassLoaders$PlatformClassLoader@4712fe69 [o.a.x.a.x.X]
[2025-09-10 23:39:30.974] [WARN] [XCodeMap-ParentClassManager] - updateChildToParentMapping: com.zaxxer.hikari.pool.HikariProxyConnection:jdk.internal.loader.ClassLoaders$AppClassLoader@5e481248 -> java.sql.Connection:jdk.internal.loader.ClassLoaders$PlatformClassLoader@4712fe69 [o.a.x.a.x.X]
[2025-09-10 23:39:30.974] [WARN] [XCodeMap-ParentClassManager] - updateChildToParentMapping: jdk.proxy2.$Proxy222:jdk.internal.loader.ClassLoaders$AppClassLoader@5e481248 -> java.sql.Connection:jdk.internal.loader.ClassLoaders$PlatformClassLoader@4712fe69 [o.a.x.a.x.X]
[2025-09-10 23:39:30.974] [WARN] [XCodeMap-ParentClassManager] - updateChildToParentMapping: com.mysql.cj.jdbc.result.UpdatableResultSet:jdk.internal.loader.ClassLoaders$AppClassLoader@5e481248 -> java.sql.ResultSet:jdk.internal.loader.ClassLoaders$PlatformClassLoader@4712fe69 [o.a.x.a.x.X]
[2025-09-10 23:39:30.974] [WARN] [XCodeMap-ParentClassManager] - updateChildToParentMapping: jdk.proxy2.$Proxy221:jdk.internal.loader.ClassLoaders$AppClassLoader@5e481248 -> java.sql.Connection:jdk.internal.loader.ClassLoaders$PlatformClassLoader@4712fe69 [o.a.x.a.x.X]
[2025-09-10 23:39:30.974] [WARN] [XCodeMap-ParentClassManager] - updateChildToParentMapping: com.mysql.cj.jdbc.ClientPreparedStatement:jdk.internal.loader.ClassLoaders$AppClassLoader@5e481248 -> java.sql.Statement:jdk.internal.loader.ClassLoaders$PlatformClassLoader@4712fe69 [o.a.x.a.x.X]
[2025-09-10 23:39:30.974] [WARN] [XCodeMap-ParentClassManager] - updateChildToParentMapping: jdk.proxy3.$Proxy223:jdk.internal.loader.ClassLoaders$PlatformClassLoader@4712fe69 -> java.sql.Connection:jdk.internal.loader.ClassLoaders$PlatformClassLoader@4712fe69 [o.a.x.a.x.X]
[2025-09-10 23:41:22.656] [WARN] [XCodeMap-ParentClassManager] - updateChildToParentMapping: org.springframework.security.web.ObservationFilterChainDecorator$$Lambda$2568/0x000000002c106038:jdk.internal.loader.ClassLoaders$AppClassLoader@5e481248 -> jakarta.servlet.FilterChain:jdk.internal.loader.ClassLoaders$AppClassLoader@5e481248 [o.a.x.a.x.X]
[2025-09-10 23:41:22.656] [WARN] [XCodeMap-ParentClassManager] - updateChildToParentMapping: org.springframework.web.filter.CompositeFilter$VirtualFilterChain:jdk.internal.loader.ClassLoaders$AppClassLoader@5e481248 -> jakarta.servlet.FilterChain:jdk.internal.loader.ClassLoaders$AppClassLoader@5e481248 [o.a.x.a.x.X]
[2025-09-10 23:41:22.656] [WARN] [XCodeMap-ParentClassManager] - updateChildToParentMapping: org.springframework.security.web.ObservationFilterChainDecorator$VirtualFilterChain:jdk.internal.loader.ClassLoaders$AppClassLoader@5e481248 -> jakarta.servlet.FilterChain:jdk.internal.loader.ClassLoaders$AppClassLoader@5e481248 [o.a.x.a.x.X]
[2025-09-10 23:41:22.656] [WARN] [XCodeMap-ParentClassManager] - updateChildToParentMapping: org.apache.catalina.core.ApplicationFilterChain:jdk.internal.loader.ClassLoaders$AppClassLoader@5e481248 -> jakarta.servlet.FilterChain:jdk.internal.loader.ClassLoaders$AppClassLoader@5e481248 [o.a.x.a.x.X]
[2025-09-10 23:41:22.656] [WARN] [XCodeMap-ParentClassManager] - updateChildToParentMapping: org.springframework.security.web.FilterChainProxy$$Lambda$2567/0x000000002c105ba8:jdk.internal.loader.ClassLoaders$AppClassLoader@5e481248 -> jakarta.servlet.FilterChain:jdk.internal.loader.ClassLoaders$AppClassLoader@5e481248 [o.a.x.a.x.X]
[2025-09-10 23:45:43.415] [WARN] [JDWP Transport Listener: dt_socket] - There is other thread to re-transform the loaded class, com.cloud.user.mapper.UserMapper [o.a.x.a.w]
[2025-09-10 23:45:43.415] [WARN] [JDWP Transport Listener: dt_socket] - There is other thread to re-transform the loaded class, com.cloud.user.config.ResourceServerConfig [o.a.x.a.w]
[2025-09-10 23:45:43.418] [WARN] [JDWP Transport Listener: dt_socket] - There is other thread to re-transform the loaded class, com.cloud.user.service.impl.UserServiceImpl [o.a.x.a.w]
[2025-09-10 23:47:05.151] [WARN] [Thread-0] - Graceful shutdown..., metrics totalClassNum:0	transClassNum:206	transLoadedNum:3	objectExtractNum:0	checkHashNum:0	objectTravelNum:0	objectExtractErrorNum:0	diffObjectNum:0	totalFuncNum:0	transFuncNum:4277	errorTransNum:0	instanceNum:0	totalFuncCallNum:0	storedFuncCallNum:0	totalObjectNum:0	conflictedObjectNum:0	totalObjectChangeNum:0	totalArrayChangeNum:0	totalPutFieldNum:0	totalSysSetNum:0	totalArrayCopyNum:0	totalColChangeNum:0	totalAtomicChangeNum:0	totalGetFieldNum:0	storedPutFieldNum:0	storedGetFieldNum:0	invokeMethodPosNum:0	putFieldPosNum:0	maxLocalsValue:0	maxStacksValue:0	stackNodeNum:0	transformTimeNano:0	 [o.a.x.a.x.X]
