[2025-09-10 23:39:05.884] [WARN] [main] - [XCodeMap] 开始启动, pid:18288, xcodemap.executionId:79bb3d7c-49eb-4054-b4e8-e46b533a4a35, version:1.19.0
 [o.a.x.a.q]
[2025-09-10 23:39:05.898] [WARN] [main] - [XCodeMap] 官网：https://xcodemap.tech ，B 站视频教程：https://space.bilibili.com/3546573562710135
 [o.a.x.a.q]
[2025-09-10 23:39:05.899] [WARN] [main] - workDir:D:\Download\Code\sofware\cloud\.xcodemap agentMain:false [o.a.x.a.q]
[2025-09-10 23:39:06.042] [WARN] [main] - AsmSysChangeData 加载完成，共加载 58 个集合类，67 个系统设置方法，147 个集合变更方法 [o.a.x.a.x.X]
[2025-09-10 23:39:06.051] [WARN] [XCodeMap-Install] - [XCodeMap] Install Agent, version:1.19.0
 [o.a.x.a.q]
[2025-09-10 23:39:06.051] [WARN] [XCodeMap-Install] - Start retransformAllClasses [o.a.x.a.x.X]
[2025-09-10 23:39:06.058] [WARN] [XCodeMap-Install] - ReTransform agentmain metrics  toBeReTransformedClasses:0 toBeReTransformedClassLoadedClasses:0 [o.a.x.a.x.X]
[2025-09-10 23:39:06.085] [WARN] [XCodeMap-Install] - [XCodeMap] ReTransform class num:0
 [o.a.x.a.q]
[2025-09-10 23:39:06.086] [WARN] [XCodeMap-Install] - [XCodeMap] All 0 batches completed, total time: 0ms
 [o.a.x.a.q]
[2025-09-10 23:39:06.086] [WARN] [XCodeMap-Install] - End retransformAllClasses, cost 35 ms [o.a.x.a.x.X]
[2025-09-10 23:39:06.086] [WARN] [XCodeMap-Install] - [XCodeMap] Install Agent finished, cost 35 ms, version:1.19.0
 [o.a.x.a.q]
[2025-09-10 23:39:06.158] [WARN] [main] - [XCodeMap] 启动完成, cost 341 ms, version:1.19.0
 [o.a.x.a.q]
[2025-09-10 23:39:06.597] [WARN] [XCodeMap-Trans-2] - Change loadClass by javassist for classname:io.github.future0923.debug.tools.base.classloader.GroovyScriptClassLoader [o.a.x.a.i]
[2025-09-10 23:39:06.732] [WARN] [XCodeMap-Trans-2] - Change loadClass by javassist for classname:org.codehaus.groovy.reflection.SunClassLoader [o.a.x.a.i]
[2025-09-10 23:39:06.861] [WARN] [XCodeMap-Trans-8] - Error getting class modifier for not found class:jakarta/servlet/http/HttpServletRequest [o.a.x.a.v]
[2025-09-10 23:39:06.861] [WARN] [XCodeMap-Trans-8] - Method is not accessible:org/springframework/web/servlet/DispatcherServlet.logRequest(Ljakarta/servlet/http/HttpServletRequest;)V [o.a.x.a.v]
[2025-09-10 23:39:06.862] [WARN] [XCodeMap-Trans-8] - Error getting class modifier for not found class:jakarta/servlet/ServletRequest [o.a.x.a.v]
[2025-09-10 23:39:06.862] [WARN] [XCodeMap-Trans-8] - Method is not accessible:org/springframework/web/servlet/DispatcherServlet.isIncludeRequest(Ljakarta/servlet/ServletRequest;)Z [o.a.x.a.v]
[2025-09-10 23:39:06.863] [WARN] [XCodeMap-Trans-8] - Error getting class modifier for not found class:jakarta/servlet/http/HttpServletRequest [o.a.x.a.v]
[2025-09-10 23:39:06.863] [WARN] [XCodeMap-Trans-8] - Method is not accessible:org/springframework/web/servlet/DispatcherServlet.retrieveAndUpdate(Ljakarta/servlet/http/HttpServletRequest;Ljakarta/servlet/http/HttpServletResponse;)Lorg/springframework/web/servlet/FlashMap; [o.a.x.a.v]
[2025-09-10 23:39:06.864] [WARN] [XCodeMap-Trans-8] - Error getting class modifier for not found class:jakarta/servlet/http/HttpServletRequest [o.a.x.a.v]
[2025-09-10 23:39:06.864] [WARN] [XCodeMap-Trans-8] - Method is not accessible:org/springframework/web/servlet/DispatcherServlet.parseAndCache(Ljakarta/servlet/http/HttpServletRequest;)Lorg/springframework/http/server/RequestPath; [o.a.x.a.v]
[2025-09-10 23:39:06.865] [WARN] [XCodeMap-Trans-8] - Error getting class modifier for not found class:jakarta/servlet/http/HttpServletRequest [o.a.x.a.v]
[2025-09-10 23:39:06.865] [WARN] [XCodeMap-Trans-8] - Method is not accessible:org/springframework/web/servlet/DispatcherServlet.doDispatch(Ljakarta/servlet/http/HttpServletRequest;Ljakarta/servlet/http/HttpServletResponse;)V [o.a.x.a.v]
[2025-09-10 23:39:06.865] [WARN] [XCodeMap-Trans-8] - Error getting class modifier for not found class:jakarta/servlet/ServletRequest [o.a.x.a.v]
[2025-09-10 23:39:06.865] [WARN] [XCodeMap-Trans-8] - Method is not accessible:org/springframework/web/servlet/DispatcherServlet.getAsyncManager(Ljakarta/servlet/ServletRequest;)Lorg/springframework/web/context/request/async/WebAsyncManager; [o.a.x.a.v]
[2025-09-10 23:39:06.866] [WARN] [XCodeMap-Trans-8] - Error getting class modifier for not found class:jakarta/servlet/http/HttpServletRequest [o.a.x.a.v]
[2025-09-10 23:39:06.866] [WARN] [XCodeMap-Trans-8] - Method is not accessible:org/springframework/web/servlet/DispatcherServlet.restoreAttributesAfterInclude(Ljakarta/servlet/http/HttpServletRequest;Ljava/util/Map;)V [o.a.x.a.v]
[2025-09-10 23:39:06.867] [WARN] [XCodeMap-Trans-8] - Error getting class modifier for not found class:jakarta/servlet/ServletRequest [o.a.x.a.v]
[2025-09-10 23:39:06.868] [WARN] [XCodeMap-Trans-8] - Method is not accessible:org/springframework/web/servlet/DispatcherServlet.setParsedRequestPath(Lorg/springframework/http/server/RequestPath;Ljakarta/servlet/ServletRequest;)V [o.a.x.a.v]
[2025-09-10 23:39:06.868] [WARN] [XCodeMap-Trans-8] - Method is not accessible:org/springframework/web/servlet/DispatcherServlet.getAsyncManager(Ljakarta/servlet/ServletRequest;)Lorg/springframework/web/context/request/async/WebAsyncManager; [o.a.x.a.v]
[2025-09-10 23:39:06.868] [WARN] [XCodeMap-Trans-8] - Method is not accessible:org/springframework/web/servlet/DispatcherServlet.restoreAttributesAfterInclude(Ljakarta/servlet/http/HttpServletRequest;Ljava/util/Map;)V [o.a.x.a.v]
[2025-09-10 23:39:06.868] [WARN] [XCodeMap-Trans-8] - Method is not accessible:org/springframework/web/servlet/DispatcherServlet.setParsedRequestPath(Lorg/springframework/http/server/RequestPath;Ljakarta/servlet/ServletRequest;)V [o.a.x.a.v]
[2025-09-10 23:39:06.871] [WARN] [XCodeMap-Trans-8] - Method is not accessible:org/springframework/web/servlet/DispatcherServlet.getAsyncManager(Ljakarta/servlet/ServletRequest;)Lorg/springframework/web/context/request/async/WebAsyncManager; [o.a.x.a.v]
[2025-09-10 23:39:06.872] [WARN] [XCodeMap-Trans-8] - Error getting class modifier for not found class:jakarta/servlet/http/HttpServletRequest [o.a.x.a.v]
[2025-09-10 23:39:06.873] [WARN] [XCodeMap-Trans-8] - Method is not accessible:org/springframework/web/servlet/DispatcherServlet.checkMultipart(Ljakarta/servlet/http/HttpServletRequest;)Ljakarta/servlet/http/HttpServletRequest; [o.a.x.a.v]
[2025-09-10 23:39:06.873] [WARN] [XCodeMap-Trans-8] - Error getting class modifier for not found class:jakarta/servlet/http/HttpServletRequest [o.a.x.a.v]
[2025-09-10 23:39:06.873] [WARN] [XCodeMap-Trans-8] - Method is not accessible:org/springframework/web/servlet/DispatcherServlet.getHandler(Ljakarta/servlet/http/HttpServletRequest;)Lorg/springframework/web/servlet/HandlerExecutionChain; [o.a.x.a.v]
[2025-09-10 23:39:06.873] [WARN] [XCodeMap-Trans-8] - Method is not accessible:org/springframework/web/servlet/DispatcherServlet.noHandlerFound(Ljakarta/servlet/http/HttpServletRequest;Ljakarta/servlet/http/HttpServletResponse;)V [o.a.x.a.v]
[2025-09-10 23:39:06.874] [WARN] [XCodeMap-Trans-8] - Method is not accessible:org/springframework/web/servlet/DispatcherServlet.applyAfterConcurrentHandlingStarted(Ljakarta/servlet/http/HttpServletRequest;Ljakarta/servlet/http/HttpServletResponse;)V [o.a.x.a.v]
[2025-09-10 23:39:06.874] [WARN] [XCodeMap-Trans-8] - Method is not accessible:org/springframework/web/servlet/DispatcherServlet.cleanupMultipart(Ljakarta/servlet/http/HttpServletRequest;)V [o.a.x.a.v]
[2025-09-10 23:39:06.875] [WARN] [XCodeMap-Trans-8] - Error getting class modifier for not found class:jakarta/servlet/http/HttpServletRequest [o.a.x.a.v]
[2025-09-10 23:39:06.875] [WARN] [XCodeMap-Trans-8] - Method is not accessible:org/springframework/web/servlet/DispatcherServlet.getLastModified(Ljakarta/servlet/http/HttpServletRequest;Ljava/lang/Object;)J [o.a.x.a.v]
[2025-09-10 23:39:06.875] [WARN] [XCodeMap-Trans-8] - Method is not accessible:org/springframework/web/servlet/DispatcherServlet.<init>(Ljakarta/servlet/http/HttpServletRequest;Ljakarta/servlet/http/HttpServletResponse;)V [o.a.x.a.v]
[2025-09-10 23:39:06.875] [WARN] [XCodeMap-Trans-8] - Method is not accessible:org/springframework/web/servlet/DispatcherServlet.applyAfterConcurrentHandlingStarted(Ljakarta/servlet/http/HttpServletRequest;Ljakarta/servlet/http/HttpServletResponse;)V [o.a.x.a.v]
[2025-09-10 23:39:06.875] [WARN] [XCodeMap-Trans-8] - Method is not accessible:org/springframework/web/servlet/DispatcherServlet.cleanupMultipart(Ljakarta/servlet/http/HttpServletRequest;)V [o.a.x.a.v]
[2025-09-10 23:39:06.876] [WARN] [XCodeMap-Trans-8] - Error getting class modifier for not found class:jakarta/servlet/http/HttpServletRequest [o.a.x.a.v]
[2025-09-10 23:39:06.876] [WARN] [XCodeMap-Trans-8] - Method is not accessible:org/springframework/web/servlet/DispatcherServlet.applyPreHandle(Ljakarta/servlet/http/HttpServletRequest;Ljakarta/servlet/http/HttpServletResponse;)Z [o.a.x.a.v]
[2025-09-10 23:39:06.876] [WARN] [XCodeMap-Trans-8] - Method is not accessible:org/springframework/web/servlet/DispatcherServlet.applyAfterConcurrentHandlingStarted(Ljakarta/servlet/http/HttpServletRequest;Ljakarta/servlet/http/HttpServletResponse;)V [o.a.x.a.v]
[2025-09-10 23:39:06.876] [WARN] [XCodeMap-Trans-8] - Method is not accessible:org/springframework/web/servlet/DispatcherServlet.cleanupMultipart(Ljakarta/servlet/http/HttpServletRequest;)V [o.a.x.a.v]
[2025-09-10 23:39:06.876] [WARN] [XCodeMap-Trans-8] - Error getting class modifier for not found class:jakarta/servlet/http/HttpServletRequest [o.a.x.a.v]
[2025-09-10 23:39:06.877] [WARN] [XCodeMap-Trans-8] - Method is not accessible:org/springframework/web/servlet/DispatcherServlet.handle(Ljakarta/servlet/http/HttpServletRequest;Ljakarta/servlet/http/HttpServletResponse;Ljava/lang/Object;)Lorg/springframework/web/servlet/ModelAndView; [o.a.x.a.v]
[2025-09-10 23:39:06.877] [WARN] [XCodeMap-Trans-8] - Method is not accessible:org/springframework/web/servlet/DispatcherServlet.applyAfterConcurrentHandlingStarted(Ljakarta/servlet/http/HttpServletRequest;Ljakarta/servlet/http/HttpServletResponse;)V [o.a.x.a.v]
[2025-09-10 23:39:06.877] [WARN] [XCodeMap-Trans-8] - Method is not accessible:org/springframework/web/servlet/DispatcherServlet.cleanupMultipart(Ljakarta/servlet/http/HttpServletRequest;)V [o.a.x.a.v]
[2025-09-10 23:39:06.877] [WARN] [XCodeMap-Trans-8] - Error getting class modifier for not found class:jakarta/servlet/http/HttpServletRequest [o.a.x.a.v]
[2025-09-10 23:39:06.878] [WARN] [XCodeMap-Trans-8] - Method is not accessible:org/springframework/web/servlet/DispatcherServlet.applyDefaultViewName(Ljakarta/servlet/http/HttpServletRequest;Lorg/springframework/web/servlet/ModelAndView;)V [o.a.x.a.v]
[2025-09-10 23:39:06.878] [WARN] [XCodeMap-Trans-8] - Error getting class modifier for not found class:jakarta/servlet/http/HttpServletRequest [o.a.x.a.v]
[2025-09-10 23:39:06.878] [WARN] [XCodeMap-Trans-8] - Method is not accessible:org/springframework/web/servlet/DispatcherServlet.applyPostHandle(Ljakarta/servlet/http/HttpServletRequest;Ljakarta/servlet/http/HttpServletResponse;Lorg/springframework/web/servlet/ModelAndView;)V [o.a.x.a.v]
[2025-09-10 23:39:06.879] [WARN] [XCodeMap-Trans-8] - Error getting class modifier for not found class:jakarta/servlet/http/HttpServletRequest [o.a.x.a.v]
[2025-09-10 23:39:06.879] [WARN] [XCodeMap-Trans-8] - Method is not accessible:org/springframework/web/servlet/DispatcherServlet.processDispatchResult(Ljakarta/servlet/http/HttpServletRequest;Ljakarta/servlet/http/HttpServletResponse;Lorg/springframework/web/servlet/HandlerExecutionChain;Lorg/springframework/web/servlet/ModelAndView;Ljava/lang/Exception;)V [o.a.x.a.v]
[2025-09-10 23:39:06.879] [WARN] [XCodeMap-Trans-8] - Method is not accessible:org/springframework/web/servlet/DispatcherServlet.applyAfterConcurrentHandlingStarted(Ljakarta/servlet/http/HttpServletRequest;Ljakarta/servlet/http/HttpServletResponse;)V [o.a.x.a.v]
[2025-09-10 23:39:06.879] [WARN] [XCodeMap-Trans-8] - Method is not accessible:org/springframework/web/servlet/DispatcherServlet.cleanupMultipart(Ljakarta/servlet/http/HttpServletRequest;)V [o.a.x.a.v]
[2025-09-10 23:39:06.879] [WARN] [XCodeMap-Trans-8] - Error getting class modifier for not found class:jakarta/servlet/http/HttpServletRequest [o.a.x.a.v]
[2025-09-10 23:39:06.879] [WARN] [XCodeMap-Trans-8] - Method is not accessible:org/springframework/web/servlet/DispatcherServlet.triggerAfterCompletion(Ljakarta/servlet/http/HttpServletRequest;Ljakarta/servlet/http/HttpServletResponse;Lorg/springframework/web/servlet/HandlerExecutionChain;Ljava/lang/Exception;)V [o.a.x.a.v]
[2025-09-10 23:39:06.879] [WARN] [XCodeMap-Trans-8] - Method is not accessible:org/springframework/web/servlet/DispatcherServlet.applyAfterConcurrentHandlingStarted(Ljakarta/servlet/http/HttpServletRequest;Ljakarta/servlet/http/HttpServletResponse;)V [o.a.x.a.v]
[2025-09-10 23:39:06.879] [WARN] [XCodeMap-Trans-8] - Method is not accessible:org/springframework/web/servlet/DispatcherServlet.cleanupMultipart(Ljakarta/servlet/http/HttpServletRequest;)V [o.a.x.a.v]
[2025-09-10 23:39:06.881] [WARN] [XCodeMap-Trans-8] - Method is not accessible:org/springframework/web/servlet/DispatcherServlet.triggerAfterCompletion(Ljakarta/servlet/http/HttpServletRequest;Ljakarta/servlet/http/HttpServletResponse;Lorg/springframework/web/servlet/HandlerExecutionChain;Ljava/lang/Exception;)V [o.a.x.a.v]
[2025-09-10 23:39:06.881] [WARN] [XCodeMap-Trans-8] - Method is not accessible:org/springframework/web/servlet/DispatcherServlet.applyAfterConcurrentHandlingStarted(Ljakarta/servlet/http/HttpServletRequest;Ljakarta/servlet/http/HttpServletResponse;)V [o.a.x.a.v]
[2025-09-10 23:39:06.881] [WARN] [XCodeMap-Trans-8] - Method is not accessible:org/springframework/web/servlet/DispatcherServlet.cleanupMultipart(Ljakarta/servlet/http/HttpServletRequest;)V [o.a.x.a.v]
[2025-09-10 23:39:06.881] [WARN] [XCodeMap-Trans-8] - Method is not accessible:org/springframework/web/servlet/DispatcherServlet.applyAfterConcurrentHandlingStarted(Ljakarta/servlet/http/HttpServletRequest;Ljakarta/servlet/http/HttpServletResponse;)V [o.a.x.a.v]
[2025-09-10 23:39:06.881] [WARN] [XCodeMap-Trans-8] - Method is not accessible:org/springframework/web/servlet/DispatcherServlet.cleanupMultipart(Ljakarta/servlet/http/HttpServletRequest;)V [o.a.x.a.v]
[2025-09-10 23:39:06.882] [WARN] [XCodeMap-Trans-8] - Cannot compute frames for not found classname:org.springframework.web.servlet.DispatcherServlet  [o.a.x.a.i]
[2025-09-10 23:39:06.893] [WARN] [XCodeMap-Trans-9] - Cannot compute frames for not found classname:org.springframework.web.servlet.FrameworkServlet  [o.a.x.a.i]
[2025-09-10 23:39:06.896] [WARN] [XCodeMap-Trans-7] - Error getting class modifier for not found class:jakarta/servlet/ServletConfig [o.a.x.a.v]
[2025-09-10 23:39:06.897] [WARN] [XCodeMap-Trans-7] - Method is not accessible:org/springframework/web/servlet/HttpServletBean.<init>(Ljakarta/servlet/ServletConfig;Ljava/util/Set;)V [o.a.x.a.v]
[2025-09-10 23:39:06.897] [WARN] [XCodeMap-Trans-7] - Error getting class modifier for not found class:jakarta/servlet/ServletContext [o.a.x.a.v]
[2025-09-10 23:39:06.897] [WARN] [XCodeMap-Trans-7] - Method is not accessible:org/springframework/web/servlet/HttpServletBean.<init>(Ljakarta/servlet/ServletContext;)V [o.a.x.a.v]
[2025-09-10 23:39:07.004] [WARN] [XCodeMap-ParentClassManager] - updateChildToParentMapping: java.sql.Statement:jdk.internal.loader.ClassLoaders$PlatformClassLoader@7e067684 -> java.sql.Statement:jdk.internal.loader.ClassLoaders$PlatformClassLoader@7e067684 [o.a.x.a.x.X]
[2025-09-10 23:39:07.006] [WARN] [XCodeMap-ParentClassManager] - updateChildToParentMapping: java.sql.Statement:jdk.internal.loader.ClassLoaders$PlatformClassLoader@7e067684 -> java.sql.Statement:jdk.internal.loader.ClassLoaders$PlatformClassLoader@7e067684 [o.a.x.a.x.X]
[2025-09-10 23:39:11.073] [WARN] [XCodeMap-Trans-0] - Change loadClass by javassist for classname:org.springframework.context.support.ContextTypeMatchClassLoader [o.a.x.a.i]
[2025-09-10 23:39:12.217] [WARN] [XCodeMap-Trans-8] - Method is not accessible:org/springframework/web/servlet/DispatcherServlet.logRequest(Ljakarta/servlet/http/HttpServletRequest;)V [o.a.x.a.v]
[2025-09-10 23:39:12.217] [WARN] [XCodeMap-Trans-8] - Method is not accessible:org/springframework/web/servlet/DispatcherServlet.isIncludeRequest(Ljakarta/servlet/ServletRequest;)Z [o.a.x.a.v]
[2025-09-10 23:39:12.217] [WARN] [XCodeMap-Trans-8] - Method is not accessible:org/springframework/web/servlet/DispatcherServlet.retrieveAndUpdate(Ljakarta/servlet/http/HttpServletRequest;Ljakarta/servlet/http/HttpServletResponse;)Lorg/springframework/web/servlet/FlashMap; [o.a.x.a.v]
[2025-09-10 23:39:12.217] [WARN] [XCodeMap-Trans-8] - Method is not accessible:org/springframework/web/servlet/DispatcherServlet.parseAndCache(Ljakarta/servlet/http/HttpServletRequest;)Lorg/springframework/http/server/RequestPath; [o.a.x.a.v]
[2025-09-10 23:39:12.217] [WARN] [XCodeMap-Trans-8] - Method is not accessible:org/springframework/web/servlet/DispatcherServlet.doDispatch(Ljakarta/servlet/http/HttpServletRequest;Ljakarta/servlet/http/HttpServletResponse;)V [o.a.x.a.v]
[2025-09-10 23:39:12.217] [WARN] [XCodeMap-Trans-8] - Method is not accessible:org/springframework/web/servlet/DispatcherServlet.getAsyncManager(Ljakarta/servlet/ServletRequest;)Lorg/springframework/web/context/request/async/WebAsyncManager; [o.a.x.a.v]
[2025-09-10 23:39:12.217] [WARN] [XCodeMap-Trans-8] - Method is not accessible:org/springframework/web/servlet/DispatcherServlet.restoreAttributesAfterInclude(Ljakarta/servlet/http/HttpServletRequest;Ljava/util/Map;)V [o.a.x.a.v]
[2025-09-10 23:39:12.218] [WARN] [XCodeMap-Trans-8] - Method is not accessible:org/springframework/web/servlet/DispatcherServlet.setParsedRequestPath(Lorg/springframework/http/server/RequestPath;Ljakarta/servlet/ServletRequest;)V [o.a.x.a.v]
[2025-09-10 23:39:12.218] [WARN] [XCodeMap-Trans-8] - Method is not accessible:org/springframework/web/servlet/DispatcherServlet.getAsyncManager(Ljakarta/servlet/ServletRequest;)Lorg/springframework/web/context/request/async/WebAsyncManager; [o.a.x.a.v]
[2025-09-10 23:39:12.218] [WARN] [XCodeMap-Trans-8] - Method is not accessible:org/springframework/web/servlet/DispatcherServlet.restoreAttributesAfterInclude(Ljakarta/servlet/http/HttpServletRequest;Ljava/util/Map;)V [o.a.x.a.v]
[2025-09-10 23:39:12.218] [WARN] [XCodeMap-Trans-8] - Method is not accessible:org/springframework/web/servlet/DispatcherServlet.setParsedRequestPath(Lorg/springframework/http/server/RequestPath;Ljakarta/servlet/ServletRequest;)V [o.a.x.a.v]
[2025-09-10 23:39:12.219] [WARN] [XCodeMap-Trans-8] - Method is not accessible:org/springframework/web/servlet/DispatcherServlet.getAsyncManager(Ljakarta/servlet/ServletRequest;)Lorg/springframework/web/context/request/async/WebAsyncManager; [o.a.x.a.v]
[2025-09-10 23:39:12.219] [WARN] [XCodeMap-Trans-8] - Method is not accessible:org/springframework/web/servlet/DispatcherServlet.checkMultipart(Ljakarta/servlet/http/HttpServletRequest;)Ljakarta/servlet/http/HttpServletRequest; [o.a.x.a.v]
[2025-09-10 23:39:12.219] [WARN] [XCodeMap-Trans-8] - Method is not accessible:org/springframework/web/servlet/DispatcherServlet.getHandler(Ljakarta/servlet/http/HttpServletRequest;)Lorg/springframework/web/servlet/HandlerExecutionChain; [o.a.x.a.v]
[2025-09-10 23:39:12.220] [WARN] [XCodeMap-Trans-8] - Method is not accessible:org/springframework/web/servlet/DispatcherServlet.noHandlerFound(Ljakarta/servlet/http/HttpServletRequest;Ljakarta/servlet/http/HttpServletResponse;)V [o.a.x.a.v]
[2025-09-10 23:39:12.220] [WARN] [XCodeMap-Trans-8] - Method is not accessible:org/springframework/web/servlet/DispatcherServlet.applyAfterConcurrentHandlingStarted(Ljakarta/servlet/http/HttpServletRequest;Ljakarta/servlet/http/HttpServletResponse;)V [o.a.x.a.v]
[2025-09-10 23:39:12.220] [WARN] [XCodeMap-Trans-8] - Method is not accessible:org/springframework/web/servlet/DispatcherServlet.cleanupMultipart(Ljakarta/servlet/http/HttpServletRequest;)V [o.a.x.a.v]
[2025-09-10 23:39:12.220] [WARN] [XCodeMap-Trans-8] - Method is not accessible:org/springframework/web/servlet/DispatcherServlet.getLastModified(Ljakarta/servlet/http/HttpServletRequest;Ljava/lang/Object;)J [o.a.x.a.v]
[2025-09-10 23:39:12.220] [WARN] [XCodeMap-Trans-8] - Method is not accessible:org/springframework/web/servlet/DispatcherServlet.<init>(Ljakarta/servlet/http/HttpServletRequest;Ljakarta/servlet/http/HttpServletResponse;)V [o.a.x.a.v]
[2025-09-10 23:39:12.220] [WARN] [XCodeMap-Trans-8] - Method is not accessible:org/springframework/web/servlet/DispatcherServlet.applyAfterConcurrentHandlingStarted(Ljakarta/servlet/http/HttpServletRequest;Ljakarta/servlet/http/HttpServletResponse;)V [o.a.x.a.v]
[2025-09-10 23:39:12.220] [WARN] [XCodeMap-Trans-8] - Method is not accessible:org/springframework/web/servlet/DispatcherServlet.cleanupMultipart(Ljakarta/servlet/http/HttpServletRequest;)V [o.a.x.a.v]
[2025-09-10 23:39:12.220] [WARN] [XCodeMap-Trans-8] - Method is not accessible:org/springframework/web/servlet/DispatcherServlet.applyPreHandle(Ljakarta/servlet/http/HttpServletRequest;Ljakarta/servlet/http/HttpServletResponse;)Z [o.a.x.a.v]
[2025-09-10 23:39:12.220] [WARN] [XCodeMap-Trans-8] - Method is not accessible:org/springframework/web/servlet/DispatcherServlet.applyAfterConcurrentHandlingStarted(Ljakarta/servlet/http/HttpServletRequest;Ljakarta/servlet/http/HttpServletResponse;)V [o.a.x.a.v]
[2025-09-10 23:39:12.220] [WARN] [XCodeMap-Trans-8] - Method is not accessible:org/springframework/web/servlet/DispatcherServlet.cleanupMultipart(Ljakarta/servlet/http/HttpServletRequest;)V [o.a.x.a.v]
[2025-09-10 23:39:12.220] [WARN] [XCodeMap-Trans-8] - Method is not accessible:org/springframework/web/servlet/DispatcherServlet.handle(Ljakarta/servlet/http/HttpServletRequest;Ljakarta/servlet/http/HttpServletResponse;Ljava/lang/Object;)Lorg/springframework/web/servlet/ModelAndView; [o.a.x.a.v]
[2025-09-10 23:39:12.220] [WARN] [XCodeMap-Trans-8] - Method is not accessible:org/springframework/web/servlet/DispatcherServlet.applyAfterConcurrentHandlingStarted(Ljakarta/servlet/http/HttpServletRequest;Ljakarta/servlet/http/HttpServletResponse;)V [o.a.x.a.v]
[2025-09-10 23:39:12.220] [WARN] [XCodeMap-Trans-8] - Method is not accessible:org/springframework/web/servlet/DispatcherServlet.cleanupMultipart(Ljakarta/servlet/http/HttpServletRequest;)V [o.a.x.a.v]
[2025-09-10 23:39:12.220] [WARN] [XCodeMap-Trans-8] - Method is not accessible:org/springframework/web/servlet/DispatcherServlet.applyDefaultViewName(Ljakarta/servlet/http/HttpServletRequest;Lorg/springframework/web/servlet/ModelAndView;)V [o.a.x.a.v]
[2025-09-10 23:39:12.220] [WARN] [XCodeMap-Trans-8] - Method is not accessible:org/springframework/web/servlet/DispatcherServlet.applyPostHandle(Ljakarta/servlet/http/HttpServletRequest;Ljakarta/servlet/http/HttpServletResponse;Lorg/springframework/web/servlet/ModelAndView;)V [o.a.x.a.v]
[2025-09-10 23:39:12.220] [WARN] [XCodeMap-Trans-8] - Method is not accessible:org/springframework/web/servlet/DispatcherServlet.processDispatchResult(Ljakarta/servlet/http/HttpServletRequest;Ljakarta/servlet/http/HttpServletResponse;Lorg/springframework/web/servlet/HandlerExecutionChain;Lorg/springframework/web/servlet/ModelAndView;Ljava/lang/Exception;)V [o.a.x.a.v]
[2025-09-10 23:39:12.220] [WARN] [XCodeMap-Trans-8] - Method is not accessible:org/springframework/web/servlet/DispatcherServlet.applyAfterConcurrentHandlingStarted(Ljakarta/servlet/http/HttpServletRequest;Ljakarta/servlet/http/HttpServletResponse;)V [o.a.x.a.v]
[2025-09-10 23:39:12.220] [WARN] [XCodeMap-Trans-8] - Method is not accessible:org/springframework/web/servlet/DispatcherServlet.cleanupMultipart(Ljakarta/servlet/http/HttpServletRequest;)V [o.a.x.a.v]
[2025-09-10 23:39:12.220] [WARN] [XCodeMap-Trans-8] - Method is not accessible:org/springframework/web/servlet/DispatcherServlet.triggerAfterCompletion(Ljakarta/servlet/http/HttpServletRequest;Ljakarta/servlet/http/HttpServletResponse;Lorg/springframework/web/servlet/HandlerExecutionChain;Ljava/lang/Exception;)V [o.a.x.a.v]
[2025-09-10 23:39:12.221] [WARN] [XCodeMap-Trans-8] - Method is not accessible:org/springframework/web/servlet/DispatcherServlet.applyAfterConcurrentHandlingStarted(Ljakarta/servlet/http/HttpServletRequest;Ljakarta/servlet/http/HttpServletResponse;)V [o.a.x.a.v]
[2025-09-10 23:39:12.222] [WARN] [XCodeMap-Trans-8] - Method is not accessible:org/springframework/web/servlet/DispatcherServlet.cleanupMultipart(Ljakarta/servlet/http/HttpServletRequest;)V [o.a.x.a.v]
[2025-09-10 23:39:12.222] [WARN] [XCodeMap-Trans-8] - Method is not accessible:org/springframework/web/servlet/DispatcherServlet.triggerAfterCompletion(Ljakarta/servlet/http/HttpServletRequest;Ljakarta/servlet/http/HttpServletResponse;Lorg/springframework/web/servlet/HandlerExecutionChain;Ljava/lang/Exception;)V [o.a.x.a.v]
[2025-09-10 23:39:12.222] [WARN] [XCodeMap-Trans-8] - Method is not accessible:org/springframework/web/servlet/DispatcherServlet.applyAfterConcurrentHandlingStarted(Ljakarta/servlet/http/HttpServletRequest;Ljakarta/servlet/http/HttpServletResponse;)V [o.a.x.a.v]
[2025-09-10 23:39:12.222] [WARN] [XCodeMap-Trans-8] - Method is not accessible:org/springframework/web/servlet/DispatcherServlet.cleanupMultipart(Ljakarta/servlet/http/HttpServletRequest;)V [o.a.x.a.v]
[2025-09-10 23:39:12.222] [WARN] [XCodeMap-Trans-8] - Method is not accessible:org/springframework/web/servlet/DispatcherServlet.applyAfterConcurrentHandlingStarted(Ljakarta/servlet/http/HttpServletRequest;Ljakarta/servlet/http/HttpServletResponse;)V [o.a.x.a.v]
[2025-09-10 23:39:12.222] [WARN] [XCodeMap-Trans-8] - Method is not accessible:org/springframework/web/servlet/DispatcherServlet.cleanupMultipart(Ljakarta/servlet/http/HttpServletRequest;)V [o.a.x.a.v]
[2025-09-10 23:39:12.224] [WARN] [XCodeMap-Trans-8] - Cannot compute frames for not found classname:org.springframework.web.servlet.DispatcherServlet  [o.a.x.a.i]
[2025-09-10 23:39:12.228] [WARN] [XCodeMap-Trans-9] - Cannot compute frames for not found classname:org.springframework.web.servlet.FrameworkServlet  [o.a.x.a.i]
[2025-09-10 23:39:12.231] [WARN] [XCodeMap-Trans-7] - Method is not accessible:org/springframework/web/servlet/HttpServletBean.<init>(Ljakarta/servlet/ServletConfig;Ljava/util/Set;)V [o.a.x.a.v]
[2025-09-10 23:39:12.231] [WARN] [XCodeMap-Trans-7] - Method is not accessible:org/springframework/web/servlet/HttpServletBean.<init>(Ljakarta/servlet/ServletContext;)V [o.a.x.a.v]
[2025-09-10 23:39:12.253] [WARN] [XCodeMap-Trans-8] - Method is not accessible:org/springframework/web/servlet/DispatcherServlet.logRequest(Ljakarta/servlet/http/HttpServletRequest;)V [o.a.x.a.v]
[2025-09-10 23:39:12.253] [WARN] [XCodeMap-Trans-8] - Method is not accessible:org/springframework/web/servlet/DispatcherServlet.isIncludeRequest(Ljakarta/servlet/ServletRequest;)Z [o.a.x.a.v]
[2025-09-10 23:39:12.253] [WARN] [XCodeMap-Trans-8] - Method is not accessible:org/springframework/web/servlet/DispatcherServlet.retrieveAndUpdate(Ljakarta/servlet/http/HttpServletRequest;Ljakarta/servlet/http/HttpServletResponse;)Lorg/springframework/web/servlet/FlashMap; [o.a.x.a.v]
[2025-09-10 23:39:12.254] [WARN] [XCodeMap-Trans-8] - Method is not accessible:org/springframework/web/servlet/DispatcherServlet.parseAndCache(Ljakarta/servlet/http/HttpServletRequest;)Lorg/springframework/http/server/RequestPath; [o.a.x.a.v]
[2025-09-10 23:39:12.254] [WARN] [XCodeMap-Trans-8] - Method is not accessible:org/springframework/web/servlet/DispatcherServlet.doDispatch(Ljakarta/servlet/http/HttpServletRequest;Ljakarta/servlet/http/HttpServletResponse;)V [o.a.x.a.v]
[2025-09-10 23:39:12.254] [WARN] [XCodeMap-Trans-8] - Method is not accessible:org/springframework/web/servlet/DispatcherServlet.getAsyncManager(Ljakarta/servlet/ServletRequest;)Lorg/springframework/web/context/request/async/WebAsyncManager; [o.a.x.a.v]
[2025-09-10 23:39:12.254] [WARN] [XCodeMap-Trans-8] - Method is not accessible:org/springframework/web/servlet/DispatcherServlet.restoreAttributesAfterInclude(Ljakarta/servlet/http/HttpServletRequest;Ljava/util/Map;)V [o.a.x.a.v]
[2025-09-10 23:39:12.254] [WARN] [XCodeMap-Trans-8] - Method is not accessible:org/springframework/web/servlet/DispatcherServlet.setParsedRequestPath(Lorg/springframework/http/server/RequestPath;Ljakarta/servlet/ServletRequest;)V [o.a.x.a.v]
[2025-09-10 23:39:12.254] [WARN] [XCodeMap-Trans-8] - Method is not accessible:org/springframework/web/servlet/DispatcherServlet.getAsyncManager(Ljakarta/servlet/ServletRequest;)Lorg/springframework/web/context/request/async/WebAsyncManager; [o.a.x.a.v]
[2025-09-10 23:39:12.254] [WARN] [XCodeMap-Trans-8] - Method is not accessible:org/springframework/web/servlet/DispatcherServlet.restoreAttributesAfterInclude(Ljakarta/servlet/http/HttpServletRequest;Ljava/util/Map;)V [o.a.x.a.v]
[2025-09-10 23:39:12.254] [WARN] [XCodeMap-Trans-8] - Method is not accessible:org/springframework/web/servlet/DispatcherServlet.setParsedRequestPath(Lorg/springframework/http/server/RequestPath;Ljakarta/servlet/ServletRequest;)V [o.a.x.a.v]
[2025-09-10 23:39:12.258] [WARN] [XCodeMap-Trans-8] - Method is not accessible:org/springframework/web/servlet/DispatcherServlet.getAsyncManager(Ljakarta/servlet/ServletRequest;)Lorg/springframework/web/context/request/async/WebAsyncManager; [o.a.x.a.v]
[2025-09-10 23:39:12.258] [WARN] [XCodeMap-Trans-8] - Method is not accessible:org/springframework/web/servlet/DispatcherServlet.checkMultipart(Ljakarta/servlet/http/HttpServletRequest;)Ljakarta/servlet/http/HttpServletRequest; [o.a.x.a.v]
[2025-09-10 23:39:12.258] [WARN] [XCodeMap-Trans-8] - Method is not accessible:org/springframework/web/servlet/DispatcherServlet.getHandler(Ljakarta/servlet/http/HttpServletRequest;)Lorg/springframework/web/servlet/HandlerExecutionChain; [o.a.x.a.v]
[2025-09-10 23:39:12.258] [WARN] [XCodeMap-Trans-8] - Method is not accessible:org/springframework/web/servlet/DispatcherServlet.noHandlerFound(Ljakarta/servlet/http/HttpServletRequest;Ljakarta/servlet/http/HttpServletResponse;)V [o.a.x.a.v]
[2025-09-10 23:39:12.259] [WARN] [XCodeMap-Trans-8] - Method is not accessible:org/springframework/web/servlet/DispatcherServlet.applyAfterConcurrentHandlingStarted(Ljakarta/servlet/http/HttpServletRequest;Ljakarta/servlet/http/HttpServletResponse;)V [o.a.x.a.v]
[2025-09-10 23:39:12.259] [WARN] [XCodeMap-Trans-8] - Method is not accessible:org/springframework/web/servlet/DispatcherServlet.cleanupMultipart(Ljakarta/servlet/http/HttpServletRequest;)V [o.a.x.a.v]
[2025-09-10 23:39:12.259] [WARN] [XCodeMap-Trans-8] - Method is not accessible:org/springframework/web/servlet/DispatcherServlet.getLastModified(Ljakarta/servlet/http/HttpServletRequest;Ljava/lang/Object;)J [o.a.x.a.v]
[2025-09-10 23:39:12.259] [WARN] [XCodeMap-Trans-8] - Method is not accessible:org/springframework/web/servlet/DispatcherServlet.<init>(Ljakarta/servlet/http/HttpServletRequest;Ljakarta/servlet/http/HttpServletResponse;)V [o.a.x.a.v]
[2025-09-10 23:39:12.259] [WARN] [XCodeMap-Trans-8] - Method is not accessible:org/springframework/web/servlet/DispatcherServlet.applyAfterConcurrentHandlingStarted(Ljakarta/servlet/http/HttpServletRequest;Ljakarta/servlet/http/HttpServletResponse;)V [o.a.x.a.v]
[2025-09-10 23:39:12.259] [WARN] [XCodeMap-Trans-8] - Method is not accessible:org/springframework/web/servlet/DispatcherServlet.cleanupMultipart(Ljakarta/servlet/http/HttpServletRequest;)V [o.a.x.a.v]
[2025-09-10 23:39:12.259] [WARN] [XCodeMap-Trans-8] - Method is not accessible:org/springframework/web/servlet/DispatcherServlet.applyPreHandle(Ljakarta/servlet/http/HttpServletRequest;Ljakarta/servlet/http/HttpServletResponse;)Z [o.a.x.a.v]
[2025-09-10 23:39:12.260] [WARN] [XCodeMap-Trans-8] - Method is not accessible:org/springframework/web/servlet/DispatcherServlet.applyAfterConcurrentHandlingStarted(Ljakarta/servlet/http/HttpServletRequest;Ljakarta/servlet/http/HttpServletResponse;)V [o.a.x.a.v]
[2025-09-10 23:39:12.260] [WARN] [XCodeMap-Trans-8] - Method is not accessible:org/springframework/web/servlet/DispatcherServlet.cleanupMultipart(Ljakarta/servlet/http/HttpServletRequest;)V [o.a.x.a.v]
[2025-09-10 23:39:12.260] [WARN] [XCodeMap-Trans-8] - Method is not accessible:org/springframework/web/servlet/DispatcherServlet.handle(Ljakarta/servlet/http/HttpServletRequest;Ljakarta/servlet/http/HttpServletResponse;Ljava/lang/Object;)Lorg/springframework/web/servlet/ModelAndView; [o.a.x.a.v]
[2025-09-10 23:39:12.260] [WARN] [XCodeMap-Trans-8] - Method is not accessible:org/springframework/web/servlet/DispatcherServlet.applyAfterConcurrentHandlingStarted(Ljakarta/servlet/http/HttpServletRequest;Ljakarta/servlet/http/HttpServletResponse;)V [o.a.x.a.v]
[2025-09-10 23:39:12.260] [WARN] [XCodeMap-Trans-8] - Method is not accessible:org/springframework/web/servlet/DispatcherServlet.cleanupMultipart(Ljakarta/servlet/http/HttpServletRequest;)V [o.a.x.a.v]
[2025-09-10 23:39:12.260] [WARN] [XCodeMap-Trans-8] - Method is not accessible:org/springframework/web/servlet/DispatcherServlet.applyDefaultViewName(Ljakarta/servlet/http/HttpServletRequest;Lorg/springframework/web/servlet/ModelAndView;)V [o.a.x.a.v]
[2025-09-10 23:39:12.260] [WARN] [XCodeMap-Trans-8] - Method is not accessible:org/springframework/web/servlet/DispatcherServlet.applyPostHandle(Ljakarta/servlet/http/HttpServletRequest;Ljakarta/servlet/http/HttpServletResponse;Lorg/springframework/web/servlet/ModelAndView;)V [o.a.x.a.v]
[2025-09-10 23:39:12.260] [WARN] [XCodeMap-Trans-8] - Method is not accessible:org/springframework/web/servlet/DispatcherServlet.processDispatchResult(Ljakarta/servlet/http/HttpServletRequest;Ljakarta/servlet/http/HttpServletResponse;Lorg/springframework/web/servlet/HandlerExecutionChain;Lorg/springframework/web/servlet/ModelAndView;Ljava/lang/Exception;)V [o.a.x.a.v]
[2025-09-10 23:39:12.261] [WARN] [XCodeMap-Trans-8] - Method is not accessible:org/springframework/web/servlet/DispatcherServlet.applyAfterConcurrentHandlingStarted(Ljakarta/servlet/http/HttpServletRequest;Ljakarta/servlet/http/HttpServletResponse;)V [o.a.x.a.v]
[2025-09-10 23:39:12.261] [WARN] [XCodeMap-Trans-8] - Method is not accessible:org/springframework/web/servlet/DispatcherServlet.cleanupMultipart(Ljakarta/servlet/http/HttpServletRequest;)V [o.a.x.a.v]
[2025-09-10 23:39:12.261] [WARN] [XCodeMap-Trans-8] - Method is not accessible:org/springframework/web/servlet/DispatcherServlet.triggerAfterCompletion(Ljakarta/servlet/http/HttpServletRequest;Ljakarta/servlet/http/HttpServletResponse;Lorg/springframework/web/servlet/HandlerExecutionChain;Ljava/lang/Exception;)V [o.a.x.a.v]
[2025-09-10 23:39:12.262] [WARN] [XCodeMap-Trans-8] - Method is not accessible:org/springframework/web/servlet/DispatcherServlet.applyAfterConcurrentHandlingStarted(Ljakarta/servlet/http/HttpServletRequest;Ljakarta/servlet/http/HttpServletResponse;)V [o.a.x.a.v]
[2025-09-10 23:39:12.263] [WARN] [XCodeMap-Trans-8] - Method is not accessible:org/springframework/web/servlet/DispatcherServlet.cleanupMultipart(Ljakarta/servlet/http/HttpServletRequest;)V [o.a.x.a.v]
[2025-09-10 23:39:12.264] [WARN] [XCodeMap-Trans-8] - Method is not accessible:org/springframework/web/servlet/DispatcherServlet.triggerAfterCompletion(Ljakarta/servlet/http/HttpServletRequest;Ljakarta/servlet/http/HttpServletResponse;Lorg/springframework/web/servlet/HandlerExecutionChain;Ljava/lang/Exception;)V [o.a.x.a.v]
[2025-09-10 23:39:12.264] [WARN] [XCodeMap-Trans-8] - Method is not accessible:org/springframework/web/servlet/DispatcherServlet.applyAfterConcurrentHandlingStarted(Ljakarta/servlet/http/HttpServletRequest;Ljakarta/servlet/http/HttpServletResponse;)V [o.a.x.a.v]
[2025-09-10 23:39:12.264] [WARN] [XCodeMap-Trans-8] - Method is not accessible:org/springframework/web/servlet/DispatcherServlet.cleanupMultipart(Ljakarta/servlet/http/HttpServletRequest;)V [o.a.x.a.v]
[2025-09-10 23:39:12.264] [WARN] [XCodeMap-Trans-8] - Method is not accessible:org/springframework/web/servlet/DispatcherServlet.applyAfterConcurrentHandlingStarted(Ljakarta/servlet/http/HttpServletRequest;Ljakarta/servlet/http/HttpServletResponse;)V [o.a.x.a.v]
[2025-09-10 23:39:12.264] [WARN] [XCodeMap-Trans-8] - Method is not accessible:org/springframework/web/servlet/DispatcherServlet.cleanupMultipart(Ljakarta/servlet/http/HttpServletRequest;)V [o.a.x.a.v]
[2025-09-10 23:39:12.266] [WARN] [XCodeMap-Trans-8] - Cannot compute frames for not found classname:org.springframework.web.servlet.DispatcherServlet  [o.a.x.a.i]
[2025-09-10 23:39:12.276] [WARN] [XCodeMap-Trans-9] - Cannot compute frames for not found classname:org.springframework.web.servlet.FrameworkServlet  [o.a.x.a.i]
[2025-09-10 23:39:12.278] [WARN] [XCodeMap-Trans-7] - Method is not accessible:org/springframework/web/servlet/HttpServletBean.<init>(Ljakarta/servlet/ServletConfig;Ljava/util/Set;)V [o.a.x.a.v]
[2025-09-10 23:39:12.278] [WARN] [XCodeMap-Trans-7] - Method is not accessible:org/springframework/web/servlet/HttpServletBean.<init>(Ljakarta/servlet/ServletContext;)V [o.a.x.a.v]
[2025-09-10 23:39:12.329] [WARN] [XCodeMap-Trans-8] - Method is not accessible:org/springframework/web/servlet/DispatcherServlet.logRequest(Ljakarta/servlet/http/HttpServletRequest;)V [o.a.x.a.v]
[2025-09-10 23:39:12.329] [WARN] [XCodeMap-Trans-8] - Method is not accessible:org/springframework/web/servlet/DispatcherServlet.isIncludeRequest(Ljakarta/servlet/ServletRequest;)Z [o.a.x.a.v]
[2025-09-10 23:39:12.330] [WARN] [XCodeMap-Trans-8] - Method is not accessible:org/springframework/web/servlet/DispatcherServlet.retrieveAndUpdate(Ljakarta/servlet/http/HttpServletRequest;Ljakarta/servlet/http/HttpServletResponse;)Lorg/springframework/web/servlet/FlashMap; [o.a.x.a.v]
[2025-09-10 23:39:12.330] [WARN] [XCodeMap-Trans-8] - Method is not accessible:org/springframework/web/servlet/DispatcherServlet.parseAndCache(Ljakarta/servlet/http/HttpServletRequest;)Lorg/springframework/http/server/RequestPath; [o.a.x.a.v]
[2025-09-10 23:39:12.330] [WARN] [XCodeMap-Trans-8] - Method is not accessible:org/springframework/web/servlet/DispatcherServlet.doDispatch(Ljakarta/servlet/http/HttpServletRequest;Ljakarta/servlet/http/HttpServletResponse;)V [o.a.x.a.v]
[2025-09-10 23:39:12.330] [WARN] [XCodeMap-Trans-8] - Method is not accessible:org/springframework/web/servlet/DispatcherServlet.getAsyncManager(Ljakarta/servlet/ServletRequest;)Lorg/springframework/web/context/request/async/WebAsyncManager; [o.a.x.a.v]
[2025-09-10 23:39:12.330] [WARN] [XCodeMap-Trans-8] - Method is not accessible:org/springframework/web/servlet/DispatcherServlet.restoreAttributesAfterInclude(Ljakarta/servlet/http/HttpServletRequest;Ljava/util/Map;)V [o.a.x.a.v]
[2025-09-10 23:39:12.330] [WARN] [XCodeMap-Trans-8] - Method is not accessible:org/springframework/web/servlet/DispatcherServlet.setParsedRequestPath(Lorg/springframework/http/server/RequestPath;Ljakarta/servlet/ServletRequest;)V [o.a.x.a.v]
[2025-09-10 23:39:12.330] [WARN] [XCodeMap-Trans-8] - Method is not accessible:org/springframework/web/servlet/DispatcherServlet.getAsyncManager(Ljakarta/servlet/ServletRequest;)Lorg/springframework/web/context/request/async/WebAsyncManager; [o.a.x.a.v]
[2025-09-10 23:39:12.331] [WARN] [XCodeMap-Trans-8] - Method is not accessible:org/springframework/web/servlet/DispatcherServlet.restoreAttributesAfterInclude(Ljakarta/servlet/http/HttpServletRequest;Ljava/util/Map;)V [o.a.x.a.v]
[2025-09-10 23:39:12.331] [WARN] [XCodeMap-Trans-8] - Method is not accessible:org/springframework/web/servlet/DispatcherServlet.setParsedRequestPath(Lorg/springframework/http/server/RequestPath;Ljakarta/servlet/ServletRequest;)V [o.a.x.a.v]
[2025-09-10 23:39:12.331] [WARN] [XCodeMap-Trans-8] - Method is not accessible:org/springframework/web/servlet/DispatcherServlet.getAsyncManager(Ljakarta/servlet/ServletRequest;)Lorg/springframework/web/context/request/async/WebAsyncManager; [o.a.x.a.v]
[2025-09-10 23:39:12.332] [WARN] [XCodeMap-Trans-8] - Method is not accessible:org/springframework/web/servlet/DispatcherServlet.checkMultipart(Ljakarta/servlet/http/HttpServletRequest;)Ljakarta/servlet/http/HttpServletRequest; [o.a.x.a.v]
[2025-09-10 23:39:12.332] [WARN] [XCodeMap-Trans-8] - Method is not accessible:org/springframework/web/servlet/DispatcherServlet.getHandler(Ljakarta/servlet/http/HttpServletRequest;)Lorg/springframework/web/servlet/HandlerExecutionChain; [o.a.x.a.v]
[2025-09-10 23:39:12.332] [WARN] [XCodeMap-Trans-8] - Method is not accessible:org/springframework/web/servlet/DispatcherServlet.noHandlerFound(Ljakarta/servlet/http/HttpServletRequest;Ljakarta/servlet/http/HttpServletResponse;)V [o.a.x.a.v]
[2025-09-10 23:39:12.332] [WARN] [XCodeMap-Trans-8] - Method is not accessible:org/springframework/web/servlet/DispatcherServlet.applyAfterConcurrentHandlingStarted(Ljakarta/servlet/http/HttpServletRequest;Ljakarta/servlet/http/HttpServletResponse;)V [o.a.x.a.v]
[2025-09-10 23:39:12.332] [WARN] [XCodeMap-Trans-8] - Method is not accessible:org/springframework/web/servlet/DispatcherServlet.cleanupMultipart(Ljakarta/servlet/http/HttpServletRequest;)V [o.a.x.a.v]
[2025-09-10 23:39:12.332] [WARN] [XCodeMap-Trans-8] - Method is not accessible:org/springframework/web/servlet/DispatcherServlet.getLastModified(Ljakarta/servlet/http/HttpServletRequest;Ljava/lang/Object;)J [o.a.x.a.v]
[2025-09-10 23:39:12.332] [WARN] [XCodeMap-Trans-8] - Method is not accessible:org/springframework/web/servlet/DispatcherServlet.<init>(Ljakarta/servlet/http/HttpServletRequest;Ljakarta/servlet/http/HttpServletResponse;)V [o.a.x.a.v]
[2025-09-10 23:39:12.333] [WARN] [XCodeMap-Trans-8] - Method is not accessible:org/springframework/web/servlet/DispatcherServlet.applyAfterConcurrentHandlingStarted(Ljakarta/servlet/http/HttpServletRequest;Ljakarta/servlet/http/HttpServletResponse;)V [o.a.x.a.v]
[2025-09-10 23:39:12.333] [WARN] [XCodeMap-Trans-8] - Method is not accessible:org/springframework/web/servlet/DispatcherServlet.cleanupMultipart(Ljakarta/servlet/http/HttpServletRequest;)V [o.a.x.a.v]
[2025-09-10 23:39:12.333] [WARN] [XCodeMap-Trans-8] - Method is not accessible:org/springframework/web/servlet/DispatcherServlet.applyPreHandle(Ljakarta/servlet/http/HttpServletRequest;Ljakarta/servlet/http/HttpServletResponse;)Z [o.a.x.a.v]
[2025-09-10 23:39:12.333] [WARN] [XCodeMap-Trans-8] - Method is not accessible:org/springframework/web/servlet/DispatcherServlet.applyAfterConcurrentHandlingStarted(Ljakarta/servlet/http/HttpServletRequest;Ljakarta/servlet/http/HttpServletResponse;)V [o.a.x.a.v]
[2025-09-10 23:39:12.333] [WARN] [XCodeMap-Trans-8] - Method is not accessible:org/springframework/web/servlet/DispatcherServlet.cleanupMultipart(Ljakarta/servlet/http/HttpServletRequest;)V [o.a.x.a.v]
[2025-09-10 23:39:12.333] [WARN] [XCodeMap-Trans-8] - Method is not accessible:org/springframework/web/servlet/DispatcherServlet.handle(Ljakarta/servlet/http/HttpServletRequest;Ljakarta/servlet/http/HttpServletResponse;Ljava/lang/Object;)Lorg/springframework/web/servlet/ModelAndView; [o.a.x.a.v]
[2025-09-10 23:39:12.333] [WARN] [XCodeMap-Trans-8] - Method is not accessible:org/springframework/web/servlet/DispatcherServlet.applyAfterConcurrentHandlingStarted(Ljakarta/servlet/http/HttpServletRequest;Ljakarta/servlet/http/HttpServletResponse;)V [o.a.x.a.v]
[2025-09-10 23:39:12.333] [WARN] [XCodeMap-Trans-8] - Method is not accessible:org/springframework/web/servlet/DispatcherServlet.cleanupMultipart(Ljakarta/servlet/http/HttpServletRequest;)V [o.a.x.a.v]
[2025-09-10 23:39:12.333] [WARN] [XCodeMap-Trans-8] - Method is not accessible:org/springframework/web/servlet/DispatcherServlet.applyDefaultViewName(Ljakarta/servlet/http/HttpServletRequest;Lorg/springframework/web/servlet/ModelAndView;)V [o.a.x.a.v]
[2025-09-10 23:39:12.333] [WARN] [XCodeMap-Trans-8] - Method is not accessible:org/springframework/web/servlet/DispatcherServlet.applyPostHandle(Ljakarta/servlet/http/HttpServletRequest;Ljakarta/servlet/http/HttpServletResponse;Lorg/springframework/web/servlet/ModelAndView;)V [o.a.x.a.v]
[2025-09-10 23:39:12.333] [WARN] [XCodeMap-Trans-8] - Method is not accessible:org/springframework/web/servlet/DispatcherServlet.processDispatchResult(Ljakarta/servlet/http/HttpServletRequest;Ljakarta/servlet/http/HttpServletResponse;Lorg/springframework/web/servlet/HandlerExecutionChain;Lorg/springframework/web/servlet/ModelAndView;Ljava/lang/Exception;)V [o.a.x.a.v]
[2025-09-10 23:39:12.333] [WARN] [XCodeMap-Trans-8] - Method is not accessible:org/springframework/web/servlet/DispatcherServlet.applyAfterConcurrentHandlingStarted(Ljakarta/servlet/http/HttpServletRequest;Ljakarta/servlet/http/HttpServletResponse;)V [o.a.x.a.v]
[2025-09-10 23:39:12.333] [WARN] [XCodeMap-Trans-8] - Method is not accessible:org/springframework/web/servlet/DispatcherServlet.cleanupMultipart(Ljakarta/servlet/http/HttpServletRequest;)V [o.a.x.a.v]
[2025-09-10 23:39:12.334] [WARN] [XCodeMap-Trans-8] - Method is not accessible:org/springframework/web/servlet/DispatcherServlet.triggerAfterCompletion(Ljakarta/servlet/http/HttpServletRequest;Ljakarta/servlet/http/HttpServletResponse;Lorg/springframework/web/servlet/HandlerExecutionChain;Ljava/lang/Exception;)V [o.a.x.a.v]
[2025-09-10 23:39:12.334] [WARN] [XCodeMap-Trans-8] - Method is not accessible:org/springframework/web/servlet/DispatcherServlet.applyAfterConcurrentHandlingStarted(Ljakarta/servlet/http/HttpServletRequest;Ljakarta/servlet/http/HttpServletResponse;)V [o.a.x.a.v]
[2025-09-10 23:39:12.334] [WARN] [XCodeMap-Trans-8] - Method is not accessible:org/springframework/web/servlet/DispatcherServlet.cleanupMultipart(Ljakarta/servlet/http/HttpServletRequest;)V [o.a.x.a.v]
[2025-09-10 23:39:12.334] [WARN] [XCodeMap-Trans-8] - Method is not accessible:org/springframework/web/servlet/DispatcherServlet.triggerAfterCompletion(Ljakarta/servlet/http/HttpServletRequest;Ljakarta/servlet/http/HttpServletResponse;Lorg/springframework/web/servlet/HandlerExecutionChain;Ljava/lang/Exception;)V [o.a.x.a.v]
[2025-09-10 23:39:12.334] [WARN] [XCodeMap-Trans-8] - Method is not accessible:org/springframework/web/servlet/DispatcherServlet.applyAfterConcurrentHandlingStarted(Ljakarta/servlet/http/HttpServletRequest;Ljakarta/servlet/http/HttpServletResponse;)V [o.a.x.a.v]
[2025-09-10 23:39:12.334] [WARN] [XCodeMap-Trans-8] - Method is not accessible:org/springframework/web/servlet/DispatcherServlet.cleanupMultipart(Ljakarta/servlet/http/HttpServletRequest;)V [o.a.x.a.v]
[2025-09-10 23:39:12.334] [WARN] [XCodeMap-Trans-8] - Method is not accessible:org/springframework/web/servlet/DispatcherServlet.applyAfterConcurrentHandlingStarted(Ljakarta/servlet/http/HttpServletRequest;Ljakarta/servlet/http/HttpServletResponse;)V [o.a.x.a.v]
[2025-09-10 23:39:12.334] [WARN] [XCodeMap-Trans-8] - Method is not accessible:org/springframework/web/servlet/DispatcherServlet.cleanupMultipart(Ljakarta/servlet/http/HttpServletRequest;)V [o.a.x.a.v]
[2025-09-10 23:39:12.336] [WARN] [XCodeMap-Trans-8] - Cannot compute frames for not found classname:org.springframework.web.servlet.DispatcherServlet  [o.a.x.a.i]
[2025-09-10 23:39:12.342] [WARN] [XCodeMap-Trans-9] - Cannot compute frames for not found classname:org.springframework.web.servlet.FrameworkServlet  [o.a.x.a.i]
[2025-09-10 23:39:12.345] [WARN] [XCodeMap-Trans-7] - Method is not accessible:org/springframework/web/servlet/HttpServletBean.<init>(Ljakarta/servlet/ServletConfig;Ljava/util/Set;)V [o.a.x.a.v]
[2025-09-10 23:39:12.345] [WARN] [XCodeMap-Trans-7] - Method is not accessible:org/springframework/web/servlet/HttpServletBean.<init>(Ljakarta/servlet/ServletContext;)V [o.a.x.a.v]
[2025-09-10 23:39:12.604] [WARN] [XCodeMap-Trans-8] - Method is not accessible:org/springframework/web/servlet/DispatcherServlet.logRequest(Ljakarta/servlet/http/HttpServletRequest;)V [o.a.x.a.v]
[2025-09-10 23:39:12.604] [WARN] [XCodeMap-Trans-8] - Method is not accessible:org/springframework/web/servlet/DispatcherServlet.isIncludeRequest(Ljakarta/servlet/ServletRequest;)Z [o.a.x.a.v]
[2025-09-10 23:39:12.604] [WARN] [XCodeMap-Trans-8] - Method is not accessible:org/springframework/web/servlet/DispatcherServlet.retrieveAndUpdate(Ljakarta/servlet/http/HttpServletRequest;Ljakarta/servlet/http/HttpServletResponse;)Lorg/springframework/web/servlet/FlashMap; [o.a.x.a.v]
[2025-09-10 23:39:12.604] [WARN] [XCodeMap-Trans-8] - Method is not accessible:org/springframework/web/servlet/DispatcherServlet.parseAndCache(Ljakarta/servlet/http/HttpServletRequest;)Lorg/springframework/http/server/RequestPath; [o.a.x.a.v]
[2025-09-10 23:39:12.604] [WARN] [XCodeMap-Trans-8] - Method is not accessible:org/springframework/web/servlet/DispatcherServlet.doDispatch(Ljakarta/servlet/http/HttpServletRequest;Ljakarta/servlet/http/HttpServletResponse;)V [o.a.x.a.v]
[2025-09-10 23:39:12.605] [WARN] [XCodeMap-Trans-8] - Method is not accessible:org/springframework/web/servlet/DispatcherServlet.getAsyncManager(Ljakarta/servlet/ServletRequest;)Lorg/springframework/web/context/request/async/WebAsyncManager; [o.a.x.a.v]
[2025-09-10 23:39:12.605] [WARN] [XCodeMap-Trans-8] - Method is not accessible:org/springframework/web/servlet/DispatcherServlet.restoreAttributesAfterInclude(Ljakarta/servlet/http/HttpServletRequest;Ljava/util/Map;)V [o.a.x.a.v]
[2025-09-10 23:39:12.605] [WARN] [XCodeMap-Trans-8] - Method is not accessible:org/springframework/web/servlet/DispatcherServlet.setParsedRequestPath(Lorg/springframework/http/server/RequestPath;Ljakarta/servlet/ServletRequest;)V [o.a.x.a.v]
[2025-09-10 23:39:12.605] [WARN] [XCodeMap-Trans-8] - Method is not accessible:org/springframework/web/servlet/DispatcherServlet.getAsyncManager(Ljakarta/servlet/ServletRequest;)Lorg/springframework/web/context/request/async/WebAsyncManager; [o.a.x.a.v]
[2025-09-10 23:39:12.605] [WARN] [XCodeMap-Trans-8] - Method is not accessible:org/springframework/web/servlet/DispatcherServlet.restoreAttributesAfterInclude(Ljakarta/servlet/http/HttpServletRequest;Ljava/util/Map;)V [o.a.x.a.v]
[2025-09-10 23:39:12.605] [WARN] [XCodeMap-Trans-8] - Method is not accessible:org/springframework/web/servlet/DispatcherServlet.setParsedRequestPath(Lorg/springframework/http/server/RequestPath;Ljakarta/servlet/ServletRequest;)V [o.a.x.a.v]
[2025-09-10 23:39:12.606] [WARN] [XCodeMap-Trans-8] - Method is not accessible:org/springframework/web/servlet/DispatcherServlet.getAsyncManager(Ljakarta/servlet/ServletRequest;)Lorg/springframework/web/context/request/async/WebAsyncManager; [o.a.x.a.v]
[2025-09-10 23:39:12.606] [WARN] [XCodeMap-Trans-8] - Method is not accessible:org/springframework/web/servlet/DispatcherServlet.checkMultipart(Ljakarta/servlet/http/HttpServletRequest;)Ljakarta/servlet/http/HttpServletRequest; [o.a.x.a.v]
[2025-09-10 23:39:12.606] [WARN] [XCodeMap-Trans-8] - Method is not accessible:org/springframework/web/servlet/DispatcherServlet.getHandler(Ljakarta/servlet/http/HttpServletRequest;)Lorg/springframework/web/servlet/HandlerExecutionChain; [o.a.x.a.v]
[2025-09-10 23:39:12.606] [WARN] [XCodeMap-Trans-8] - Method is not accessible:org/springframework/web/servlet/DispatcherServlet.noHandlerFound(Ljakarta/servlet/http/HttpServletRequest;Ljakarta/servlet/http/HttpServletResponse;)V [o.a.x.a.v]
[2025-09-10 23:39:12.606] [WARN] [XCodeMap-Trans-8] - Method is not accessible:org/springframework/web/servlet/DispatcherServlet.applyAfterConcurrentHandlingStarted(Ljakarta/servlet/http/HttpServletRequest;Ljakarta/servlet/http/HttpServletResponse;)V [o.a.x.a.v]
[2025-09-10 23:39:12.606] [WARN] [XCodeMap-Trans-8] - Method is not accessible:org/springframework/web/servlet/DispatcherServlet.cleanupMultipart(Ljakarta/servlet/http/HttpServletRequest;)V [o.a.x.a.v]
[2025-09-10 23:39:12.606] [WARN] [XCodeMap-Trans-8] - Method is not accessible:org/springframework/web/servlet/DispatcherServlet.getLastModified(Ljakarta/servlet/http/HttpServletRequest;Ljava/lang/Object;)J [o.a.x.a.v]
[2025-09-10 23:39:12.606] [WARN] [XCodeMap-Trans-8] - Method is not accessible:org/springframework/web/servlet/DispatcherServlet.<init>(Ljakarta/servlet/http/HttpServletRequest;Ljakarta/servlet/http/HttpServletResponse;)V [o.a.x.a.v]
[2025-09-10 23:39:12.606] [WARN] [XCodeMap-Trans-8] - Method is not accessible:org/springframework/web/servlet/DispatcherServlet.applyAfterConcurrentHandlingStarted(Ljakarta/servlet/http/HttpServletRequest;Ljakarta/servlet/http/HttpServletResponse;)V [o.a.x.a.v]
[2025-09-10 23:39:12.606] [WARN] [XCodeMap-Trans-8] - Method is not accessible:org/springframework/web/servlet/DispatcherServlet.cleanupMultipart(Ljakarta/servlet/http/HttpServletRequest;)V [o.a.x.a.v]
[2025-09-10 23:39:12.606] [WARN] [XCodeMap-Trans-8] - Method is not accessible:org/springframework/web/servlet/DispatcherServlet.applyPreHandle(Ljakarta/servlet/http/HttpServletRequest;Ljakarta/servlet/http/HttpServletResponse;)Z [o.a.x.a.v]
[2025-09-10 23:39:12.606] [WARN] [XCodeMap-Trans-8] - Method is not accessible:org/springframework/web/servlet/DispatcherServlet.applyAfterConcurrentHandlingStarted(Ljakarta/servlet/http/HttpServletRequest;Ljakarta/servlet/http/HttpServletResponse;)V [o.a.x.a.v]
[2025-09-10 23:39:12.606] [WARN] [XCodeMap-Trans-8] - Method is not accessible:org/springframework/web/servlet/DispatcherServlet.cleanupMultipart(Ljakarta/servlet/http/HttpServletRequest;)V [o.a.x.a.v]
[2025-09-10 23:39:12.607] [WARN] [XCodeMap-Trans-8] - Method is not accessible:org/springframework/web/servlet/DispatcherServlet.handle(Ljakarta/servlet/http/HttpServletRequest;Ljakarta/servlet/http/HttpServletResponse;Ljava/lang/Object;)Lorg/springframework/web/servlet/ModelAndView; [o.a.x.a.v]
[2025-09-10 23:39:12.607] [WARN] [XCodeMap-Trans-8] - Method is not accessible:org/springframework/web/servlet/DispatcherServlet.applyAfterConcurrentHandlingStarted(Ljakarta/servlet/http/HttpServletRequest;Ljakarta/servlet/http/HttpServletResponse;)V [o.a.x.a.v]
[2025-09-10 23:39:12.607] [WARN] [XCodeMap-Trans-8] - Method is not accessible:org/springframework/web/servlet/DispatcherServlet.cleanupMultipart(Ljakarta/servlet/http/HttpServletRequest;)V [o.a.x.a.v]
[2025-09-10 23:39:12.607] [WARN] [XCodeMap-Trans-8] - Method is not accessible:org/springframework/web/servlet/DispatcherServlet.applyDefaultViewName(Ljakarta/servlet/http/HttpServletRequest;Lorg/springframework/web/servlet/ModelAndView;)V [o.a.x.a.v]
[2025-09-10 23:39:12.607] [WARN] [XCodeMap-Trans-8] - Method is not accessible:org/springframework/web/servlet/DispatcherServlet.applyPostHandle(Ljakarta/servlet/http/HttpServletRequest;Ljakarta/servlet/http/HttpServletResponse;Lorg/springframework/web/servlet/ModelAndView;)V [o.a.x.a.v]
[2025-09-10 23:39:12.607] [WARN] [XCodeMap-Trans-8] - Method is not accessible:org/springframework/web/servlet/DispatcherServlet.processDispatchResult(Ljakarta/servlet/http/HttpServletRequest;Ljakarta/servlet/http/HttpServletResponse;Lorg/springframework/web/servlet/HandlerExecutionChain;Lorg/springframework/web/servlet/ModelAndView;Ljava/lang/Exception;)V [o.a.x.a.v]
[2025-09-10 23:39:12.607] [WARN] [XCodeMap-Trans-8] - Method is not accessible:org/springframework/web/servlet/DispatcherServlet.applyAfterConcurrentHandlingStarted(Ljakarta/servlet/http/HttpServletRequest;Ljakarta/servlet/http/HttpServletResponse;)V [o.a.x.a.v]
[2025-09-10 23:39:12.607] [WARN] [XCodeMap-Trans-8] - Method is not accessible:org/springframework/web/servlet/DispatcherServlet.cleanupMultipart(Ljakarta/servlet/http/HttpServletRequest;)V [o.a.x.a.v]
[2025-09-10 23:39:12.607] [WARN] [XCodeMap-Trans-8] - Method is not accessible:org/springframework/web/servlet/DispatcherServlet.triggerAfterCompletion(Ljakarta/servlet/http/HttpServletRequest;Ljakarta/servlet/http/HttpServletResponse;Lorg/springframework/web/servlet/HandlerExecutionChain;Ljava/lang/Exception;)V [o.a.x.a.v]
[2025-09-10 23:39:12.607] [WARN] [XCodeMap-Trans-8] - Method is not accessible:org/springframework/web/servlet/DispatcherServlet.applyAfterConcurrentHandlingStarted(Ljakarta/servlet/http/HttpServletRequest;Ljakarta/servlet/http/HttpServletResponse;)V [o.a.x.a.v]
[2025-09-10 23:39:12.607] [WARN] [XCodeMap-Trans-8] - Method is not accessible:org/springframework/web/servlet/DispatcherServlet.cleanupMultipart(Ljakarta/servlet/http/HttpServletRequest;)V [o.a.x.a.v]
[2025-09-10 23:39:12.608] [WARN] [XCodeMap-Trans-8] - Method is not accessible:org/springframework/web/servlet/DispatcherServlet.triggerAfterCompletion(Ljakarta/servlet/http/HttpServletRequest;Ljakarta/servlet/http/HttpServletResponse;Lorg/springframework/web/servlet/HandlerExecutionChain;Ljava/lang/Exception;)V [o.a.x.a.v]
[2025-09-10 23:39:12.608] [WARN] [XCodeMap-Trans-8] - Method is not accessible:org/springframework/web/servlet/DispatcherServlet.applyAfterConcurrentHandlingStarted(Ljakarta/servlet/http/HttpServletRequest;Ljakarta/servlet/http/HttpServletResponse;)V [o.a.x.a.v]
[2025-09-10 23:39:12.608] [WARN] [XCodeMap-Trans-8] - Method is not accessible:org/springframework/web/servlet/DispatcherServlet.cleanupMultipart(Ljakarta/servlet/http/HttpServletRequest;)V [o.a.x.a.v]
[2025-09-10 23:39:12.609] [WARN] [XCodeMap-Trans-8] - Method is not accessible:org/springframework/web/servlet/DispatcherServlet.applyAfterConcurrentHandlingStarted(Ljakarta/servlet/http/HttpServletRequest;Ljakarta/servlet/http/HttpServletResponse;)V [o.a.x.a.v]
[2025-09-10 23:39:12.609] [WARN] [XCodeMap-Trans-8] - Method is not accessible:org/springframework/web/servlet/DispatcherServlet.cleanupMultipart(Ljakarta/servlet/http/HttpServletRequest;)V [o.a.x.a.v]
[2025-09-10 23:39:12.611] [WARN] [XCodeMap-Trans-8] - Cannot compute frames for not found classname:org.springframework.web.servlet.DispatcherServlet  [o.a.x.a.i]
[2025-09-10 23:39:12.618] [WARN] [XCodeMap-Trans-9] - Cannot compute frames for not found classname:org.springframework.web.servlet.FrameworkServlet  [o.a.x.a.i]
[2025-09-10 23:39:12.620] [WARN] [XCodeMap-Trans-7] - Method is not accessible:org/springframework/web/servlet/HttpServletBean.<init>(Ljakarta/servlet/ServletConfig;Ljava/util/Set;)V [o.a.x.a.v]
[2025-09-10 23:39:12.620] [WARN] [XCodeMap-Trans-7] - Method is not accessible:org/springframework/web/servlet/HttpServletBean.<init>(Ljakarta/servlet/ServletContext;)V [o.a.x.a.v]
[2025-09-10 23:39:13.532] [WARN] [XCodeMap-Trans-8] - Method is not accessible:org/springframework/web/servlet/DispatcherServlet.logRequest(Ljakarta/servlet/http/HttpServletRequest;)V [o.a.x.a.v]
[2025-09-10 23:39:13.532] [WARN] [XCodeMap-Trans-8] - Method is not accessible:org/springframework/web/servlet/DispatcherServlet.isIncludeRequest(Ljakarta/servlet/ServletRequest;)Z [o.a.x.a.v]
[2025-09-10 23:39:13.532] [WARN] [XCodeMap-Trans-8] - Method is not accessible:org/springframework/web/servlet/DispatcherServlet.retrieveAndUpdate(Ljakarta/servlet/http/HttpServletRequest;Ljakarta/servlet/http/HttpServletResponse;)Lorg/springframework/web/servlet/FlashMap; [o.a.x.a.v]
[2025-09-10 23:39:13.532] [WARN] [XCodeMap-Trans-8] - Method is not accessible:org/springframework/web/servlet/DispatcherServlet.parseAndCache(Ljakarta/servlet/http/HttpServletRequest;)Lorg/springframework/http/server/RequestPath; [o.a.x.a.v]
[2025-09-10 23:39:13.532] [WARN] [XCodeMap-Trans-8] - Method is not accessible:org/springframework/web/servlet/DispatcherServlet.doDispatch(Ljakarta/servlet/http/HttpServletRequest;Ljakarta/servlet/http/HttpServletResponse;)V [o.a.x.a.v]
[2025-09-10 23:39:13.532] [WARN] [XCodeMap-Trans-8] - Method is not accessible:org/springframework/web/servlet/DispatcherServlet.getAsyncManager(Ljakarta/servlet/ServletRequest;)Lorg/springframework/web/context/request/async/WebAsyncManager; [o.a.x.a.v]
[2025-09-10 23:39:13.532] [WARN] [XCodeMap-Trans-8] - Method is not accessible:org/springframework/web/servlet/DispatcherServlet.restoreAttributesAfterInclude(Ljakarta/servlet/http/HttpServletRequest;Ljava/util/Map;)V [o.a.x.a.v]
[2025-09-10 23:39:13.532] [WARN] [XCodeMap-Trans-8] - Method is not accessible:org/springframework/web/servlet/DispatcherServlet.setParsedRequestPath(Lorg/springframework/http/server/RequestPath;Ljakarta/servlet/ServletRequest;)V [o.a.x.a.v]
[2025-09-10 23:39:13.532] [WARN] [XCodeMap-Trans-8] - Method is not accessible:org/springframework/web/servlet/DispatcherServlet.getAsyncManager(Ljakarta/servlet/ServletRequest;)Lorg/springframework/web/context/request/async/WebAsyncManager; [o.a.x.a.v]
[2025-09-10 23:39:13.532] [WARN] [XCodeMap-Trans-8] - Method is not accessible:org/springframework/web/servlet/DispatcherServlet.restoreAttributesAfterInclude(Ljakarta/servlet/http/HttpServletRequest;Ljava/util/Map;)V [o.a.x.a.v]
[2025-09-10 23:39:13.532] [WARN] [XCodeMap-Trans-8] - Method is not accessible:org/springframework/web/servlet/DispatcherServlet.setParsedRequestPath(Lorg/springframework/http/server/RequestPath;Ljakarta/servlet/ServletRequest;)V [o.a.x.a.v]
[2025-09-10 23:39:13.533] [WARN] [XCodeMap-Trans-8] - Method is not accessible:org/springframework/web/servlet/DispatcherServlet.getAsyncManager(Ljakarta/servlet/ServletRequest;)Lorg/springframework/web/context/request/async/WebAsyncManager; [o.a.x.a.v]
[2025-09-10 23:39:13.533] [WARN] [XCodeMap-Trans-8] - Method is not accessible:org/springframework/web/servlet/DispatcherServlet.checkMultipart(Ljakarta/servlet/http/HttpServletRequest;)Ljakarta/servlet/http/HttpServletRequest; [o.a.x.a.v]
[2025-09-10 23:39:13.533] [WARN] [XCodeMap-Trans-8] - Method is not accessible:org/springframework/web/servlet/DispatcherServlet.getHandler(Ljakarta/servlet/http/HttpServletRequest;)Lorg/springframework/web/servlet/HandlerExecutionChain; [o.a.x.a.v]
[2025-09-10 23:39:13.533] [WARN] [XCodeMap-Trans-8] - Method is not accessible:org/springframework/web/servlet/DispatcherServlet.noHandlerFound(Ljakarta/servlet/http/HttpServletRequest;Ljakarta/servlet/http/HttpServletResponse;)V [o.a.x.a.v]
[2025-09-10 23:39:13.533] [WARN] [XCodeMap-Trans-8] - Method is not accessible:org/springframework/web/servlet/DispatcherServlet.applyAfterConcurrentHandlingStarted(Ljakarta/servlet/http/HttpServletRequest;Ljakarta/servlet/http/HttpServletResponse;)V [o.a.x.a.v]
[2025-09-10 23:39:13.533] [WARN] [XCodeMap-Trans-8] - Method is not accessible:org/springframework/web/servlet/DispatcherServlet.cleanupMultipart(Ljakarta/servlet/http/HttpServletRequest;)V [o.a.x.a.v]
[2025-09-10 23:39:13.533] [WARN] [XCodeMap-Trans-8] - Method is not accessible:org/springframework/web/servlet/DispatcherServlet.getLastModified(Ljakarta/servlet/http/HttpServletRequest;Ljava/lang/Object;)J [o.a.x.a.v]
[2025-09-10 23:39:13.533] [WARN] [XCodeMap-Trans-8] - Method is not accessible:org/springframework/web/servlet/DispatcherServlet.<init>(Ljakarta/servlet/http/HttpServletRequest;Ljakarta/servlet/http/HttpServletResponse;)V [o.a.x.a.v]
[2025-09-10 23:39:13.533] [WARN] [XCodeMap-Trans-8] - Method is not accessible:org/springframework/web/servlet/DispatcherServlet.applyAfterConcurrentHandlingStarted(Ljakarta/servlet/http/HttpServletRequest;Ljakarta/servlet/http/HttpServletResponse;)V [o.a.x.a.v]
[2025-09-10 23:39:13.533] [WARN] [XCodeMap-Trans-8] - Method is not accessible:org/springframework/web/servlet/DispatcherServlet.cleanupMultipart(Ljakarta/servlet/http/HttpServletRequest;)V [o.a.x.a.v]
[2025-09-10 23:39:13.533] [WARN] [XCodeMap-Trans-8] - Method is not accessible:org/springframework/web/servlet/DispatcherServlet.applyPreHandle(Ljakarta/servlet/http/HttpServletRequest;Ljakarta/servlet/http/HttpServletResponse;)Z [o.a.x.a.v]
[2025-09-10 23:39:13.533] [WARN] [XCodeMap-Trans-8] - Method is not accessible:org/springframework/web/servlet/DispatcherServlet.applyAfterConcurrentHandlingStarted(Ljakarta/servlet/http/HttpServletRequest;Ljakarta/servlet/http/HttpServletResponse;)V [o.a.x.a.v]
[2025-09-10 23:39:13.533] [WARN] [XCodeMap-Trans-8] - Method is not accessible:org/springframework/web/servlet/DispatcherServlet.cleanupMultipart(Ljakarta/servlet/http/HttpServletRequest;)V [o.a.x.a.v]
[2025-09-10 23:39:13.533] [WARN] [XCodeMap-Trans-8] - Method is not accessible:org/springframework/web/servlet/DispatcherServlet.handle(Ljakarta/servlet/http/HttpServletRequest;Ljakarta/servlet/http/HttpServletResponse;Ljava/lang/Object;)Lorg/springframework/web/servlet/ModelAndView; [o.a.x.a.v]
[2025-09-10 23:39:13.533] [WARN] [XCodeMap-Trans-8] - Method is not accessible:org/springframework/web/servlet/DispatcherServlet.applyAfterConcurrentHandlingStarted(Ljakarta/servlet/http/HttpServletRequest;Ljakarta/servlet/http/HttpServletResponse;)V [o.a.x.a.v]
[2025-09-10 23:39:13.533] [WARN] [XCodeMap-Trans-8] - Method is not accessible:org/springframework/web/servlet/DispatcherServlet.cleanupMultipart(Ljakarta/servlet/http/HttpServletRequest;)V [o.a.x.a.v]
[2025-09-10 23:39:13.533] [WARN] [XCodeMap-Trans-8] - Method is not accessible:org/springframework/web/servlet/DispatcherServlet.applyDefaultViewName(Ljakarta/servlet/http/HttpServletRequest;Lorg/springframework/web/servlet/ModelAndView;)V [o.a.x.a.v]
[2025-09-10 23:39:13.533] [WARN] [XCodeMap-Trans-8] - Method is not accessible:org/springframework/web/servlet/DispatcherServlet.applyPostHandle(Ljakarta/servlet/http/HttpServletRequest;Ljakarta/servlet/http/HttpServletResponse;Lorg/springframework/web/servlet/ModelAndView;)V [o.a.x.a.v]
[2025-09-10 23:39:13.533] [WARN] [XCodeMap-Trans-8] - Method is not accessible:org/springframework/web/servlet/DispatcherServlet.processDispatchResult(Ljakarta/servlet/http/HttpServletRequest;Ljakarta/servlet/http/HttpServletResponse;Lorg/springframework/web/servlet/HandlerExecutionChain;Lorg/springframework/web/servlet/ModelAndView;Ljava/lang/Exception;)V [o.a.x.a.v]
[2025-09-10 23:39:13.534] [WARN] [XCodeMap-Trans-8] - Method is not accessible:org/springframework/web/servlet/DispatcherServlet.applyAfterConcurrentHandlingStarted(Ljakarta/servlet/http/HttpServletRequest;Ljakarta/servlet/http/HttpServletResponse;)V [o.a.x.a.v]
[2025-09-10 23:39:13.534] [WARN] [XCodeMap-Trans-8] - Method is not accessible:org/springframework/web/servlet/DispatcherServlet.cleanupMultipart(Ljakarta/servlet/http/HttpServletRequest;)V [o.a.x.a.v]
[2025-09-10 23:39:13.534] [WARN] [XCodeMap-Trans-8] - Method is not accessible:org/springframework/web/servlet/DispatcherServlet.triggerAfterCompletion(Ljakarta/servlet/http/HttpServletRequest;Ljakarta/servlet/http/HttpServletResponse;Lorg/springframework/web/servlet/HandlerExecutionChain;Ljava/lang/Exception;)V [o.a.x.a.v]
[2025-09-10 23:39:13.534] [WARN] [XCodeMap-Trans-8] - Method is not accessible:org/springframework/web/servlet/DispatcherServlet.applyAfterConcurrentHandlingStarted(Ljakarta/servlet/http/HttpServletRequest;Ljakarta/servlet/http/HttpServletResponse;)V [o.a.x.a.v]
[2025-09-10 23:39:13.534] [WARN] [XCodeMap-Trans-8] - Method is not accessible:org/springframework/web/servlet/DispatcherServlet.cleanupMultipart(Ljakarta/servlet/http/HttpServletRequest;)V [o.a.x.a.v]
[2025-09-10 23:39:13.534] [WARN] [XCodeMap-Trans-8] - Method is not accessible:org/springframework/web/servlet/DispatcherServlet.triggerAfterCompletion(Ljakarta/servlet/http/HttpServletRequest;Ljakarta/servlet/http/HttpServletResponse;Lorg/springframework/web/servlet/HandlerExecutionChain;Ljava/lang/Exception;)V [o.a.x.a.v]
[2025-09-10 23:39:13.534] [WARN] [XCodeMap-Trans-8] - Method is not accessible:org/springframework/web/servlet/DispatcherServlet.applyAfterConcurrentHandlingStarted(Ljakarta/servlet/http/HttpServletRequest;Ljakarta/servlet/http/HttpServletResponse;)V [o.a.x.a.v]
[2025-09-10 23:39:13.534] [WARN] [XCodeMap-Trans-8] - Method is not accessible:org/springframework/web/servlet/DispatcherServlet.cleanupMultipart(Ljakarta/servlet/http/HttpServletRequest;)V [o.a.x.a.v]
[2025-09-10 23:39:13.534] [WARN] [XCodeMap-Trans-8] - Method is not accessible:org/springframework/web/servlet/DispatcherServlet.applyAfterConcurrentHandlingStarted(Ljakarta/servlet/http/HttpServletRequest;Ljakarta/servlet/http/HttpServletResponse;)V [o.a.x.a.v]
[2025-09-10 23:39:13.534] [WARN] [XCodeMap-Trans-8] - Method is not accessible:org/springframework/web/servlet/DispatcherServlet.cleanupMultipart(Ljakarta/servlet/http/HttpServletRequest;)V [o.a.x.a.v]
[2025-09-10 23:39:13.536] [WARN] [XCodeMap-Trans-8] - Cannot compute frames for not found classname:org.springframework.web.servlet.DispatcherServlet  [o.a.x.a.i]
[2025-09-10 23:39:13.545] [WARN] [XCodeMap-Trans-9] - Cannot compute frames for not found classname:org.springframework.web.servlet.FrameworkServlet  [o.a.x.a.i]
[2025-09-10 23:39:13.549] [WARN] [XCodeMap-Trans-7] - Method is not accessible:org/springframework/web/servlet/HttpServletBean.<init>(Ljakarta/servlet/ServletConfig;Ljava/util/Set;)V [o.a.x.a.v]
[2025-09-10 23:39:13.549] [WARN] [XCodeMap-Trans-7] - Method is not accessible:org/springframework/web/servlet/HttpServletBean.<init>(Ljakarta/servlet/ServletContext;)V [o.a.x.a.v]
[2025-09-10 23:39:13.612] [WARN] [XCodeMap-Trans-1] - Method is not accessible:com/cloud/common/security/RateLimitManager.ordinal()I [o.a.x.a.v]
[2025-09-10 23:39:16.086] [WARN] [XCodeMap-ParentClassManager] - updateChildToParentMapping: java.sql.Connection:jdk.internal.loader.ClassLoaders$PlatformClassLoader@7e067684 -> java.sql.Connection:jdk.internal.loader.ClassLoaders$PlatformClassLoader@7e067684 [o.a.x.a.x.X]
[2025-09-10 23:39:16.094] [WARN] [XCodeMap-ParentClassManager] - updateChildToParentMapping: java.sql.Connection:jdk.internal.loader.ClassLoaders$PlatformClassLoader@7e067684 -> java.sql.Connection:jdk.internal.loader.ClassLoaders$PlatformClassLoader@7e067684 [o.a.x.a.x.X]
[2025-09-10 23:39:19.445] [WARN] [XCodeMap-Trans-8] - Cannot change loadClass by all methods for classname:sun.reflect.misc.MethodUtil [o.a.x.a.i]
[2025-09-10 23:39:21.471] [WARN] [XCodeMap-Trans-8] - Cannot change loadClass by all methods for classname:com.sun.jmx.remote.util.OrderClassLoaders [o.a.x.a.i]
[2025-09-10 23:47:05.149] [WARN] [Thread-0] - Graceful shutdown..., metrics totalClassNum:0	transClassNum:66	transLoadedNum:0	objectExtractNum:0	checkHashNum:0	objectTravelNum:0	objectExtractErrorNum:0	diffObjectNum:0	totalFuncNum:0	transFuncNum:824	errorTransNum:0	instanceNum:0	totalFuncCallNum:0	storedFuncCallNum:0	totalObjectNum:0	conflictedObjectNum:0	totalObjectChangeNum:0	totalArrayChangeNum:0	totalPutFieldNum:0	totalSysSetNum:0	totalArrayCopyNum:0	totalColChangeNum:0	totalAtomicChangeNum:0	totalGetFieldNum:0	storedPutFieldNum:0	storedGetFieldNum:0	invokeMethodPosNum:0	putFieldPosNum:0	maxLocalsValue:0	maxStacksValue:0	stackNodeNum:0	transformTimeNano:0	 [o.a.x.a.x.X]
