[2025-09-10 22:56:23.788] [WARN] [main] - [XCodeMap] 开始启动, pid:7616, xcodemap.executionId:06edfc2b-fbae-433e-838b-a4a140fae3ce, version:1.19.0
 [o.a.x.a.q]
[2025-09-10 22:56:23.812] [WARN] [main] - [XCodeMap] 官网：https://xcodemap.tech ，B 站视频教程：https://space.bilibili.com/3546573562710135
 [o.a.x.a.q]
[2025-09-10 22:56:23.814] [WARN] [main] - workDir:D:\Download\Code\sofware\cloud\.xcodemap agentMain:false [o.a.x.a.q]
[2025-09-10 22:56:24.035] [WARN] [main] - AsmSysChangeData 加载完成，共加载 58 个集合类，67 个系统设置方法，147 个集合变更方法 [o.a.x.a.x.X]
[2025-09-10 22:56:24.050] [WARN] [XCodeMap-Install] - [XCodeMap] Install Agent, version:1.19.0
 [o.a.x.a.q]
[2025-09-10 22:56:24.054] [WARN] [XCodeMap-Install] - Start retransformAllClasses [o.a.x.a.x.X]
[2025-09-10 22:56:24.067] [WARN] [XCodeMap-Install] - ReTransform agentmain metrics  toBeReTransformedClasses:0 toBeReTransformedClassLoadedClasses:0 [o.a.x.a.x.X]
[2025-09-10 22:56:24.147] [WARN] [XCodeMap-Install] - [XCodeMap] ReTransform class num:0
 [o.a.x.a.q]
[2025-09-10 22:56:24.148] [WARN] [XCodeMap-Install] - [XCodeMap] All 0 batches completed, total time: 0ms
 [o.a.x.a.q]
[2025-09-10 22:56:24.148] [WARN] [XCodeMap-Install] - End retransformAllClasses, cost 94 ms [o.a.x.a.x.X]
[2025-09-10 22:56:24.150] [WARN] [XCodeMap-Install] - [XCodeMap] Install Agent finished, cost 100 ms, version:1.19.0
 [o.a.x.a.q]
[2025-09-10 22:56:24.248] [WARN] [main] - [XCodeMap] 启动完成, cost 578 ms, version:1.19.0
 [o.a.x.a.q]
[2025-09-10 22:56:24.957] [WARN] [XCodeMap-ParentClassManager] - updateChildToParentMapping: java.sql.Statement:jdk.internal.loader.ClassLoaders$PlatformClassLoader@5a060d20 -> java.sql.Statement:jdk.internal.loader.ClassLoaders$PlatformClassLoader@5a060d20 [o.a.x.a.x.X]
[2025-09-10 22:56:24.959] [WARN] [XCodeMap-ParentClassManager] - updateChildToParentMapping: java.sql.Statement:jdk.internal.loader.ClassLoaders$PlatformClassLoader@5a060d20 -> java.sql.Statement:jdk.internal.loader.ClassLoaders$PlatformClassLoader@5a060d20 [o.a.x.a.x.X]
[2025-09-10 22:56:25.075] [WARN] [XCodeMap-Trans-8] - Error getting class modifier for not found class:jakarta/servlet/http/HttpServletRequest [o.a.x.a.v]
[2025-09-10 22:56:25.076] [WARN] [XCodeMap-Trans-8] - Method is not accessible:org/springframework/web/servlet/DispatcherServlet.logRequest(Ljakarta/servlet/http/HttpServletRequest;)V [o.a.x.a.v]
[2025-09-10 22:56:25.077] [WARN] [XCodeMap-Trans-8] - Error getting class modifier for not found class:jakarta/servlet/ServletRequest [o.a.x.a.v]
[2025-09-10 22:56:25.077] [WARN] [XCodeMap-Trans-8] - Method is not accessible:org/springframework/web/servlet/DispatcherServlet.isIncludeRequest(Ljakarta/servlet/ServletRequest;)Z [o.a.x.a.v]
[2025-09-10 22:56:25.078] [WARN] [XCodeMap-Trans-8] - Error getting class modifier for not found class:jakarta/servlet/http/HttpServletRequest [o.a.x.a.v]
[2025-09-10 22:56:25.079] [WARN] [XCodeMap-Trans-8] - Method is not accessible:org/springframework/web/servlet/DispatcherServlet.retrieveAndUpdate(Ljakarta/servlet/http/HttpServletRequest;Ljakarta/servlet/http/HttpServletResponse;)Lorg/springframework/web/servlet/FlashMap; [o.a.x.a.v]
[2025-09-10 22:56:25.081] [WARN] [XCodeMap-Trans-8] - Error getting class modifier for not found class:jakarta/servlet/http/HttpServletRequest [o.a.x.a.v]
[2025-09-10 22:56:25.081] [WARN] [XCodeMap-Trans-8] - Method is not accessible:org/springframework/web/servlet/DispatcherServlet.parseAndCache(Ljakarta/servlet/http/HttpServletRequest;)Lorg/springframework/http/server/RequestPath; [o.a.x.a.v]
[2025-09-10 22:56:25.081] [WARN] [XCodeMap-Trans-8] - Error getting class modifier for not found class:jakarta/servlet/http/HttpServletRequest [o.a.x.a.v]
[2025-09-10 22:56:25.083] [WARN] [XCodeMap-Trans-8] - Method is not accessible:org/springframework/web/servlet/DispatcherServlet.doDispatch(Ljakarta/servlet/http/HttpServletRequest;Ljakarta/servlet/http/HttpServletResponse;)V [o.a.x.a.v]
[2025-09-10 22:56:25.083] [WARN] [XCodeMap-Trans-8] - Error getting class modifier for not found class:jakarta/servlet/ServletRequest [o.a.x.a.v]
[2025-09-10 22:56:25.083] [WARN] [XCodeMap-Trans-8] - Method is not accessible:org/springframework/web/servlet/DispatcherServlet.getAsyncManager(Ljakarta/servlet/ServletRequest;)Lorg/springframework/web/context/request/async/WebAsyncManager; [o.a.x.a.v]
[2025-09-10 22:56:25.084] [WARN] [XCodeMap-Trans-8] - Error getting class modifier for not found class:jakarta/servlet/http/HttpServletRequest [o.a.x.a.v]
[2025-09-10 22:56:25.084] [WARN] [XCodeMap-Trans-8] - Method is not accessible:org/springframework/web/servlet/DispatcherServlet.restoreAttributesAfterInclude(Ljakarta/servlet/http/HttpServletRequest;Ljava/util/Map;)V [o.a.x.a.v]
[2025-09-10 22:56:25.085] [WARN] [XCodeMap-Trans-8] - Error getting class modifier for not found class:jakarta/servlet/ServletRequest [o.a.x.a.v]
[2025-09-10 22:56:25.086] [WARN] [XCodeMap-Trans-8] - Method is not accessible:org/springframework/web/servlet/DispatcherServlet.setParsedRequestPath(Lorg/springframework/http/server/RequestPath;Ljakarta/servlet/ServletRequest;)V [o.a.x.a.v]
[2025-09-10 22:56:25.086] [WARN] [XCodeMap-Trans-8] - Method is not accessible:org/springframework/web/servlet/DispatcherServlet.getAsyncManager(Ljakarta/servlet/ServletRequest;)Lorg/springframework/web/context/request/async/WebAsyncManager; [o.a.x.a.v]
[2025-09-10 22:56:25.086] [WARN] [XCodeMap-Trans-8] - Method is not accessible:org/springframework/web/servlet/DispatcherServlet.restoreAttributesAfterInclude(Ljakarta/servlet/http/HttpServletRequest;Ljava/util/Map;)V [o.a.x.a.v]
[2025-09-10 22:56:25.086] [WARN] [XCodeMap-Trans-8] - Method is not accessible:org/springframework/web/servlet/DispatcherServlet.setParsedRequestPath(Lorg/springframework/http/server/RequestPath;Ljakarta/servlet/ServletRequest;)V [o.a.x.a.v]
[2025-09-10 22:56:25.090] [WARN] [XCodeMap-Trans-8] - Method is not accessible:org/springframework/web/servlet/DispatcherServlet.getAsyncManager(Ljakarta/servlet/ServletRequest;)Lorg/springframework/web/context/request/async/WebAsyncManager; [o.a.x.a.v]
[2025-09-10 22:56:25.091] [WARN] [XCodeMap-Trans-8] - Error getting class modifier for not found class:jakarta/servlet/http/HttpServletRequest [o.a.x.a.v]
[2025-09-10 22:56:25.091] [WARN] [XCodeMap-Trans-8] - Method is not accessible:org/springframework/web/servlet/DispatcherServlet.checkMultipart(Ljakarta/servlet/http/HttpServletRequest;)Ljakarta/servlet/http/HttpServletRequest; [o.a.x.a.v]
[2025-09-10 22:56:25.093] [WARN] [XCodeMap-Trans-8] - Error getting class modifier for not found class:jakarta/servlet/http/HttpServletRequest [o.a.x.a.v]
[2025-09-10 22:56:25.093] [WARN] [XCodeMap-Trans-8] - Method is not accessible:org/springframework/web/servlet/DispatcherServlet.getHandler(Ljakarta/servlet/http/HttpServletRequest;)Lorg/springframework/web/servlet/HandlerExecutionChain; [o.a.x.a.v]
[2025-09-10 22:56:25.093] [WARN] [XCodeMap-Trans-8] - Method is not accessible:org/springframework/web/servlet/DispatcherServlet.noHandlerFound(Ljakarta/servlet/http/HttpServletRequest;Ljakarta/servlet/http/HttpServletResponse;)V [o.a.x.a.v]
[2025-09-10 22:56:25.094] [WARN] [XCodeMap-Trans-8] - Method is not accessible:org/springframework/web/servlet/DispatcherServlet.applyAfterConcurrentHandlingStarted(Ljakarta/servlet/http/HttpServletRequest;Ljakarta/servlet/http/HttpServletResponse;)V [o.a.x.a.v]
[2025-09-10 22:56:25.094] [WARN] [XCodeMap-Trans-8] - Method is not accessible:org/springframework/web/servlet/DispatcherServlet.cleanupMultipart(Ljakarta/servlet/http/HttpServletRequest;)V [o.a.x.a.v]
[2025-09-10 22:56:25.097] [WARN] [XCodeMap-Trans-8] - Error getting class modifier for not found class:jakarta/servlet/http/HttpServletRequest [o.a.x.a.v]
[2025-09-10 22:56:25.097] [WARN] [XCodeMap-Trans-8] - Method is not accessible:org/springframework/web/servlet/DispatcherServlet.getLastModified(Ljakarta/servlet/http/HttpServletRequest;Ljava/lang/Object;)J [o.a.x.a.v]
[2025-09-10 22:56:25.097] [WARN] [XCodeMap-Trans-8] - Method is not accessible:org/springframework/web/servlet/DispatcherServlet.<init>(Ljakarta/servlet/http/HttpServletRequest;Ljakarta/servlet/http/HttpServletResponse;)V [o.a.x.a.v]
[2025-09-10 22:56:25.098] [WARN] [XCodeMap-Trans-8] - Method is not accessible:org/springframework/web/servlet/DispatcherServlet.applyAfterConcurrentHandlingStarted(Ljakarta/servlet/http/HttpServletRequest;Ljakarta/servlet/http/HttpServletResponse;)V [o.a.x.a.v]
[2025-09-10 22:56:25.098] [WARN] [XCodeMap-Trans-8] - Method is not accessible:org/springframework/web/servlet/DispatcherServlet.cleanupMultipart(Ljakarta/servlet/http/HttpServletRequest;)V [o.a.x.a.v]
[2025-09-10 22:56:25.099] [WARN] [XCodeMap-Trans-8] - Error getting class modifier for not found class:jakarta/servlet/http/HttpServletRequest [o.a.x.a.v]
[2025-09-10 22:56:25.099] [WARN] [XCodeMap-Trans-8] - Method is not accessible:org/springframework/web/servlet/DispatcherServlet.applyPreHandle(Ljakarta/servlet/http/HttpServletRequest;Ljakarta/servlet/http/HttpServletResponse;)Z [o.a.x.a.v]
[2025-09-10 22:56:25.099] [WARN] [XCodeMap-Trans-8] - Method is not accessible:org/springframework/web/servlet/DispatcherServlet.applyAfterConcurrentHandlingStarted(Ljakarta/servlet/http/HttpServletRequest;Ljakarta/servlet/http/HttpServletResponse;)V [o.a.x.a.v]
[2025-09-10 22:56:25.099] [WARN] [XCodeMap-Trans-8] - Method is not accessible:org/springframework/web/servlet/DispatcherServlet.cleanupMultipart(Ljakarta/servlet/http/HttpServletRequest;)V [o.a.x.a.v]
[2025-09-10 22:56:25.100] [WARN] [XCodeMap-Trans-8] - Error getting class modifier for not found class:jakarta/servlet/http/HttpServletRequest [o.a.x.a.v]
[2025-09-10 22:56:25.100] [WARN] [XCodeMap-Trans-8] - Method is not accessible:org/springframework/web/servlet/DispatcherServlet.handle(Ljakarta/servlet/http/HttpServletRequest;Ljakarta/servlet/http/HttpServletResponse;Ljava/lang/Object;)Lorg/springframework/web/servlet/ModelAndView; [o.a.x.a.v]
[2025-09-10 22:56:25.101] [WARN] [XCodeMap-Trans-8] - Method is not accessible:org/springframework/web/servlet/DispatcherServlet.applyAfterConcurrentHandlingStarted(Ljakarta/servlet/http/HttpServletRequest;Ljakarta/servlet/http/HttpServletResponse;)V [o.a.x.a.v]
[2025-09-10 22:56:25.101] [WARN] [XCodeMap-Trans-8] - Method is not accessible:org/springframework/web/servlet/DispatcherServlet.cleanupMultipart(Ljakarta/servlet/http/HttpServletRequest;)V [o.a.x.a.v]
[2025-09-10 22:56:25.101] [WARN] [XCodeMap-Trans-8] - Error getting class modifier for not found class:jakarta/servlet/http/HttpServletRequest [o.a.x.a.v]
[2025-09-10 22:56:25.101] [WARN] [XCodeMap-Trans-8] - Method is not accessible:org/springframework/web/servlet/DispatcherServlet.applyDefaultViewName(Ljakarta/servlet/http/HttpServletRequest;Lorg/springframework/web/servlet/ModelAndView;)V [o.a.x.a.v]
[2025-09-10 22:56:25.102] [WARN] [XCodeMap-Trans-8] - Error getting class modifier for not found class:jakarta/servlet/http/HttpServletRequest [o.a.x.a.v]
[2025-09-10 22:56:25.103] [WARN] [XCodeMap-Trans-8] - Method is not accessible:org/springframework/web/servlet/DispatcherServlet.applyPostHandle(Ljakarta/servlet/http/HttpServletRequest;Ljakarta/servlet/http/HttpServletResponse;Lorg/springframework/web/servlet/ModelAndView;)V [o.a.x.a.v]
[2025-09-10 22:56:25.104] [WARN] [XCodeMap-Trans-8] - Error getting class modifier for not found class:jakarta/servlet/http/HttpServletRequest [o.a.x.a.v]
[2025-09-10 22:56:25.104] [WARN] [XCodeMap-Trans-8] - Method is not accessible:org/springframework/web/servlet/DispatcherServlet.processDispatchResult(Ljakarta/servlet/http/HttpServletRequest;Ljakarta/servlet/http/HttpServletResponse;Lorg/springframework/web/servlet/HandlerExecutionChain;Lorg/springframework/web/servlet/ModelAndView;Ljava/lang/Exception;)V [o.a.x.a.v]
[2025-09-10 22:56:25.104] [WARN] [XCodeMap-Trans-8] - Method is not accessible:org/springframework/web/servlet/DispatcherServlet.applyAfterConcurrentHandlingStarted(Ljakarta/servlet/http/HttpServletRequest;Ljakarta/servlet/http/HttpServletResponse;)V [o.a.x.a.v]
[2025-09-10 22:56:25.105] [WARN] [XCodeMap-Trans-8] - Method is not accessible:org/springframework/web/servlet/DispatcherServlet.cleanupMultipart(Ljakarta/servlet/http/HttpServletRequest;)V [o.a.x.a.v]
[2025-09-10 22:56:25.105] [WARN] [XCodeMap-Trans-8] - Error getting class modifier for not found class:jakarta/servlet/http/HttpServletRequest [o.a.x.a.v]
[2025-09-10 22:56:25.106] [WARN] [XCodeMap-Trans-8] - Method is not accessible:org/springframework/web/servlet/DispatcherServlet.triggerAfterCompletion(Ljakarta/servlet/http/HttpServletRequest;Ljakarta/servlet/http/HttpServletResponse;Lorg/springframework/web/servlet/HandlerExecutionChain;Ljava/lang/Exception;)V [o.a.x.a.v]
[2025-09-10 22:56:25.106] [WARN] [XCodeMap-Trans-8] - Method is not accessible:org/springframework/web/servlet/DispatcherServlet.applyAfterConcurrentHandlingStarted(Ljakarta/servlet/http/HttpServletRequest;Ljakarta/servlet/http/HttpServletResponse;)V [o.a.x.a.v]
[2025-09-10 22:56:25.106] [WARN] [XCodeMap-Trans-8] - Method is not accessible:org/springframework/web/servlet/DispatcherServlet.cleanupMultipart(Ljakarta/servlet/http/HttpServletRequest;)V [o.a.x.a.v]
[2025-09-10 22:56:25.106] [WARN] [XCodeMap-Trans-8] - Method is not accessible:org/springframework/web/servlet/DispatcherServlet.triggerAfterCompletion(Ljakarta/servlet/http/HttpServletRequest;Ljakarta/servlet/http/HttpServletResponse;Lorg/springframework/web/servlet/HandlerExecutionChain;Ljava/lang/Exception;)V [o.a.x.a.v]
[2025-09-10 22:56:25.106] [WARN] [XCodeMap-Trans-8] - Method is not accessible:org/springframework/web/servlet/DispatcherServlet.applyAfterConcurrentHandlingStarted(Ljakarta/servlet/http/HttpServletRequest;Ljakarta/servlet/http/HttpServletResponse;)V [o.a.x.a.v]
[2025-09-10 22:56:25.107] [WARN] [XCodeMap-Trans-8] - Method is not accessible:org/springframework/web/servlet/DispatcherServlet.cleanupMultipart(Ljakarta/servlet/http/HttpServletRequest;)V [o.a.x.a.v]
[2025-09-10 22:56:25.107] [WARN] [XCodeMap-Trans-8] - Method is not accessible:org/springframework/web/servlet/DispatcherServlet.applyAfterConcurrentHandlingStarted(Ljakarta/servlet/http/HttpServletRequest;Ljakarta/servlet/http/HttpServletResponse;)V [o.a.x.a.v]
[2025-09-10 22:56:25.107] [WARN] [XCodeMap-Trans-8] - Method is not accessible:org/springframework/web/servlet/DispatcherServlet.cleanupMultipart(Ljakarta/servlet/http/HttpServletRequest;)V [o.a.x.a.v]
[2025-09-10 22:56:25.110] [WARN] [XCodeMap-Trans-8] - Cannot compute frames for not found classname:org.springframework.web.servlet.DispatcherServlet  [o.a.x.a.i]
[2025-09-10 22:56:25.121] [WARN] [XCodeMap-Trans-9] - Cannot compute frames for not found classname:org.springframework.web.servlet.FrameworkServlet  [o.a.x.a.i]
[2025-09-10 22:56:25.126] [WARN] [XCodeMap-Trans-7] - Error getting class modifier for not found class:jakarta/servlet/ServletConfig [o.a.x.a.v]
[2025-09-10 22:56:25.126] [WARN] [XCodeMap-Trans-7] - Method is not accessible:org/springframework/web/servlet/HttpServletBean.<init>(Ljakarta/servlet/ServletConfig;Ljava/util/Set;)V [o.a.x.a.v]
[2025-09-10 22:56:25.128] [WARN] [XCodeMap-Trans-7] - Error getting class modifier for not found class:jakarta/servlet/ServletContext [o.a.x.a.v]
[2025-09-10 22:56:25.128] [WARN] [XCodeMap-Trans-7] - Method is not accessible:org/springframework/web/servlet/HttpServletBean.<init>(Ljakarta/servlet/ServletContext;)V [o.a.x.a.v]
[2025-09-10 22:56:25.192] [WARN] [XCodeMap-Trans-2] - Change loadClass by javassist for classname:io.github.future0923.debug.tools.base.classloader.GroovyScriptClassLoader [o.a.x.a.i]
[2025-09-10 22:56:25.486] [WARN] [XCodeMap-Trans-2] - Change loadClass by javassist for classname:org.codehaus.groovy.reflection.SunClassLoader [o.a.x.a.i]
[2025-09-10 22:56:29.642] [WARN] [XCodeMap-Trans-0] - Change loadClass by javassist for classname:org.springframework.context.support.ContextTypeMatchClassLoader [o.a.x.a.i]
[2025-09-10 22:56:30.743] [WARN] [XCodeMap-Trans-8] - Method is not accessible:org/springframework/web/servlet/DispatcherServlet.logRequest(Ljakarta/servlet/http/HttpServletRequest;)V [o.a.x.a.v]
[2025-09-10 22:56:30.743] [WARN] [XCodeMap-Trans-8] - Method is not accessible:org/springframework/web/servlet/DispatcherServlet.isIncludeRequest(Ljakarta/servlet/ServletRequest;)Z [o.a.x.a.v]
[2025-09-10 22:56:30.743] [WARN] [XCodeMap-Trans-8] - Method is not accessible:org/springframework/web/servlet/DispatcherServlet.retrieveAndUpdate(Ljakarta/servlet/http/HttpServletRequest;Ljakarta/servlet/http/HttpServletResponse;)Lorg/springframework/web/servlet/FlashMap; [o.a.x.a.v]
[2025-09-10 22:56:30.743] [WARN] [XCodeMap-Trans-8] - Method is not accessible:org/springframework/web/servlet/DispatcherServlet.parseAndCache(Ljakarta/servlet/http/HttpServletRequest;)Lorg/springframework/http/server/RequestPath; [o.a.x.a.v]
[2025-09-10 22:56:30.743] [WARN] [XCodeMap-Trans-8] - Method is not accessible:org/springframework/web/servlet/DispatcherServlet.doDispatch(Ljakarta/servlet/http/HttpServletRequest;Ljakarta/servlet/http/HttpServletResponse;)V [o.a.x.a.v]
[2025-09-10 22:56:30.743] [WARN] [XCodeMap-Trans-8] - Method is not accessible:org/springframework/web/servlet/DispatcherServlet.getAsyncManager(Ljakarta/servlet/ServletRequest;)Lorg/springframework/web/context/request/async/WebAsyncManager; [o.a.x.a.v]
[2025-09-10 22:56:30.743] [WARN] [XCodeMap-Trans-8] - Method is not accessible:org/springframework/web/servlet/DispatcherServlet.restoreAttributesAfterInclude(Ljakarta/servlet/http/HttpServletRequest;Ljava/util/Map;)V [o.a.x.a.v]
[2025-09-10 22:56:30.743] [WARN] [XCodeMap-Trans-8] - Method is not accessible:org/springframework/web/servlet/DispatcherServlet.setParsedRequestPath(Lorg/springframework/http/server/RequestPath;Ljakarta/servlet/ServletRequest;)V [o.a.x.a.v]
[2025-09-10 22:56:30.743] [WARN] [XCodeMap-Trans-8] - Method is not accessible:org/springframework/web/servlet/DispatcherServlet.getAsyncManager(Ljakarta/servlet/ServletRequest;)Lorg/springframework/web/context/request/async/WebAsyncManager; [o.a.x.a.v]
[2025-09-10 22:56:30.743] [WARN] [XCodeMap-Trans-8] - Method is not accessible:org/springframework/web/servlet/DispatcherServlet.restoreAttributesAfterInclude(Ljakarta/servlet/http/HttpServletRequest;Ljava/util/Map;)V [o.a.x.a.v]
[2025-09-10 22:56:30.743] [WARN] [XCodeMap-Trans-8] - Method is not accessible:org/springframework/web/servlet/DispatcherServlet.setParsedRequestPath(Lorg/springframework/http/server/RequestPath;Ljakarta/servlet/ServletRequest;)V [o.a.x.a.v]
[2025-09-10 22:56:30.744] [WARN] [XCodeMap-Trans-8] - Method is not accessible:org/springframework/web/servlet/DispatcherServlet.getAsyncManager(Ljakarta/servlet/ServletRequest;)Lorg/springframework/web/context/request/async/WebAsyncManager; [o.a.x.a.v]
[2025-09-10 22:56:30.744] [WARN] [XCodeMap-Trans-8] - Method is not accessible:org/springframework/web/servlet/DispatcherServlet.checkMultipart(Ljakarta/servlet/http/HttpServletRequest;)Ljakarta/servlet/http/HttpServletRequest; [o.a.x.a.v]
[2025-09-10 22:56:30.744] [WARN] [XCodeMap-Trans-8] - Method is not accessible:org/springframework/web/servlet/DispatcherServlet.getHandler(Ljakarta/servlet/http/HttpServletRequest;)Lorg/springframework/web/servlet/HandlerExecutionChain; [o.a.x.a.v]
[2025-09-10 22:56:30.744] [WARN] [XCodeMap-Trans-8] - Method is not accessible:org/springframework/web/servlet/DispatcherServlet.noHandlerFound(Ljakarta/servlet/http/HttpServletRequest;Ljakarta/servlet/http/HttpServletResponse;)V [o.a.x.a.v]
[2025-09-10 22:56:30.744] [WARN] [XCodeMap-Trans-8] - Method is not accessible:org/springframework/web/servlet/DispatcherServlet.applyAfterConcurrentHandlingStarted(Ljakarta/servlet/http/HttpServletRequest;Ljakarta/servlet/http/HttpServletResponse;)V [o.a.x.a.v]
[2025-09-10 22:56:30.744] [WARN] [XCodeMap-Trans-8] - Method is not accessible:org/springframework/web/servlet/DispatcherServlet.cleanupMultipart(Ljakarta/servlet/http/HttpServletRequest;)V [o.a.x.a.v]
[2025-09-10 22:56:30.744] [WARN] [XCodeMap-Trans-8] - Method is not accessible:org/springframework/web/servlet/DispatcherServlet.getLastModified(Ljakarta/servlet/http/HttpServletRequest;Ljava/lang/Object;)J [o.a.x.a.v]
[2025-09-10 22:56:30.744] [WARN] [XCodeMap-Trans-8] - Method is not accessible:org/springframework/web/servlet/DispatcherServlet.<init>(Ljakarta/servlet/http/HttpServletRequest;Ljakarta/servlet/http/HttpServletResponse;)V [o.a.x.a.v]
[2025-09-10 22:56:30.744] [WARN] [XCodeMap-Trans-8] - Method is not accessible:org/springframework/web/servlet/DispatcherServlet.applyAfterConcurrentHandlingStarted(Ljakarta/servlet/http/HttpServletRequest;Ljakarta/servlet/http/HttpServletResponse;)V [o.a.x.a.v]
[2025-09-10 22:56:30.744] [WARN] [XCodeMap-Trans-8] - Method is not accessible:org/springframework/web/servlet/DispatcherServlet.cleanupMultipart(Ljakarta/servlet/http/HttpServletRequest;)V [o.a.x.a.v]
[2025-09-10 22:56:30.744] [WARN] [XCodeMap-Trans-8] - Method is not accessible:org/springframework/web/servlet/DispatcherServlet.applyPreHandle(Ljakarta/servlet/http/HttpServletRequest;Ljakarta/servlet/http/HttpServletResponse;)Z [o.a.x.a.v]
[2025-09-10 22:56:30.744] [WARN] [XCodeMap-Trans-8] - Method is not accessible:org/springframework/web/servlet/DispatcherServlet.applyAfterConcurrentHandlingStarted(Ljakarta/servlet/http/HttpServletRequest;Ljakarta/servlet/http/HttpServletResponse;)V [o.a.x.a.v]
[2025-09-10 22:56:30.744] [WARN] [XCodeMap-Trans-8] - Method is not accessible:org/springframework/web/servlet/DispatcherServlet.cleanupMultipart(Ljakarta/servlet/http/HttpServletRequest;)V [o.a.x.a.v]
[2025-09-10 22:56:30.744] [WARN] [XCodeMap-Trans-8] - Method is not accessible:org/springframework/web/servlet/DispatcherServlet.handle(Ljakarta/servlet/http/HttpServletRequest;Ljakarta/servlet/http/HttpServletResponse;Ljava/lang/Object;)Lorg/springframework/web/servlet/ModelAndView; [o.a.x.a.v]
[2025-09-10 22:56:30.744] [WARN] [XCodeMap-Trans-8] - Method is not accessible:org/springframework/web/servlet/DispatcherServlet.applyAfterConcurrentHandlingStarted(Ljakarta/servlet/http/HttpServletRequest;Ljakarta/servlet/http/HttpServletResponse;)V [o.a.x.a.v]
[2025-09-10 22:56:30.744] [WARN] [XCodeMap-Trans-8] - Method is not accessible:org/springframework/web/servlet/DispatcherServlet.cleanupMultipart(Ljakarta/servlet/http/HttpServletRequest;)V [o.a.x.a.v]
[2025-09-10 22:56:30.745] [WARN] [XCodeMap-Trans-8] - Method is not accessible:org/springframework/web/servlet/DispatcherServlet.applyDefaultViewName(Ljakarta/servlet/http/HttpServletRequest;Lorg/springframework/web/servlet/ModelAndView;)V [o.a.x.a.v]
[2025-09-10 22:56:30.745] [WARN] [XCodeMap-Trans-8] - Method is not accessible:org/springframework/web/servlet/DispatcherServlet.applyPostHandle(Ljakarta/servlet/http/HttpServletRequest;Ljakarta/servlet/http/HttpServletResponse;Lorg/springframework/web/servlet/ModelAndView;)V [o.a.x.a.v]
[2025-09-10 22:56:30.745] [WARN] [XCodeMap-Trans-8] - Method is not accessible:org/springframework/web/servlet/DispatcherServlet.processDispatchResult(Ljakarta/servlet/http/HttpServletRequest;Ljakarta/servlet/http/HttpServletResponse;Lorg/springframework/web/servlet/HandlerExecutionChain;Lorg/springframework/web/servlet/ModelAndView;Ljava/lang/Exception;)V [o.a.x.a.v]
[2025-09-10 22:56:30.745] [WARN] [XCodeMap-Trans-8] - Method is not accessible:org/springframework/web/servlet/DispatcherServlet.applyAfterConcurrentHandlingStarted(Ljakarta/servlet/http/HttpServletRequest;Ljakarta/servlet/http/HttpServletResponse;)V [o.a.x.a.v]
[2025-09-10 22:56:30.745] [WARN] [XCodeMap-Trans-8] - Method is not accessible:org/springframework/web/servlet/DispatcherServlet.cleanupMultipart(Ljakarta/servlet/http/HttpServletRequest;)V [o.a.x.a.v]
[2025-09-10 22:56:30.745] [WARN] [XCodeMap-Trans-8] - Method is not accessible:org/springframework/web/servlet/DispatcherServlet.triggerAfterCompletion(Ljakarta/servlet/http/HttpServletRequest;Ljakarta/servlet/http/HttpServletResponse;Lorg/springframework/web/servlet/HandlerExecutionChain;Ljava/lang/Exception;)V [o.a.x.a.v]
[2025-09-10 22:56:30.745] [WARN] [XCodeMap-Trans-8] - Method is not accessible:org/springframework/web/servlet/DispatcherServlet.applyAfterConcurrentHandlingStarted(Ljakarta/servlet/http/HttpServletRequest;Ljakarta/servlet/http/HttpServletResponse;)V [o.a.x.a.v]
[2025-09-10 22:56:30.745] [WARN] [XCodeMap-Trans-8] - Method is not accessible:org/springframework/web/servlet/DispatcherServlet.cleanupMultipart(Ljakarta/servlet/http/HttpServletRequest;)V [o.a.x.a.v]
[2025-09-10 22:56:30.745] [WARN] [XCodeMap-Trans-8] - Method is not accessible:org/springframework/web/servlet/DispatcherServlet.triggerAfterCompletion(Ljakarta/servlet/http/HttpServletRequest;Ljakarta/servlet/http/HttpServletResponse;Lorg/springframework/web/servlet/HandlerExecutionChain;Ljava/lang/Exception;)V [o.a.x.a.v]
[2025-09-10 22:56:30.745] [WARN] [XCodeMap-Trans-8] - Method is not accessible:org/springframework/web/servlet/DispatcherServlet.applyAfterConcurrentHandlingStarted(Ljakarta/servlet/http/HttpServletRequest;Ljakarta/servlet/http/HttpServletResponse;)V [o.a.x.a.v]
[2025-09-10 22:56:30.745] [WARN] [XCodeMap-Trans-8] - Method is not accessible:org/springframework/web/servlet/DispatcherServlet.cleanupMultipart(Ljakarta/servlet/http/HttpServletRequest;)V [o.a.x.a.v]
[2025-09-10 22:56:30.745] [WARN] [XCodeMap-Trans-8] - Method is not accessible:org/springframework/web/servlet/DispatcherServlet.applyAfterConcurrentHandlingStarted(Ljakarta/servlet/http/HttpServletRequest;Ljakarta/servlet/http/HttpServletResponse;)V [o.a.x.a.v]
[2025-09-10 22:56:30.745] [WARN] [XCodeMap-Trans-8] - Method is not accessible:org/springframework/web/servlet/DispatcherServlet.cleanupMultipart(Ljakarta/servlet/http/HttpServletRequest;)V [o.a.x.a.v]
[2025-09-10 22:56:30.746] [WARN] [XCodeMap-Trans-8] - Cannot compute frames for not found classname:org.springframework.web.servlet.DispatcherServlet  [o.a.x.a.i]
[2025-09-10 22:56:30.751] [WARN] [XCodeMap-Trans-9] - Cannot compute frames for not found classname:org.springframework.web.servlet.FrameworkServlet  [o.a.x.a.i]
[2025-09-10 22:56:30.754] [WARN] [XCodeMap-Trans-7] - Method is not accessible:org/springframework/web/servlet/HttpServletBean.<init>(Ljakarta/servlet/ServletConfig;Ljava/util/Set;)V [o.a.x.a.v]
[2025-09-10 22:56:30.754] [WARN] [XCodeMap-Trans-7] - Method is not accessible:org/springframework/web/servlet/HttpServletBean.<init>(Ljakarta/servlet/ServletContext;)V [o.a.x.a.v]
[2025-09-10 22:56:30.766] [WARN] [XCodeMap-Trans-8] - Method is not accessible:org/springframework/web/servlet/DispatcherServlet.logRequest(Ljakarta/servlet/http/HttpServletRequest;)V [o.a.x.a.v]
[2025-09-10 22:56:30.766] [WARN] [XCodeMap-Trans-8] - Method is not accessible:org/springframework/web/servlet/DispatcherServlet.isIncludeRequest(Ljakarta/servlet/ServletRequest;)Z [o.a.x.a.v]
[2025-09-10 22:56:30.766] [WARN] [XCodeMap-Trans-8] - Method is not accessible:org/springframework/web/servlet/DispatcherServlet.retrieveAndUpdate(Ljakarta/servlet/http/HttpServletRequest;Ljakarta/servlet/http/HttpServletResponse;)Lorg/springframework/web/servlet/FlashMap; [o.a.x.a.v]
[2025-09-10 22:56:30.766] [WARN] [XCodeMap-Trans-8] - Method is not accessible:org/springframework/web/servlet/DispatcherServlet.parseAndCache(Ljakarta/servlet/http/HttpServletRequest;)Lorg/springframework/http/server/RequestPath; [o.a.x.a.v]
[2025-09-10 22:56:30.766] [WARN] [XCodeMap-Trans-8] - Method is not accessible:org/springframework/web/servlet/DispatcherServlet.doDispatch(Ljakarta/servlet/http/HttpServletRequest;Ljakarta/servlet/http/HttpServletResponse;)V [o.a.x.a.v]
[2025-09-10 22:56:30.766] [WARN] [XCodeMap-Trans-8] - Method is not accessible:org/springframework/web/servlet/DispatcherServlet.getAsyncManager(Ljakarta/servlet/ServletRequest;)Lorg/springframework/web/context/request/async/WebAsyncManager; [o.a.x.a.v]
[2025-09-10 22:56:30.766] [WARN] [XCodeMap-Trans-8] - Method is not accessible:org/springframework/web/servlet/DispatcherServlet.restoreAttributesAfterInclude(Ljakarta/servlet/http/HttpServletRequest;Ljava/util/Map;)V [o.a.x.a.v]
[2025-09-10 22:56:30.767] [WARN] [XCodeMap-Trans-8] - Method is not accessible:org/springframework/web/servlet/DispatcherServlet.setParsedRequestPath(Lorg/springframework/http/server/RequestPath;Ljakarta/servlet/ServletRequest;)V [o.a.x.a.v]
[2025-09-10 22:56:30.767] [WARN] [XCodeMap-Trans-8] - Method is not accessible:org/springframework/web/servlet/DispatcherServlet.getAsyncManager(Ljakarta/servlet/ServletRequest;)Lorg/springframework/web/context/request/async/WebAsyncManager; [o.a.x.a.v]
[2025-09-10 22:56:30.767] [WARN] [XCodeMap-Trans-8] - Method is not accessible:org/springframework/web/servlet/DispatcherServlet.restoreAttributesAfterInclude(Ljakarta/servlet/http/HttpServletRequest;Ljava/util/Map;)V [o.a.x.a.v]
[2025-09-10 22:56:30.767] [WARN] [XCodeMap-Trans-8] - Method is not accessible:org/springframework/web/servlet/DispatcherServlet.setParsedRequestPath(Lorg/springframework/http/server/RequestPath;Ljakarta/servlet/ServletRequest;)V [o.a.x.a.v]
[2025-09-10 22:56:30.767] [WARN] [XCodeMap-Trans-8] - Method is not accessible:org/springframework/web/servlet/DispatcherServlet.getAsyncManager(Ljakarta/servlet/ServletRequest;)Lorg/springframework/web/context/request/async/WebAsyncManager; [o.a.x.a.v]
[2025-09-10 22:56:30.767] [WARN] [XCodeMap-Trans-8] - Method is not accessible:org/springframework/web/servlet/DispatcherServlet.checkMultipart(Ljakarta/servlet/http/HttpServletRequest;)Ljakarta/servlet/http/HttpServletRequest; [o.a.x.a.v]
[2025-09-10 22:56:30.767] [WARN] [XCodeMap-Trans-8] - Method is not accessible:org/springframework/web/servlet/DispatcherServlet.getHandler(Ljakarta/servlet/http/HttpServletRequest;)Lorg/springframework/web/servlet/HandlerExecutionChain; [o.a.x.a.v]
[2025-09-10 22:56:30.768] [WARN] [XCodeMap-Trans-8] - Method is not accessible:org/springframework/web/servlet/DispatcherServlet.noHandlerFound(Ljakarta/servlet/http/HttpServletRequest;Ljakarta/servlet/http/HttpServletResponse;)V [o.a.x.a.v]
[2025-09-10 22:56:30.768] [WARN] [XCodeMap-Trans-8] - Method is not accessible:org/springframework/web/servlet/DispatcherServlet.applyAfterConcurrentHandlingStarted(Ljakarta/servlet/http/HttpServletRequest;Ljakarta/servlet/http/HttpServletResponse;)V [o.a.x.a.v]
[2025-09-10 22:56:30.768] [WARN] [XCodeMap-Trans-8] - Method is not accessible:org/springframework/web/servlet/DispatcherServlet.cleanupMultipart(Ljakarta/servlet/http/HttpServletRequest;)V [o.a.x.a.v]
[2025-09-10 22:56:30.768] [WARN] [XCodeMap-Trans-8] - Method is not accessible:org/springframework/web/servlet/DispatcherServlet.getLastModified(Ljakarta/servlet/http/HttpServletRequest;Ljava/lang/Object;)J [o.a.x.a.v]
[2025-09-10 22:56:30.768] [WARN] [XCodeMap-Trans-8] - Method is not accessible:org/springframework/web/servlet/DispatcherServlet.<init>(Ljakarta/servlet/http/HttpServletRequest;Ljakarta/servlet/http/HttpServletResponse;)V [o.a.x.a.v]
[2025-09-10 22:56:30.768] [WARN] [XCodeMap-Trans-8] - Method is not accessible:org/springframework/web/servlet/DispatcherServlet.applyAfterConcurrentHandlingStarted(Ljakarta/servlet/http/HttpServletRequest;Ljakarta/servlet/http/HttpServletResponse;)V [o.a.x.a.v]
[2025-09-10 22:56:30.768] [WARN] [XCodeMap-Trans-8] - Method is not accessible:org/springframework/web/servlet/DispatcherServlet.cleanupMultipart(Ljakarta/servlet/http/HttpServletRequest;)V [o.a.x.a.v]
[2025-09-10 22:56:30.768] [WARN] [XCodeMap-Trans-8] - Method is not accessible:org/springframework/web/servlet/DispatcherServlet.applyPreHandle(Ljakarta/servlet/http/HttpServletRequest;Ljakarta/servlet/http/HttpServletResponse;)Z [o.a.x.a.v]
[2025-09-10 22:56:30.768] [WARN] [XCodeMap-Trans-8] - Method is not accessible:org/springframework/web/servlet/DispatcherServlet.applyAfterConcurrentHandlingStarted(Ljakarta/servlet/http/HttpServletRequest;Ljakarta/servlet/http/HttpServletResponse;)V [o.a.x.a.v]
[2025-09-10 22:56:30.768] [WARN] [XCodeMap-Trans-8] - Method is not accessible:org/springframework/web/servlet/DispatcherServlet.cleanupMultipart(Ljakarta/servlet/http/HttpServletRequest;)V [o.a.x.a.v]
[2025-09-10 22:56:30.768] [WARN] [XCodeMap-Trans-8] - Method is not accessible:org/springframework/web/servlet/DispatcherServlet.handle(Ljakarta/servlet/http/HttpServletRequest;Ljakarta/servlet/http/HttpServletResponse;Ljava/lang/Object;)Lorg/springframework/web/servlet/ModelAndView; [o.a.x.a.v]
[2025-09-10 22:56:30.768] [WARN] [XCodeMap-Trans-8] - Method is not accessible:org/springframework/web/servlet/DispatcherServlet.applyAfterConcurrentHandlingStarted(Ljakarta/servlet/http/HttpServletRequest;Ljakarta/servlet/http/HttpServletResponse;)V [o.a.x.a.v]
[2025-09-10 22:56:30.768] [WARN] [XCodeMap-Trans-8] - Method is not accessible:org/springframework/web/servlet/DispatcherServlet.cleanupMultipart(Ljakarta/servlet/http/HttpServletRequest;)V [o.a.x.a.v]
[2025-09-10 22:56:30.768] [WARN] [XCodeMap-Trans-8] - Method is not accessible:org/springframework/web/servlet/DispatcherServlet.applyDefaultViewName(Ljakarta/servlet/http/HttpServletRequest;Lorg/springframework/web/servlet/ModelAndView;)V [o.a.x.a.v]
[2025-09-10 22:56:30.768] [WARN] [XCodeMap-Trans-8] - Method is not accessible:org/springframework/web/servlet/DispatcherServlet.applyPostHandle(Ljakarta/servlet/http/HttpServletRequest;Ljakarta/servlet/http/HttpServletResponse;Lorg/springframework/web/servlet/ModelAndView;)V [o.a.x.a.v]
[2025-09-10 22:56:30.768] [WARN] [XCodeMap-Trans-8] - Method is not accessible:org/springframework/web/servlet/DispatcherServlet.processDispatchResult(Ljakarta/servlet/http/HttpServletRequest;Ljakarta/servlet/http/HttpServletResponse;Lorg/springframework/web/servlet/HandlerExecutionChain;Lorg/springframework/web/servlet/ModelAndView;Ljava/lang/Exception;)V [o.a.x.a.v]
[2025-09-10 22:56:30.768] [WARN] [XCodeMap-Trans-8] - Method is not accessible:org/springframework/web/servlet/DispatcherServlet.applyAfterConcurrentHandlingStarted(Ljakarta/servlet/http/HttpServletRequest;Ljakarta/servlet/http/HttpServletResponse;)V [o.a.x.a.v]
[2025-09-10 22:56:30.768] [WARN] [XCodeMap-Trans-8] - Method is not accessible:org/springframework/web/servlet/DispatcherServlet.cleanupMultipart(Ljakarta/servlet/http/HttpServletRequest;)V [o.a.x.a.v]
[2025-09-10 22:56:30.769] [WARN] [XCodeMap-Trans-8] - Method is not accessible:org/springframework/web/servlet/DispatcherServlet.triggerAfterCompletion(Ljakarta/servlet/http/HttpServletRequest;Ljakarta/servlet/http/HttpServletResponse;Lorg/springframework/web/servlet/HandlerExecutionChain;Ljava/lang/Exception;)V [o.a.x.a.v]
[2025-09-10 22:56:30.769] [WARN] [XCodeMap-Trans-8] - Method is not accessible:org/springframework/web/servlet/DispatcherServlet.applyAfterConcurrentHandlingStarted(Ljakarta/servlet/http/HttpServletRequest;Ljakarta/servlet/http/HttpServletResponse;)V [o.a.x.a.v]
[2025-09-10 22:56:30.769] [WARN] [XCodeMap-Trans-8] - Method is not accessible:org/springframework/web/servlet/DispatcherServlet.cleanupMultipart(Ljakarta/servlet/http/HttpServletRequest;)V [o.a.x.a.v]
[2025-09-10 22:56:30.769] [WARN] [XCodeMap-Trans-8] - Method is not accessible:org/springframework/web/servlet/DispatcherServlet.triggerAfterCompletion(Ljakarta/servlet/http/HttpServletRequest;Ljakarta/servlet/http/HttpServletResponse;Lorg/springframework/web/servlet/HandlerExecutionChain;Ljava/lang/Exception;)V [o.a.x.a.v]
[2025-09-10 22:56:30.769] [WARN] [XCodeMap-Trans-8] - Method is not accessible:org/springframework/web/servlet/DispatcherServlet.applyAfterConcurrentHandlingStarted(Ljakarta/servlet/http/HttpServletRequest;Ljakarta/servlet/http/HttpServletResponse;)V [o.a.x.a.v]
[2025-09-10 22:56:30.769] [WARN] [XCodeMap-Trans-8] - Method is not accessible:org/springframework/web/servlet/DispatcherServlet.cleanupMultipart(Ljakarta/servlet/http/HttpServletRequest;)V [o.a.x.a.v]
[2025-09-10 22:56:30.769] [WARN] [XCodeMap-Trans-8] - Method is not accessible:org/springframework/web/servlet/DispatcherServlet.applyAfterConcurrentHandlingStarted(Ljakarta/servlet/http/HttpServletRequest;Ljakarta/servlet/http/HttpServletResponse;)V [o.a.x.a.v]
[2025-09-10 22:56:30.769] [WARN] [XCodeMap-Trans-8] - Method is not accessible:org/springframework/web/servlet/DispatcherServlet.cleanupMultipart(Ljakarta/servlet/http/HttpServletRequest;)V [o.a.x.a.v]
[2025-09-10 22:56:30.770] [WARN] [XCodeMap-Trans-8] - Cannot compute frames for not found classname:org.springframework.web.servlet.DispatcherServlet  [o.a.x.a.i]
[2025-09-10 22:56:30.773] [WARN] [XCodeMap-Trans-9] - Cannot compute frames for not found classname:org.springframework.web.servlet.FrameworkServlet  [o.a.x.a.i]
[2025-09-10 22:56:30.774] [WARN] [XCodeMap-Trans-7] - Method is not accessible:org/springframework/web/servlet/HttpServletBean.<init>(Ljakarta/servlet/ServletConfig;Ljava/util/Set;)V [o.a.x.a.v]
[2025-09-10 22:56:30.774] [WARN] [XCodeMap-Trans-7] - Method is not accessible:org/springframework/web/servlet/HttpServletBean.<init>(Ljakarta/servlet/ServletContext;)V [o.a.x.a.v]
[2025-09-10 22:56:30.801] [WARN] [XCodeMap-Trans-8] - Method is not accessible:org/springframework/web/servlet/DispatcherServlet.logRequest(Ljakarta/servlet/http/HttpServletRequest;)V [o.a.x.a.v]
[2025-09-10 22:56:30.801] [WARN] [XCodeMap-Trans-8] - Method is not accessible:org/springframework/web/servlet/DispatcherServlet.isIncludeRequest(Ljakarta/servlet/ServletRequest;)Z [o.a.x.a.v]
[2025-09-10 22:56:30.802] [WARN] [XCodeMap-Trans-8] - Method is not accessible:org/springframework/web/servlet/DispatcherServlet.retrieveAndUpdate(Ljakarta/servlet/http/HttpServletRequest;Ljakarta/servlet/http/HttpServletResponse;)Lorg/springframework/web/servlet/FlashMap; [o.a.x.a.v]
[2025-09-10 22:56:30.802] [WARN] [XCodeMap-Trans-8] - Method is not accessible:org/springframework/web/servlet/DispatcherServlet.parseAndCache(Ljakarta/servlet/http/HttpServletRequest;)Lorg/springframework/http/server/RequestPath; [o.a.x.a.v]
[2025-09-10 22:56:30.802] [WARN] [XCodeMap-Trans-8] - Method is not accessible:org/springframework/web/servlet/DispatcherServlet.doDispatch(Ljakarta/servlet/http/HttpServletRequest;Ljakarta/servlet/http/HttpServletResponse;)V [o.a.x.a.v]
[2025-09-10 22:56:30.802] [WARN] [XCodeMap-Trans-8] - Method is not accessible:org/springframework/web/servlet/DispatcherServlet.getAsyncManager(Ljakarta/servlet/ServletRequest;)Lorg/springframework/web/context/request/async/WebAsyncManager; [o.a.x.a.v]
[2025-09-10 22:56:30.802] [WARN] [XCodeMap-Trans-8] - Method is not accessible:org/springframework/web/servlet/DispatcherServlet.restoreAttributesAfterInclude(Ljakarta/servlet/http/HttpServletRequest;Ljava/util/Map;)V [o.a.x.a.v]
[2025-09-10 22:56:30.802] [WARN] [XCodeMap-Trans-8] - Method is not accessible:org/springframework/web/servlet/DispatcherServlet.setParsedRequestPath(Lorg/springframework/http/server/RequestPath;Ljakarta/servlet/ServletRequest;)V [o.a.x.a.v]
[2025-09-10 22:56:30.802] [WARN] [XCodeMap-Trans-8] - Method is not accessible:org/springframework/web/servlet/DispatcherServlet.getAsyncManager(Ljakarta/servlet/ServletRequest;)Lorg/springframework/web/context/request/async/WebAsyncManager; [o.a.x.a.v]
[2025-09-10 22:56:30.802] [WARN] [XCodeMap-Trans-8] - Method is not accessible:org/springframework/web/servlet/DispatcherServlet.restoreAttributesAfterInclude(Ljakarta/servlet/http/HttpServletRequest;Ljava/util/Map;)V [o.a.x.a.v]
[2025-09-10 22:56:30.802] [WARN] [XCodeMap-Trans-8] - Method is not accessible:org/springframework/web/servlet/DispatcherServlet.setParsedRequestPath(Lorg/springframework/http/server/RequestPath;Ljakarta/servlet/ServletRequest;)V [o.a.x.a.v]
[2025-09-10 22:56:30.803] [WARN] [XCodeMap-Trans-8] - Method is not accessible:org/springframework/web/servlet/DispatcherServlet.getAsyncManager(Ljakarta/servlet/ServletRequest;)Lorg/springframework/web/context/request/async/WebAsyncManager; [o.a.x.a.v]
[2025-09-10 22:56:30.803] [WARN] [XCodeMap-Trans-8] - Method is not accessible:org/springframework/web/servlet/DispatcherServlet.checkMultipart(Ljakarta/servlet/http/HttpServletRequest;)Ljakarta/servlet/http/HttpServletRequest; [o.a.x.a.v]
[2025-09-10 22:56:30.803] [WARN] [XCodeMap-Trans-8] - Method is not accessible:org/springframework/web/servlet/DispatcherServlet.getHandler(Ljakarta/servlet/http/HttpServletRequest;)Lorg/springframework/web/servlet/HandlerExecutionChain; [o.a.x.a.v]
[2025-09-10 22:56:30.803] [WARN] [XCodeMap-Trans-8] - Method is not accessible:org/springframework/web/servlet/DispatcherServlet.noHandlerFound(Ljakarta/servlet/http/HttpServletRequest;Ljakarta/servlet/http/HttpServletResponse;)V [o.a.x.a.v]
[2025-09-10 22:56:30.803] [WARN] [XCodeMap-Trans-8] - Method is not accessible:org/springframework/web/servlet/DispatcherServlet.applyAfterConcurrentHandlingStarted(Ljakarta/servlet/http/HttpServletRequest;Ljakarta/servlet/http/HttpServletResponse;)V [o.a.x.a.v]
[2025-09-10 22:56:30.803] [WARN] [XCodeMap-Trans-8] - Method is not accessible:org/springframework/web/servlet/DispatcherServlet.cleanupMultipart(Ljakarta/servlet/http/HttpServletRequest;)V [o.a.x.a.v]
[2025-09-10 22:56:30.803] [WARN] [XCodeMap-Trans-8] - Method is not accessible:org/springframework/web/servlet/DispatcherServlet.getLastModified(Ljakarta/servlet/http/HttpServletRequest;Ljava/lang/Object;)J [o.a.x.a.v]
[2025-09-10 22:56:30.803] [WARN] [XCodeMap-Trans-8] - Method is not accessible:org/springframework/web/servlet/DispatcherServlet.<init>(Ljakarta/servlet/http/HttpServletRequest;Ljakarta/servlet/http/HttpServletResponse;)V [o.a.x.a.v]
[2025-09-10 22:56:30.803] [WARN] [XCodeMap-Trans-8] - Method is not accessible:org/springframework/web/servlet/DispatcherServlet.applyAfterConcurrentHandlingStarted(Ljakarta/servlet/http/HttpServletRequest;Ljakarta/servlet/http/HttpServletResponse;)V [o.a.x.a.v]
[2025-09-10 22:56:30.803] [WARN] [XCodeMap-Trans-8] - Method is not accessible:org/springframework/web/servlet/DispatcherServlet.cleanupMultipart(Ljakarta/servlet/http/HttpServletRequest;)V [o.a.x.a.v]
[2025-09-10 22:56:30.803] [WARN] [XCodeMap-Trans-8] - Method is not accessible:org/springframework/web/servlet/DispatcherServlet.applyPreHandle(Ljakarta/servlet/http/HttpServletRequest;Ljakarta/servlet/http/HttpServletResponse;)Z [o.a.x.a.v]
[2025-09-10 22:56:30.803] [WARN] [XCodeMap-Trans-8] - Method is not accessible:org/springframework/web/servlet/DispatcherServlet.applyAfterConcurrentHandlingStarted(Ljakarta/servlet/http/HttpServletRequest;Ljakarta/servlet/http/HttpServletResponse;)V [o.a.x.a.v]
[2025-09-10 22:56:30.803] [WARN] [XCodeMap-Trans-8] - Method is not accessible:org/springframework/web/servlet/DispatcherServlet.cleanupMultipart(Ljakarta/servlet/http/HttpServletRequest;)V [o.a.x.a.v]
[2025-09-10 22:56:30.803] [WARN] [XCodeMap-Trans-8] - Method is not accessible:org/springframework/web/servlet/DispatcherServlet.handle(Ljakarta/servlet/http/HttpServletRequest;Ljakarta/servlet/http/HttpServletResponse;Ljava/lang/Object;)Lorg/springframework/web/servlet/ModelAndView; [o.a.x.a.v]
[2025-09-10 22:56:30.803] [WARN] [XCodeMap-Trans-8] - Method is not accessible:org/springframework/web/servlet/DispatcherServlet.applyAfterConcurrentHandlingStarted(Ljakarta/servlet/http/HttpServletRequest;Ljakarta/servlet/http/HttpServletResponse;)V [o.a.x.a.v]
[2025-09-10 22:56:30.803] [WARN] [XCodeMap-Trans-8] - Method is not accessible:org/springframework/web/servlet/DispatcherServlet.cleanupMultipart(Ljakarta/servlet/http/HttpServletRequest;)V [o.a.x.a.v]
[2025-09-10 22:56:30.803] [WARN] [XCodeMap-Trans-8] - Method is not accessible:org/springframework/web/servlet/DispatcherServlet.applyDefaultViewName(Ljakarta/servlet/http/HttpServletRequest;Lorg/springframework/web/servlet/ModelAndView;)V [o.a.x.a.v]
[2025-09-10 22:56:30.803] [WARN] [XCodeMap-Trans-8] - Method is not accessible:org/springframework/web/servlet/DispatcherServlet.applyPostHandle(Ljakarta/servlet/http/HttpServletRequest;Ljakarta/servlet/http/HttpServletResponse;Lorg/springframework/web/servlet/ModelAndView;)V [o.a.x.a.v]
[2025-09-10 22:56:30.803] [WARN] [XCodeMap-Trans-8] - Method is not accessible:org/springframework/web/servlet/DispatcherServlet.processDispatchResult(Ljakarta/servlet/http/HttpServletRequest;Ljakarta/servlet/http/HttpServletResponse;Lorg/springframework/web/servlet/HandlerExecutionChain;Lorg/springframework/web/servlet/ModelAndView;Ljava/lang/Exception;)V [o.a.x.a.v]
[2025-09-10 22:56:30.803] [WARN] [XCodeMap-Trans-8] - Method is not accessible:org/springframework/web/servlet/DispatcherServlet.applyAfterConcurrentHandlingStarted(Ljakarta/servlet/http/HttpServletRequest;Ljakarta/servlet/http/HttpServletResponse;)V [o.a.x.a.v]
[2025-09-10 22:56:30.803] [WARN] [XCodeMap-Trans-8] - Method is not accessible:org/springframework/web/servlet/DispatcherServlet.cleanupMultipart(Ljakarta/servlet/http/HttpServletRequest;)V [o.a.x.a.v]
[2025-09-10 22:56:30.803] [WARN] [XCodeMap-Trans-8] - Method is not accessible:org/springframework/web/servlet/DispatcherServlet.triggerAfterCompletion(Ljakarta/servlet/http/HttpServletRequest;Ljakarta/servlet/http/HttpServletResponse;Lorg/springframework/web/servlet/HandlerExecutionChain;Ljava/lang/Exception;)V [o.a.x.a.v]
[2025-09-10 22:56:30.803] [WARN] [XCodeMap-Trans-8] - Method is not accessible:org/springframework/web/servlet/DispatcherServlet.applyAfterConcurrentHandlingStarted(Ljakarta/servlet/http/HttpServletRequest;Ljakarta/servlet/http/HttpServletResponse;)V [o.a.x.a.v]
[2025-09-10 22:56:30.803] [WARN] [XCodeMap-Trans-8] - Method is not accessible:org/springframework/web/servlet/DispatcherServlet.cleanupMultipart(Ljakarta/servlet/http/HttpServletRequest;)V [o.a.x.a.v]
[2025-09-10 22:56:30.803] [WARN] [XCodeMap-Trans-8] - Method is not accessible:org/springframework/web/servlet/DispatcherServlet.triggerAfterCompletion(Ljakarta/servlet/http/HttpServletRequest;Ljakarta/servlet/http/HttpServletResponse;Lorg/springframework/web/servlet/HandlerExecutionChain;Ljava/lang/Exception;)V [o.a.x.a.v]
[2025-09-10 22:56:30.803] [WARN] [XCodeMap-Trans-8] - Method is not accessible:org/springframework/web/servlet/DispatcherServlet.applyAfterConcurrentHandlingStarted(Ljakarta/servlet/http/HttpServletRequest;Ljakarta/servlet/http/HttpServletResponse;)V [o.a.x.a.v]
[2025-09-10 22:56:30.803] [WARN] [XCodeMap-Trans-8] - Method is not accessible:org/springframework/web/servlet/DispatcherServlet.cleanupMultipart(Ljakarta/servlet/http/HttpServletRequest;)V [o.a.x.a.v]
[2025-09-10 22:56:30.803] [WARN] [XCodeMap-Trans-8] - Method is not accessible:org/springframework/web/servlet/DispatcherServlet.applyAfterConcurrentHandlingStarted(Ljakarta/servlet/http/HttpServletRequest;Ljakarta/servlet/http/HttpServletResponse;)V [o.a.x.a.v]
[2025-09-10 22:56:30.803] [WARN] [XCodeMap-Trans-8] - Method is not accessible:org/springframework/web/servlet/DispatcherServlet.cleanupMultipart(Ljakarta/servlet/http/HttpServletRequest;)V [o.a.x.a.v]
[2025-09-10 22:56:30.804] [WARN] [XCodeMap-Trans-8] - Cannot compute frames for not found classname:org.springframework.web.servlet.DispatcherServlet  [o.a.x.a.i]
[2025-09-10 22:56:30.809] [WARN] [XCodeMap-Trans-9] - Cannot compute frames for not found classname:org.springframework.web.servlet.FrameworkServlet  [o.a.x.a.i]
[2025-09-10 22:56:30.811] [WARN] [XCodeMap-Trans-7] - Method is not accessible:org/springframework/web/servlet/HttpServletBean.<init>(Ljakarta/servlet/ServletConfig;Ljava/util/Set;)V [o.a.x.a.v]
[2025-09-10 22:56:30.811] [WARN] [XCodeMap-Trans-7] - Method is not accessible:org/springframework/web/servlet/HttpServletBean.<init>(Ljakarta/servlet/ServletContext;)V [o.a.x.a.v]
[2025-09-10 22:56:30.910] [WARN] [XCodeMap-Trans-8] - Method is not accessible:org/springframework/web/servlet/DispatcherServlet.logRequest(Ljakarta/servlet/http/HttpServletRequest;)V [o.a.x.a.v]
[2025-09-10 22:56:30.910] [WARN] [XCodeMap-Trans-8] - Method is not accessible:org/springframework/web/servlet/DispatcherServlet.isIncludeRequest(Ljakarta/servlet/ServletRequest;)Z [o.a.x.a.v]
[2025-09-10 22:56:30.910] [WARN] [XCodeMap-Trans-8] - Method is not accessible:org/springframework/web/servlet/DispatcherServlet.retrieveAndUpdate(Ljakarta/servlet/http/HttpServletRequest;Ljakarta/servlet/http/HttpServletResponse;)Lorg/springframework/web/servlet/FlashMap; [o.a.x.a.v]
[2025-09-10 22:56:30.911] [WARN] [XCodeMap-Trans-8] - Method is not accessible:org/springframework/web/servlet/DispatcherServlet.parseAndCache(Ljakarta/servlet/http/HttpServletRequest;)Lorg/springframework/http/server/RequestPath; [o.a.x.a.v]
[2025-09-10 22:56:30.911] [WARN] [XCodeMap-Trans-8] - Method is not accessible:org/springframework/web/servlet/DispatcherServlet.doDispatch(Ljakarta/servlet/http/HttpServletRequest;Ljakarta/servlet/http/HttpServletResponse;)V [o.a.x.a.v]
[2025-09-10 22:56:30.911] [WARN] [XCodeMap-Trans-8] - Method is not accessible:org/springframework/web/servlet/DispatcherServlet.getAsyncManager(Ljakarta/servlet/ServletRequest;)Lorg/springframework/web/context/request/async/WebAsyncManager; [o.a.x.a.v]
[2025-09-10 22:56:30.911] [WARN] [XCodeMap-Trans-8] - Method is not accessible:org/springframework/web/servlet/DispatcherServlet.restoreAttributesAfterInclude(Ljakarta/servlet/http/HttpServletRequest;Ljava/util/Map;)V [o.a.x.a.v]
[2025-09-10 22:56:30.911] [WARN] [XCodeMap-Trans-8] - Method is not accessible:org/springframework/web/servlet/DispatcherServlet.setParsedRequestPath(Lorg/springframework/http/server/RequestPath;Ljakarta/servlet/ServletRequest;)V [o.a.x.a.v]
[2025-09-10 22:56:30.911] [WARN] [XCodeMap-Trans-8] - Method is not accessible:org/springframework/web/servlet/DispatcherServlet.getAsyncManager(Ljakarta/servlet/ServletRequest;)Lorg/springframework/web/context/request/async/WebAsyncManager; [o.a.x.a.v]
[2025-09-10 22:56:30.911] [WARN] [XCodeMap-Trans-8] - Method is not accessible:org/springframework/web/servlet/DispatcherServlet.restoreAttributesAfterInclude(Ljakarta/servlet/http/HttpServletRequest;Ljava/util/Map;)V [o.a.x.a.v]
[2025-09-10 22:56:30.911] [WARN] [XCodeMap-Trans-8] - Method is not accessible:org/springframework/web/servlet/DispatcherServlet.setParsedRequestPath(Lorg/springframework/http/server/RequestPath;Ljakarta/servlet/ServletRequest;)V [o.a.x.a.v]
[2025-09-10 22:56:30.911] [WARN] [XCodeMap-Trans-8] - Method is not accessible:org/springframework/web/servlet/DispatcherServlet.getAsyncManager(Ljakarta/servlet/ServletRequest;)Lorg/springframework/web/context/request/async/WebAsyncManager; [o.a.x.a.v]
[2025-09-10 22:56:30.911] [WARN] [XCodeMap-Trans-8] - Method is not accessible:org/springframework/web/servlet/DispatcherServlet.checkMultipart(Ljakarta/servlet/http/HttpServletRequest;)Ljakarta/servlet/http/HttpServletRequest; [o.a.x.a.v]
[2025-09-10 22:56:30.911] [WARN] [XCodeMap-Trans-8] - Method is not accessible:org/springframework/web/servlet/DispatcherServlet.getHandler(Ljakarta/servlet/http/HttpServletRequest;)Lorg/springframework/web/servlet/HandlerExecutionChain; [o.a.x.a.v]
[2025-09-10 22:56:30.911] [WARN] [XCodeMap-Trans-8] - Method is not accessible:org/springframework/web/servlet/DispatcherServlet.noHandlerFound(Ljakarta/servlet/http/HttpServletRequest;Ljakarta/servlet/http/HttpServletResponse;)V [o.a.x.a.v]
[2025-09-10 22:56:30.912] [WARN] [XCodeMap-Trans-8] - Method is not accessible:org/springframework/web/servlet/DispatcherServlet.applyAfterConcurrentHandlingStarted(Ljakarta/servlet/http/HttpServletRequest;Ljakarta/servlet/http/HttpServletResponse;)V [o.a.x.a.v]
[2025-09-10 22:56:30.912] [WARN] [XCodeMap-Trans-8] - Method is not accessible:org/springframework/web/servlet/DispatcherServlet.cleanupMultipart(Ljakarta/servlet/http/HttpServletRequest;)V [o.a.x.a.v]
[2025-09-10 22:56:30.912] [WARN] [XCodeMap-Trans-8] - Method is not accessible:org/springframework/web/servlet/DispatcherServlet.getLastModified(Ljakarta/servlet/http/HttpServletRequest;Ljava/lang/Object;)J [o.a.x.a.v]
[2025-09-10 22:56:30.912] [WARN] [XCodeMap-Trans-8] - Method is not accessible:org/springframework/web/servlet/DispatcherServlet.<init>(Ljakarta/servlet/http/HttpServletRequest;Ljakarta/servlet/http/HttpServletResponse;)V [o.a.x.a.v]
[2025-09-10 22:56:30.912] [WARN] [XCodeMap-Trans-8] - Method is not accessible:org/springframework/web/servlet/DispatcherServlet.applyAfterConcurrentHandlingStarted(Ljakarta/servlet/http/HttpServletRequest;Ljakarta/servlet/http/HttpServletResponse;)V [o.a.x.a.v]
[2025-09-10 22:56:30.912] [WARN] [XCodeMap-Trans-8] - Method is not accessible:org/springframework/web/servlet/DispatcherServlet.cleanupMultipart(Ljakarta/servlet/http/HttpServletRequest;)V [o.a.x.a.v]
[2025-09-10 22:56:30.912] [WARN] [XCodeMap-Trans-8] - Method is not accessible:org/springframework/web/servlet/DispatcherServlet.applyPreHandle(Ljakarta/servlet/http/HttpServletRequest;Ljakarta/servlet/http/HttpServletResponse;)Z [o.a.x.a.v]
[2025-09-10 22:56:30.912] [WARN] [XCodeMap-Trans-8] - Method is not accessible:org/springframework/web/servlet/DispatcherServlet.applyAfterConcurrentHandlingStarted(Ljakarta/servlet/http/HttpServletRequest;Ljakarta/servlet/http/HttpServletResponse;)V [o.a.x.a.v]
[2025-09-10 22:56:30.912] [WARN] [XCodeMap-Trans-8] - Method is not accessible:org/springframework/web/servlet/DispatcherServlet.cleanupMultipart(Ljakarta/servlet/http/HttpServletRequest;)V [o.a.x.a.v]
[2025-09-10 22:56:30.912] [WARN] [XCodeMap-Trans-8] - Method is not accessible:org/springframework/web/servlet/DispatcherServlet.handle(Ljakarta/servlet/http/HttpServletRequest;Ljakarta/servlet/http/HttpServletResponse;Ljava/lang/Object;)Lorg/springframework/web/servlet/ModelAndView; [o.a.x.a.v]
[2025-09-10 22:56:30.912] [WARN] [XCodeMap-Trans-8] - Method is not accessible:org/springframework/web/servlet/DispatcherServlet.applyAfterConcurrentHandlingStarted(Ljakarta/servlet/http/HttpServletRequest;Ljakarta/servlet/http/HttpServletResponse;)V [o.a.x.a.v]
[2025-09-10 22:56:30.912] [WARN] [XCodeMap-Trans-8] - Method is not accessible:org/springframework/web/servlet/DispatcherServlet.cleanupMultipart(Ljakarta/servlet/http/HttpServletRequest;)V [o.a.x.a.v]
[2025-09-10 22:56:30.912] [WARN] [XCodeMap-Trans-8] - Method is not accessible:org/springframework/web/servlet/DispatcherServlet.applyDefaultViewName(Ljakarta/servlet/http/HttpServletRequest;Lorg/springframework/web/servlet/ModelAndView;)V [o.a.x.a.v]
[2025-09-10 22:56:30.912] [WARN] [XCodeMap-Trans-8] - Method is not accessible:org/springframework/web/servlet/DispatcherServlet.applyPostHandle(Ljakarta/servlet/http/HttpServletRequest;Ljakarta/servlet/http/HttpServletResponse;Lorg/springframework/web/servlet/ModelAndView;)V [o.a.x.a.v]
[2025-09-10 22:56:30.912] [WARN] [XCodeMap-Trans-8] - Method is not accessible:org/springframework/web/servlet/DispatcherServlet.processDispatchResult(Ljakarta/servlet/http/HttpServletRequest;Ljakarta/servlet/http/HttpServletResponse;Lorg/springframework/web/servlet/HandlerExecutionChain;Lorg/springframework/web/servlet/ModelAndView;Ljava/lang/Exception;)V [o.a.x.a.v]
[2025-09-10 22:56:30.912] [WARN] [XCodeMap-Trans-8] - Method is not accessible:org/springframework/web/servlet/DispatcherServlet.applyAfterConcurrentHandlingStarted(Ljakarta/servlet/http/HttpServletRequest;Ljakarta/servlet/http/HttpServletResponse;)V [o.a.x.a.v]
[2025-09-10 22:56:30.912] [WARN] [XCodeMap-Trans-8] - Method is not accessible:org/springframework/web/servlet/DispatcherServlet.cleanupMultipart(Ljakarta/servlet/http/HttpServletRequest;)V [o.a.x.a.v]
[2025-09-10 22:56:30.912] [WARN] [XCodeMap-Trans-8] - Method is not accessible:org/springframework/web/servlet/DispatcherServlet.triggerAfterCompletion(Ljakarta/servlet/http/HttpServletRequest;Ljakarta/servlet/http/HttpServletResponse;Lorg/springframework/web/servlet/HandlerExecutionChain;Ljava/lang/Exception;)V [o.a.x.a.v]
[2025-09-10 22:56:30.912] [WARN] [XCodeMap-Trans-8] - Method is not accessible:org/springframework/web/servlet/DispatcherServlet.applyAfterConcurrentHandlingStarted(Ljakarta/servlet/http/HttpServletRequest;Ljakarta/servlet/http/HttpServletResponse;)V [o.a.x.a.v]
[2025-09-10 22:56:30.912] [WARN] [XCodeMap-Trans-8] - Method is not accessible:org/springframework/web/servlet/DispatcherServlet.cleanupMultipart(Ljakarta/servlet/http/HttpServletRequest;)V [o.a.x.a.v]
[2025-09-10 22:56:30.912] [WARN] [XCodeMap-Trans-8] - Method is not accessible:org/springframework/web/servlet/DispatcherServlet.triggerAfterCompletion(Ljakarta/servlet/http/HttpServletRequest;Ljakarta/servlet/http/HttpServletResponse;Lorg/springframework/web/servlet/HandlerExecutionChain;Ljava/lang/Exception;)V [o.a.x.a.v]
[2025-09-10 22:56:30.913] [WARN] [XCodeMap-Trans-8] - Method is not accessible:org/springframework/web/servlet/DispatcherServlet.applyAfterConcurrentHandlingStarted(Ljakarta/servlet/http/HttpServletRequest;Ljakarta/servlet/http/HttpServletResponse;)V [o.a.x.a.v]
[2025-09-10 22:56:30.913] [WARN] [XCodeMap-Trans-8] - Method is not accessible:org/springframework/web/servlet/DispatcherServlet.cleanupMultipart(Ljakarta/servlet/http/HttpServletRequest;)V [o.a.x.a.v]
[2025-09-10 22:56:30.913] [WARN] [XCodeMap-Trans-8] - Method is not accessible:org/springframework/web/servlet/DispatcherServlet.applyAfterConcurrentHandlingStarted(Ljakarta/servlet/http/HttpServletRequest;Ljakarta/servlet/http/HttpServletResponse;)V [o.a.x.a.v]
[2025-09-10 22:56:30.913] [WARN] [XCodeMap-Trans-8] - Method is not accessible:org/springframework/web/servlet/DispatcherServlet.cleanupMultipart(Ljakarta/servlet/http/HttpServletRequest;)V [o.a.x.a.v]
[2025-09-10 22:56:30.914] [WARN] [XCodeMap-Trans-8] - Cannot compute frames for not found classname:org.springframework.web.servlet.DispatcherServlet  [o.a.x.a.i]
[2025-09-10 22:56:30.917] [WARN] [XCodeMap-Trans-9] - Cannot compute frames for not found classname:org.springframework.web.servlet.FrameworkServlet  [o.a.x.a.i]
[2025-09-10 22:56:30.919] [WARN] [XCodeMap-Trans-7] - Method is not accessible:org/springframework/web/servlet/HttpServletBean.<init>(Ljakarta/servlet/ServletConfig;Ljava/util/Set;)V [o.a.x.a.v]
[2025-09-10 22:56:30.920] [WARN] [XCodeMap-Trans-7] - Method is not accessible:org/springframework/web/servlet/HttpServletBean.<init>(Ljakarta/servlet/ServletContext;)V [o.a.x.a.v]
[2025-09-10 22:56:31.281] [WARN] [XCodeMap-Trans-8] - Method is not accessible:org/springframework/web/servlet/DispatcherServlet.logRequest(Ljakarta/servlet/http/HttpServletRequest;)V [o.a.x.a.v]
[2025-09-10 22:56:31.282] [WARN] [XCodeMap-Trans-8] - Method is not accessible:org/springframework/web/servlet/DispatcherServlet.isIncludeRequest(Ljakarta/servlet/ServletRequest;)Z [o.a.x.a.v]
[2025-09-10 22:56:31.282] [WARN] [XCodeMap-Trans-8] - Method is not accessible:org/springframework/web/servlet/DispatcherServlet.retrieveAndUpdate(Ljakarta/servlet/http/HttpServletRequest;Ljakarta/servlet/http/HttpServletResponse;)Lorg/springframework/web/servlet/FlashMap; [o.a.x.a.v]
[2025-09-10 22:56:31.282] [WARN] [XCodeMap-Trans-8] - Method is not accessible:org/springframework/web/servlet/DispatcherServlet.parseAndCache(Ljakarta/servlet/http/HttpServletRequest;)Lorg/springframework/http/server/RequestPath; [o.a.x.a.v]
[2025-09-10 22:56:31.282] [WARN] [XCodeMap-Trans-8] - Method is not accessible:org/springframework/web/servlet/DispatcherServlet.doDispatch(Ljakarta/servlet/http/HttpServletRequest;Ljakarta/servlet/http/HttpServletResponse;)V [o.a.x.a.v]
[2025-09-10 22:56:31.282] [WARN] [XCodeMap-Trans-8] - Method is not accessible:org/springframework/web/servlet/DispatcherServlet.getAsyncManager(Ljakarta/servlet/ServletRequest;)Lorg/springframework/web/context/request/async/WebAsyncManager; [o.a.x.a.v]
[2025-09-10 22:56:31.282] [WARN] [XCodeMap-Trans-8] - Method is not accessible:org/springframework/web/servlet/DispatcherServlet.restoreAttributesAfterInclude(Ljakarta/servlet/http/HttpServletRequest;Ljava/util/Map;)V [o.a.x.a.v]
[2025-09-10 22:56:31.282] [WARN] [XCodeMap-Trans-8] - Method is not accessible:org/springframework/web/servlet/DispatcherServlet.setParsedRequestPath(Lorg/springframework/http/server/RequestPath;Ljakarta/servlet/ServletRequest;)V [o.a.x.a.v]
[2025-09-10 22:56:31.282] [WARN] [XCodeMap-Trans-8] - Method is not accessible:org/springframework/web/servlet/DispatcherServlet.getAsyncManager(Ljakarta/servlet/ServletRequest;)Lorg/springframework/web/context/request/async/WebAsyncManager; [o.a.x.a.v]
[2025-09-10 22:56:31.282] [WARN] [XCodeMap-Trans-8] - Method is not accessible:org/springframework/web/servlet/DispatcherServlet.restoreAttributesAfterInclude(Ljakarta/servlet/http/HttpServletRequest;Ljava/util/Map;)V [o.a.x.a.v]
[2025-09-10 22:56:31.282] [WARN] [XCodeMap-Trans-8] - Method is not accessible:org/springframework/web/servlet/DispatcherServlet.setParsedRequestPath(Lorg/springframework/http/server/RequestPath;Ljakarta/servlet/ServletRequest;)V [o.a.x.a.v]
[2025-09-10 22:56:31.282] [WARN] [XCodeMap-Trans-8] - Method is not accessible:org/springframework/web/servlet/DispatcherServlet.getAsyncManager(Ljakarta/servlet/ServletRequest;)Lorg/springframework/web/context/request/async/WebAsyncManager; [o.a.x.a.v]
[2025-09-10 22:56:31.282] [WARN] [XCodeMap-Trans-8] - Method is not accessible:org/springframework/web/servlet/DispatcherServlet.checkMultipart(Ljakarta/servlet/http/HttpServletRequest;)Ljakarta/servlet/http/HttpServletRequest; [o.a.x.a.v]
[2025-09-10 22:56:31.282] [WARN] [XCodeMap-Trans-8] - Method is not accessible:org/springframework/web/servlet/DispatcherServlet.getHandler(Ljakarta/servlet/http/HttpServletRequest;)Lorg/springframework/web/servlet/HandlerExecutionChain; [o.a.x.a.v]
[2025-09-10 22:56:31.282] [WARN] [XCodeMap-Trans-8] - Method is not accessible:org/springframework/web/servlet/DispatcherServlet.noHandlerFound(Ljakarta/servlet/http/HttpServletRequest;Ljakarta/servlet/http/HttpServletResponse;)V [o.a.x.a.v]
[2025-09-10 22:56:31.282] [WARN] [XCodeMap-Trans-8] - Method is not accessible:org/springframework/web/servlet/DispatcherServlet.applyAfterConcurrentHandlingStarted(Ljakarta/servlet/http/HttpServletRequest;Ljakarta/servlet/http/HttpServletResponse;)V [o.a.x.a.v]
[2025-09-10 22:56:31.282] [WARN] [XCodeMap-Trans-8] - Method is not accessible:org/springframework/web/servlet/DispatcherServlet.cleanupMultipart(Ljakarta/servlet/http/HttpServletRequest;)V [o.a.x.a.v]
[2025-09-10 22:56:31.282] [WARN] [XCodeMap-Trans-8] - Method is not accessible:org/springframework/web/servlet/DispatcherServlet.getLastModified(Ljakarta/servlet/http/HttpServletRequest;Ljava/lang/Object;)J [o.a.x.a.v]
[2025-09-10 22:56:31.282] [WARN] [XCodeMap-Trans-8] - Method is not accessible:org/springframework/web/servlet/DispatcherServlet.<init>(Ljakarta/servlet/http/HttpServletRequest;Ljakarta/servlet/http/HttpServletResponse;)V [o.a.x.a.v]
[2025-09-10 22:56:31.283] [WARN] [XCodeMap-Trans-8] - Method is not accessible:org/springframework/web/servlet/DispatcherServlet.applyAfterConcurrentHandlingStarted(Ljakarta/servlet/http/HttpServletRequest;Ljakarta/servlet/http/HttpServletResponse;)V [o.a.x.a.v]
[2025-09-10 22:56:31.283] [WARN] [XCodeMap-Trans-8] - Method is not accessible:org/springframework/web/servlet/DispatcherServlet.cleanupMultipart(Ljakarta/servlet/http/HttpServletRequest;)V [o.a.x.a.v]
[2025-09-10 22:56:31.283] [WARN] [XCodeMap-Trans-8] - Method is not accessible:org/springframework/web/servlet/DispatcherServlet.applyPreHandle(Ljakarta/servlet/http/HttpServletRequest;Ljakarta/servlet/http/HttpServletResponse;)Z [o.a.x.a.v]
[2025-09-10 22:56:31.283] [WARN] [XCodeMap-Trans-8] - Method is not accessible:org/springframework/web/servlet/DispatcherServlet.applyAfterConcurrentHandlingStarted(Ljakarta/servlet/http/HttpServletRequest;Ljakarta/servlet/http/HttpServletResponse;)V [o.a.x.a.v]
[2025-09-10 22:56:31.283] [WARN] [XCodeMap-Trans-8] - Method is not accessible:org/springframework/web/servlet/DispatcherServlet.cleanupMultipart(Ljakarta/servlet/http/HttpServletRequest;)V [o.a.x.a.v]
[2025-09-10 22:56:31.283] [WARN] [XCodeMap-Trans-8] - Method is not accessible:org/springframework/web/servlet/DispatcherServlet.handle(Ljakarta/servlet/http/HttpServletRequest;Ljakarta/servlet/http/HttpServletResponse;Ljava/lang/Object;)Lorg/springframework/web/servlet/ModelAndView; [o.a.x.a.v]
[2025-09-10 22:56:31.283] [WARN] [XCodeMap-Trans-8] - Method is not accessible:org/springframework/web/servlet/DispatcherServlet.applyAfterConcurrentHandlingStarted(Ljakarta/servlet/http/HttpServletRequest;Ljakarta/servlet/http/HttpServletResponse;)V [o.a.x.a.v]
[2025-09-10 22:56:31.283] [WARN] [XCodeMap-Trans-8] - Method is not accessible:org/springframework/web/servlet/DispatcherServlet.cleanupMultipart(Ljakarta/servlet/http/HttpServletRequest;)V [o.a.x.a.v]
[2025-09-10 22:56:31.283] [WARN] [XCodeMap-Trans-8] - Method is not accessible:org/springframework/web/servlet/DispatcherServlet.applyDefaultViewName(Ljakarta/servlet/http/HttpServletRequest;Lorg/springframework/web/servlet/ModelAndView;)V [o.a.x.a.v]
[2025-09-10 22:56:31.283] [WARN] [XCodeMap-Trans-8] - Method is not accessible:org/springframework/web/servlet/DispatcherServlet.applyPostHandle(Ljakarta/servlet/http/HttpServletRequest;Ljakarta/servlet/http/HttpServletResponse;Lorg/springframework/web/servlet/ModelAndView;)V [o.a.x.a.v]
[2025-09-10 22:56:31.283] [WARN] [XCodeMap-Trans-8] - Method is not accessible:org/springframework/web/servlet/DispatcherServlet.processDispatchResult(Ljakarta/servlet/http/HttpServletRequest;Ljakarta/servlet/http/HttpServletResponse;Lorg/springframework/web/servlet/HandlerExecutionChain;Lorg/springframework/web/servlet/ModelAndView;Ljava/lang/Exception;)V [o.a.x.a.v]
[2025-09-10 22:56:31.283] [WARN] [XCodeMap-Trans-8] - Method is not accessible:org/springframework/web/servlet/DispatcherServlet.applyAfterConcurrentHandlingStarted(Ljakarta/servlet/http/HttpServletRequest;Ljakarta/servlet/http/HttpServletResponse;)V [o.a.x.a.v]
[2025-09-10 22:56:31.283] [WARN] [XCodeMap-Trans-8] - Method is not accessible:org/springframework/web/servlet/DispatcherServlet.cleanupMultipart(Ljakarta/servlet/http/HttpServletRequest;)V [o.a.x.a.v]
[2025-09-10 22:56:31.283] [WARN] [XCodeMap-Trans-8] - Method is not accessible:org/springframework/web/servlet/DispatcherServlet.triggerAfterCompletion(Ljakarta/servlet/http/HttpServletRequest;Ljakarta/servlet/http/HttpServletResponse;Lorg/springframework/web/servlet/HandlerExecutionChain;Ljava/lang/Exception;)V [o.a.x.a.v]
[2025-09-10 22:56:31.283] [WARN] [XCodeMap-Trans-8] - Method is not accessible:org/springframework/web/servlet/DispatcherServlet.applyAfterConcurrentHandlingStarted(Ljakarta/servlet/http/HttpServletRequest;Ljakarta/servlet/http/HttpServletResponse;)V [o.a.x.a.v]
[2025-09-10 22:56:31.283] [WARN] [XCodeMap-Trans-8] - Method is not accessible:org/springframework/web/servlet/DispatcherServlet.cleanupMultipart(Ljakarta/servlet/http/HttpServletRequest;)V [o.a.x.a.v]
[2025-09-10 22:56:31.283] [WARN] [XCodeMap-Trans-8] - Method is not accessible:org/springframework/web/servlet/DispatcherServlet.triggerAfterCompletion(Ljakarta/servlet/http/HttpServletRequest;Ljakarta/servlet/http/HttpServletResponse;Lorg/springframework/web/servlet/HandlerExecutionChain;Ljava/lang/Exception;)V [o.a.x.a.v]
[2025-09-10 22:56:31.283] [WARN] [XCodeMap-Trans-8] - Method is not accessible:org/springframework/web/servlet/DispatcherServlet.applyAfterConcurrentHandlingStarted(Ljakarta/servlet/http/HttpServletRequest;Ljakarta/servlet/http/HttpServletResponse;)V [o.a.x.a.v]
[2025-09-10 22:56:31.283] [WARN] [XCodeMap-Trans-8] - Method is not accessible:org/springframework/web/servlet/DispatcherServlet.cleanupMultipart(Ljakarta/servlet/http/HttpServletRequest;)V [o.a.x.a.v]
[2025-09-10 22:56:31.283] [WARN] [XCodeMap-Trans-8] - Method is not accessible:org/springframework/web/servlet/DispatcherServlet.applyAfterConcurrentHandlingStarted(Ljakarta/servlet/http/HttpServletRequest;Ljakarta/servlet/http/HttpServletResponse;)V [o.a.x.a.v]
[2025-09-10 22:56:31.283] [WARN] [XCodeMap-Trans-8] - Method is not accessible:org/springframework/web/servlet/DispatcherServlet.cleanupMultipart(Ljakarta/servlet/http/HttpServletRequest;)V [o.a.x.a.v]
[2025-09-10 22:56:31.284] [WARN] [XCodeMap-Trans-8] - Cannot compute frames for not found classname:org.springframework.web.servlet.DispatcherServlet  [o.a.x.a.i]
[2025-09-10 22:56:31.288] [WARN] [XCodeMap-Trans-9] - Cannot compute frames for not found classname:org.springframework.web.servlet.FrameworkServlet  [o.a.x.a.i]
[2025-09-10 22:56:31.290] [WARN] [XCodeMap-Trans-7] - Method is not accessible:org/springframework/web/servlet/HttpServletBean.<init>(Ljakarta/servlet/ServletConfig;Ljava/util/Set;)V [o.a.x.a.v]
[2025-09-10 22:56:31.290] [WARN] [XCodeMap-Trans-7] - Method is not accessible:org/springframework/web/servlet/HttpServletBean.<init>(Ljakarta/servlet/ServletContext;)V [o.a.x.a.v]
[2025-09-10 22:56:31.334] [WARN] [XCodeMap-Trans-1] - Method is not accessible:com/cloud/common/security/RateLimitManager.ordinal()I [o.a.x.a.v]
[2025-09-10 22:56:33.084] [WARN] [XCodeMap-ParentClassManager] - updateChildToParentMapping: java.sql.Connection:jdk.internal.loader.ClassLoaders$PlatformClassLoader@5a060d20 -> java.sql.Connection:jdk.internal.loader.ClassLoaders$PlatformClassLoader@5a060d20 [o.a.x.a.x.X]
[2025-09-10 22:56:33.091] [WARN] [XCodeMap-ParentClassManager] - updateChildToParentMapping: java.sql.Connection:jdk.internal.loader.ClassLoaders$PlatformClassLoader@5a060d20 -> java.sql.Connection:jdk.internal.loader.ClassLoaders$PlatformClassLoader@5a060d20 [o.a.x.a.x.X]
[2025-09-10 22:56:35.570] [WARN] [XCodeMap-Trans-8] - Cannot change loadClass by all methods for classname:sun.reflect.misc.MethodUtil [o.a.x.a.i]
[2025-09-10 22:56:40.624] [WARN] [XCodeMap-Trans-8] - Cannot change loadClass by all methods for classname:com.sun.jmx.remote.util.OrderClassLoaders [o.a.x.a.i]
[2025-09-10 23:37:21.585] [WARN] [Thread-0] - Graceful shutdown..., metrics totalClassNum:0	transClassNum:66	transLoadedNum:0	objectExtractNum:0	checkHashNum:0	objectTravelNum:0	objectExtractErrorNum:0	diffObjectNum:0	totalFuncNum:0	transFuncNum:824	errorTransNum:0	instanceNum:0	totalFuncCallNum:0	storedFuncCallNum:0	totalObjectNum:0	conflictedObjectNum:0	totalObjectChangeNum:0	totalArrayChangeNum:0	totalPutFieldNum:0	totalSysSetNum:0	totalArrayCopyNum:0	totalColChangeNum:0	totalAtomicChangeNum:0	totalGetFieldNum:0	storedPutFieldNum:0	storedGetFieldNum:0	invokeMethodPosNum:0	putFieldPosNum:0	maxLocalsValue:0	maxStacksValue:0	stackNodeNum:0	transformTimeNano:0	 [o.a.x.a.x.X]
