[2025-09-10 22:56:10.848] [WARN] [main] - [XCodeMap] 开始启动, pid:7056, xcodemap.executionId:6398fe46-1882-4d6a-939e-d4e406c3b295, version:1.19.0
 [o.a.x.a.q]
[2025-09-10 22:56:10.864] [WARN] [main] - [XCodeMap] 官网：https://xcodemap.tech ，B 站视频教程：https://space.bilibili.com/3546573562710135
 [o.a.x.a.q]
[2025-09-10 22:56:10.866] [WARN] [main] - workDir:D:\Download\Code\sofware\cloud\.xcodemap agentMain:false [o.a.x.a.q]
[2025-09-10 22:56:11.026] [WARN] [main] - AsmSysChangeData 加载完成，共加载 58 个集合类，67 个系统设置方法，147 个集合变更方法 [o.a.x.a.x.X]
[2025-09-10 22:56:11.033] [WARN] [XCodeMap-Install] - [XCodeMap] Install Agent, version:1.19.0
 [o.a.x.a.q]
[2025-09-10 22:56:11.033] [WARN] [XCodeMap-Install] - Start retransformAllClasses [o.a.x.a.x.X]
[2025-09-10 22:56:11.039] [WARN] [XCodeMap-Install] - ReTransform agentmain metrics  toBeReTransformedClasses:0 toBeReTransformedClassLoadedClasses:0 [o.a.x.a.x.X]
[2025-09-10 22:56:11.065] [WARN] [XCodeMap-Install] - [XCodeMap] ReTransform class num:0
 [o.a.x.a.q]
[2025-09-10 22:56:11.065] [WARN] [XCodeMap-Install] - [XCodeMap] All 0 batches completed, total time: 0ms
 [o.a.x.a.q]
[2025-09-10 22:56:11.066] [WARN] [XCodeMap-Install] - End retransformAllClasses, cost 33 ms [o.a.x.a.x.X]
[2025-09-10 22:56:11.066] [WARN] [XCodeMap-Install] - [XCodeMap] Install Agent finished, cost 33 ms, version:1.19.0
 [o.a.x.a.q]
[2025-09-10 22:56:11.140] [WARN] [main] - [XCodeMap] 启动完成, cost 383 ms, version:1.19.0
 [o.a.x.a.q]
[2025-09-10 22:56:11.540] [WARN] [XCodeMap-Trans-2] - Change loadClass by javassist for classname:io.github.future0923.debug.tools.base.classloader.GroovyScriptClassLoader [o.a.x.a.i]
[2025-09-10 22:56:11.756] [WARN] [XCodeMap-Trans-2] - Change loadClass by javassist for classname:org.codehaus.groovy.reflection.SunClassLoader [o.a.x.a.i]
[2025-09-10 22:56:11.987] [WARN] [XCodeMap-ParentClassManager] - updateChildToParentMapping: jakarta.servlet.Servlet:jdk.internal.loader.ClassLoaders$AppClassLoader@5e481248 -> jakarta.servlet.Servlet:jdk.internal.loader.ClassLoaders$AppClassLoader@5e481248 [o.a.x.a.x.X]
[2025-09-10 22:56:11.987] [WARN] [XCodeMap-ParentClassManager] - updateChildToParentMapping: java.sql.Statement:jdk.internal.loader.ClassLoaders$PlatformClassLoader@3584dfcc -> java.sql.Statement:jdk.internal.loader.ClassLoaders$PlatformClassLoader@3584dfcc [o.a.x.a.x.X]
[2025-09-10 22:56:11.991] [WARN] [XCodeMap-ParentClassManager] - updateChildToParentMapping: jakarta.servlet.Servlet:jdk.internal.loader.ClassLoaders$AppClassLoader@5e481248 -> jakarta.servlet.Servlet:jdk.internal.loader.ClassLoaders$AppClassLoader@5e481248 [o.a.x.a.x.X]
[2025-09-10 22:56:11.991] [WARN] [XCodeMap-ParentClassManager] - updateChildToParentMapping: java.sql.Statement:jdk.internal.loader.ClassLoaders$PlatformClassLoader@3584dfcc -> java.sql.Statement:jdk.internal.loader.ClassLoaders$PlatformClassLoader@3584dfcc [o.a.x.a.x.X]
[2025-09-10 22:56:16.302] [WARN] [XCodeMap-Trans-0] - Change loadClass by javassist for classname:org.springframework.context.support.ContextTypeMatchClassLoader [o.a.x.a.i]
[2025-09-10 22:56:17.756] [WARN] [XCodeMap-Trans-6] - Method is not accessible:jakarta/servlet/http/HttpServlet.<init>(Ljakarta/servlet/http/HttpServlet$NoBodyResponse;)V [o.a.x.a.v]
[2025-09-10 22:56:18.033] [WARN] [XCodeMap-ParentClassManager] - updateChildToParentMapping: org.springframework.web.servlet.FrameworkServlet:jdk.internal.loader.ClassLoaders$AppClassLoader@5e481248 -> jakarta.servlet.Servlet:jdk.internal.loader.ClassLoaders$AppClassLoader@5e481248 [o.a.x.a.x.X]
[2025-09-10 22:56:18.034] [WARN] [XCodeMap-ParentClassManager] - updateChildToParentMapping: org.springframework.web.servlet.DispatcherServlet:jdk.internal.loader.ClassLoaders$AppClassLoader@5e481248 -> jakarta.servlet.Servlet:jdk.internal.loader.ClassLoaders$AppClassLoader@5e481248 [o.a.x.a.x.X]
[2025-09-10 22:56:18.034] [WARN] [XCodeMap-ParentClassManager] - updateChildToParentMapping: jakarta.servlet.http.HttpServlet:jdk.internal.loader.ClassLoaders$AppClassLoader@5e481248 -> jakarta.servlet.Servlet:jdk.internal.loader.ClassLoaders$AppClassLoader@5e481248 [o.a.x.a.x.X]
[2025-09-10 22:56:18.035] [WARN] [XCodeMap-ParentClassManager] - updateChildToParentMapping: org.springframework.web.servlet.HttpServletBean:jdk.internal.loader.ClassLoaders$AppClassLoader@5e481248 -> jakarta.servlet.Servlet:jdk.internal.loader.ClassLoaders$AppClassLoader@5e481248 [o.a.x.a.x.X]
[2025-09-10 22:56:18.035] [WARN] [XCodeMap-ParentClassManager] - updateChildToParentMapping: jakarta.servlet.GenericServlet:jdk.internal.loader.ClassLoaders$AppClassLoader@5e481248 -> jakarta.servlet.Servlet:jdk.internal.loader.ClassLoaders$AppClassLoader@5e481248 [o.a.x.a.x.X]
[2025-09-10 22:56:18.415] [WARN] [XCodeMap-Trans-1] - Method is not accessible:com/cloud/common/security/RateLimitManager.ordinal()I [o.a.x.a.v]
[2025-09-10 22:56:24.186] [WARN] [XCodeMap-Trans-7] - Change loadClass by javassist for classname:org.apache.catalina.loader.WebappClassLoaderBase [o.a.x.a.i]
[2025-09-10 22:56:24.207] [WARN] [XCodeMap-Trans-5] - Change loadClass by javassist for classname:org.springframework.boot.web.embedded.tomcat.TomcatEmbeddedWebappClassLoader [o.a.x.a.i]
[2025-09-10 22:56:26.142] [WARN] [XCodeMap-ParentClassManager] - updateChildToParentMapping: jakarta.servlet.FilterChain:jdk.internal.loader.ClassLoaders$AppClassLoader@5e481248 -> jakarta.servlet.FilterChain:jdk.internal.loader.ClassLoaders$AppClassLoader@5e481248 [o.a.x.a.x.X]
[2025-09-10 22:56:26.156] [WARN] [XCodeMap-ParentClassManager] - updateChildToParentMapping: jakarta.servlet.FilterChain:jdk.internal.loader.ClassLoaders$AppClassLoader@5e481248 -> jakarta.servlet.FilterChain:jdk.internal.loader.ClassLoaders$AppClassLoader@5e481248 [o.a.x.a.x.X]
[2025-09-10 22:56:27.172] [WARN] [XCodeMap-ParentClassManager] - updateChildToParentMapping: java.sql.ResultSet:jdk.internal.loader.ClassLoaders$PlatformClassLoader@3584dfcc -> java.sql.ResultSet:jdk.internal.loader.ClassLoaders$PlatformClassLoader@3584dfcc [o.a.x.a.x.X]
[2025-09-10 22:56:27.172] [WARN] [XCodeMap-ParentClassManager] - updateChildToParentMapping: java.sql.Connection:jdk.internal.loader.ClassLoaders$PlatformClassLoader@3584dfcc -> java.sql.Connection:jdk.internal.loader.ClassLoaders$PlatformClassLoader@3584dfcc [o.a.x.a.x.X]
[2025-09-10 22:56:27.189] [WARN] [XCodeMap-ParentClassManager] - updateChildToParentMapping: java.sql.ResultSet:jdk.internal.loader.ClassLoaders$PlatformClassLoader@3584dfcc -> java.sql.ResultSet:jdk.internal.loader.ClassLoaders$PlatformClassLoader@3584dfcc [o.a.x.a.x.X]
[2025-09-10 22:56:27.189] [WARN] [XCodeMap-ParentClassManager] - updateChildToParentMapping: java.sql.Connection:jdk.internal.loader.ClassLoaders$PlatformClassLoader@3584dfcc -> java.sql.Connection:jdk.internal.loader.ClassLoaders$PlatformClassLoader@3584dfcc [o.a.x.a.x.X]
[2025-09-10 22:56:31.554] [WARN] [XCodeMap-Trans-7] - Change loadClass by javassist for classname:com.alibaba.fastjson.util.ASMClassLoader [o.a.x.a.i]
[2025-09-10 22:56:34.121] [WARN] [XCodeMap-Trans-8] - Cannot change loadClass by all methods for classname:sun.reflect.misc.MethodUtil [o.a.x.a.i]
[2025-09-10 22:56:34.280] [WARN] [XCodeMap-ParentClassManager] - updateChildToParentMapping: java.sql.CallableStatement:jdk.internal.loader.ClassLoaders$PlatformClassLoader@3584dfcc -> java.sql.Statement:jdk.internal.loader.ClassLoaders$PlatformClassLoader@3584dfcc [o.a.x.a.x.X]
[2025-09-10 22:56:34.280] [WARN] [XCodeMap-ParentClassManager] - updateChildToParentMapping: java.sql.PreparedStatement:jdk.internal.loader.ClassLoaders$PlatformClassLoader@3584dfcc -> java.sql.Statement:jdk.internal.loader.ClassLoaders$PlatformClassLoader@3584dfcc [o.a.x.a.x.X]
[2025-09-10 22:56:40.223] [WARN] [XCodeMap-Trans-8] - Cannot change loadClass by all methods for classname:com.sun.jmx.remote.util.OrderClassLoaders [o.a.x.a.i]
[2025-09-10 22:56:40.830] [WARN] [XCodeMap-Trans-1] - Method is not accessible:com/mysql/cj/jdbc/result/ResultSetImpl.ordinal()I [o.a.x.a.v]
[2025-09-10 22:56:40.836] [WARN] [XCodeMap-Trans-1] - Method is not accessible:com/mysql/cj/jdbc/result/ResultSetImpl.ordinal()I [o.a.x.a.v]
[2025-09-10 22:56:40.865] [WARN] [XCodeMap-Trans-1] - Method is not accessible:com/mysql/cj/jdbc/result/UpdatableResultSet.ordinal()I [o.a.x.a.v]
[2025-09-10 22:56:41.427] [WARN] [XCodeMap-ParentClassManager] - updateChildToParentMapping: com.mysql.cj.jdbc.StatementImpl:jdk.internal.loader.ClassLoaders$AppClassLoader@5e481248 -> java.sql.Statement:jdk.internal.loader.ClassLoaders$PlatformClassLoader@3584dfcc [o.a.x.a.x.X]
[2025-09-10 22:56:41.427] [WARN] [XCodeMap-ParentClassManager] - updateChildToParentMapping: com.zaxxer.hikari.pool.HikariProxyConnection:jdk.internal.loader.ClassLoaders$AppClassLoader@5e481248 -> java.sql.Connection:jdk.internal.loader.ClassLoaders$PlatformClassLoader@3584dfcc [o.a.x.a.x.X]
[2025-09-10 22:56:41.427] [WARN] [XCodeMap-ParentClassManager] - updateChildToParentMapping: com.mysql.cj.jdbc.ConnectionImpl:jdk.internal.loader.ClassLoaders$AppClassLoader@5e481248 -> java.sql.Connection:jdk.internal.loader.ClassLoaders$PlatformClassLoader@3584dfcc [o.a.x.a.x.X]
[2025-09-10 22:56:41.427] [WARN] [XCodeMap-ParentClassManager] - updateChildToParentMapping: jdk.proxy2.$Proxy222:jdk.internal.loader.ClassLoaders$AppClassLoader@5e481248 -> java.sql.Connection:jdk.internal.loader.ClassLoaders$PlatformClassLoader@3584dfcc [o.a.x.a.x.X]
[2025-09-10 22:56:41.427] [WARN] [XCodeMap-ParentClassManager] - updateChildToParentMapping: com.mysql.cj.jdbc.result.UpdatableResultSet:jdk.internal.loader.ClassLoaders$AppClassLoader@5e481248 -> java.sql.ResultSet:jdk.internal.loader.ClassLoaders$PlatformClassLoader@3584dfcc [o.a.x.a.x.X]
[2025-09-10 22:56:41.427] [WARN] [XCodeMap-ParentClassManager] - updateChildToParentMapping: com.mysql.cj.jdbc.JdbcStatement:jdk.internal.loader.ClassLoaders$AppClassLoader@5e481248 -> java.sql.Statement:jdk.internal.loader.ClassLoaders$PlatformClassLoader@3584dfcc [o.a.x.a.x.X]
[2025-09-10 22:56:41.427] [WARN] [XCodeMap-ParentClassManager] - updateChildToParentMapping: org.springframework.jdbc.datasource.ConnectionProxy:jdk.internal.loader.ClassLoaders$AppClassLoader@5e481248 -> java.sql.Connection:jdk.internal.loader.ClassLoaders$PlatformClassLoader@3584dfcc [o.a.x.a.x.X]
[2025-09-10 22:56:41.427] [WARN] [XCodeMap-ParentClassManager] - updateChildToParentMapping: com.mysql.cj.jdbc.JdbcConnection:jdk.internal.loader.ClassLoaders$AppClassLoader@5e481248 -> java.sql.Connection:jdk.internal.loader.ClassLoaders$PlatformClassLoader@3584dfcc [o.a.x.a.x.X]
[2025-09-10 22:56:41.427] [WARN] [XCodeMap-ParentClassManager] - updateChildToParentMapping: com.mysql.cj.jdbc.ClientPreparedStatement:jdk.internal.loader.ClassLoaders$AppClassLoader@5e481248 -> java.sql.Statement:jdk.internal.loader.ClassLoaders$PlatformClassLoader@3584dfcc [o.a.x.a.x.X]
[2025-09-10 22:56:41.427] [WARN] [XCodeMap-ParentClassManager] - updateChildToParentMapping: com.zaxxer.hikari.pool.ProxyConnection:jdk.internal.loader.ClassLoaders$AppClassLoader@5e481248 -> java.sql.Connection:jdk.internal.loader.ClassLoaders$PlatformClassLoader@3584dfcc [o.a.x.a.x.X]
[2025-09-10 22:56:41.427] [WARN] [XCodeMap-ParentClassManager] - updateChildToParentMapping: jdk.proxy2.$Proxy221:jdk.internal.loader.ClassLoaders$AppClassLoader@5e481248 -> java.sql.Connection:jdk.internal.loader.ClassLoaders$PlatformClassLoader@3584dfcc [o.a.x.a.x.X]
[2025-09-10 22:56:41.427] [WARN] [XCodeMap-ParentClassManager] - updateChildToParentMapping: com.mysql.cj.jdbc.ServerPreparedStatement:jdk.internal.loader.ClassLoaders$AppClassLoader@5e481248 -> java.sql.Statement:jdk.internal.loader.ClassLoaders$PlatformClassLoader@3584dfcc [o.a.x.a.x.X]
[2025-09-10 22:56:41.427] [WARN] [XCodeMap-ParentClassManager] - updateChildToParentMapping: com.mysql.cj.jdbc.JdbcPreparedStatement:jdk.internal.loader.ClassLoaders$AppClassLoader@5e481248 -> java.sql.Statement:jdk.internal.loader.ClassLoaders$PlatformClassLoader@3584dfcc [o.a.x.a.x.X]
[2025-09-10 22:56:41.427] [WARN] [XCodeMap-ParentClassManager] - updateChildToParentMapping: com.mysql.cj.jdbc.result.ResultSetInternalMethods:jdk.internal.loader.ClassLoaders$AppClassLoader@5e481248 -> java.sql.ResultSet:jdk.internal.loader.ClassLoaders$PlatformClassLoader@3584dfcc [o.a.x.a.x.X]
[2025-09-10 22:56:41.427] [WARN] [XCodeMap-ParentClassManager] - updateChildToParentMapping: com.mysql.cj.jdbc.result.ResultSetImpl:jdk.internal.loader.ClassLoaders$AppClassLoader@5e481248 -> java.sql.ResultSet:jdk.internal.loader.ClassLoaders$PlatformClassLoader@3584dfcc [o.a.x.a.x.X]
[2025-09-10 22:56:41.427] [WARN] [XCodeMap-ParentClassManager] - updateChildToParentMapping: jdk.proxy3.$Proxy223:jdk.internal.loader.ClassLoaders$PlatformClassLoader@3584dfcc -> java.sql.Connection:jdk.internal.loader.ClassLoaders$PlatformClassLoader@3584dfcc [o.a.x.a.x.X]
[2025-09-10 23:37:21.580] [WARN] [Thread-0] - Graceful shutdown..., metrics totalClassNum:0	transClassNum:202	transLoadedNum:0	objectExtractNum:0	checkHashNum:0	objectTravelNum:0	objectExtractErrorNum:0	diffObjectNum:0	totalFuncNum:0	transFuncNum:4245	errorTransNum:0	instanceNum:0	totalFuncCallNum:0	storedFuncCallNum:0	totalObjectNum:0	conflictedObjectNum:0	totalObjectChangeNum:0	totalArrayChangeNum:0	totalPutFieldNum:0	totalSysSetNum:0	totalArrayCopyNum:0	totalColChangeNum:0	totalAtomicChangeNum:0	totalGetFieldNum:0	storedPutFieldNum:0	storedGetFieldNum:0	invokeMethodPosNum:0	putFieldPosNum:0	maxLocalsValue:0	maxStacksValue:0	stackNodeNum:0	transformTimeNano:0	 [o.a.x.a.x.X]
