[2025-09-10 23:47:17.542] [WARN] [main] - [XCodeMap] 开始启动, pid:22668, xcodemap.executionId:dfc945dd-97b5-495a-b7b4-c0aae90ccf6a, version:1.19.0
 [o.a.x.a.q]
[2025-09-10 23:47:17.563] [WARN] [main] - [XCodeMap] 官网：https://xcodemap.tech ，B 站视频教程：https://space.bilibili.com/3546573562710135
 [o.a.x.a.q]
[2025-09-10 23:47:17.564] [WARN] [main] - workDir:D:\Download\Code\sofware\cloud\.xcodemap agentMain:false [o.a.x.a.q]
[2025-09-10 23:47:17.736] [WARN] [main] - AsmSysChangeData 加载完成，共加载 58 个集合类，67 个系统设置方法，147 个集合变更方法 [o.a.x.a.x.X]
[2025-09-10 23:47:17.748] [WARN] [XCodeMap-Install] - [XCodeMap] Install Agent, version:1.19.0
 [o.a.x.a.q]
[2025-09-10 23:47:17.748] [WARN] [XCodeMap-Install] - Start retransformAllClasses [o.a.x.a.x.X]
[2025-09-10 23:47:17.755] [WARN] [XCodeMap-Install] - ReTransform agentmain metrics  toBeReTransformedClasses:0 toBeReTransformedClassLoadedClasses:0 [o.a.x.a.x.X]
[2025-09-10 23:47:17.779] [WARN] [XCodeMap-Install] - [XCodeMap] ReTransform class num:0
 [o.a.x.a.q]
[2025-09-10 23:47:17.780] [WARN] [XCodeMap-Install] - [XCodeMap] All 0 batches completed, total time: 0ms
 [o.a.x.a.q]
[2025-09-10 23:47:17.780] [WARN] [XCodeMap-Install] - End retransformAllClasses, cost 32 ms [o.a.x.a.x.X]
[2025-09-10 23:47:17.780] [WARN] [XCodeMap-Install] - [XCodeMap] Install Agent finished, cost 32 ms, version:1.19.0
 [o.a.x.a.q]
[2025-09-10 23:47:17.841] [WARN] [main] - [XCodeMap] 启动完成, cost 365 ms, version:1.19.0
 [o.a.x.a.q]
[2025-09-10 23:47:18.696] [WARN] [XCodeMap-ParentClassManager] - updateChildToParentMapping: java.sql.Statement:jdk.internal.loader.ClassLoaders$PlatformClassLoader@21a3f828 -> java.sql.Statement:jdk.internal.loader.ClassLoaders$PlatformClassLoader@21a3f828 [o.a.x.a.x.X]
[2025-09-10 23:47:18.696] [WARN] [XCodeMap-ParentClassManager] - updateChildToParentMapping: jakarta.servlet.Servlet:jdk.internal.loader.ClassLoaders$AppClassLoader@5e481248 -> jakarta.servlet.Servlet:jdk.internal.loader.ClassLoaders$AppClassLoader@5e481248 [o.a.x.a.x.X]
[2025-09-10 23:47:18.699] [WARN] [XCodeMap-ParentClassManager] - updateChildToParentMapping: java.sql.Statement:jdk.internal.loader.ClassLoaders$PlatformClassLoader@21a3f828 -> java.sql.Statement:jdk.internal.loader.ClassLoaders$PlatformClassLoader@21a3f828 [o.a.x.a.x.X]
[2025-09-10 23:47:18.699] [WARN] [XCodeMap-ParentClassManager] - updateChildToParentMapping: jakarta.servlet.Servlet:jdk.internal.loader.ClassLoaders$AppClassLoader@5e481248 -> jakarta.servlet.Servlet:jdk.internal.loader.ClassLoaders$AppClassLoader@5e481248 [o.a.x.a.x.X]
[2025-09-10 23:47:18.931] [WARN] [XCodeMap-Trans-2] - Change loadClass by javassist for classname:io.github.future0923.debug.tools.base.classloader.GroovyScriptClassLoader [o.a.x.a.i]
[2025-09-10 23:47:19.017] [WARN] [XCodeMap-Trans-2] - Change loadClass by javassist for classname:org.codehaus.groovy.reflection.SunClassLoader [o.a.x.a.i]
[2025-09-10 23:47:21.363] [WARN] [XCodeMap-Trans-0] - Change loadClass by javassist for classname:org.springframework.context.support.ContextTypeMatchClassLoader [o.a.x.a.i]
[2025-09-10 23:47:22.157] [WARN] [XCodeMap-Trans-6] - Method is not accessible:jakarta/servlet/http/HttpServlet.<init>(Ljakarta/servlet/http/HttpServlet$NoBodyResponse;)V [o.a.x.a.v]
[2025-09-10 23:47:22.585] [WARN] [XCodeMap-Trans-1] - Method is not accessible:com/cloud/common/security/RateLimitManager.ordinal()I [o.a.x.a.v]
[2025-09-10 23:47:22.744] [WARN] [XCodeMap-ParentClassManager] - updateChildToParentMapping: org.springframework.web.servlet.FrameworkServlet:jdk.internal.loader.ClassLoaders$AppClassLoader@5e481248 -> jakarta.servlet.Servlet:jdk.internal.loader.ClassLoaders$AppClassLoader@5e481248 [o.a.x.a.x.X]
[2025-09-10 23:47:22.744] [WARN] [XCodeMap-ParentClassManager] - updateChildToParentMapping: jakarta.servlet.http.HttpServlet:jdk.internal.loader.ClassLoaders$AppClassLoader@5e481248 -> jakarta.servlet.Servlet:jdk.internal.loader.ClassLoaders$AppClassLoader@5e481248 [o.a.x.a.x.X]
[2025-09-10 23:47:22.744] [WARN] [XCodeMap-ParentClassManager] - updateChildToParentMapping: org.springframework.web.servlet.DispatcherServlet:jdk.internal.loader.ClassLoaders$AppClassLoader@5e481248 -> jakarta.servlet.Servlet:jdk.internal.loader.ClassLoaders$AppClassLoader@5e481248 [o.a.x.a.x.X]
[2025-09-10 23:47:22.744] [WARN] [XCodeMap-ParentClassManager] - updateChildToParentMapping: org.springframework.web.servlet.HttpServletBean:jdk.internal.loader.ClassLoaders$AppClassLoader@5e481248 -> jakarta.servlet.Servlet:jdk.internal.loader.ClassLoaders$AppClassLoader@5e481248 [o.a.x.a.x.X]
[2025-09-10 23:47:22.744] [WARN] [XCodeMap-ParentClassManager] - updateChildToParentMapping: jakarta.servlet.GenericServlet:jdk.internal.loader.ClassLoaders$AppClassLoader@5e481248 -> jakarta.servlet.Servlet:jdk.internal.loader.ClassLoaders$AppClassLoader@5e481248 [o.a.x.a.x.X]
[2025-09-10 23:47:25.992] [WARN] [XCodeMap-Trans-7] - Change loadClass by javassist for classname:org.apache.catalina.loader.WebappClassLoaderBase [o.a.x.a.i]
[2025-09-10 23:47:26.002] [WARN] [XCodeMap-Trans-5] - Change loadClass by javassist for classname:org.springframework.boot.web.embedded.tomcat.TomcatEmbeddedWebappClassLoader [o.a.x.a.i]
[2025-09-10 23:47:26.814] [WARN] [XCodeMap-ParentClassManager] - updateChildToParentMapping: jakarta.servlet.FilterChain:jdk.internal.loader.ClassLoaders$AppClassLoader@5e481248 -> jakarta.servlet.FilterChain:jdk.internal.loader.ClassLoaders$AppClassLoader@5e481248 [o.a.x.a.x.X]
[2025-09-10 23:47:26.825] [WARN] [XCodeMap-ParentClassManager] - updateChildToParentMapping: jakarta.servlet.FilterChain:jdk.internal.loader.ClassLoaders$AppClassLoader@5e481248 -> jakarta.servlet.FilterChain:jdk.internal.loader.ClassLoaders$AppClassLoader@5e481248 [o.a.x.a.x.X]
[2025-09-10 23:47:27.852] [WARN] [XCodeMap-ParentClassManager] - updateChildToParentMapping: java.sql.Connection:jdk.internal.loader.ClassLoaders$PlatformClassLoader@21a3f828 -> java.sql.Connection:jdk.internal.loader.ClassLoaders$PlatformClassLoader@21a3f828 [o.a.x.a.x.X]
[2025-09-10 23:47:27.852] [WARN] [XCodeMap-ParentClassManager] - updateChildToParentMapping: java.sql.ResultSet:jdk.internal.loader.ClassLoaders$PlatformClassLoader@21a3f828 -> java.sql.ResultSet:jdk.internal.loader.ClassLoaders$PlatformClassLoader@21a3f828 [o.a.x.a.x.X]
[2025-09-10 23:47:27.861] [WARN] [XCodeMap-ParentClassManager] - updateChildToParentMapping: java.sql.Connection:jdk.internal.loader.ClassLoaders$PlatformClassLoader@21a3f828 -> java.sql.Connection:jdk.internal.loader.ClassLoaders$PlatformClassLoader@21a3f828 [o.a.x.a.x.X]
[2025-09-10 23:47:27.861] [WARN] [XCodeMap-ParentClassManager] - updateChildToParentMapping: java.sql.ResultSet:jdk.internal.loader.ClassLoaders$PlatformClassLoader@21a3f828 -> java.sql.ResultSet:jdk.internal.loader.ClassLoaders$PlatformClassLoader@21a3f828 [o.a.x.a.x.X]
[2025-09-10 23:47:32.200] [WARN] [XCodeMap-Trans-7] - Change loadClass by javassist for classname:com.alibaba.fastjson.util.ASMClassLoader [o.a.x.a.i]
[2025-09-10 23:47:34.984] [WARN] [XCodeMap-ParentClassManager] - updateChildToParentMapping: java.sql.CallableStatement:jdk.internal.loader.ClassLoaders$PlatformClassLoader@21a3f828 -> java.sql.Statement:jdk.internal.loader.ClassLoaders$PlatformClassLoader@21a3f828 [o.a.x.a.x.X]
[2025-09-10 23:47:34.984] [WARN] [XCodeMap-ParentClassManager] - updateChildToParentMapping: java.sql.PreparedStatement:jdk.internal.loader.ClassLoaders$PlatformClassLoader@21a3f828 -> java.sql.Statement:jdk.internal.loader.ClassLoaders$PlatformClassLoader@21a3f828 [o.a.x.a.x.X]
[2025-09-10 23:47:35.073] [WARN] [XCodeMap-Trans-8] - Cannot change loadClass by all methods for classname:sun.reflect.misc.MethodUtil [o.a.x.a.i]
[2025-09-10 23:47:45.338] [WARN] [XCodeMap-Trans-8] - Cannot change loadClass by all methods for classname:com.sun.jmx.remote.util.OrderClassLoaders [o.a.x.a.i]
[2025-09-10 23:47:46.348] [WARN] [XCodeMap-ParentClassManager] - updateChildToParentMapping: com.mysql.cj.jdbc.ConnectionImpl:jdk.internal.loader.ClassLoaders$AppClassLoader@5e481248 -> java.sql.Connection:jdk.internal.loader.ClassLoaders$PlatformClassLoader@21a3f828 [o.a.x.a.x.X]
[2025-09-10 23:47:46.348] [WARN] [XCodeMap-ParentClassManager] - updateChildToParentMapping: com.mysql.cj.jdbc.JdbcConnection:jdk.internal.loader.ClassLoaders$AppClassLoader@5e481248 -> java.sql.Connection:jdk.internal.loader.ClassLoaders$PlatformClassLoader@21a3f828 [o.a.x.a.x.X]
[2025-09-10 23:47:46.553] [WARN] [XCodeMap-Trans-1] - Method is not accessible:com/mysql/cj/jdbc/result/ResultSetImpl.ordinal()I [o.a.x.a.v]
[2025-09-10 23:47:46.561] [WARN] [XCodeMap-Trans-1] - Method is not accessible:com/mysql/cj/jdbc/result/ResultSetImpl.ordinal()I [o.a.x.a.v]
[2025-09-10 23:47:46.591] [WARN] [XCodeMap-Trans-1] - Method is not accessible:com/mysql/cj/jdbc/result/UpdatableResultSet.ordinal()I [o.a.x.a.v]
[2025-09-10 23:47:47.367] [WARN] [XCodeMap-ParentClassManager] - updateChildToParentMapping: com.mysql.cj.jdbc.ClientPreparedStatement:jdk.internal.loader.ClassLoaders$AppClassLoader@5e481248 -> java.sql.Statement:jdk.internal.loader.ClassLoaders$PlatformClassLoader@21a3f828 [o.a.x.a.x.X]
[2025-09-10 23:47:47.367] [WARN] [XCodeMap-ParentClassManager] - updateChildToParentMapping: jdk.proxy3.$Proxy223:jdk.internal.loader.ClassLoaders$PlatformClassLoader@21a3f828 -> java.sql.Connection:jdk.internal.loader.ClassLoaders$PlatformClassLoader@21a3f828 [o.a.x.a.x.X]
[2025-09-10 23:47:47.367] [WARN] [XCodeMap-ParentClassManager] - updateChildToParentMapping: com.zaxxer.hikari.pool.HikariProxyConnection:jdk.internal.loader.ClassLoaders$AppClassLoader@5e481248 -> java.sql.Connection:jdk.internal.loader.ClassLoaders$PlatformClassLoader@21a3f828 [o.a.x.a.x.X]
[2025-09-10 23:47:47.367] [WARN] [XCodeMap-ParentClassManager] - updateChildToParentMapping: com.mysql.cj.jdbc.ServerPreparedStatement:jdk.internal.loader.ClassLoaders$AppClassLoader@5e481248 -> java.sql.Statement:jdk.internal.loader.ClassLoaders$PlatformClassLoader@21a3f828 [o.a.x.a.x.X]
[2025-09-10 23:47:47.367] [WARN] [XCodeMap-ParentClassManager] - updateChildToParentMapping: jdk.proxy2.$Proxy222:jdk.internal.loader.ClassLoaders$AppClassLoader@5e481248 -> java.sql.Connection:jdk.internal.loader.ClassLoaders$PlatformClassLoader@21a3f828 [o.a.x.a.x.X]
[2025-09-10 23:47:47.367] [WARN] [XCodeMap-ParentClassManager] - updateChildToParentMapping: com.mysql.cj.jdbc.JdbcPreparedStatement:jdk.internal.loader.ClassLoaders$AppClassLoader@5e481248 -> java.sql.Statement:jdk.internal.loader.ClassLoaders$PlatformClassLoader@21a3f828 [o.a.x.a.x.X]
[2025-09-10 23:47:47.368] [WARN] [XCodeMap-ParentClassManager] - updateChildToParentMapping: com.mysql.cj.jdbc.result.UpdatableResultSet:jdk.internal.loader.ClassLoaders$AppClassLoader@5e481248 -> java.sql.ResultSet:jdk.internal.loader.ClassLoaders$PlatformClassLoader@21a3f828 [o.a.x.a.x.X]
[2025-09-10 23:47:47.368] [WARN] [XCodeMap-ParentClassManager] - updateChildToParentMapping: org.springframework.jdbc.datasource.ConnectionProxy:jdk.internal.loader.ClassLoaders$AppClassLoader@5e481248 -> java.sql.Connection:jdk.internal.loader.ClassLoaders$PlatformClassLoader@21a3f828 [o.a.x.a.x.X]
[2025-09-10 23:47:47.368] [WARN] [XCodeMap-ParentClassManager] - updateChildToParentMapping: com.mysql.cj.jdbc.result.ResultSetInternalMethods:jdk.internal.loader.ClassLoaders$AppClassLoader@5e481248 -> java.sql.ResultSet:jdk.internal.loader.ClassLoaders$PlatformClassLoader@21a3f828 [o.a.x.a.x.X]
[2025-09-10 23:47:47.368] [WARN] [XCodeMap-ParentClassManager] - updateChildToParentMapping: com.zaxxer.hikari.pool.ProxyConnection:jdk.internal.loader.ClassLoaders$AppClassLoader@5e481248 -> java.sql.Connection:jdk.internal.loader.ClassLoaders$PlatformClassLoader@21a3f828 [o.a.x.a.x.X]
[2025-09-10 23:47:47.368] [WARN] [XCodeMap-ParentClassManager] - updateChildToParentMapping: jdk.proxy2.$Proxy221:jdk.internal.loader.ClassLoaders$AppClassLoader@5e481248 -> java.sql.Connection:jdk.internal.loader.ClassLoaders$PlatformClassLoader@21a3f828 [o.a.x.a.x.X]
[2025-09-10 23:47:47.368] [WARN] [XCodeMap-ParentClassManager] - updateChildToParentMapping: com.mysql.cj.jdbc.result.ResultSetImpl:jdk.internal.loader.ClassLoaders$AppClassLoader@5e481248 -> java.sql.ResultSet:jdk.internal.loader.ClassLoaders$PlatformClassLoader@21a3f828 [o.a.x.a.x.X]
[2025-09-10 23:47:47.368] [WARN] [XCodeMap-ParentClassManager] - updateChildToParentMapping: com.mysql.cj.jdbc.StatementImpl:jdk.internal.loader.ClassLoaders$AppClassLoader@5e481248 -> java.sql.Statement:jdk.internal.loader.ClassLoaders$PlatformClassLoader@21a3f828 [o.a.x.a.x.X]
[2025-09-10 23:47:47.368] [WARN] [XCodeMap-ParentClassManager] - updateChildToParentMapping: com.mysql.cj.jdbc.JdbcStatement:jdk.internal.loader.ClassLoaders$AppClassLoader@5e481248 -> java.sql.Statement:jdk.internal.loader.ClassLoaders$PlatformClassLoader@21a3f828 [o.a.x.a.x.X]
[2025-09-10 23:48:15.868] [WARN] [XCodeMap-ParentClassManager] - updateChildToParentMapping: org.springframework.web.filter.CompositeFilter$VirtualFilterChain:jdk.internal.loader.ClassLoaders$AppClassLoader@5e481248 -> jakarta.servlet.FilterChain:jdk.internal.loader.ClassLoaders$AppClassLoader@5e481248 [o.a.x.a.x.X]
[2025-09-10 23:48:15.868] [WARN] [XCodeMap-ParentClassManager] - updateChildToParentMapping: org.springframework.security.web.ObservationFilterChainDecorator$$Lambda$2568/0x000000002c104968:jdk.internal.loader.ClassLoaders$AppClassLoader@5e481248 -> jakarta.servlet.FilterChain:jdk.internal.loader.ClassLoaders$AppClassLoader@5e481248 [o.a.x.a.x.X]
[2025-09-10 23:48:15.868] [WARN] [XCodeMap-ParentClassManager] - updateChildToParentMapping: org.springframework.security.web.ObservationFilterChainDecorator$VirtualFilterChain:jdk.internal.loader.ClassLoaders$AppClassLoader@5e481248 -> jakarta.servlet.FilterChain:jdk.internal.loader.ClassLoaders$AppClassLoader@5e481248 [o.a.x.a.x.X]
[2025-09-10 23:48:15.868] [WARN] [XCodeMap-ParentClassManager] - updateChildToParentMapping: org.apache.catalina.core.ApplicationFilterChain:jdk.internal.loader.ClassLoaders$AppClassLoader@5e481248 -> jakarta.servlet.FilterChain:jdk.internal.loader.ClassLoaders$AppClassLoader@5e481248 [o.a.x.a.x.X]
[2025-09-10 23:48:15.868] [WARN] [XCodeMap-ParentClassManager] - updateChildToParentMapping: org.springframework.security.web.ObservationFilterChainDecorator$FilterObservation$SimpleFilterObservation$$Lambda$2583/0x000000002c10d578:jdk.internal.loader.ClassLoaders$AppClassLoader@5e481248 -> jakarta.servlet.FilterChain:jdk.internal.loader.ClassLoaders$AppClassLoader@5e481248 [o.a.x.a.x.X]
[2025-09-10 23:48:15.868] [WARN] [XCodeMap-ParentClassManager] - updateChildToParentMapping: org.springframework.security.web.FilterChainProxy$$Lambda$2567/0x000000002c1044d8:jdk.internal.loader.ClassLoaders$AppClassLoader@5e481248 -> jakarta.servlet.FilterChain:jdk.internal.loader.ClassLoaders$AppClassLoader@5e481248 [o.a.x.a.x.X]
[2025-09-10 23:48:15.868] [WARN] [XCodeMap-ParentClassManager] - updateChildToParentMapping: org.springframework.security.web.ObservationFilterChainDecorator$AroundFilterObservation$SimpleAroundFilterObservation$$Lambda$2584/0x000000002c10d7c0:jdk.internal.loader.ClassLoaders$AppClassLoader@5e481248 -> jakarta.servlet.FilterChain:jdk.internal.loader.ClassLoaders$AppClassLoader@5e481248 [o.a.x.a.x.X]
[2025-09-10 23:48:16.879] [WARN] [XCodeMap-ParentClassManager] - updateChildToParentMapping: com.zaxxer.hikari.pool.ProxyPreparedStatement:jdk.internal.loader.ClassLoaders$AppClassLoader@5e481248 -> java.sql.Statement:jdk.internal.loader.ClassLoaders$PlatformClassLoader@21a3f828 [o.a.x.a.x.X]
[2025-09-10 23:48:16.879] [WARN] [XCodeMap-ParentClassManager] - updateChildToParentMapping: jdk.proxy2.$Proxy227:jdk.internal.loader.ClassLoaders$AppClassLoader@5e481248 -> java.sql.Statement:jdk.internal.loader.ClassLoaders$PlatformClassLoader@21a3f828 [o.a.x.a.x.X]
[2025-09-10 23:48:16.879] [WARN] [XCodeMap-ParentClassManager] - updateChildToParentMapping: jdk.proxy3.$Proxy228:jdk.internal.loader.ClassLoaders$PlatformClassLoader@21a3f828 -> java.sql.Statement:jdk.internal.loader.ClassLoaders$PlatformClassLoader@21a3f828 [o.a.x.a.x.X]
[2025-09-10 23:48:16.879] [WARN] [XCodeMap-ParentClassManager] - updateChildToParentMapping: com.zaxxer.hikari.pool.HikariProxyPreparedStatement:jdk.internal.loader.ClassLoaders$AppClassLoader@5e481248 -> java.sql.Statement:jdk.internal.loader.ClassLoaders$PlatformClassLoader@21a3f828 [o.a.x.a.x.X]
[2025-09-10 23:48:16.879] [WARN] [XCodeMap-ParentClassManager] - updateChildToParentMapping: com.zaxxer.hikari.pool.ProxyStatement:jdk.internal.loader.ClassLoaders$AppClassLoader@5e481248 -> java.sql.Statement:jdk.internal.loader.ClassLoaders$PlatformClassLoader@21a3f828 [o.a.x.a.x.X]
[2025-09-10 23:48:59.137] [WARN] [Thread-0] - Graceful shutdown..., metrics totalClassNum:0	transClassNum:205	transLoadedNum:0	objectExtractNum:0	checkHashNum:0	objectTravelNum:0	objectExtractErrorNum:0	diffObjectNum:0	totalFuncNum:0	transFuncNum:4378	errorTransNum:0	instanceNum:0	totalFuncCallNum:0	storedFuncCallNum:0	totalObjectNum:0	conflictedObjectNum:0	totalObjectChangeNum:0	totalArrayChangeNum:0	totalPutFieldNum:0	totalSysSetNum:0	totalArrayCopyNum:0	totalColChangeNum:0	totalAtomicChangeNum:0	totalGetFieldNum:0	storedPutFieldNum:0	storedGetFieldNum:0	invokeMethodPosNum:0	putFieldPosNum:0	maxLocalsValue:0	maxStacksValue:0	stackNodeNum:0	transformTimeNano:0	 [o.a.x.a.x.X]
