2025-09-18 23:25:27.361 [main] ERROR [] o.s.b.diagnostics.LoggingFailureAnalysisReporter - 

***************************
APPLICATION FAILED TO START
***************************

Description:

The bean 'defaultCodecCustomizer', defined in class path resource [org/springframework/boot/http/codec/autoconfigure/CodecsAutoConfiguration$DefaultCodecsConfiguration.class], could not be registered. A bean with that name has already been defined in class path resource [org/springframework/boot/autoconfigure/http/codec/CodecsAutoConfiguration$DefaultCodecsConfiguration.class] and overriding is disabled.

Action:

Consider renaming one of the beans or enabling overriding by setting spring.main.allow-bean-definition-overriding=true

2025-09-18 23:26:06.357 [main] ERROR [] o.s.b.diagnostics.LoggingFailureAnalysisReporter - 

***************************
APPLICATION FAILED TO START
***************************

Description:

Web application could not be started as there was no org.springframework.boot.web.reactive.server.ReactiveWebServerFactory bean defined in the context.

Action:

Check your application's dependencies for a supported reactive web server.
Check the configured web application type.

2025-09-18 23:27:09.270 [nacos.publisher-com.alibaba.nacos.client.config.impl.ConfigFuzzyWatchNotifyEvent] ERROR [] com.alibaba.nacos.common.notify.NotifyCenter - Event listener exception : 
java.lang.InterruptedException: null
	at java.base/java.util.concurrent.locks.AbstractQueuedSynchronizer$ConditionObject.await(AbstractQueuedSynchronizer.java:1645)
	at java.base/java.util.concurrent.ArrayBlockingQueue.take(ArrayBlockingQueue.java:420)
	at com.alibaba.nacos.common.notify.DefaultPublisher.openEventHandler(DefaultPublisher.java:111)
	at com.alibaba.nacos.common.notify.DefaultPublisher.run(DefaultPublisher.java:95)
2025-09-18 23:27:09.270 [nacos.publisher-com.alibaba.nacos.client.naming.event.InstancesChangeEvent] ERROR [] com.alibaba.nacos.common.notify.NotifyCenter - Event listener exception : 
java.lang.InterruptedException: null
	at java.base/java.util.concurrent.locks.AbstractQueuedSynchronizer$ConditionObject.await(AbstractQueuedSynchronizer.java:1645)
	at java.base/java.util.concurrent.ArrayBlockingQueue.take(ArrayBlockingQueue.java:420)
	at com.alibaba.nacos.common.notify.DefaultPublisher.openEventHandler(DefaultPublisher.java:111)
	at com.alibaba.nacos.common.notify.DefaultPublisher.run(DefaultPublisher.java:95)
2025-09-18 23:27:09.271 [nacos.publisher-com.alibaba.nacos.common.notify.SlowEvent] ERROR [] com.alibaba.nacos.common.notify.NotifyCenter - Event listener exception : 
java.lang.InterruptedException: null
	at java.base/java.util.concurrent.locks.AbstractQueuedSynchronizer$ConditionObject.await(AbstractQueuedSynchronizer.java:1645)
	at java.base/java.util.concurrent.ArrayBlockingQueue.take(ArrayBlockingQueue.java:420)
	at com.alibaba.nacos.common.notify.DefaultPublisher.openEventHandler(DefaultPublisher.java:111)
	at com.alibaba.nacos.common.notify.DefaultPublisher.run(DefaultPublisher.java:95)
2025-09-18 23:27:09.270 [nacos.publisher-com.alibaba.nacos.client.config.impl.ConfigFuzzyWatchLoadEvent] ERROR [] com.alibaba.nacos.common.notify.NotifyCenter - Event listener exception : 
java.lang.InterruptedException: null
	at java.base/java.util.concurrent.locks.AbstractQueuedSynchronizer$ConditionObject.await(AbstractQueuedSynchronizer.java:1645)
	at java.base/java.util.concurrent.ArrayBlockingQueue.take(ArrayBlockingQueue.java:420)
	at com.alibaba.nacos.common.notify.DefaultPublisher.openEventHandler(DefaultPublisher.java:111)
	at com.alibaba.nacos.common.notify.DefaultPublisher.run(DefaultPublisher.java:95)
2025-09-18 23:27:09.271 [nacos.publisher-com.alibaba.nacos.client.naming.event.NamingFuzzyWatchLoadEvent] ERROR [] com.alibaba.nacos.common.notify.NotifyCenter - Event listener exception : 
java.lang.InterruptedException: null
	at java.base/java.util.concurrent.locks.AbstractQueuedSynchronizer$ConditionObject.await(AbstractQueuedSynchronizer.java:1645)
	at java.base/java.util.concurrent.ArrayBlockingQueue.take(ArrayBlockingQueue.java:420)
	at com.alibaba.nacos.common.notify.DefaultPublisher.openEventHandler(DefaultPublisher.java:111)
	at com.alibaba.nacos.common.notify.DefaultPublisher.run(DefaultPublisher.java:95)
2025-09-18 23:27:09.270 [nacos.publisher-com.alibaba.nacos.client.naming.event.NamingFuzzyWatchNotifyEvent] ERROR [] com.alibaba.nacos.common.notify.NotifyCenter - Event listener exception : 
java.lang.InterruptedException: null
	at java.base/java.util.concurrent.locks.AbstractQueuedSynchronizer$ConditionObject.await(AbstractQueuedSynchronizer.java:1645)
	at java.base/java.util.concurrent.ArrayBlockingQueue.take(ArrayBlockingQueue.java:420)
	at com.alibaba.nacos.common.notify.DefaultPublisher.openEventHandler(DefaultPublisher.java:111)
	at com.alibaba.nacos.common.notify.DefaultPublisher.run(DefaultPublisher.java:95)
2025-09-18 23:51:09.343 [main] ERROR [] o.s.b.diagnostics.LoggingFailureAnalysisReporter - 

***************************
APPLICATION FAILED TO START
***************************

Description:

Parameter 0 of method discoverClientRouteServiceConvert in com.github.xiaoymin.knife4j.spring.gateway.Knife4jGatewayAutoConfiguration$Knife4jDiscoverConfiguration$ReactiveDiscoveryClientRouteDefinitionLocatorConfiguration required a bean of type 'org.springframework.cloud.gateway.discovery.DiscoveryClientRouteDefinitionLocator' that could not be found.


Action:

Consider defining a bean of type 'org.springframework.cloud.gateway.discovery.DiscoveryClientRouteDefinitionLocator' in your configuration.

2025-09-18 23:53:26.284 [main] ERROR [] o.s.b.diagnostics.LoggingFailureAnalysisReporter - 

***************************
APPLICATION FAILED TO START
***************************

Description:

Parameter 0 of method discoverClientRouteServiceConvert in com.github.xiaoymin.knife4j.spring.gateway.Knife4jGatewayAutoConfiguration$Knife4jDiscoverConfiguration$ReactiveDiscoveryClientRouteDefinitionLocatorConfiguration required a bean of type 'org.springframework.cloud.gateway.discovery.DiscoveryClientRouteDefinitionLocator' that could not be found.


Action:

Consider defining a bean of type 'org.springframework.cloud.gateway.discovery.DiscoveryClientRouteDefinitionLocator' in your configuration.

2025-09-18 23:53:58.584 [main] ERROR [] o.s.b.diagnostics.LoggingFailureAnalysisReporter - 

***************************
APPLICATION FAILED TO START
***************************

Description:

Parameter 0 of method discoverClientRouteServiceConvert in com.github.xiaoymin.knife4j.spring.gateway.Knife4jGatewayAutoConfiguration$Knife4jDiscoverConfiguration$ReactiveDiscoveryClientRouteDefinitionLocatorConfiguration required a bean of type 'org.springframework.cloud.gateway.discovery.DiscoveryClientRouteDefinitionLocator' that could not be found.


Action:

Consider defining a bean of type 'org.springframework.cloud.gateway.discovery.DiscoveryClientRouteDefinitionLocator' in your configuration.

2025-09-18 23:59:16.165 [main] ERROR [] o.s.b.diagnostics.LoggingFailureAnalysisReporter - 

***************************
APPLICATION FAILED TO START
***************************

Description:

Parameter 0 of method discoverClientRouteServiceConvert in com.github.xiaoymin.knife4j.spring.gateway.Knife4jGatewayAutoConfiguration$Knife4jDiscoverConfiguration$ReactiveDiscoveryClientRouteDefinitionLocatorConfiguration required a bean of type 'org.springframework.cloud.gateway.discovery.DiscoveryClientRouteDefinitionLocator' that could not be found.


Action:

Consider defining a bean of type 'org.springframework.cloud.gateway.discovery.DiscoveryClientRouteDefinitionLocator' in your configuration.

2025-09-18 23:59:58.755 [main] ERROR [] o.s.b.diagnostics.LoggingFailureAnalysisReporter - 

***************************
APPLICATION FAILED TO START
***************************

Description:

Parameter 0 of method discoverClientRouteServiceConvert in com.github.xiaoymin.knife4j.spring.gateway.Knife4jGatewayAutoConfiguration$Knife4jDiscoverConfiguration$ReactiveDiscoveryClientRouteDefinitionLocatorConfiguration required a bean of type 'org.springframework.cloud.gateway.discovery.DiscoveryClientRouteDefinitionLocator' that could not be found.


Action:

Consider defining a bean of type 'org.springframework.cloud.gateway.discovery.DiscoveryClientRouteDefinitionLocator' in your configuration.

