2025-09-18 23:21:00.556 [background-preinit] INFO  [] org.hibernate.validator.internal.util.Version - HV000001: Hibernate Validator 8.0.2.Final
2025-09-18 23:21:00.596 [main] INFO  [] com.cloud.auth.AuthApplication - Starting AuthApplication using Java 17.0.14 with PID 8580 (D:\Download\Code\sofware\cloud\auth-service\target\classes started by what's up in D:\Download\Code\sofware\cloud\auth-service)
2025-09-18 23:21:00.597 [main] DEBUG [] com.cloud.auth.AuthApplication - Running with Spring Boot v3.5.3, Spring v6.2.8
2025-09-18 23:21:00.597 [main] INFO  [] com.cloud.auth.AuthApplication - No active profile set, falling back to 1 default profile: "default"
2025-09-18 23:21:00.625 [main] INFO  [] c.a.cloud.nacos.configdata.NacosConfigDataLoader - [Nacos Config] Load config[dataId=common, group=DEFAULT_GROUP] success
2025-09-18 23:21:01.429 [main] INFO  [] o.s.d.r.config.RepositoryConfigurationDelegate - Multiple Spring Data modules found, entering strict repository configuration mode
2025-09-18 23:21:01.431 [main] INFO  [] o.s.d.r.config.RepositoryConfigurationDelegate - Bootstrapping Spring Data Redis repositories in DEFAULT mode.
2025-09-18 23:21:01.451 [main] INFO  [] o.s.d.r.config.RepositoryConfigurationDelegate - Finished Spring Data repository scanning in 6 ms. Found 0 Redis repository interfaces.
2025-09-18 23:21:01.582 [main] INFO  [] o.s.i.c.DefaultConfiguringBeanFactoryPostProcessor - No bean named 'errorChannel' has been explicitly defined. Therefore, a default PublishSubscribeChannel will be created.
2025-09-18 23:21:01.585 [main] INFO  [] o.s.i.c.DefaultConfiguringBeanFactoryPostProcessor - No bean named 'integrationHeaderChannelRegistry' has been explicitly defined. Therefore, a default DefaultHeaderChannelRegistry will be created.
2025-09-18 23:21:01.681 [main] INFO  [] o.springframework.cloud.context.scope.GenericScope - BeanFactory id=1cfab03e-7738-354a-a837-b4875687e82b
2025-09-18 23:21:01.952 [main] INFO  [] o.s.boot.web.embedded.tomcat.TomcatWebServer - Tomcat initialized with port 8080 (http)
2025-09-18 23:21:01.961 [main] INFO  [] org.apache.coyote.http11.Http11NioProtocol - Initializing ProtocolHandler ["http-nio-8080"]
2025-09-18 23:21:01.962 [main] INFO  [] org.apache.catalina.core.StandardService - Starting service [Tomcat]
2025-09-18 23:21:01.962 [main] INFO  [] org.apache.catalina.core.StandardEngine - Starting Servlet engine: [Apache Tomcat/10.1.42]
2025-09-18 23:21:02.013 [main] INFO  [] o.a.c.core.ContainerBase.[Tomcat].[localhost].[/] - Initializing Spring embedded WebApplicationContext
2025-09-18 23:21:02.013 [main] INFO  [] o.s.b.w.s.c.ServletWebServerApplicationContext - Root WebApplicationContext: initialization completed in 1385 ms
2025-09-18 23:21:02.403 [main] INFO  [] o.s.cloud.openfeign.FeignClientFactoryBean - For 'user-service' URL not provided. Will try picking an instance via load-balancing.
2025-09-18 23:21:02.439 [main] INFO  [] com.cloud.auth.config.JwtPasswordConfig - 🔧 配置密码编码器
2025-09-18 23:21:02.449 [main] INFO  [] com.cloud.auth.config.JwtPasswordConfig - ✅ 密码编码器配置完成，默认算法: bcrypt，支持算法: [argon2, noop, pbkdf2, scrypt, bcrypt]
2025-09-18 23:21:02.786 [main] INFO  [] c.c.auth.config.OAuth21AuthorizationServerConfig - 🔧 配置OAuth2.1注册客户端仓库
2025-09-18 23:21:02.794 [main] INFO  [] c.c.auth.config.OAuth21AuthorizationServerConfig - ✅ OAuth2.1注册客户端仓库配置完成，注册客户端数量: 3
2025-09-18 23:21:02.794 [main] INFO  [] c.c.auth.config.OAuth21AuthorizationServerConfig -    - Web应用客户端: webapp-client (支持授权码+PKCE)
2025-09-18 23:21:02.794 [main] INFO  [] c.c.auth.config.OAuth21AuthorizationServerConfig -    - 移动应用客户端: mobile-client (公共客户端+PKCE)
2025-09-18 23:21:02.794 [main] INFO  [] c.c.auth.config.OAuth21AuthorizationServerConfig -    - 服务客户端: service-client (客户端凭证)
2025-09-18 23:21:02.794 [main] INFO  [] c.c.auth.config.OAuth21AuthorizationServerConfig - 🔧 配置OAuth2.1授权服务器设置
2025-09-18 23:21:02.796 [main] INFO  [] c.c.auth.config.OAuth21AuthorizationServerConfig - ✅ OAuth2.1授权服务器设置配置完成
2025-09-18 23:21:02.798 [main] INFO  [] com.cloud.auth.config.JwtPasswordConfig - 🔧 生成OAuth2.1 RSA密钥对
2025-09-18 23:21:02.971 [main] INFO  [] com.cloud.auth.config.JwtPasswordConfig - ✅ RSA密钥对生成完成
2025-09-18 23:21:02.971 [main] INFO  [] com.cloud.auth.config.JwtPasswordConfig - 🔧 配置JWK源
2025-09-18 23:21:02.991 [main] INFO  [] com.cloud.auth.config.JwtPasswordConfig - ✅ JWK源配置完成，密钥ID: 1542718c-7609-4193-a469-93fd8b1504f5
2025-09-18 23:21:02.995 [main] INFO  [] com.cloud.auth.config.JwtPasswordConfig - 🔧 配置JWT解码器
2025-09-18 23:21:03.051 [main] INFO  [] com.cloud.auth.config.JwtPasswordConfig - ✅ JWT解码器配置完成（远程JWK URI）: http://localhost:8080/.well-known/jwks.json
2025-09-18 23:21:03.055 [main] INFO  [] com.cloud.auth.config.JwtPasswordConfig - 🔧 配置JWT权限转换器
2025-09-18 23:21:03.057 [main] INFO  [] com.cloud.auth.config.JwtPasswordConfig - ✅ JWT权限转换器配置完成
2025-09-18 23:21:03.065 [main] INFO  [] com.cloud.auth.config.RedisOAuth2Config - 🔧 配置OAuth2授权服务（Redis存储）
2025-09-18 23:21:03.066 [main] INFO  [] com.cloud.auth.config.RedisOAuth2Config - 🔧 配置Redis模板
2025-09-18 23:21:03.215 [main] INFO  [] com.cloud.auth.config.RedisOAuth2Config - ✅ Redis模板配置完成
2025-09-18 23:21:03.237 [main] INFO  [] com.cloud.auth.config.RedisOAuth2Config - ✅ OAuth2授权服务配置完成
2025-09-18 23:21:03.241 [main] INFO  [] com.cloud.auth.config.JwtPasswordConfig - 🔧 配置JWT编码器
2025-09-18 23:21:03.247 [main] INFO  [] com.cloud.auth.config.JwtPasswordConfig - ✅ JWT编码器配置完成
2025-09-18 23:21:03.255 [main] INFO  [] com.cloud.auth.config.JwtPasswordConfig - 🔧 配置OAuth2.1令牌生成器
2025-09-18 23:21:03.261 [main] INFO  [] com.cloud.auth.config.JwtPasswordConfig - ✅ OAuth2.1令牌生成器配置完成
2025-09-18 23:21:03.299 [main] INFO  [] c.cloud.auth.config.AuthenticationProviderConfig - 🔧 配置DAO认证提供者
2025-09-18 23:21:03.308 [main] INFO  [] c.cloud.auth.config.AuthenticationProviderConfig - ✅ DAO认证提供者配置完成
2025-09-18 23:21:03.321 [main] INFO  [] c.cloud.auth.config.AuthenticationProviderConfig - 🔧 配置认证管理器
2025-09-18 23:21:03.348 [main] INFO  [] o.s.s.c.a.a.c.InitializeAuthenticationProviderBeanManagerConfigurer$InitializeAuthenticationProviderManagerConfigurer - Global AuthenticationManager configured with AuthenticationProvider bean with name daoAuthenticationProvider
2025-09-18 23:21:03.348 [main] WARN  [] o.s.s.c.a.a.c.InitializeUserDetailsBeanManagerConfigurer$InitializeUserDetailsManagerConfigurer - Global AuthenticationManager configured with an AuthenticationProvider bean. UserDetailsService beans will not be used by Spring Security for automatically configuring username/password login. Consider removing the AuthenticationProvider bean. Alternatively, consider using the UserDetailsService in a manually instantiated DaoAuthenticationProvider. If the current configuration is intentional, to turn off this warning, increase the logging level of 'org.springframework.security.config.annotation.authentication.configuration.InitializeUserDetailsBeanManagerConfigurer' to ERROR
2025-09-18 23:21:03.350 [main] INFO  [] c.cloud.auth.config.AuthenticationProviderConfig - ✅ 认证管理器配置完成
2025-09-18 23:21:03.350 [main] INFO  [] c.cloud.auth.config.AuthenticationProviderConfig - 🔧 配置用户详情服务验证器
2025-09-18 23:21:03.350 [main] INFO  [] c.cloud.auth.config.AuthenticationProviderConfig - 🔍 验证用户详情服务配置
2025-09-18 23:21:03.350 [main] INFO  [] c.cloud.auth.config.AuthenticationProviderConfig - ✅ 用户详情服务配置验证通过
2025-09-18 23:21:03.352 [main] INFO  [] c.cloud.auth.config.AuthenticationProviderConfig - 🔧 配置认证事件监听器
2025-09-18 23:21:03.354 [main] INFO  [] com.cloud.auth.config.JwtPasswordConfig - 🔧 配置增强版JWT权限转换器
2025-09-18 23:21:03.354 [main] INFO  [] com.cloud.auth.config.JwtPasswordConfig - ✅ 增强版JWT权限转换器配置完成
2025-09-18 23:21:03.356 [main] INFO  [] com.cloud.auth.config.RedisOAuth2Config - 🔧 配置OAuth2同意服务（Redis存储）
2025-09-18 23:21:03.356 [main] INFO  [] com.cloud.auth.config.RedisOAuth2Config - ✅ OAuth2同意服务配置完成
2025-09-18 23:21:03.358 [main] INFO  [] com.cloud.auth.config.RedisOAuth2Config - 🔧 配置OAuth2专用Redis模板
2025-09-18 23:21:03.358 [main] INFO  [] com.cloud.auth.config.RedisOAuth2Config - ✅ OAuth2专用Redis模板配置完成
2025-09-18 23:21:03.360 [main] INFO  [] com.cloud.auth.config.RedisOAuth2Config - 🔧 配置Redis连接验证器
2025-09-18 23:21:03.360 [main] INFO  [] com.cloud.auth.config.RedisOAuth2Config - 🔍 验证Redis连接
2025-09-18 23:21:04.070 [main] INFO  [] com.cloud.auth.config.RedisOAuth2Config - ✅ Redis连接验证成功
2025-09-18 23:21:04.071 [main] INFO  [] com.cloud.auth.config.RedisOAuth2Config - 🔧 配置Redis健康检查器
2025-09-18 23:21:04.192 [main] INFO  [] com.cloud.auth.config.SecurityFilterChainConfig - 🔧 配置OAuth2.1授权服务器安全过滤器链
2025-09-18 23:21:04.785 [main] INFO  [] o.s.b.actuate.endpoint.web.EndpointLinksResolver - Exposing 22 endpoints beneath base path '/actuator'
2025-09-18 23:21:04.852 [main] INFO  [] com.cloud.auth.config.SecurityFilterChainConfig - ✅ OAuth2.1授权服务器安全过滤器链配置完成
2025-09-18 23:21:04.943 [main] WARN  [] o.s.b.w.s.c.AnnotationConfigServletWebServerApplicationContext - Exception encountered during context initialization - cancelling refresh attempt: org.springframework.beans.factory.BeanCreationException: Error creating bean with name 'authorizationServerSecurityFilterChain' defined in class path resource [com/cloud/auth/config/SecurityFilterChainConfig.class]: Failed to instantiate [org.springframework.security.web.SecurityFilterChain]: Factory method 'authorizationServerSecurityFilterChain' threw exception with message: No qualifying bean of type 'org.springframework.security.oauth2.server.resource.authentication.JwtAuthenticationConverter' available: expected single matching bean but found 2: jwtAuthenticationConverter,enhancedJwtAuthenticationConverter
2025-09-18 23:21:04.961 [main] INFO  [] org.apache.catalina.core.StandardService - Stopping service [Tomcat]
2025-09-18 23:21:04.992 [main] INFO  [] o.s.b.a.logging.ConditionEvaluationReportLogger - 

Error starting ApplicationContext. To display the condition evaluation report re-run your application with 'debug' enabled.
2025-09-18 23:21:05.009 [main] ERROR [] o.s.b.diagnostics.LoggingFailureAnalysisReporter - 

***************************
APPLICATION FAILED TO START
***************************

Description:

Method authorizationServerSecurityFilterChain in com.cloud.auth.config.SecurityFilterChainConfig required a single bean, but 2 were found:
	- jwtAuthenticationConverter: defined by method 'jwtAuthenticationConverter' in class path resource [com/cloud/auth/config/JwtPasswordConfig.class]
	- enhancedJwtAuthenticationConverter: defined by method 'enhancedJwtAuthenticationConverter' in class path resource [com/cloud/auth/config/JwtPasswordConfig.class]

This may be due to missing parameter name information

Action:

Consider marking one of the beans as @Primary, updating the consumer to accept multiple beans, or using @Qualifier to identify the bean that should be consumed

Ensure that your compiler is configured to use the '-parameters' flag.
You may need to update both your build tool settings as well as your IDE.
(See https://github.com/spring-projects/spring-framework/wiki/Spring-Framework-6.1-Release-Notes#parameter-name-retention)


2025-09-18 23:21:05.957 [Thread-1] INFO  [] c.alibaba.nacos.common.executor.ThreadPoolManager - [ThreadPoolManager] Start destroying ThreadPool
2025-09-18 23:21:05.957 [Thread-5] INFO  [] com.alibaba.nacos.common.notify.NotifyCenter - [NotifyCenter] Start destroying Publisher
2025-09-18 23:21:05.960 [Thread-1] INFO  [] c.alibaba.nacos.common.executor.ThreadPoolManager - [ThreadPoolManager] Completed destruction of ThreadPool
2025-09-18 23:21:05.960 [Thread-5] INFO  [] com.alibaba.nacos.common.notify.NotifyCenter - [NotifyCenter] Completed destruction of Publisher
2025-09-18 23:21:05.960 [Thread-3] INFO  [] c.alibaba.nacos.common.http.HttpClientBeanHolder - [HttpClientBeanHolder] Start destroying common HttpClient
2025-09-18 23:22:34.763 [background-preinit] INFO  [] org.hibernate.validator.internal.util.Version - HV000001: Hibernate Validator 8.0.2.Final
2025-09-18 23:22:34.800 [main] INFO  [] com.cloud.auth.AuthApplication - Starting AuthApplication using Java 17.0.14 with PID 8676 (D:\Download\Code\sofware\cloud\auth-service\target\classes started by what's up in D:\Download\Code\sofware\cloud\auth-service)
2025-09-18 23:22:34.800 [main] DEBUG [] com.cloud.auth.AuthApplication - Running with Spring Boot v3.5.3, Spring v6.2.8
2025-09-18 23:22:34.802 [main] INFO  [] com.cloud.auth.AuthApplication - No active profile set, falling back to 1 default profile: "default"
2025-09-18 23:22:34.827 [main] INFO  [] c.a.cloud.nacos.configdata.NacosConfigDataLoader - [Nacos Config] Load config[dataId=common, group=DEFAULT_GROUP] success
2025-09-18 23:22:35.594 [main] INFO  [] o.s.d.r.config.RepositoryConfigurationDelegate - Multiple Spring Data modules found, entering strict repository configuration mode
2025-09-18 23:22:35.596 [main] INFO  [] o.s.d.r.config.RepositoryConfigurationDelegate - Bootstrapping Spring Data Redis repositories in DEFAULT mode.
2025-09-18 23:22:35.613 [main] INFO  [] o.s.d.r.config.RepositoryConfigurationDelegate - Finished Spring Data repository scanning in 6 ms. Found 0 Redis repository interfaces.
2025-09-18 23:22:35.728 [main] INFO  [] o.s.i.c.DefaultConfiguringBeanFactoryPostProcessor - No bean named 'errorChannel' has been explicitly defined. Therefore, a default PublishSubscribeChannel will be created.
2025-09-18 23:22:35.733 [main] INFO  [] o.s.i.c.DefaultConfiguringBeanFactoryPostProcessor - No bean named 'integrationHeaderChannelRegistry' has been explicitly defined. Therefore, a default DefaultHeaderChannelRegistry will be created.
2025-09-18 23:22:35.827 [main] INFO  [] o.springframework.cloud.context.scope.GenericScope - BeanFactory id=1cfab03e-7738-354a-a837-b4875687e82b
2025-09-18 23:22:36.086 [main] INFO  [] o.s.boot.web.embedded.tomcat.TomcatWebServer - Tomcat initialized with port 8080 (http)
2025-09-18 23:22:36.096 [main] INFO  [] org.apache.coyote.http11.Http11NioProtocol - Initializing ProtocolHandler ["http-nio-8080"]
2025-09-18 23:22:36.096 [main] INFO  [] org.apache.catalina.core.StandardService - Starting service [Tomcat]
2025-09-18 23:22:36.098 [main] INFO  [] org.apache.catalina.core.StandardEngine - Starting Servlet engine: [Apache Tomcat/10.1.42]
2025-09-18 23:22:36.148 [main] INFO  [] o.a.c.core.ContainerBase.[Tomcat].[localhost].[/] - Initializing Spring embedded WebApplicationContext
2025-09-18 23:22:36.148 [main] INFO  [] o.s.b.w.s.c.ServletWebServerApplicationContext - Root WebApplicationContext: initialization completed in 1319 ms
2025-09-18 23:22:36.531 [main] INFO  [] o.s.cloud.openfeign.FeignClientFactoryBean - For 'user-service' URL not provided. Will try picking an instance via load-balancing.
2025-09-18 23:22:36.563 [main] INFO  [] com.cloud.auth.config.JwtPasswordConfig - 🔧 配置密码编码器
2025-09-18 23:22:36.573 [main] INFO  [] com.cloud.auth.config.JwtPasswordConfig - ✅ 密码编码器配置完成，默认算法: bcrypt，支持算法: [argon2, noop, pbkdf2, scrypt, bcrypt]
2025-09-18 23:22:36.815 [main] INFO  [] c.c.auth.config.OAuth21AuthorizationServerConfig - 🔧 配置OAuth2.1注册客户端仓库
2025-09-18 23:22:36.819 [main] INFO  [] c.c.auth.config.OAuth21AuthorizationServerConfig - ✅ OAuth2.1注册客户端仓库配置完成，注册客户端数量: 3
2025-09-18 23:22:36.822 [main] INFO  [] c.c.auth.config.OAuth21AuthorizationServerConfig -    - Web应用客户端: webapp-client (支持授权码+PKCE)
2025-09-18 23:22:36.822 [main] INFO  [] c.c.auth.config.OAuth21AuthorizationServerConfig -    - 移动应用客户端: mobile-client (公共客户端+PKCE)
2025-09-18 23:22:36.822 [main] INFO  [] c.c.auth.config.OAuth21AuthorizationServerConfig -    - 服务客户端: service-client (客户端凭证)
2025-09-18 23:22:36.822 [main] INFO  [] c.c.auth.config.OAuth21AuthorizationServerConfig - 🔧 配置OAuth2.1授权服务器设置
2025-09-18 23:22:36.824 [main] INFO  [] c.c.auth.config.OAuth21AuthorizationServerConfig - ✅ OAuth2.1授权服务器设置配置完成
2025-09-18 23:22:36.825 [main] INFO  [] com.cloud.auth.config.JwtPasswordConfig - 🔧 生成OAuth2.1 RSA密钥对
2025-09-18 23:22:37.034 [main] INFO  [] com.cloud.auth.config.JwtPasswordConfig - ✅ RSA密钥对生成完成
2025-09-18 23:22:37.034 [main] INFO  [] com.cloud.auth.config.JwtPasswordConfig - 🔧 配置JWK源
2025-09-18 23:22:37.042 [main] INFO  [] com.cloud.auth.config.JwtPasswordConfig - ✅ JWK源配置完成，密钥ID: 9fba3833-94b3-451e-b0f2-394a394e9d9a
2025-09-18 23:22:37.044 [main] INFO  [] com.cloud.auth.config.JwtPasswordConfig - 🔧 配置JWT解码器
2025-09-18 23:22:37.063 [main] INFO  [] com.cloud.auth.config.JwtPasswordConfig - ✅ JWT解码器配置完成（远程JWK URI）: http://localhost:8080/.well-known/jwks.json
2025-09-18 23:22:37.064 [main] INFO  [] com.cloud.auth.config.JwtPasswordConfig - 🔧 配置增强版JWT权限转换器
2025-09-18 23:22:37.065 [main] INFO  [] com.cloud.auth.config.JwtPasswordConfig - ✅ 增强版JWT权限转换器配置完成
2025-09-18 23:22:37.069 [main] INFO  [] com.cloud.auth.config.RedisOAuth2Config - 🔧 配置OAuth2授权服务（Redis存储）
2025-09-18 23:22:37.069 [main] INFO  [] com.cloud.auth.config.RedisOAuth2Config - 🔧 配置Redis模板
2025-09-18 23:22:37.115 [main] INFO  [] com.cloud.auth.config.RedisOAuth2Config - ✅ Redis模板配置完成
2025-09-18 23:22:37.122 [main] INFO  [] com.cloud.auth.config.RedisOAuth2Config - ✅ OAuth2授权服务配置完成
2025-09-18 23:22:37.124 [main] INFO  [] com.cloud.auth.config.JwtPasswordConfig - 🔧 配置JWT编码器
2025-09-18 23:22:37.127 [main] INFO  [] com.cloud.auth.config.JwtPasswordConfig - ✅ JWT编码器配置完成
2025-09-18 23:22:37.130 [main] INFO  [] com.cloud.auth.config.JwtPasswordConfig - 🔧 配置OAuth2.1令牌生成器
2025-09-18 23:22:37.133 [main] INFO  [] com.cloud.auth.config.JwtPasswordConfig - ✅ OAuth2.1令牌生成器配置完成
2025-09-18 23:22:37.153 [main] INFO  [] c.cloud.auth.config.AuthenticationProviderConfig - 🔧 配置DAO认证提供者
2025-09-18 23:22:37.157 [main] INFO  [] c.cloud.auth.config.AuthenticationProviderConfig - ✅ DAO认证提供者配置完成
2025-09-18 23:22:37.163 [main] INFO  [] c.cloud.auth.config.AuthenticationProviderConfig - 🔧 配置认证管理器
2025-09-18 23:22:37.176 [main] INFO  [] o.s.s.c.a.a.c.InitializeAuthenticationProviderBeanManagerConfigurer$InitializeAuthenticationProviderManagerConfigurer - Global AuthenticationManager configured with AuthenticationProvider bean with name daoAuthenticationProvider
2025-09-18 23:22:37.177 [main] WARN  [] o.s.s.c.a.a.c.InitializeUserDetailsBeanManagerConfigurer$InitializeUserDetailsManagerConfigurer - Global AuthenticationManager configured with an AuthenticationProvider bean. UserDetailsService beans will not be used by Spring Security for automatically configuring username/password login. Consider removing the AuthenticationProvider bean. Alternatively, consider using the UserDetailsService in a manually instantiated DaoAuthenticationProvider. If the current configuration is intentional, to turn off this warning, increase the logging level of 'org.springframework.security.config.annotation.authentication.configuration.InitializeUserDetailsBeanManagerConfigurer' to ERROR
2025-09-18 23:22:37.177 [main] INFO  [] c.cloud.auth.config.AuthenticationProviderConfig - ✅ 认证管理器配置完成
2025-09-18 23:22:37.178 [main] INFO  [] c.cloud.auth.config.AuthenticationProviderConfig - 🔧 配置用户详情服务验证器
2025-09-18 23:22:37.178 [main] INFO  [] c.cloud.auth.config.AuthenticationProviderConfig - 🔍 验证用户详情服务配置
2025-09-18 23:22:37.178 [main] INFO  [] c.cloud.auth.config.AuthenticationProviderConfig - ✅ 用户详情服务配置验证通过
2025-09-18 23:22:37.178 [main] INFO  [] c.cloud.auth.config.AuthenticationProviderConfig - 🔧 配置认证事件监听器
2025-09-18 23:22:37.180 [main] INFO  [] com.cloud.auth.config.JwtPasswordConfig - 🔧 配置JWT权限转换器
2025-09-18 23:22:37.180 [main] INFO  [] com.cloud.auth.config.JwtPasswordConfig - ✅ JWT权限转换器配置完成
2025-09-18 23:22:37.185 [main] INFO  [] com.cloud.auth.config.RedisOAuth2Config - 🔧 配置OAuth2同意服务（Redis存储）
2025-09-18 23:22:37.185 [main] INFO  [] com.cloud.auth.config.RedisOAuth2Config - ✅ OAuth2同意服务配置完成
2025-09-18 23:22:37.187 [main] INFO  [] com.cloud.auth.config.RedisOAuth2Config - 🔧 配置OAuth2专用Redis模板
2025-09-18 23:22:37.187 [main] INFO  [] com.cloud.auth.config.RedisOAuth2Config - ✅ OAuth2专用Redis模板配置完成
2025-09-18 23:22:37.188 [main] INFO  [] com.cloud.auth.config.RedisOAuth2Config - 🔧 配置Redis连接验证器
2025-09-18 23:22:37.188 [main] INFO  [] com.cloud.auth.config.RedisOAuth2Config - 🔍 验证Redis连接
2025-09-18 23:22:37.483 [main] INFO  [] com.cloud.auth.config.RedisOAuth2Config - ✅ Redis连接验证成功
2025-09-18 23:22:37.483 [main] INFO  [] com.cloud.auth.config.RedisOAuth2Config - 🔧 配置Redis健康检查器
2025-09-18 23:22:37.529 [main] INFO  [] com.cloud.auth.config.SecurityFilterChainConfig - 🔧 配置OAuth2.1授权服务器安全过滤器链
2025-09-18 23:22:37.906 [main] INFO  [] o.s.b.actuate.endpoint.web.EndpointLinksResolver - Exposing 22 endpoints beneath base path '/actuator'
2025-09-18 23:22:37.948 [main] INFO  [] com.cloud.auth.config.SecurityFilterChainConfig - ✅ OAuth2.1授权服务器安全过滤器链配置完成
2025-09-18 23:22:37.991 [main] WARN  [] o.s.b.w.s.c.AnnotationConfigServletWebServerApplicationContext - Exception encountered during context initialization - cancelling refresh attempt: org.springframework.beans.factory.BeanCreationException: Error creating bean with name 'authorizationServerSecurityFilterChain' defined in class path resource [com/cloud/auth/config/SecurityFilterChainConfig.class]: Failed to instantiate [org.springframework.security.web.SecurityFilterChain]: Factory method 'authorizationServerSecurityFilterChain' threw exception with message: No qualifying bean of type 'org.springframework.security.oauth2.server.resource.authentication.JwtAuthenticationConverter' available: expected single matching bean but found 2: jwtAuthenticationConverter,enhancedJwtAuthenticationConverter
2025-09-18 23:22:38.005 [main] INFO  [] org.apache.catalina.core.StandardService - Stopping service [Tomcat]
2025-09-18 23:22:38.031 [main] INFO  [] o.s.b.a.logging.ConditionEvaluationReportLogger - 

Error starting ApplicationContext. To display the condition evaluation report re-run your application with 'debug' enabled.
2025-09-18 23:22:38.041 [main] ERROR [] o.s.b.diagnostics.LoggingFailureAnalysisReporter - 

***************************
APPLICATION FAILED TO START
***************************

Description:

Method authorizationServerSecurityFilterChain in com.cloud.auth.config.SecurityFilterChainConfig required a single bean, but 2 were found:
	- jwtAuthenticationConverter: defined by method 'jwtAuthenticationConverter' in class path resource [com/cloud/auth/config/JwtPasswordConfig.class]
	- enhancedJwtAuthenticationConverter: defined by method 'enhancedJwtAuthenticationConverter' in class path resource [com/cloud/auth/config/JwtPasswordConfig.class]

This may be due to missing parameter name information

Action:

Consider marking one of the beans as @Primary, updating the consumer to accept multiple beans, or using @Qualifier to identify the bean that should be consumed

Ensure that your compiler is configured to use the '-parameters' flag.
You may need to update both your build tool settings as well as your IDE.
(See https://github.com/spring-projects/spring-framework/wiki/Spring-Framework-6.1-Release-Notes#parameter-name-retention)


2025-09-18 23:22:39.004 [Thread-3] INFO  [] c.alibaba.nacos.common.http.HttpClientBeanHolder - [HttpClientBeanHolder] Start destroying common HttpClient
2025-09-18 23:22:39.004 [Thread-1] INFO  [] c.alibaba.nacos.common.executor.ThreadPoolManager - [ThreadPoolManager] Start destroying ThreadPool
2025-09-18 23:22:39.004 [Thread-5] INFO  [] com.alibaba.nacos.common.notify.NotifyCenter - [NotifyCenter] Start destroying Publisher
2025-09-18 23:22:39.004 [Thread-5] INFO  [] com.alibaba.nacos.common.notify.NotifyCenter - [NotifyCenter] Completed destruction of Publisher
2025-09-18 23:22:39.005 [Thread-1] INFO  [] c.alibaba.nacos.common.executor.ThreadPoolManager - [ThreadPoolManager] Completed destruction of ThreadPool
2025-09-18 23:22:39.005 [Thread-3] INFO  [] c.alibaba.nacos.common.http.HttpClientBeanHolder - [HttpClientBeanHolder] Completed destruction of HttpClient
2025-09-18 23:23:48.037 [background-preinit] INFO  [] org.hibernate.validator.internal.util.Version - HV000001: Hibernate Validator 8.0.2.Final
2025-09-18 23:23:48.085 [main] INFO  [] com.cloud.auth.AuthApplication - Starting AuthApplication using Java 17.0.14 with PID 15704 (D:\Download\Code\sofware\cloud\auth-service\target\classes started by what's up in D:\Download\Code\sofware\cloud\auth-service)
2025-09-18 23:23:48.085 [main] DEBUG [] com.cloud.auth.AuthApplication - Running with Spring Boot v3.5.3, Spring v6.2.8
2025-09-18 23:23:48.085 [main] INFO  [] com.cloud.auth.AuthApplication - No active profile set, falling back to 1 default profile: "default"
2025-09-18 23:23:48.118 [main] INFO  [] c.a.cloud.nacos.configdata.NacosConfigDataLoader - [Nacos Config] Load config[dataId=common, group=DEFAULT_GROUP] success
2025-09-18 23:23:48.973 [main] INFO  [] o.s.d.r.config.RepositoryConfigurationDelegate - Multiple Spring Data modules found, entering strict repository configuration mode
2025-09-18 23:23:48.977 [main] INFO  [] o.s.d.r.config.RepositoryConfigurationDelegate - Bootstrapping Spring Data Redis repositories in DEFAULT mode.
2025-09-18 23:23:48.994 [main] INFO  [] o.s.d.r.config.RepositoryConfigurationDelegate - Finished Spring Data repository scanning in 5 ms. Found 0 Redis repository interfaces.
2025-09-18 23:23:49.109 [main] INFO  [] o.s.i.c.DefaultConfiguringBeanFactoryPostProcessor - No bean named 'errorChannel' has been explicitly defined. Therefore, a default PublishSubscribeChannel will be created.
2025-09-18 23:23:49.114 [main] INFO  [] o.s.i.c.DefaultConfiguringBeanFactoryPostProcessor - No bean named 'integrationHeaderChannelRegistry' has been explicitly defined. Therefore, a default DefaultHeaderChannelRegistry will be created.
2025-09-18 23:23:49.203 [main] INFO  [] o.springframework.cloud.context.scope.GenericScope - BeanFactory id=1cfab03e-7738-354a-a837-b4875687e82b
2025-09-18 23:23:49.459 [main] INFO  [] o.s.boot.web.embedded.tomcat.TomcatWebServer - Tomcat initialized with port 8080 (http)
2025-09-18 23:23:49.468 [main] INFO  [] org.apache.coyote.http11.Http11NioProtocol - Initializing ProtocolHandler ["http-nio-8080"]
2025-09-18 23:23:49.470 [main] INFO  [] org.apache.catalina.core.StandardService - Starting service [Tomcat]
2025-09-18 23:23:49.470 [main] INFO  [] org.apache.catalina.core.StandardEngine - Starting Servlet engine: [Apache Tomcat/10.1.42]
2025-09-18 23:23:49.517 [main] INFO  [] o.a.c.core.ContainerBase.[Tomcat].[localhost].[/] - Initializing Spring embedded WebApplicationContext
2025-09-18 23:23:49.517 [main] INFO  [] o.s.b.w.s.c.ServletWebServerApplicationContext - Root WebApplicationContext: initialization completed in 1391 ms
2025-09-18 23:23:49.895 [main] INFO  [] o.s.cloud.openfeign.FeignClientFactoryBean - For 'user-service' URL not provided. Will try picking an instance via load-balancing.
2025-09-18 23:23:49.929 [main] INFO  [] com.cloud.auth.config.JwtPasswordConfig - 🔧 配置密码编码器
2025-09-18 23:23:49.936 [main] INFO  [] com.cloud.auth.config.JwtPasswordConfig - ✅ 密码编码器配置完成，默认算法: bcrypt，支持算法: [argon2, noop, pbkdf2, scrypt, bcrypt]
2025-09-18 23:23:50.180 [main] INFO  [] c.c.auth.config.OAuth21AuthorizationServerConfig - 🔧 配置OAuth2.1注册客户端仓库
2025-09-18 23:23:50.187 [main] INFO  [] c.c.auth.config.OAuth21AuthorizationServerConfig - ✅ OAuth2.1注册客户端仓库配置完成，注册客户端数量: 3
2025-09-18 23:23:50.188 [main] INFO  [] c.c.auth.config.OAuth21AuthorizationServerConfig -    - Web应用客户端: webapp-client (支持授权码+PKCE)
2025-09-18 23:23:50.188 [main] INFO  [] c.c.auth.config.OAuth21AuthorizationServerConfig -    - 移动应用客户端: mobile-client (公共客户端+PKCE)
2025-09-18 23:23:50.188 [main] INFO  [] c.c.auth.config.OAuth21AuthorizationServerConfig -    - 服务客户端: service-client (客户端凭证)
2025-09-18 23:23:50.188 [main] INFO  [] c.c.auth.config.OAuth21AuthorizationServerConfig - 🔧 配置OAuth2.1授权服务器设置
2025-09-18 23:23:50.190 [main] INFO  [] c.c.auth.config.OAuth21AuthorizationServerConfig - ✅ OAuth2.1授权服务器设置配置完成
2025-09-18 23:23:50.190 [main] INFO  [] com.cloud.auth.config.JwtPasswordConfig - 🔧 生成OAuth2.1 RSA密钥对
2025-09-18 23:23:50.805 [main] INFO  [] com.cloud.auth.config.JwtPasswordConfig - ✅ RSA密钥对生成完成
2025-09-18 23:23:50.805 [main] INFO  [] com.cloud.auth.config.JwtPasswordConfig - 🔧 配置JWK源
2025-09-18 23:23:50.814 [main] INFO  [] com.cloud.auth.config.JwtPasswordConfig - ✅ JWK源配置完成，密钥ID: ab623db7-57d0-4a62-aaa8-1aad5b356dc5
2025-09-18 23:23:50.815 [main] INFO  [] com.cloud.auth.config.JwtPasswordConfig - 🔧 配置JWT解码器
2025-09-18 23:23:50.834 [main] INFO  [] com.cloud.auth.config.JwtPasswordConfig - ✅ JWT解码器配置完成（远程JWK URI）: http://localhost:8080/.well-known/jwks.json
2025-09-18 23:23:50.836 [main] INFO  [] com.cloud.auth.config.JwtPasswordConfig - 🔧 配置增强版JWT权限转换器
2025-09-18 23:23:50.836 [main] INFO  [] com.cloud.auth.config.JwtPasswordConfig - ✅ 增强版JWT权限转换器配置完成
2025-09-18 23:23:50.840 [main] INFO  [] com.cloud.auth.config.RedisOAuth2Config - 🔧 配置OAuth2授权服务（Redis存储）
2025-09-18 23:23:50.840 [main] INFO  [] com.cloud.auth.config.RedisOAuth2Config - 🔧 配置Redis模板
2025-09-18 23:23:50.887 [main] INFO  [] com.cloud.auth.config.RedisOAuth2Config - ✅ Redis模板配置完成
2025-09-18 23:23:50.893 [main] INFO  [] com.cloud.auth.config.RedisOAuth2Config - ✅ OAuth2授权服务配置完成
2025-09-18 23:23:50.895 [main] INFO  [] com.cloud.auth.config.JwtPasswordConfig - 🔧 配置JWT编码器
2025-09-18 23:23:50.899 [main] INFO  [] com.cloud.auth.config.JwtPasswordConfig - ✅ JWT编码器配置完成
2025-09-18 23:23:50.901 [main] INFO  [] com.cloud.auth.config.JwtPasswordConfig - 🔧 配置OAuth2.1令牌生成器
2025-09-18 23:23:50.903 [main] INFO  [] com.cloud.auth.config.JwtPasswordConfig - ✅ OAuth2.1令牌生成器配置完成
2025-09-18 23:23:50.924 [main] INFO  [] c.cloud.auth.config.AuthenticationProviderConfig - 🔧 配置DAO认证提供者
2025-09-18 23:23:50.934 [main] INFO  [] c.cloud.auth.config.AuthenticationProviderConfig - ✅ DAO认证提供者配置完成
2025-09-18 23:23:50.940 [main] INFO  [] c.cloud.auth.config.AuthenticationProviderConfig - 🔧 配置认证管理器
2025-09-18 23:23:50.953 [main] INFO  [] o.s.s.c.a.a.c.InitializeAuthenticationProviderBeanManagerConfigurer$InitializeAuthenticationProviderManagerConfigurer - Global AuthenticationManager configured with AuthenticationProvider bean with name daoAuthenticationProvider
2025-09-18 23:23:50.953 [main] WARN  [] o.s.s.c.a.a.c.InitializeUserDetailsBeanManagerConfigurer$InitializeUserDetailsManagerConfigurer - Global AuthenticationManager configured with an AuthenticationProvider bean. UserDetailsService beans will not be used by Spring Security for automatically configuring username/password login. Consider removing the AuthenticationProvider bean. Alternatively, consider using the UserDetailsService in a manually instantiated DaoAuthenticationProvider. If the current configuration is intentional, to turn off this warning, increase the logging level of 'org.springframework.security.config.annotation.authentication.configuration.InitializeUserDetailsBeanManagerConfigurer' to ERROR
2025-09-18 23:23:50.953 [main] INFO  [] c.cloud.auth.config.AuthenticationProviderConfig - ✅ 认证管理器配置完成
2025-09-18 23:23:50.953 [main] INFO  [] c.cloud.auth.config.AuthenticationProviderConfig - 🔧 配置用户详情服务验证器
2025-09-18 23:23:50.955 [main] INFO  [] c.cloud.auth.config.AuthenticationProviderConfig - 🔍 验证用户详情服务配置
2025-09-18 23:23:50.955 [main] INFO  [] c.cloud.auth.config.AuthenticationProviderConfig - ✅ 用户详情服务配置验证通过
2025-09-18 23:23:50.955 [main] INFO  [] c.cloud.auth.config.AuthenticationProviderConfig - 🔧 配置认证事件监听器
2025-09-18 23:23:50.955 [main] INFO  [] com.cloud.auth.config.JwtPasswordConfig - 🔧 配置JWT权限转换器
2025-09-18 23:23:50.955 [main] INFO  [] com.cloud.auth.config.JwtPasswordConfig - ✅ JWT权限转换器配置完成
2025-09-18 23:23:50.955 [main] INFO  [] com.cloud.auth.config.RedisOAuth2Config - 🔧 配置OAuth2同意服务（Redis存储）
2025-09-18 23:23:50.958 [main] INFO  [] com.cloud.auth.config.RedisOAuth2Config - ✅ OAuth2同意服务配置完成
2025-09-18 23:23:50.958 [main] INFO  [] com.cloud.auth.config.RedisOAuth2Config - 🔧 配置OAuth2专用Redis模板
2025-09-18 23:23:50.959 [main] INFO  [] com.cloud.auth.config.RedisOAuth2Config - ✅ OAuth2专用Redis模板配置完成
2025-09-18 23:23:50.959 [main] INFO  [] com.cloud.auth.config.RedisOAuth2Config - 🔧 配置Redis连接验证器
2025-09-18 23:23:50.959 [main] INFO  [] com.cloud.auth.config.RedisOAuth2Config - 🔍 验证Redis连接
2025-09-18 23:23:51.268 [main] INFO  [] com.cloud.auth.config.RedisOAuth2Config - ✅ Redis连接验证成功
2025-09-18 23:23:51.269 [main] INFO  [] com.cloud.auth.config.RedisOAuth2Config - 🔧 配置Redis健康检查器
2025-09-18 23:23:51.314 [main] INFO  [] com.cloud.auth.config.SecurityFilterChainConfig - 🔧 配置OAuth2.1授权服务器安全过滤器链
2025-09-18 23:23:51.694 [main] INFO  [] o.s.b.actuate.endpoint.web.EndpointLinksResolver - Exposing 22 endpoints beneath base path '/actuator'
2025-09-18 23:23:51.737 [main] INFO  [] com.cloud.auth.config.SecurityFilterChainConfig - ✅ OAuth2.1授权服务器安全过滤器链配置完成
2025-09-18 23:23:51.853 [main] DEBUG [] o.s.security.web.DefaultSecurityFilterChain - Will secure Or [Mvc [pattern='/oauth2/**'], Mvc [pattern='/.well-known/**'], Mvc [pattern='/connect/**'], Mvc [pattern='/userinfo']] with filters: DisableEncodeUrlFilter, WebAsyncManagerIntegrationFilter, SecurityContextHolderFilter, AuthorizationServerContextFilter, HeaderWriterFilter, CorsFilter, CsrfFilter, OidcLogoutEndpointFilter, LogoutFilter, OAuth2AuthorizationServerMetadataEndpointFilter, OAuth2AuthorizationEndpointFilter, OAuth2DeviceVerificationEndpointFilter, OidcProviderConfigurationEndpointFilter, NimbusJwkSetEndpointFilter, OAuth2ClientAuthenticationFilter, UsernamePasswordAuthenticationFilter, DefaultResourcesFilter, DefaultLoginPageGeneratingFilter, DefaultLogoutPageGeneratingFilter, ConcurrentSessionFilter, BearerTokenAuthenticationFilter, BasicAuthenticationFilter, AuthenticationFilter, RequestCacheAwareFilter, SecurityContextHolderAwareRequestFilter, AnonymousAuthenticationFilter, SessionManagementFilter, ExceptionTranslationFilter, AuthorizationFilter, OAuth2TokenEndpointFilter, OAuth2TokenIntrospectionEndpointFilter, OAuth2TokenRevocationEndpointFilter, OAuth2DeviceAuthorizationEndpointFilter, OidcUserInfoEndpointFilter
2025-09-18 23:23:51.853 [main] INFO  [] com.cloud.auth.config.SecurityFilterChainConfig - 🔧 配置OAuth2.1资源服务器安全过滤器链
2025-09-18 23:23:51.868 [main] INFO  [] com.cloud.auth.config.SecurityFilterChainConfig - ✅ OAuth2.1资源服务器安全过滤器链配置完成
2025-09-18 23:23:51.870 [main] INFO  [] com.cloud.auth.config.SecurityFilterChainConfig - 🔧 配置CORS跨域设置
2025-09-18 23:23:51.870 [main] INFO  [] com.cloud.auth.config.SecurityFilterChainConfig - ✅ CORS跨域设置配置完成
2025-09-18 23:23:51.872 [main] DEBUG [] o.s.security.web.DefaultSecurityFilterChain - Will secure Or [Mvc [pattern='/auth/validate-token'], Mvc [pattern='/auth/refresh-token'], Mvc [pattern='/admin/**'], Mvc [pattern='/management/**']] with filters: DisableEncodeUrlFilter, WebAsyncManagerIntegrationFilter, SecurityContextHolderFilter, HeaderWriterFilter, CorsFilter, LogoutFilter, BearerTokenAuthenticationFilter, AuthenticationFilter, RequestCacheAwareFilter, SecurityContextHolderAwareRequestFilter, AnonymousAuthenticationFilter, SessionManagementFilter, ExceptionTranslationFilter, AuthorizationFilter
2025-09-18 23:23:51.872 [main] INFO  [] com.cloud.auth.config.SecurityFilterChainConfig - 🔧 配置默认安全过滤器链
2025-09-18 23:23:51.888 [main] INFO  [] com.cloud.auth.config.SecurityFilterChainConfig - ✅ 默认安全过滤器链配置完成
2025-09-18 23:23:51.895 [main] DEBUG [] o.s.security.web.DefaultSecurityFilterChain - Will secure any request with filters: DisableEncodeUrlFilter, WebAsyncManagerIntegrationFilter, SecurityContextHolderFilter, HeaderWriterFilter, CorsFilter, LogoutFilter, RequestCacheAwareFilter, SecurityContextHolderAwareRequestFilter, AnonymousAuthenticationFilter, SessionManagementFilter, ExceptionTranslationFilter, AuthorizationFilter
2025-09-18 23:23:52.575 [main] WARN  [] o.s.c.l.c.LoadBalancerCacheAutoConfiguration$LoadBalancerCaffeineWarnLogger - Spring Cloud LoadBalancer is currently working with the default cache. While this cache implementation is useful for development and tests, it's recommended to use Caffeine cache in production.You can switch to using Caffeine cache, by adding it and org.springframework.cache.caffeine.CaffeineCacheManager to the classpath.
2025-09-18 23:23:52.646 [main] INFO  [] o.s.integration.endpoint.EventDrivenConsumer - Adding {logging-channel-adapter:_org.springframework.integration.errorLogger} as a subscriber to the 'errorChannel' channel
2025-09-18 23:23:52.648 [main] INFO  [] o.s.integration.channel.PublishSubscribeChannel - Channel 'auth-service.errorChannel' has 1 subscriber(s).
2025-09-18 23:23:52.648 [main] INFO  [] o.s.integration.endpoint.EventDrivenConsumer - started bean '_org.springframework.integration.errorLogger'
2025-09-18 23:23:52.648 [main] INFO  [] org.apache.coyote.http11.Http11NioProtocol - Starting ProtocolHandler ["http-nio-8080"]
2025-09-18 23:23:52.656 [main] INFO  [] o.s.boot.web.embedded.tomcat.TomcatWebServer - Tomcat started on port 8080 (http) with context path '/'
2025-09-18 23:23:52.664 [main] INFO  [] com.alibaba.nacos.client.naming - Nacos client key init properties: 
	serverAddr=127.0.0.1:8848
	namespace=public
	username=nacos
	password=n***s

2025-09-18 23:23:52.666 [main] INFO  [] com.alibaba.nacos.client.naming - initializer namespace from ans.namespace attribute : null
2025-09-18 23:23:52.666 [main] INFO  [] com.alibaba.nacos.client.naming - initializer namespace from ALIBABA_ALIWARE_NAMESPACE attribute :null
2025-09-18 23:23:52.666 [main] INFO  [] com.alibaba.nacos.client.naming - initializer namespace from namespace attribute :null
2025-09-18 23:23:52.678 [main] INFO  [] com.alibaba.nacos.client.naming - FailoverDataSource type is class com.alibaba.nacos.client.naming.backups.datasource.DiskFailoverDataSource
2025-09-18 23:23:52.684 [main] INFO  [] c.a.nacos.client.address.AbstractServerListManager - Load and match ServerListProvider com.alibaba.nacos.client.address.EndpointServerListProvider, match result: false
2025-09-18 23:23:52.684 [main] INFO  [] c.a.nacos.client.address.AbstractServerListManager - Load and match ServerListProvider com.alibaba.nacos.client.address.PropertiesListProvider, match result: true
2025-09-18 23:23:52.684 [main] INFO  [] c.a.nacos.client.address.AbstractServerListManager - Will use com.alibaba.nacos.client.address.PropertiesListProvider as ServerListProvider
2025-09-18 23:23:52.684 [main] INFO  [] c.a.n.p.auth.spi.client.ClientAuthPluginManager - [ClientAuthPluginManager] Load ClientAuthService com.alibaba.nacos.client.auth.impl.NacosClientAuthServiceImpl success.
2025-09-18 23:23:52.684 [main] INFO  [] c.a.n.p.auth.spi.client.ClientAuthPluginManager - [ClientAuthPluginManager] Load ClientAuthService com.alibaba.nacos.client.auth.ram.RamClientAuthServiceImpl success.
2025-09-18 23:23:52.755 [main] INFO  [] com.alibaba.nacos.common.remote.client - [RpcClientFactory] create a new rpc client of b3a2e7d1-04cb-42b9-8e45-d9c86ebea0dd
2025-09-18 23:23:52.756 [main] INFO  [] com.alibaba.nacos.client.naming - Create naming rpc client for uuid->b3a2e7d1-04cb-42b9-8e45-d9c86ebea0dd
2025-09-18 23:23:52.756 [main] INFO  [] com.alibaba.nacos.common.remote.client - [b3a2e7d1-04cb-42b9-8e45-d9c86ebea0dd] RpcClient init, ServerListFactory = com.alibaba.nacos.client.naming.core.NamingServerListManager
2025-09-18 23:23:52.756 [main] INFO  [] com.alibaba.nacos.common.remote.client - [b3a2e7d1-04cb-42b9-8e45-d9c86ebea0dd] Registry connection listener to current client:com.alibaba.nacos.client.naming.remote.gprc.redo.NamingGrpcRedoService
2025-09-18 23:23:52.757 [main] INFO  [] com.alibaba.nacos.common.remote.client - [b3a2e7d1-04cb-42b9-8e45-d9c86ebea0dd] Register server push request handler:com.alibaba.nacos.client.naming.remote.gprc.NamingPushRequestHandler
2025-09-18 23:23:52.758 [main] INFO  [] com.alibaba.nacos.common.remote.client - [b3a2e7d1-04cb-42b9-8e45-d9c86ebea0dd] Register server push request handler:com.alibaba.nacos.client.naming.remote.gprc.NamingFuzzyWatchNotifyRequestHandler
2025-09-18 23:23:52.758 [main] INFO  [] com.alibaba.nacos.common.remote.client - [b3a2e7d1-04cb-42b9-8e45-d9c86ebea0dd] Try to connect to server on start up, server: {serverIp = '127.0.0.1', server main port = 8848}
2025-09-18 23:23:52.758 [main] INFO  [] c.a.nacos.common.remote.client.grpc.GrpcClient - grpc client connection server: 127.0.0.1 ip, serverPort: 9848, grpcTslConfig: {"enableTls":false,"mutualAuthEnable":false,"trustAll":true}
2025-09-18 23:23:52.775 [main] INFO  [] com.alibaba.nacos.common.remote.client - [b3a2e7d1-04cb-42b9-8e45-d9c86ebea0dd] Success to connect to server [127.0.0.1:8848] on start up, connectionId = 1758209032791_172.28.0.1_37018
2025-09-18 23:23:52.775 [main] INFO  [] com.alibaba.nacos.common.remote.client - [b3a2e7d1-04cb-42b9-8e45-d9c86ebea0dd] Register server push request handler:com.alibaba.nacos.common.remote.client.RpcClient$ConnectResetRequestHandler
2025-09-18 23:23:52.775 [com.alibaba.nacos.client.remote.worker.0] INFO  [] com.alibaba.nacos.common.remote.client - [b3a2e7d1-04cb-42b9-8e45-d9c86ebea0dd] Notify connected event to listeners.
2025-09-18 23:23:52.775 [main] INFO  [] com.alibaba.nacos.common.remote.client - [b3a2e7d1-04cb-42b9-8e45-d9c86ebea0dd] Register server push request handler:com.alibaba.nacos.common.remote.client.RpcClient$$Lambda$321/0x000000002a3c6f10
2025-09-18 23:23:52.775 [com.alibaba.nacos.client.remote.worker.0] INFO  [] com.alibaba.nacos.client.naming - Grpc connection connect
2025-09-18 23:23:52.776 [main] INFO  [] com.alibaba.nacos.client.naming - [REGISTER-SERVICE] public registering service auth-service with instance Instance{instanceId='null', ip='192.168.43.31', port=8080, weight=1.0, healthy=true, enabled=true, ephemeral=true, clusterName='', serviceName='null', metadata={IPv6=[2409:895a:ad5c:d2bb:8db6:b4b:8cde:60b5], preserved.register.source=SPRING_CLOUD}}
2025-09-18 23:23:52.803 [main] INFO  [] c.a.cloud.nacos.registry.NacosServiceRegistry - nacos registry, DEFAULT_GROUP auth-service 192.168.43.31:8080 register finished
2025-09-18 23:23:52.993 [main] INFO  [] com.cloud.auth.AuthApplication - Started AuthApplication in 7.077 seconds (process running for 7.509)
2025-09-18 23:23:52.998 [main] INFO  [] com.alibaba.nacos.client.config.impl.CacheData - config listener notify warn timeout millis use default 60000 millis 
2025-09-18 23:23:52.999 [main] INFO  [] com.alibaba.nacos.client.config.impl.CacheData - nacos.cache.data.init.snapshot = true 
2025-09-18 23:23:52.999 [main] INFO  [] com.alibaba.nacos.client.config.impl.ClientWorker - [Config-fixed-public-localhost_8848] [subscribe] common+DEFAULT_GROUP+public
2025-09-18 23:23:53.010 [main] INFO  [] com.alibaba.nacos.client.config.impl.CacheData - [Config-fixed-public-localhost_8848] [add-listener] ok, tenant=public, dataId=common, group=DEFAULT_GROUP, cnt=1
2025-09-18 23:23:53.010 [main] INFO  [] c.a.cloud.nacos.refresh.NacosContextRefresher - [Nacos Config] Listening config: dataId=common, group=DEFAULT_GROUP
2025-09-18 23:23:53.012 [main] INFO  [] com.cloud.auth.AuthApplication - 认证服务启动完成！
2025-09-18 23:24:31.892 [Thread-1] INFO  [] c.alibaba.nacos.common.executor.ThreadPoolManager - [ThreadPoolManager] Start destroying ThreadPool
2025-09-18 23:24:31.892 [Thread-5] INFO  [] com.alibaba.nacos.common.notify.NotifyCenter - [NotifyCenter] Start destroying Publisher
2025-09-18 23:24:31.893 [Thread-3] INFO  [] c.alibaba.nacos.common.http.HttpClientBeanHolder - [HttpClientBeanHolder] Start destroying common HttpClient
2025-09-18 23:24:31.893 [Thread-5] INFO  [] com.alibaba.nacos.common.notify.NotifyCenter - [NotifyCenter] Completed destruction of Publisher
2025-09-18 23:24:31.893 [Thread-1] INFO  [] c.alibaba.nacos.common.executor.ThreadPoolManager - [ThreadPoolManager] Completed destruction of ThreadPool
2025-09-18 23:24:31.893 [Thread-3] INFO  [] c.alibaba.nacos.common.http.HttpClientBeanHolder - [HttpClientBeanHolder] Completed destruction of HttpClient
2025-09-18 23:24:31.894 [SpringApplicationShutdownHook] INFO  [] c.a.cloud.nacos.registry.NacosServiceRegistry - De-registering from Nacos Server now...
2025-09-18 23:24:31.894 [SpringApplicationShutdownHook] INFO  [] com.alibaba.nacos.client.naming - [DEREGISTER-SERVICE] public deregistering service auth-service with instance: Instance{instanceId='null', ip='192.168.43.31', port=8080, weight=1.0, healthy=true, enabled=true, ephemeral=true, clusterName='', serviceName='null', metadata={}}
2025-09-18 23:24:31.893 [nacos.publisher-com.alibaba.nacos.client.config.impl.ConfigFuzzyWatchNotifyEvent] ERROR [] com.alibaba.nacos.common.notify.NotifyCenter - Event listener exception : 
java.lang.InterruptedException: null
	at java.base/java.util.concurrent.locks.AbstractQueuedSynchronizer$ConditionObject.await(AbstractQueuedSynchronizer.java:1645)
	at java.base/java.util.concurrent.ArrayBlockingQueue.take(ArrayBlockingQueue.java:420)
	at com.alibaba.nacos.common.notify.DefaultPublisher.openEventHandler(DefaultPublisher.java:111)
	at com.alibaba.nacos.common.notify.DefaultPublisher.run(DefaultPublisher.java:95)
2025-09-18 23:24:31.893 [nacos.publisher-com.alibaba.nacos.common.notify.SlowEvent] ERROR [] com.alibaba.nacos.common.notify.NotifyCenter - Event listener exception : 
java.lang.InterruptedException: null
	at java.base/java.util.concurrent.locks.AbstractQueuedSynchronizer$ConditionObject.await(AbstractQueuedSynchronizer.java:1645)
	at java.base/java.util.concurrent.ArrayBlockingQueue.take(ArrayBlockingQueue.java:420)
	at com.alibaba.nacos.common.notify.DefaultPublisher.openEventHandler(DefaultPublisher.java:111)
	at com.alibaba.nacos.common.notify.DefaultPublisher.run(DefaultPublisher.java:95)
2025-09-18 23:24:31.893 [nacos.publisher-com.alibaba.nacos.client.config.impl.ConfigFuzzyWatchLoadEvent] ERROR [] com.alibaba.nacos.common.notify.NotifyCenter - Event listener exception : 
java.lang.InterruptedException: null
	at java.base/java.util.concurrent.locks.AbstractQueuedSynchronizer$ConditionObject.await(AbstractQueuedSynchronizer.java:1645)
	at java.base/java.util.concurrent.ArrayBlockingQueue.take(ArrayBlockingQueue.java:420)
	at com.alibaba.nacos.common.notify.DefaultPublisher.openEventHandler(DefaultPublisher.java:111)
	at com.alibaba.nacos.common.notify.DefaultPublisher.run(DefaultPublisher.java:95)
2025-09-18 23:24:31.893 [nacos.publisher-com.alibaba.nacos.client.naming.event.NamingFuzzyWatchNotifyEvent] ERROR [] com.alibaba.nacos.common.notify.NotifyCenter - Event listener exception : 
java.lang.InterruptedException: null
	at java.base/java.util.concurrent.locks.AbstractQueuedSynchronizer$ConditionObject.await(AbstractQueuedSynchronizer.java:1645)
	at java.base/java.util.concurrent.ArrayBlockingQueue.take(ArrayBlockingQueue.java:420)
	at com.alibaba.nacos.common.notify.DefaultPublisher.openEventHandler(DefaultPublisher.java:111)
	at com.alibaba.nacos.common.notify.DefaultPublisher.run(DefaultPublisher.java:95)
2025-09-18 23:24:31.893 [nacos.publisher-com.alibaba.nacos.client.naming.event.InstancesChangeEvent] ERROR [] com.alibaba.nacos.common.notify.NotifyCenter - Event listener exception : 
java.lang.InterruptedException: null
	at java.base/java.util.concurrent.locks.AbstractQueuedSynchronizer$ConditionObject.await(AbstractQueuedSynchronizer.java:1645)
	at java.base/java.util.concurrent.ArrayBlockingQueue.take(ArrayBlockingQueue.java:420)
	at com.alibaba.nacos.common.notify.DefaultPublisher.openEventHandler(DefaultPublisher.java:111)
	at com.alibaba.nacos.common.notify.DefaultPublisher.run(DefaultPublisher.java:95)
2025-09-18 23:24:31.893 [nacos.publisher-com.alibaba.nacos.client.naming.event.NamingFuzzyWatchLoadEvent] ERROR [] com.alibaba.nacos.common.notify.NotifyCenter - Event listener exception : 
java.lang.InterruptedException: null
	at java.base/java.util.concurrent.locks.AbstractQueuedSynchronizer$ConditionObject.await(AbstractQueuedSynchronizer.java:1645)
	at java.base/java.util.concurrent.ArrayBlockingQueue.take(ArrayBlockingQueue.java:420)
	at com.alibaba.nacos.common.notify.DefaultPublisher.openEventHandler(DefaultPublisher.java:111)
	at com.alibaba.nacos.common.notify.DefaultPublisher.run(DefaultPublisher.java:95)
2025-09-18 23:24:31.906 [SpringApplicationShutdownHook] INFO  [] c.a.cloud.nacos.registry.NacosServiceRegistry - De-registration finished.
2025-09-18 23:24:31.906 [SpringApplicationShutdownHook] INFO  [] com.alibaba.nacos.client.naming - com.alibaba.nacos.client.naming.cache.ServiceInfoHolder do shutdown begin
2025-09-18 23:24:31.906 [SpringApplicationShutdownHook] INFO  [] com.alibaba.nacos.client.naming - com.alibaba.nacos.client.naming.backups.FailoverReactor do shutdown begin
2025-09-18 23:24:31.906 [SpringApplicationShutdownHook] INFO  [] com.alibaba.nacos.client.naming - com.alibaba.nacos.client.naming.backups.FailoverReactor do shutdown stop
2025-09-18 23:24:31.908 [SpringApplicationShutdownHook] INFO  [] com.alibaba.nacos.client.naming - com.alibaba.nacos.client.naming.cache.ServiceInfoHolder do shutdown stop
2025-09-18 23:24:31.908 [SpringApplicationShutdownHook] INFO  [] com.alibaba.nacos.client.naming - com.alibaba.nacos.client.naming.remote.NamingClientProxyDelegate do shutdown begin
2025-09-18 23:24:31.908 [SpringApplicationShutdownHook] INFO  [] com.alibaba.nacos.client.naming - com.alibaba.nacos.client.naming.core.ServiceInfoUpdateService do shutdown begin
2025-09-18 23:24:31.908 [SpringApplicationShutdownHook] INFO  [] com.alibaba.nacos.client.naming - com.alibaba.nacos.client.naming.core.ServiceInfoUpdateService do shutdown stop
2025-09-18 23:24:31.908 [SpringApplicationShutdownHook] INFO  [] c.a.nacos.client.address.AbstractServerListManager - com.alibaba.nacos.client.naming.core.NamingServerListManager do shutdown begin
2025-09-18 23:24:31.908 [SpringApplicationShutdownHook] INFO  [] c.a.nacos.client.address.AbstractServerListManager - com.alibaba.nacos.client.naming.core.NamingServerListManager do shutdown stop
2025-09-18 23:24:31.908 [SpringApplicationShutdownHook] INFO  [] com.alibaba.nacos.client.naming - com.alibaba.nacos.client.naming.remote.http.NamingHttpClientProxy do shutdown begin
2025-09-18 23:24:31.908 [SpringApplicationShutdownHook] INFO  [] com.alibaba.nacos.client.naming - [NamingHttpClientManager] Start destroying NacosRestTemplate
2025-09-18 23:24:31.908 [SpringApplicationShutdownHook] INFO  [] com.alibaba.nacos.client.naming - [NamingHttpClientManager] Completed destruction of NacosRestTemplate
2025-09-18 23:24:31.908 [SpringApplicationShutdownHook] INFO  [] com.alibaba.nacos.client.naming - com.alibaba.nacos.client.naming.remote.http.NamingHttpClientProxy do shutdown stop
2025-09-18 23:24:31.908 [SpringApplicationShutdownHook] INFO  [] com.alibaba.nacos.client.naming - Shutdown naming grpc client proxy for  uuid->b3a2e7d1-04cb-42b9-8e45-d9c86ebea0dd
2025-09-18 23:24:31.908 [SpringApplicationShutdownHook] INFO  [] com.alibaba.nacos.client.naming - Shutdown grpc redo service executor java.util.concurrent.ScheduledThreadPoolExecutor@77259c54[Running, pool size = 1, active threads = 0, queued tasks = 1, completed tasks = 13]
2025-09-18 23:24:31.908 [SpringApplicationShutdownHook] INFO  [] com.alibaba.nacos.common.remote.client - Shutdown rpc client, set status to shutdown
2025-09-18 23:24:31.908 [SpringApplicationShutdownHook] INFO  [] com.alibaba.nacos.common.remote.client - Shutdown client event executor java.util.concurrent.ScheduledThreadPoolExecutor@62b06596[Running, pool size = 2, active threads = 2, queued tasks = 0, completed tasks = 0]
2025-09-18 23:24:31.908 [SpringApplicationShutdownHook] INFO  [] com.alibaba.nacos.common.remote.client - Close current connection 1758209032791_172.28.0.1_37018
2025-09-18 23:24:31.914 [SpringApplicationShutdownHook] INFO  [] c.a.nacos.common.remote.client.grpc.GrpcClient - Shutdown grpc executor java.util.concurrent.ThreadPoolExecutor@3eb0f2bf[Running, pool size = 6, active threads = 0, queued tasks = 0, completed tasks = 25]
2025-09-18 23:24:31.914 [SpringApplicationShutdownHook] INFO  [] com.alibaba.nacos.client.naming - shutdown and remove naming rpc client  for uuid ->b3a2e7d1-04cb-42b9-8e45-d9c86ebea0dd
2025-09-18 23:24:31.914 [SpringApplicationShutdownHook] WARN  [] o.s.b.w.s.c.AnnotationConfigServletWebServerApplicationContext - Exception thrown from ApplicationListener handling ContextClosedEvent
java.lang.NullPointerException: Cannot read field "sharePublisher" because "com.alibaba.nacos.common.notify.NotifyCenter.INSTANCE" is null
	at com.alibaba.nacos.common.notify.NotifyCenter.deregisterSubscriber(NotifyCenter.java:242)
	at com.alibaba.nacos.client.naming.remote.gprc.NamingGrpcClientProxy.shutdown(NamingGrpcClientProxy.java:537)
	at com.alibaba.nacos.client.naming.remote.NamingClientProxyDelegate.shutdown(NamingClientProxyDelegate.java:212)
	at com.alibaba.nacos.client.naming.NacosNamingService.shutDown(NacosNamingService.java:637)
	at com.alibaba.cloud.nacos.NacosServiceManager.nacosServiceShutDown(NacosServiceManager.java:117)
	at com.alibaba.cloud.nacos.registry.NacosServiceRegistry.close(NacosServiceRegistry.java:120)
	at org.springframework.cloud.client.serviceregistry.AbstractAutoServiceRegistration.stop(AbstractAutoServiceRegistration.java:311)
	at com.alibaba.cloud.nacos.registry.NacosAutoServiceRegistration.onContextClosedEvent(NacosAutoServiceRegistration.java:122)
	at java.base/jdk.internal.reflect.NativeMethodAccessorImpl.invoke0(Native Method)
	at java.base/jdk.internal.reflect.NativeMethodAccessorImpl.invoke(NativeMethodAccessorImpl.java:77)
	at java.base/jdk.internal.reflect.DelegatingMethodAccessorImpl.invoke(DelegatingMethodAccessorImpl.java:43)
	at java.base/java.lang.reflect.Method.invoke(Method.java:569)
	at org.springframework.context.event.ApplicationListenerMethodAdapter.doInvoke(ApplicationListenerMethodAdapter.java:382)
	at org.springframework.context.event.ApplicationListenerMethodAdapter.processEvent(ApplicationListenerMethodAdapter.java:254)
	at org.springframework.context.event.ApplicationListenerMethodAdapter.onApplicationEvent(ApplicationListenerMethodAdapter.java:173)
	at org.springframework.context.event.SimpleApplicationEventMulticaster.doInvokeListener(SimpleApplicationEventMulticaster.java:185)
	at org.springframework.context.event.SimpleApplicationEventMulticaster.invokeListener(SimpleApplicationEventMulticaster.java:178)
	at org.springframework.context.event.SimpleApplicationEventMulticaster.multicastEvent(SimpleApplicationEventMulticaster.java:156)
	at org.springframework.context.support.AbstractApplicationContext.publishEvent(AbstractApplicationContext.java:454)
	at org.springframework.context.support.AbstractApplicationContext.publishEvent(AbstractApplicationContext.java:387)
	at org.springframework.context.support.AbstractApplicationContext.doClose(AbstractApplicationContext.java:1163)
	at org.springframework.boot.web.servlet.context.ServletWebServerApplicationContext.doClose(ServletWebServerApplicationContext.java:179)
	at org.springframework.context.support.AbstractApplicationContext.close(AbstractApplicationContext.java:1126)
	at org.springframework.boot.SpringApplicationShutdownHook.closeAndWait(SpringApplicationShutdownHook.java:147)
	at java.base/java.lang.Iterable.forEach(Iterable.java:75)
	at org.springframework.boot.SpringApplicationShutdownHook.run(SpringApplicationShutdownHook.java:116)
	at java.base/java.lang.Thread.run(Thread.java:840)
2025-09-18 23:24:31.918 [SpringApplicationShutdownHook] INFO  [] o.s.boot.web.embedded.tomcat.GracefulShutdown - Commencing graceful shutdown. Waiting for active requests to complete
2025-09-18 23:24:31.947 [tomcat-shutdown] INFO  [] o.s.boot.web.embedded.tomcat.GracefulShutdown - Graceful shutdown complete
2025-09-18 23:24:31.958 [SpringApplicationShutdownHook] INFO  [] o.s.integration.endpoint.EventDrivenConsumer - Removing {logging-channel-adapter:_org.springframework.integration.errorLogger} as a subscriber to the 'errorChannel' channel
2025-09-18 23:24:31.958 [SpringApplicationShutdownHook] INFO  [] o.s.integration.channel.PublishSubscribeChannel - Channel 'auth-service.errorChannel' has 0 subscriber(s).
2025-09-18 23:24:31.958 [SpringApplicationShutdownHook] INFO  [] o.s.integration.endpoint.EventDrivenConsumer - stopped bean '_org.springframework.integration.errorLogger'
2025-09-18 23:24:31.960 [SpringApplicationShutdownHook] INFO  [] com.alibaba.nacos.client.naming - com.alibaba.nacos.client.naming.cache.ServiceInfoHolder do shutdown begin
2025-09-18 23:24:31.961 [SpringApplicationShutdownHook] INFO  [] com.alibaba.nacos.client.naming - com.alibaba.nacos.client.naming.backups.FailoverReactor do shutdown begin
2025-09-18 23:24:31.961 [SpringApplicationShutdownHook] INFO  [] com.alibaba.nacos.client.naming - com.alibaba.nacos.client.naming.backups.FailoverReactor do shutdown stop
2025-09-18 23:24:31.961 [SpringApplicationShutdownHook] INFO  [] com.alibaba.nacos.client.naming - com.alibaba.nacos.client.naming.cache.ServiceInfoHolder do shutdown stop
2025-09-18 23:24:31.961 [SpringApplicationShutdownHook] INFO  [] com.alibaba.nacos.client.naming - com.alibaba.nacos.client.naming.remote.NamingClientProxyDelegate do shutdown begin
2025-09-18 23:24:31.961 [SpringApplicationShutdownHook] INFO  [] com.alibaba.nacos.client.naming - com.alibaba.nacos.client.naming.core.ServiceInfoUpdateService do shutdown begin
2025-09-18 23:24:31.961 [SpringApplicationShutdownHook] INFO  [] com.alibaba.nacos.client.naming - com.alibaba.nacos.client.naming.core.ServiceInfoUpdateService do shutdown stop
2025-09-18 23:24:31.961 [SpringApplicationShutdownHook] INFO  [] c.a.nacos.client.address.AbstractServerListManager - com.alibaba.nacos.client.naming.core.NamingServerListManager do shutdown begin
2025-09-18 23:24:31.961 [SpringApplicationShutdownHook] INFO  [] c.a.nacos.client.address.AbstractServerListManager - com.alibaba.nacos.client.naming.core.NamingServerListManager do shutdown stop
2025-09-18 23:24:31.961 [SpringApplicationShutdownHook] INFO  [] com.alibaba.nacos.client.naming - com.alibaba.nacos.client.naming.remote.http.NamingHttpClientProxy do shutdown begin
2025-09-18 23:24:31.961 [SpringApplicationShutdownHook] INFO  [] com.alibaba.nacos.client.naming - [NamingHttpClientManager] Start destroying NacosRestTemplate
2025-09-18 23:24:31.961 [SpringApplicationShutdownHook] INFO  [] com.alibaba.nacos.client.naming - [NamingHttpClientManager] Completed destruction of NacosRestTemplate
2025-09-18 23:24:31.961 [SpringApplicationShutdownHook] INFO  [] com.alibaba.nacos.client.naming - com.alibaba.nacos.client.naming.remote.http.NamingHttpClientProxy do shutdown stop
2025-09-18 23:24:31.961 [SpringApplicationShutdownHook] INFO  [] com.alibaba.nacos.client.naming - Shutdown naming grpc client proxy for  uuid->b3a2e7d1-04cb-42b9-8e45-d9c86ebea0dd
2025-09-18 23:24:31.961 [SpringApplicationShutdownHook] INFO  [] com.alibaba.nacos.client.naming - Shutdown grpc redo service executor java.util.concurrent.ScheduledThreadPoolExecutor@77259c54[Terminated, pool size = 0, active threads = 0, queued tasks = 0, completed tasks = 13]
2025-09-18 23:24:31.961 [SpringApplicationShutdownHook] INFO  [] com.alibaba.nacos.client.naming - shutdown and remove naming rpc client  for uuid ->b3a2e7d1-04cb-42b9-8e45-d9c86ebea0dd
2025-09-18 23:24:31.961 [SpringApplicationShutdownHook] WARN  [] o.s.beans.factory.support.DisposableBeanAdapter - Custom destroy method 'close' on bean with name 'nacosServiceRegistry' propagated an exception: java.lang.NullPointerException: Cannot read field "sharePublisher" because "com.alibaba.nacos.common.notify.NotifyCenter.INSTANCE" is null
2025-09-18 23:50:14.218 [background-preinit] INFO  [] org.hibernate.validator.internal.util.Version - HV000001: Hibernate Validator 8.0.2.Final
2025-09-18 23:50:14.251 [main] INFO  [] com.cloud.auth.AuthApplication - Starting AuthApplication using Java 17.0.14 with PID 21464 (D:\Download\Code\sofware\cloud\auth-service\target\classes started by what's up in D:\Download\Code\sofware\cloud\auth-service)
2025-09-18 23:50:14.251 [main] DEBUG [] com.cloud.auth.AuthApplication - Running with Spring Boot v3.5.3, Spring v6.2.8
2025-09-18 23:50:14.251 [main] INFO  [] com.cloud.auth.AuthApplication - No active profile set, falling back to 1 default profile: "default"
2025-09-18 23:50:14.278 [main] INFO  [] c.a.cloud.nacos.configdata.NacosConfigDataLoader - [Nacos Config] Load config[dataId=common, group=DEFAULT_GROUP] success
2025-09-18 23:50:15.037 [main] INFO  [] o.s.d.r.config.RepositoryConfigurationDelegate - Multiple Spring Data modules found, entering strict repository configuration mode
2025-09-18 23:50:15.039 [main] INFO  [] o.s.d.r.config.RepositoryConfigurationDelegate - Bootstrapping Spring Data Redis repositories in DEFAULT mode.
2025-09-18 23:50:15.056 [main] INFO  [] o.s.d.r.config.RepositoryConfigurationDelegate - Finished Spring Data repository scanning in 6 ms. Found 0 Redis repository interfaces.
2025-09-18 23:50:15.171 [main] INFO  [] o.s.i.c.DefaultConfiguringBeanFactoryPostProcessor - No bean named 'errorChannel' has been explicitly defined. Therefore, a default PublishSubscribeChannel will be created.
2025-09-18 23:50:15.176 [main] INFO  [] o.s.i.c.DefaultConfiguringBeanFactoryPostProcessor - No bean named 'integrationHeaderChannelRegistry' has been explicitly defined. Therefore, a default DefaultHeaderChannelRegistry will be created.
2025-09-18 23:50:15.264 [main] INFO  [] o.springframework.cloud.context.scope.GenericScope - BeanFactory id=1cfab03e-7738-354a-a837-b4875687e82b
2025-09-18 23:50:15.517 [main] INFO  [] o.s.boot.web.embedded.tomcat.TomcatWebServer - Tomcat initialized with port 8080 (http)
2025-09-18 23:50:15.527 [main] INFO  [] org.apache.coyote.http11.Http11NioProtocol - Initializing ProtocolHandler ["http-nio-8080"]
2025-09-18 23:50:15.527 [main] INFO  [] org.apache.catalina.core.StandardService - Starting service [Tomcat]
2025-09-18 23:50:15.527 [main] INFO  [] org.apache.catalina.core.StandardEngine - Starting Servlet engine: [Apache Tomcat/10.1.42]
2025-09-18 23:50:15.575 [main] INFO  [] o.a.c.core.ContainerBase.[Tomcat].[localhost].[/] - Initializing Spring embedded WebApplicationContext
2025-09-18 23:50:15.575 [main] INFO  [] o.s.b.w.s.c.ServletWebServerApplicationContext - Root WebApplicationContext: initialization completed in 1292 ms
2025-09-18 23:50:15.951 [main] INFO  [] o.s.cloud.openfeign.FeignClientFactoryBean - For 'user-service' URL not provided. Will try picking an instance via load-balancing.
2025-09-18 23:50:15.981 [main] INFO  [] com.cloud.auth.config.JwtPasswordConfig - 🔧 配置密码编码器
2025-09-18 23:50:15.990 [main] INFO  [] com.cloud.auth.config.JwtPasswordConfig - ✅ 密码编码器配置完成，默认算法: bcrypt，支持算法: [argon2, noop, pbkdf2, scrypt, bcrypt]
2025-09-18 23:50:16.216 [main] INFO  [] c.c.auth.config.OAuth21AuthorizationServerConfig - 🔧 配置OAuth2.1注册客户端仓库
2025-09-18 23:50:16.222 [main] INFO  [] c.c.auth.config.OAuth21AuthorizationServerConfig - ✅ OAuth2.1注册客户端仓库配置完成，注册客户端数量: 3
2025-09-18 23:50:16.224 [main] INFO  [] c.c.auth.config.OAuth21AuthorizationServerConfig -    - Web应用客户端: webapp-client (支持授权码+PKCE)
2025-09-18 23:50:16.224 [main] INFO  [] c.c.auth.config.OAuth21AuthorizationServerConfig -    - 移动应用客户端: mobile-client (公共客户端+PKCE)
2025-09-18 23:50:16.224 [main] INFO  [] c.c.auth.config.OAuth21AuthorizationServerConfig -    - 服务客户端: service-client (客户端凭证)
2025-09-18 23:50:16.225 [main] INFO  [] c.c.auth.config.OAuth21AuthorizationServerConfig - 🔧 配置OAuth2.1授权服务器设置
2025-09-18 23:50:16.225 [main] INFO  [] c.c.auth.config.OAuth21AuthorizationServerConfig - ✅ OAuth2.1授权服务器设置配置完成
2025-09-18 23:50:16.227 [main] INFO  [] com.cloud.auth.config.JwtPasswordConfig - 🔧 生成OAuth2.1 RSA密钥对
2025-09-18 23:50:16.757 [main] INFO  [] com.cloud.auth.config.JwtPasswordConfig - ✅ RSA密钥对生成完成
2025-09-18 23:50:16.759 [main] INFO  [] com.cloud.auth.config.JwtPasswordConfig - 🔧 配置JWK源
2025-09-18 23:50:16.765 [main] INFO  [] com.cloud.auth.config.JwtPasswordConfig - ✅ JWK源配置完成，密钥ID: a18dfd40-e5af-4377-97eb-0112951308f9
2025-09-18 23:50:16.767 [main] INFO  [] com.cloud.auth.config.JwtPasswordConfig - 🔧 配置JWT解码器
2025-09-18 23:50:16.784 [main] INFO  [] com.cloud.auth.config.JwtPasswordConfig - ✅ JWT解码器配置完成（远程JWK URI）: http://localhost:8080/.well-known/jwks.json
2025-09-18 23:50:16.788 [main] INFO  [] com.cloud.auth.config.JwtPasswordConfig - 🔧 配置增强版JWT权限转换器
2025-09-18 23:50:16.790 [main] INFO  [] com.cloud.auth.config.JwtPasswordConfig - ✅ 增强版JWT权限转换器配置完成
2025-09-18 23:50:16.793 [main] INFO  [] com.cloud.auth.config.RedisOAuth2Config - 🔧 配置OAuth2授权服务（Redis存储）
2025-09-18 23:50:16.794 [main] INFO  [] com.cloud.auth.config.RedisOAuth2Config - 🔧 配置Redis模板
2025-09-18 23:50:16.843 [main] INFO  [] com.cloud.auth.config.RedisOAuth2Config - ✅ Redis模板配置完成
2025-09-18 23:50:16.849 [main] INFO  [] com.cloud.auth.config.RedisOAuth2Config - ✅ OAuth2授权服务配置完成
2025-09-18 23:50:16.851 [main] INFO  [] com.cloud.auth.config.JwtPasswordConfig - 🔧 配置JWT编码器
2025-09-18 23:50:16.855 [main] INFO  [] com.cloud.auth.config.JwtPasswordConfig - ✅ JWT编码器配置完成
2025-09-18 23:50:16.858 [main] INFO  [] com.cloud.auth.config.JwtPasswordConfig - 🔧 配置OAuth2.1令牌生成器
2025-09-18 23:50:16.859 [main] INFO  [] com.cloud.auth.config.JwtPasswordConfig - ✅ OAuth2.1令牌生成器配置完成
2025-09-18 23:50:16.881 [main] INFO  [] c.cloud.auth.config.AuthenticationProviderConfig - 🔧 配置DAO认证提供者
2025-09-18 23:50:16.888 [main] INFO  [] c.cloud.auth.config.AuthenticationProviderConfig - ✅ DAO认证提供者配置完成
2025-09-18 23:50:16.895 [main] INFO  [] c.cloud.auth.config.AuthenticationProviderConfig - 🔧 配置认证管理器
2025-09-18 23:50:16.905 [main] INFO  [] o.s.s.c.a.a.c.InitializeAuthenticationProviderBeanManagerConfigurer$InitializeAuthenticationProviderManagerConfigurer - Global AuthenticationManager configured with AuthenticationProvider bean with name daoAuthenticationProvider
2025-09-18 23:50:16.905 [main] WARN  [] o.s.s.c.a.a.c.InitializeUserDetailsBeanManagerConfigurer$InitializeUserDetailsManagerConfigurer - Global AuthenticationManager configured with an AuthenticationProvider bean. UserDetailsService beans will not be used by Spring Security for automatically configuring username/password login. Consider removing the AuthenticationProvider bean. Alternatively, consider using the UserDetailsService in a manually instantiated DaoAuthenticationProvider. If the current configuration is intentional, to turn off this warning, increase the logging level of 'org.springframework.security.config.annotation.authentication.configuration.InitializeUserDetailsBeanManagerConfigurer' to ERROR
2025-09-18 23:50:16.907 [main] INFO  [] c.cloud.auth.config.AuthenticationProviderConfig - ✅ 认证管理器配置完成
2025-09-18 23:50:16.908 [main] INFO  [] c.cloud.auth.config.AuthenticationProviderConfig - 🔧 配置用户详情服务验证器
2025-09-18 23:50:16.908 [main] INFO  [] c.cloud.auth.config.AuthenticationProviderConfig - 🔍 验证用户详情服务配置
2025-09-18 23:50:16.908 [main] INFO  [] c.cloud.auth.config.AuthenticationProviderConfig - ✅ 用户详情服务配置验证通过
2025-09-18 23:50:16.908 [main] INFO  [] c.cloud.auth.config.AuthenticationProviderConfig - 🔧 配置认证事件监听器
2025-09-18 23:50:16.909 [main] INFO  [] com.cloud.auth.config.JwtPasswordConfig - 🔧 配置JWT权限转换器
2025-09-18 23:50:16.909 [main] INFO  [] com.cloud.auth.config.JwtPasswordConfig - ✅ JWT权限转换器配置完成
2025-09-18 23:50:16.909 [main] INFO  [] com.cloud.auth.config.RedisOAuth2Config - 🔧 配置OAuth2同意服务（Redis存储）
2025-09-18 23:50:16.909 [main] INFO  [] com.cloud.auth.config.RedisOAuth2Config - ✅ OAuth2同意服务配置完成
2025-09-18 23:50:16.911 [main] INFO  [] com.cloud.auth.config.RedisOAuth2Config - 🔧 配置OAuth2专用Redis模板
2025-09-18 23:50:16.911 [main] INFO  [] com.cloud.auth.config.RedisOAuth2Config - ✅ OAuth2专用Redis模板配置完成
2025-09-18 23:50:16.911 [main] INFO  [] com.cloud.auth.config.RedisOAuth2Config - 🔧 配置Redis连接验证器
2025-09-18 23:50:16.913 [main] INFO  [] com.cloud.auth.config.RedisOAuth2Config - 🔍 验证Redis连接
2025-09-18 23:50:17.216 [main] INFO  [] com.cloud.auth.config.RedisOAuth2Config - ✅ Redis连接验证成功
2025-09-18 23:50:17.217 [main] INFO  [] com.cloud.auth.config.RedisOAuth2Config - 🔧 配置Redis健康检查器
2025-09-18 23:50:17.265 [main] INFO  [] com.cloud.auth.config.SecurityFilterChainConfig - 🔧 配置OAuth2.1授权服务器安全过滤器链
2025-09-18 23:50:17.641 [main] INFO  [] o.s.b.actuate.endpoint.web.EndpointLinksResolver - Exposing 22 endpoints beneath base path '/actuator'
2025-09-18 23:50:17.693 [main] INFO  [] com.cloud.auth.config.SecurityFilterChainConfig - ✅ OAuth2.1授权服务器安全过滤器链配置完成
2025-09-18 23:50:17.778 [main] DEBUG [] o.s.security.web.DefaultSecurityFilterChain - Will secure Or [Mvc [pattern='/oauth2/**'], Mvc [pattern='/.well-known/**'], Mvc [pattern='/connect/**'], Mvc [pattern='/userinfo']] with filters: DisableEncodeUrlFilter, WebAsyncManagerIntegrationFilter, SecurityContextHolderFilter, AuthorizationServerContextFilter, HeaderWriterFilter, CorsFilter, CsrfFilter, OidcLogoutEndpointFilter, LogoutFilter, OAuth2AuthorizationServerMetadataEndpointFilter, OAuth2AuthorizationEndpointFilter, OAuth2DeviceVerificationEndpointFilter, OidcProviderConfigurationEndpointFilter, NimbusJwkSetEndpointFilter, OAuth2ClientAuthenticationFilter, UsernamePasswordAuthenticationFilter, DefaultResourcesFilter, DefaultLoginPageGeneratingFilter, DefaultLogoutPageGeneratingFilter, ConcurrentSessionFilter, BearerTokenAuthenticationFilter, BasicAuthenticationFilter, AuthenticationFilter, RequestCacheAwareFilter, SecurityContextHolderAwareRequestFilter, AnonymousAuthenticationFilter, SessionManagementFilter, ExceptionTranslationFilter, AuthorizationFilter, OAuth2TokenEndpointFilter, OAuth2TokenIntrospectionEndpointFilter, OAuth2TokenRevocationEndpointFilter, OAuth2DeviceAuthorizationEndpointFilter, OidcUserInfoEndpointFilter
2025-09-18 23:50:17.781 [main] INFO  [] com.cloud.auth.config.SecurityFilterChainConfig - 🔧 配置OAuth2.1资源服务器安全过滤器链
2025-09-18 23:50:17.791 [main] INFO  [] com.cloud.auth.config.SecurityFilterChainConfig - ✅ OAuth2.1资源服务器安全过滤器链配置完成
2025-09-18 23:50:17.793 [main] INFO  [] com.cloud.auth.config.SecurityFilterChainConfig - 🔧 配置CORS跨域设置
2025-09-18 23:50:17.795 [main] INFO  [] com.cloud.auth.config.SecurityFilterChainConfig - ✅ CORS跨域设置配置完成
2025-09-18 23:50:17.795 [main] DEBUG [] o.s.security.web.DefaultSecurityFilterChain - Will secure Or [Mvc [pattern='/auth/validate-token'], Mvc [pattern='/auth/refresh-token'], Mvc [pattern='/admin/**'], Mvc [pattern='/management/**']] with filters: DisableEncodeUrlFilter, WebAsyncManagerIntegrationFilter, SecurityContextHolderFilter, HeaderWriterFilter, CorsFilter, LogoutFilter, BearerTokenAuthenticationFilter, AuthenticationFilter, RequestCacheAwareFilter, SecurityContextHolderAwareRequestFilter, AnonymousAuthenticationFilter, SessionManagementFilter, ExceptionTranslationFilter, AuthorizationFilter
2025-09-18 23:50:17.795 [main] INFO  [] com.cloud.auth.config.SecurityFilterChainConfig - 🔧 配置默认安全过滤器链
2025-09-18 23:50:17.814 [main] INFO  [] com.cloud.auth.config.SecurityFilterChainConfig - ✅ 默认安全过滤器链配置完成
2025-09-18 23:50:17.818 [main] DEBUG [] o.s.security.web.DefaultSecurityFilterChain - Will secure any request with filters: DisableEncodeUrlFilter, WebAsyncManagerIntegrationFilter, SecurityContextHolderFilter, HeaderWriterFilter, CorsFilter, LogoutFilter, RequestCacheAwareFilter, SecurityContextHolderAwareRequestFilter, AnonymousAuthenticationFilter, SessionManagementFilter, ExceptionTranslationFilter, AuthorizationFilter
2025-09-18 23:50:18.294 [main] WARN  [] o.s.c.l.c.LoadBalancerCacheAutoConfiguration$LoadBalancerCaffeineWarnLogger - Spring Cloud LoadBalancer is currently working with the default cache. While this cache implementation is useful for development and tests, it's recommended to use Caffeine cache in production.You can switch to using Caffeine cache, by adding it and org.springframework.cache.caffeine.CaffeineCacheManager to the classpath.
2025-09-18 23:50:18.346 [main] INFO  [] o.s.integration.endpoint.EventDrivenConsumer - Adding {logging-channel-adapter:_org.springframework.integration.errorLogger} as a subscriber to the 'errorChannel' channel
2025-09-18 23:50:18.346 [main] INFO  [] o.s.integration.channel.PublishSubscribeChannel - Channel 'auth-service.errorChannel' has 1 subscriber(s).
2025-09-18 23:50:18.348 [main] INFO  [] o.s.integration.endpoint.EventDrivenConsumer - started bean '_org.springframework.integration.errorLogger'
2025-09-18 23:50:18.348 [main] INFO  [] org.apache.coyote.http11.Http11NioProtocol - Starting ProtocolHandler ["http-nio-8080"]
2025-09-18 23:50:18.358 [main] INFO  [] o.s.integration.endpoint.EventDrivenConsumer - Removing {logging-channel-adapter:_org.springframework.integration.errorLogger} as a subscriber to the 'errorChannel' channel
2025-09-18 23:50:18.359 [main] INFO  [] o.s.integration.channel.PublishSubscribeChannel - Channel 'auth-service.errorChannel' has 0 subscriber(s).
2025-09-18 23:50:18.359 [main] INFO  [] o.s.integration.endpoint.EventDrivenConsumer - stopped bean '_org.springframework.integration.errorLogger'
2025-09-18 23:50:18.359 [main] WARN  [] o.s.b.w.s.c.AnnotationConfigServletWebServerApplicationContext - Exception encountered during context initialization - cancelling refresh attempt: org.springframework.context.ApplicationContextException: Failed to start bean 'webServerStartStop'
2025-09-18 23:50:28.402 [main] INFO  [] o.s.b.a.logging.ConditionEvaluationReportLogger - 

Error starting ApplicationContext. To display the condition evaluation report re-run your application with 'debug' enabled.
2025-09-18 23:50:28.416 [main] ERROR [] o.s.b.diagnostics.LoggingFailureAnalysisReporter - 

***************************
APPLICATION FAILED TO START
***************************

Description:

Web server failed to start. Port 8080 was already in use.

Action:

Identify and stop the process that's listening on port 8080 or configure this application to listen on another port.

2025-09-18 23:50:28.416 [Thread-1] INFO  [] c.alibaba.nacos.common.executor.ThreadPoolManager - [ThreadPoolManager] Start destroying ThreadPool
2025-09-18 23:50:28.416 [Thread-5] INFO  [] com.alibaba.nacos.common.notify.NotifyCenter - [NotifyCenter] Start destroying Publisher
